Log file open, 02/14/21 03:13:41
LogInit: Display: Running engine for game: CO2301Assignment
LogPlatformFile: Not using cached read wrapper
LogTaskGraph: Started task graph with 5 named threads and 47 total threads with 3 sets of task threads.
LogStats: Stats thread started at 0.556555
LogD3D11RHI: Loaded GFSDK_Aftermath_Lib.x64.dll
LogICUInternationalization: ICU TimeZone Detection - Raw Offset: +0:00, Platform Override: ''
LogPluginManager: Mounting plugin Paper2D
LogPluginManager: Mounting plugin AISupport
LogPluginManager: Mounting plugin LightPropagationVolume
LogPluginManager: Mounting plugin CameraShakePreviewer
LogPluginManager: Mounting plugin ActorLayerUtilities
LogPluginManager: Mounting plugin AnimationSharing
LogPluginManager: Mounting plugin CLionSourceCodeAccess
LogPluginManager: Mounting plugin CodeLiteSourceCodeAccess
LogPluginManager: Mounting plugin GitSourceControl
LogPluginManager: Mounting plugin KDevelopSourceCodeAccess
LogPluginManager: Mounting plugin NullSourceCodeAccess
LogPluginManager: Mounting plugin PerforceSourceControl
LogPluginManager: Mounting plugin PlasticSourceControl
LogPluginManager: Mounting plugin RiderSourceCodeAccess
LogPluginManager: Mounting plugin SubversionSourceControl
LogPluginManager: Mounting plugin UObjectPlugin
LogPluginManager: Mounting plugin VisualStudioCodeSourceCodeAccess
LogPluginManager: Mounting plugin VisualStudioSourceCodeAccess
LogPluginManager: Mounting plugin XCodeSourceCodeAccess
LogPluginManager: Mounting plugin AssetManagerEditor
LogPluginManager: Mounting plugin CryptoKeys
LogPluginManager: Mounting plugin CurveEditorTools
LogPluginManager: Mounting plugin DataValidation
LogPluginManager: Mounting plugin EditorScriptingUtilities
LogPluginManager: Mounting plugin FacialAnimation
LogPluginManager: Mounting plugin GameplayTagsEditor
LogPluginManager: Mounting plugin GeometryMode
LogPluginManager: Mounting plugin MacGraphicsSwitching
LogPluginManager: Mounting plugin MaterialAnalyzer
LogPluginManager: Mounting plugin MobileLauncherProfileWizard
LogPluginManager: Mounting plugin PluginBrowser
LogPluginManager: Mounting plugin SpeedTreeImporter
LogPluginManager: Mounting plugin DatasmithContent
LogPluginManager: Mounting plugin VariantManagerContent
LogPluginManager: Mounting plugin AlembicImporter
LogPluginManager: Mounting plugin AutomationUtils
LogPluginManager: Mounting plugin BackChannel
LogPluginManager: Mounting plugin ChaosCloth
LogPluginManager: Mounting plugin ChaosClothEditor
LogPluginManager: Mounting plugin ChaosEditor
LogPluginManager: Mounting plugin ChaosNiagara
LogPluginManager: Mounting plugin ChaosSolverPlugin
LogPluginManager: Mounting plugin CharacterAI
LogPluginManager: Mounting plugin GeometryCache
LogPluginManager: Mounting plugin GeometryCollectionPlugin
LogPluginManager: Mounting plugin GeometryProcessing
LogPluginManager: Mounting plugin PlanarCut
LogPluginManager: Mounting plugin PlatformCrypto
LogPluginManager: Mounting plugin ProxyLODPlugin
LogPluginManager: Mounting plugin SkeletalReduction
LogPluginManager: Mounting plugin Niagara
LogPluginManager: Mounting plugin MagicLeap
LogPluginManager: Mounting plugin MagicLeapLightEstimation
LogPluginManager: Mounting plugin MagicLeapMedia
LogPluginManager: Mounting plugin MagicLeapPassableWorld
LogPluginManager: Mounting plugin MLSDK
LogPluginManager: Mounting plugin AndroidMedia
LogPluginManager: Mounting plugin AvfMedia
LogPluginManager: Mounting plugin ImgMedia
LogPluginManager: Mounting plugin MediaCompositing
LogPluginManager: Mounting plugin MediaPlayerEditor
LogPluginManager: Mounting plugin WebMMedia
LogPluginManager: Mounting plugin WmfMedia
LogPluginManager: Mounting plugin MeshPainting
LogPluginManager: Mounting plugin TcpMessaging
LogPluginManager: Mounting plugin UdpMessaging
LogPluginManager: Mounting plugin ActorSequence
LogPluginManager: Mounting plugin LevelSequenceEditor
LogPluginManager: Mounting plugin MatineeToLevelSequence
LogPluginManager: Mounting plugin MovieRenderPipeline
LogPluginManager: Mounting plugin TemplateSequence
LogPluginManager: Mounting plugin NetcodeUnitTest
LogPluginManager: Mounting plugin NUTUnrealEngine4
LogPluginManager: Mounting plugin OnlineSubsystemGooglePlay
LogPluginManager: Mounting plugin OnlineSubsystemIOS
LogPluginManager: Mounting plugin OnlineSubsystem
LogPluginManager: Mounting plugin OnlineSubsystemNull
LogPluginManager: Mounting plugin OnlineSubsystemUtils
LogPluginManager: Mounting plugin LauncherChunkInstaller
LogPluginManager: Mounting plugin AndroidDeviceProfileSelector
LogPluginManager: Mounting plugin AndroidMoviePlayer
LogPluginManager: Mounting plugin AndroidPermission
LogPluginManager: Mounting plugin ApexDestruction
LogPluginManager: Mounting plugin AppleImageUtils
LogPluginManager: Mounting plugin AppleMoviePlayer
LogPluginManager: Mounting plugin ArchVisCharacter
LogPluginManager: Mounting plugin AssetTags
LogPluginManager: Mounting plugin AudioCapture
LogPluginManager: Mounting plugin CableComponent
LogPluginManager: Mounting plugin CustomMeshComponent
LogPluginManager: Mounting plugin EditableMesh
LogPluginManager: Mounting plugin ExampleDeviceProfileSelector
LogPluginManager: Mounting plugin GoogleCloudMessaging
LogPluginManager: Mounting plugin GooglePAD
LogPluginManager: Mounting plugin IOSDeviceProfileSelector
LogPluginManager: Mounting plugin LinuxDeviceProfileSelector
LogPluginManager: Mounting plugin LocationServicesBPLibrary
LogPluginManager: Mounting plugin MobilePatchingUtils
LogPluginManager: Mounting plugin OculusVR
LogPluginManager: Mounting plugin PhysXVehicles
LogPluginManager: Mounting plugin PostSplashScreen
LogPluginManager: Mounting plugin ProceduralMeshComponent
LogPluginManager: Mounting plugin RuntimePhysXCooking
LogPluginManager: Mounting plugin SignificanceManager
LogPluginManager: Mounting plugin SoundFields
LogPluginManager: Mounting plugin SteamVR
LogPluginManager: Mounting plugin Synthesis
LogPluginManager: Mounting plugin WebMMoviePlayer
LogPluginManager: Mounting plugin WindowsMoviePlayer
LogPluginManager: Mounting plugin ScreenshotTools
LogInit: Using libcurl 7.55.1-DEV
LogInit:  - built for x86_64-pc-win32
LogInit:  - supports SSL with OpenSSL/1.1.1
LogInit:  - supports HTTP deflate (compression) using libz 1.2.8
LogInit:  - other features:
LogInit:      CURL_VERSION_SSL
LogInit:      CURL_VERSION_LIBZ
LogInit:      CURL_VERSION_IPV6
LogInit:      CURL_VERSION_ASYNCHDNS
LogInit:      CURL_VERSION_LARGEFILE
LogInit:      CURL_VERSION_IDN
LogInit:  CurlRequestOptions (configurable via config and command line):
LogInit:  - bVerifyPeer = true  - Libcurl will verify peer certificate
LogInit:  - bUseHttpProxy = false  - Libcurl will NOT use HTTP proxy
LogInit:  - bDontReuseConnections = false  - Libcurl will reuse connections
LogInit:  - MaxHostConnections = 16  - Libcurl will limit the number of connections to a host
LogInit:  - LocalHostAddr = Default
LogInit:  - BufferSize = 65536
LogOnline: OSS: Creating online subsystem instance for: NULL
LogInit: WinSock: version 1.1 (2.2), MaxSocks=32767, MaxUdp=65467
LogOnline: OSS: TryLoadSubsystemAndSetDefault: Loaded subsystem for module [NULL]
LogInit: Build: ++UE4+Release-4.25-CL-13942748
LogInit: Engine Version: 4.25.3-13942748+++UE4+Release-4.25
LogInit: Compatible Engine Version: 4.25.0-13144385+++UE4+Release-4.25
LogInit: Net CL: 13144385
LogInit: OS: Windows 10 (Release 1909) (), CPU: AMD Ryzen 7 3700X 8-Core Processor             , GPU: NVIDIA GeForce RTX 2070 SUPER
LogInit: Compiled (64-bit): Jul 25 2020 02:07:48
LogInit: Compiled with Visual C++: 19.24.28315.00
LogInit: Build Configuration: Development
LogInit: Branch Name: ++UE4+Release-4.25
LogInit: Command Line:  -skipcompile
LogInit: Base Directory: C:/Program Files/Epic Games/UE_4.25/Engine/Binaries/Win64/
LogInit: Allocator: TBB
LogInit: Installed Engine Build: 1
LogDevObjectVersion: Number of dev versions registered: 26
LogDevObjectVersion:   Dev-Blueprints (B0D832E4-1F89-4F0D-ACCF-7EB736FD4AA2): 10
LogDevObjectVersion:   Dev-Build (E1C64328-A22C-4D53-A36C-8E866417BD8C): 0
LogDevObjectVersion:   Dev-Core (375EC13C-06E4-48FB-B500-84F0262A717E): 4
LogDevObjectVersion:   Dev-Editor (E4B068ED-F494-42E9-A231-DA0B2E46BB41): 38
LogDevObjectVersion:   Dev-Framework (CFFC743F-43B0-4480-9391-14DF171D2073): 37
LogDevObjectVersion:   Dev-Mobile (B02B49B5-BB20-44E9-A304-32B752E40360): 2
LogDevObjectVersion:   Dev-Networking (A4E4105C-59A1-49B5-A7C5-40C4547EDFEE): 0
LogDevObjectVersion:   Dev-Online (39C831C9-5AE6-47DC-9A44-9C173E1C8E7C): 0
LogDevObjectVersion:   Dev-Physics (78F01B33-EBEA-4F98-B9B4-84EACCB95AA2): 4
LogDevObjectVersion:   Dev-Platform (6631380F-2D4D-43E0-8009-CF276956A95A): 0
LogDevObjectVersion:   Dev-Rendering (12F88B9F-8875-4AFC-A67C-D90C383ABD29): 43
LogDevObjectVersion:   Dev-Sequencer (7B5AE74C-D270-4C10-A958-57980B212A5A): 12
LogDevObjectVersion:   Dev-VR (D7296918-1DD6-4BDD-9DE2-64A83CC13884): 3
LogDevObjectVersion:   Dev-LoadTimes (C2A15278-BFE7-4AFE-6C17-90FF531DF755): 1
LogDevObjectVersion:   Private-Geometry (6EACA3D4-40EC-4CC1-B786-8BED09428FC5): 3
LogDevObjectVersion:   Dev-AnimPhys (29E575DD-E0A3-4627-9D10-D276232CDCEA): 17
LogDevObjectVersion:   Dev-Anim (AF43A65D-7FD3-4947-9873-3E8ED9C1BB05): 7
LogDevObjectVersion:   Dev-ReflectionCapture (6B266CEC-1EC7-4B8F-A30B-E4D90942FC07): 1
LogDevObjectVersion:   Dev-Automation (0DF73D61-A23F-47EA-B727-89E90C41499A): 1
LogDevObjectVersion:   FortniteMain (601D1886-AC64-4F84-AA16-D3DE0DEAC7D6): 31
LogDevObjectVersion:   Dev-Enterprise (9DFFBCD6-494F-0158-E221-12823C92A888): 10
LogDevObjectVersion:   Dev-Niagara (F2AED0AC-9AFE-416F-8664-AA7FFA26D6FC): 1
LogDevObjectVersion:   Dev-Destruction (174F1F0B-B4C6-45A5-B13F-2EE8D0FB917D): 10
LogDevObjectVersion:   Dev-Physics-Ext (35F94A83-E258-406C-A318-09F59610247C): 37
LogDevObjectVersion:   Dev-PhysicsMaterial-Chaos (B68FC16E-8B1B-42E2-B453-215C058844FE): 1
LogDevObjectVersion:   Dev-CineCamera (B2E18506-4273-CFC2-A54E-F4BB758BBA07): 1
LogInit: Presizing for max 25165824 objects, including 0 objects not considered by GC, pre-allocating 0 bytes for permanent pool.
LogConfig: Applying CVar settings from Section [/Script/Engine.StreamingSettings] File [C:/Users/Emma/Documents/GitHub/CO2301-Assignment/CO2301Assignment/Saved/Config/Windows/Engine.ini]
LogConfig: Setting CVar [[s.MinBulkDataSizeForAsyncLoading:131072]]
LogConfig: Setting CVar [[s.AsyncLoadingThreadEnabled:0]]
LogConfig: Setting CVar [[s.EventDrivenLoaderEnabled:1]]
LogConfig: Setting CVar [[s.WarnIfTimeLimitExceeded:0]]
LogConfig: Setting CVar [[s.TimeLimitExceededMultiplier:1.5]]
LogConfig: Setting CVar [[s.TimeLimitExceededMinTime:0.005]]
LogConfig: Setting CVar [[s.UseBackgroundLevelStreaming:1]]
LogConfig: Setting CVar [[s.PriorityAsyncLoadingExtraTime:15.0]]
LogConfig: Setting CVar [[s.LevelStreamingActorsUpdateTimeLimit:5.0]]
LogConfig: Setting CVar [[s.PriorityLevelStreamingActorsUpdateExtraTime:5.0]]
LogConfig: Setting CVar [[s.LevelStreamingComponentsRegistrationGranularity:10]]
LogConfig: Setting CVar [[s.UnregisterComponentsTimeLimit:1.0]]
LogConfig: Setting CVar [[s.LevelStreamingComponentsUnregistrationGranularity:5]]
LogConfig: Setting CVar [[s.FlushStreamingOnExit:1]]
LogInit: Object subsystem initialized
LogConfig: Setting CVar [[con.DebugEarlyDefault:1]]
LogConfig: Setting CVar [[r.setres:1280x720]]
[2021.02.14-03.13.41:499][  0]LogConfig: Setting CVar [[r.VSync:0]]
[2021.02.14-03.13.41:499][  0]LogConfig: Setting CVar [[r.RHICmdBypass:0]]
[2021.02.14-03.13.41:499][  0]LogConfig: Applying CVar settings from Section [/Script/Engine.RendererSettings] File [C:/Users/Emma/Documents/GitHub/CO2301-Assignment/CO2301Assignment/Saved/Config/Windows/Engine.ini]
[2021.02.14-03.13.41:499][  0]LogConfig: Setting CVar [[r.GPUCrashDebugging:0]]
[2021.02.14-03.13.41:499][  0]LogConfig: Setting CVar [[r.VirtualTextures:1]]
[2021.02.14-03.13.41:499][  0]LogConfig: Applying CVar settings from Section [/Script/Engine.RendererOverrideSettings] File [C:/Users/Emma/Documents/GitHub/CO2301-Assignment/CO2301Assignment/Saved/Config/Windows/Engine.ini]
[2021.02.14-03.13.41:499][  0]LogConfig: Applying CVar settings from Section [/Script/Engine.StreamingSettings] File [C:/Users/Emma/Documents/GitHub/CO2301-Assignment/CO2301Assignment/Saved/Config/Windows/Engine.ini]
[2021.02.14-03.13.41:499][  0]LogConfig: Setting CVar [[s.MinBulkDataSizeForAsyncLoading:131072]]
[2021.02.14-03.13.41:499][  0]LogConfig: Setting CVar [[s.AsyncLoadingThreadEnabled:0]]
[2021.02.14-03.13.41:499][  0]LogConfig: Setting CVar [[s.EventDrivenLoaderEnabled:1]]
[2021.02.14-03.13.41:499][  0]LogConfig: Setting CVar [[s.WarnIfTimeLimitExceeded:0]]
[2021.02.14-03.13.41:499][  0]LogConfig: Setting CVar [[s.TimeLimitExceededMultiplier:1.5]]
[2021.02.14-03.13.41:499][  0]LogConfig: Setting CVar [[s.TimeLimitExceededMinTime:0.005]]
[2021.02.14-03.13.41:499][  0]LogConfig: Setting CVar [[s.UseBackgroundLevelStreaming:1]]
[2021.02.14-03.13.41:499][  0]LogConfig: Setting CVar [[s.PriorityAsyncLoadingExtraTime:15.0]]
[2021.02.14-03.13.41:499][  0]LogConfig: Setting CVar [[s.LevelStreamingActorsUpdateTimeLimit:5.0]]
[2021.02.14-03.13.41:499][  0]LogConfig: Setting CVar [[s.PriorityLevelStreamingActorsUpdateExtraTime:5.0]]
[2021.02.14-03.13.41:499][  0]LogConfig: Setting CVar [[s.LevelStreamingComponentsRegistrationGranularity:10]]
[2021.02.14-03.13.41:500][  0]LogConfig: Setting CVar [[s.UnregisterComponentsTimeLimit:1.0]]
[2021.02.14-03.13.41:500][  0]LogConfig: Setting CVar [[s.LevelStreamingComponentsUnregistrationGranularity:5]]
[2021.02.14-03.13.41:500][  0]LogConfig: Setting CVar [[s.FlushStreamingOnExit:1]]
[2021.02.14-03.13.41:500][  0]LogConfig: Applying CVar settings from Section [/Script/Engine.GarbageCollectionSettings] File [C:/Users/Emma/Documents/GitHub/CO2301-Assignment/CO2301Assignment/Saved/Config/Windows/Engine.ini]
[2021.02.14-03.13.41:500][  0]LogConfig: Setting CVar [[gc.MaxObjectsNotConsideredByGC:1]]
[2021.02.14-03.13.41:500][  0]LogConfig: Setting CVar [[gc.SizeOfPermanentObjectPool:0]]
[2021.02.14-03.13.41:500][  0]LogConfig: Setting CVar [[gc.FlushStreamingOnGC:0]]
[2021.02.14-03.13.41:500][  0]LogConfig: Setting CVar [[gc.NumRetriesBeforeForcingGC:10]]
[2021.02.14-03.13.41:500][  0]LogConfig: Setting CVar [[gc.AllowParallelGC:1]]
[2021.02.14-03.13.41:500][  0]LogConfig: Setting CVar [[gc.TimeBetweenPurgingPendingKillObjects:61.1]]
[2021.02.14-03.13.41:500][  0]LogConfig: Setting CVar [[gc.MaxObjectsInEditor:25165824]]
[2021.02.14-03.13.41:500][  0]LogConfig: Setting CVar [[gc.IncrementalBeginDestroyEnabled:1]]
[2021.02.14-03.13.41:500][  0]LogConfig: Setting CVar [[gc.CreateGCClusters:1]]
[2021.02.14-03.13.41:500][  0]LogConfig: Setting CVar [[gc.MinGCClusterSize:5]]
[2021.02.14-03.13.41:500][  0]LogConfig: Setting CVar [[gc.ActorClusteringEnabled:0]]
[2021.02.14-03.13.41:500][  0]LogConfig: Setting CVar [[gc.BlueprintClusteringEnabled:0]]
[2021.02.14-03.13.41:500][  0]LogConfig: Setting CVar [[gc.UseDisregardForGCOnDedicatedServers:0]]
[2021.02.14-03.13.41:500][  0]LogConfig: Applying CVar settings from Section [/Script/Engine.NetworkSettings] File [C:/Users/Emma/Documents/GitHub/CO2301-Assignment/CO2301Assignment/Saved/Config/Windows/Engine.ini]
[2021.02.14-03.13.41:500][  0]LogConfig: Applying CVar settings from Section [/Script/UnrealEd.CookerSettings] File [C:/Users/Emma/Documents/GitHub/CO2301-Assignment/CO2301Assignment/Saved/Config/Windows/Engine.ini]
[2021.02.14-03.13.41:506][  0]LogConfig: Applying CVar settings from Section [ViewDistanceQuality@3] File [C:/Users/Emma/Documents/GitHub/CO2301-Assignment/CO2301Assignment/Saved/Config/Windows/Scalability.ini]
[2021.02.14-03.13.41:506][  0]LogConfig: Setting CVar [[r.SkeletalMeshLODBias:0]]
[2021.02.14-03.13.41:506][  0]LogConfig: Setting CVar [[r.ViewDistanceScale:1.0]]
[2021.02.14-03.13.41:506][  0]LogConfig: Applying CVar settings from Section [AntiAliasingQuality@3] File [C:/Users/Emma/Documents/GitHub/CO2301-Assignment/CO2301Assignment/Saved/Config/Windows/Scalability.ini]
[2021.02.14-03.13.41:506][  0]LogConfig: Setting CVar [[r.PostProcessAAQuality:4]]
[2021.02.14-03.13.41:506][  0]LogConfig: Applying CVar settings from Section [ShadowQuality@3] File [C:/Users/Emma/Documents/GitHub/CO2301-Assignment/CO2301Assignment/Saved/Config/Windows/Scalability.ini]
[2021.02.14-03.13.41:506][  0]LogConfig: Setting CVar [[r.LightFunctionQuality:1]]
[2021.02.14-03.13.41:506][  0]LogConfig: Setting CVar [[r.ShadowQuality:5]]
[2021.02.14-03.13.41:506][  0]LogConfig: Setting CVar [[r.Shadow.CSM.MaxCascades:10]]
[2021.02.14-03.13.41:506][  0]LogConfig: Setting CVar [[r.Shadow.MaxResolution:2048]]
[2021.02.14-03.13.41:506][  0]LogConfig: Setting CVar [[r.Shadow.MaxCSMResolution:2048]]
[2021.02.14-03.13.41:506][  0]LogConfig: Setting CVar [[r.Shadow.RadiusThreshold:0.01]]
[2021.02.14-03.13.41:506][  0]LogConfig: Setting CVar [[r.Shadow.DistanceScale:1.0]]
[2021.02.14-03.13.41:506][  0]LogConfig: Setting CVar [[r.Shadow.CSM.TransitionScale:1.0]]
[2021.02.14-03.13.41:506][  0]LogConfig: Setting CVar [[r.Shadow.PreShadowResolutionFactor:1.0]]
[2021.02.14-03.13.41:506][  0]LogConfig: Setting CVar [[r.DistanceFieldShadowing:1]]
[2021.02.14-03.13.41:506][  0]LogConfig: Setting CVar [[r.DistanceFieldAO:1]]
[2021.02.14-03.13.41:506][  0]LogConfig: Setting CVar [[r.AOQuality:2]]
[2021.02.14-03.13.41:506][  0]LogConfig: Setting CVar [[r.VolumetricFog:1]]
[2021.02.14-03.13.41:506][  0]LogConfig: Setting CVar [[r.VolumetricFog.GridPixelSize:8]]
[2021.02.14-03.13.41:507][  0]LogConfig: Setting CVar [[r.VolumetricFog.GridSizeZ:128]]
[2021.02.14-03.13.41:507][  0]LogConfig: Setting CVar [[r.VolumetricFog.HistoryMissSupersampleCount:4]]
[2021.02.14-03.13.41:507][  0]LogConfig: Setting CVar [[r.LightMaxDrawDistanceScale:1]]
[2021.02.14-03.13.41:507][  0]LogConfig: Setting CVar [[r.CapsuleShadows:1]]
[2021.02.14-03.13.41:507][  0]LogConfig: Applying CVar settings from Section [PostProcessQuality@3] File [C:/Users/Emma/Documents/GitHub/CO2301-Assignment/CO2301Assignment/Saved/Config/Windows/Scalability.ini]
[2021.02.14-03.13.41:507][  0]LogConfig: Setting CVar [[r.MotionBlurQuality:4]]
[2021.02.14-03.13.41:507][  0]LogConfig: Setting CVar [[r.AmbientOcclusionMipLevelFactor:0.4]]
[2021.02.14-03.13.41:507][  0]LogConfig: Setting CVar [[r.AmbientOcclusionMaxQuality:100]]
[2021.02.14-03.13.41:507][  0]LogConfig: Setting CVar [[r.AmbientOcclusionLevels:-1]]
[2021.02.14-03.13.41:507][  0]LogConfig: Setting CVar [[r.AmbientOcclusionRadiusScale:1.0]]
[2021.02.14-03.13.41:507][  0]LogConfig: Setting CVar [[r.DepthOfFieldQuality:2]]
[2021.02.14-03.13.41:507][  0]LogConfig: Setting CVar [[r.RenderTargetPoolMin:400]]
[2021.02.14-03.13.41:507][  0]LogConfig: Setting CVar [[r.LensFlareQuality:2]]
[2021.02.14-03.13.41:507][  0]LogConfig: Setting CVar [[r.SceneColorFringeQuality:1]]
[2021.02.14-03.13.41:507][  0]LogConfig: Setting CVar [[r.EyeAdaptationQuality:2]]
[2021.02.14-03.13.41:507][  0]LogConfig: Setting CVar [[r.BloomQuality:5]]
[2021.02.14-03.13.41:507][  0]LogConfig: Setting CVar [[r.FastBlurThreshold:100]]
[2021.02.14-03.13.41:507][  0]LogConfig: Setting CVar [[r.Upscale.Quality:3]]
[2021.02.14-03.13.41:507][  0]LogConfig: Setting CVar [[r.Tonemapper.GrainQuantization:1]]
[2021.02.14-03.13.41:507][  0]LogConfig: Setting CVar [[r.LightShaftQuality:1]]
[2021.02.14-03.13.41:507][  0]LogConfig: Setting CVar [[r.Filter.SizeScale:1]]
[2021.02.14-03.13.41:507][  0]LogConfig: Setting CVar [[r.Tonemapper.Quality:5]]
[2021.02.14-03.13.41:507][  0]LogConfig: Setting CVar [[r.DOF.Gather.AccumulatorQuality:1        ; higher gathering accumulator quality]]
[2021.02.14-03.13.41:507][  0]LogConfig: Setting CVar [[r.DOF.Gather.PostfilterMethod:1          ; Median3x3 postfilering method]]
[2021.02.14-03.13.41:507][  0]LogConfig: Setting CVar [[r.DOF.Gather.EnableBokehSettings:0       ; no bokeh simulation when gathering]]
[2021.02.14-03.13.41:507][  0]LogConfig: Setting CVar [[r.DOF.Gather.RingCount:4                 ; medium number of samples when gathering]]
[2021.02.14-03.13.41:508][  0]LogConfig: Setting CVar [[r.DOF.Scatter.ForegroundCompositing:1    ; additive foreground scattering]]
[2021.02.14-03.13.41:508][  0]LogConfig: Setting CVar [[r.DOF.Scatter.BackgroundCompositing:2    ; additive background scattering]]
[2021.02.14-03.13.41:508][  0]LogConfig: Setting CVar [[r.DOF.Scatter.EnableBokehSettings:1      ; bokeh simulation when scattering]]
[2021.02.14-03.13.41:508][  0]LogConfig: Setting CVar [[r.DOF.Scatter.MaxSpriteRatio:0.1         ; only a maximum of 10% of scattered bokeh]]
[2021.02.14-03.13.41:508][  0]LogConfig: Setting CVar [[r.DOF.Recombine.Quality:1                ; cheap slight out of focus]]
[2021.02.14-03.13.41:508][  0]LogConfig: Setting CVar [[r.DOF.Recombine.EnableBokehSettings:0    ; no bokeh simulation on slight out of focus]]
[2021.02.14-03.13.41:508][  0]LogConfig: Setting CVar [[r.DOF.TemporalAAQuality:1                ; more stable temporal accumulation]]
[2021.02.14-03.13.41:508][  0]LogConfig: Setting CVar [[r.DOF.Kernel.MaxForegroundRadius:0.025]]
[2021.02.14-03.13.41:508][  0]LogConfig: Setting CVar [[r.DOF.Kernel.MaxBackgroundRadius:0.025]]
[2021.02.14-03.13.41:508][  0]LogConfig: Applying CVar settings from Section [TextureQuality@3] File [C:/Users/Emma/Documents/GitHub/CO2301-Assignment/CO2301Assignment/Saved/Config/Windows/Scalability.ini]
[2021.02.14-03.13.41:508][  0]LogConfig: Setting CVar [[r.Streaming.MipBias:0]]
[2021.02.14-03.13.41:508][  0]LogConfig: Setting CVar [[r.Streaming.AmortizeCPUToGPUCopy:0]]
[2021.02.14-03.13.41:508][  0]LogConfig: Setting CVar [[r.Streaming.MaxNumTexturesToStreamPerFrame:0]]
[2021.02.14-03.13.41:508][  0]LogConfig: Setting CVar [[r.Streaming.Boost:1]]
[2021.02.14-03.13.41:508][  0]LogConfig: Setting CVar [[r.MaxAnisotropy:8]]
[2021.02.14-03.13.41:508][  0]LogConfig: Setting CVar [[r.VT.MaxAnisotropy:8]]
[2021.02.14-03.13.41:508][  0]LogConfig: Setting CVar [[r.Streaming.LimitPoolSizeToVRAM:0]]
[2021.02.14-03.13.41:508][  0]LogConfig: Setting CVar [[r.Streaming.PoolSize:1000]]
[2021.02.14-03.13.41:508][  0]LogConfig: Setting CVar [[r.Streaming.MaxEffectiveScreenSize:0]]
[2021.02.14-03.13.41:508][  0]LogConfig: Applying CVar settings from Section [EffectsQuality@3] File [C:/Users/Emma/Documents/GitHub/CO2301-Assignment/CO2301Assignment/Saved/Config/Windows/Scalability.ini]
[2021.02.14-03.13.41:508][  0]LogConfig: Setting CVar [[r.TranslucencyLightingVolumeDim:64]]
[2021.02.14-03.13.41:508][  0]LogConfig: Setting CVar [[r.RefractionQuality:2]]
[2021.02.14-03.13.41:508][  0]LogConfig: Setting CVar [[r.SSR.Quality:3]]
[2021.02.14-03.13.41:509][  0]LogConfig: Setting CVar [[r.SSR.HalfResSceneColor:0]]
[2021.02.14-03.13.41:509][  0]LogConfig: Setting CVar [[r.SceneColorFormat:4]]
[2021.02.14-03.13.41:509][  0]LogConfig: Setting CVar [[r.DetailMode:2]]
[2021.02.14-03.13.41:509][  0]LogConfig: Setting CVar [[r.TranslucencyVolumeBlur:1]]
[2021.02.14-03.13.41:509][  0]LogConfig: Setting CVar [[r.MaterialQualityLevel:1 ; High quality]]
[2021.02.14-03.13.41:509][  0]LogConfig: Setting CVar [[r.SSS.Scale:1]]
[2021.02.14-03.13.41:509][  0]LogConfig: Setting CVar [[r.SSS.SampleSet:2]]
[2021.02.14-03.13.41:509][  0]LogConfig: Setting CVar [[r.SSS.Quality:1]]
[2021.02.14-03.13.41:509][  0]LogConfig: Setting CVar [[r.SSS.HalfRes:0]]
[2021.02.14-03.13.41:509][  0]LogConfig: Setting CVar [[r.SSGI.Quality:3]]
[2021.02.14-03.13.41:509][  0]LogConfig: Setting CVar [[r.EmitterSpawnRateScale:1.0]]
[2021.02.14-03.13.41:509][  0]LogConfig: Setting CVar [[r.ParticleLightQuality:2]]
[2021.02.14-03.13.41:509][  0]LogConfig: Setting CVar [[r.SkyAtmosphere.AerialPerspectiveLUT.FastApplyOnOpaque:1 ; Always have FastSkyLUT 1 in this case to avoid wrong sky]]
[2021.02.14-03.13.41:509][  0]LogConfig: Setting CVar [[r.SkyAtmosphere.AerialPerspectiveLUT.SampleCountPerSlice:1]]
[2021.02.14-03.13.41:509][  0]LogConfig: Setting CVar [[r.SkyAtmosphere.AerialPerspectiveLUT.DepthResolution:16.0]]
[2021.02.14-03.13.41:509][  0]LogConfig: Setting CVar [[r.SkyAtmosphere.FastSkyLUT:1]]
[2021.02.14-03.13.41:509][  0]LogConfig: Setting CVar [[r.SkyAtmosphere.FastSkyLUT.SampleCountMin:4.0]]
[2021.02.14-03.13.41:509][  0]LogConfig: Setting CVar [[r.SkyAtmosphere.FastSkyLUT.SampleCountMax:32.0]]
[2021.02.14-03.13.41:509][  0]LogConfig: Setting CVar [[r.SkyAtmosphere.SampleCountMin:4.0]]
[2021.02.14-03.13.41:509][  0]LogConfig: Setting CVar [[r.SkyAtmosphere.SampleCountMax:32.0]]
[2021.02.14-03.13.41:509][  0]LogConfig: Setting CVar [[r.SkyAtmosphere.TransmittanceLUT.UseSmallFormat:0]]
[2021.02.14-03.13.41:509][  0]LogConfig: Setting CVar [[r.SkyAtmosphere.TransmittanceLUT.SampleCount:10.0]]
[2021.02.14-03.13.41:510][  0]LogConfig: Setting CVar [[r.SkyAtmosphere.MultiScatteringLUT.SampleCount:15.0]]
[2021.02.14-03.13.41:510][  0]LogConfig: Applying CVar settings from Section [FoliageQuality@3] File [C:/Users/Emma/Documents/GitHub/CO2301-Assignment/CO2301Assignment/Saved/Config/Windows/Scalability.ini]
[2021.02.14-03.13.41:510][  0]LogConfig: Setting CVar [[foliage.DensityScale:1.0]]
[2021.02.14-03.13.41:510][  0]LogConfig: Setting CVar [[grass.DensityScale:1.0]]
[2021.02.14-03.13.41:510][  0]LogConfig: Applying CVar settings from Section [ShadingQuality@3] File [C:/Users/Emma/Documents/GitHub/CO2301-Assignment/CO2301Assignment/Saved/Config/Windows/Scalability.ini]
[2021.02.14-03.13.41:510][  0]LogConfig: Setting CVar [[r.HairStrands.SkyLighting.SampleCount:16]]
[2021.02.14-03.13.41:510][  0]LogConfig: Setting CVar [[r.HairStrands.SkyLighting.JitterIntegration:0]]
[2021.02.14-03.13.41:510][  0]LogConfig: Setting CVar [[r.HairStrands.SkyAO.SampleCount:16]]
[2021.02.14-03.13.41:510][  0]LogConfig: Setting CVar [[r.HairStrands.DeepShadow.SuperSampling:0]]
[2021.02.14-03.13.41:510][  0]LogConfig: Setting CVar [[r.HairStrands.VisibilityPPLL:0]]
[2021.02.14-03.13.41:510][  0]LogConfig: Setting CVar [[r.HairStrands.RasterizationScale:0.5]]
[2021.02.14-03.13.41:510][  0]LogConfig: Setting CVar [[r.HairStrands.VelocityRasterizationScale:1]]
[2021.02.14-03.13.41:510][  0]LogInit: Selected Device Profile: [Windows]
[2021.02.14-03.13.41:510][  0]LogInit: Applying CVar settings loaded from the selected device profile: [Windows]
[2021.02.14-03.13.41:510][  0]LogHAL: Display: Platform has ~ 16 GB [17126490112 / 17179869184 / 16], which maps to Larger [LargestMinGB=32, LargerMinGB=12, DefaultMinGB=8, SmallerMinGB=6, SmallestMinGB=0)
[2021.02.14-03.13.41:510][  0]LogInit: Going up to parent DeviceProfile []
[2021.02.14-03.13.41:510][  0]LogConfig: Applying CVar settings from Section [ViewDistanceQuality@3] File [C:/Users/Emma/Documents/GitHub/CO2301-Assignment/CO2301Assignment/Saved/Config/Windows/Scalability.ini]
[2021.02.14-03.13.41:510][  0]LogConfig: Setting CVar [[r.SkeletalMeshLODBias:0]]
[2021.02.14-03.13.41:510][  0]LogConfig: Setting CVar [[r.ViewDistanceScale:1.0]]
[2021.02.14-03.13.41:510][  0]LogConfig: Applying CVar settings from Section [AntiAliasingQuality@3] File [C:/Users/Emma/Documents/GitHub/CO2301-Assignment/CO2301Assignment/Saved/Config/Windows/Scalability.ini]
[2021.02.14-03.13.41:510][  0]LogConfig: Setting CVar [[r.PostProcessAAQuality:4]]
[2021.02.14-03.13.41:511][  0]LogConfig: Applying CVar settings from Section [ShadowQuality@3] File [C:/Users/Emma/Documents/GitHub/CO2301-Assignment/CO2301Assignment/Saved/Config/Windows/Scalability.ini]
[2021.02.14-03.13.41:511][  0]LogConfig: Setting CVar [[r.LightFunctionQuality:1]]
[2021.02.14-03.13.41:511][  0]LogConfig: Setting CVar [[r.ShadowQuality:5]]
[2021.02.14-03.13.41:511][  0]LogConfig: Setting CVar [[r.Shadow.CSM.MaxCascades:10]]
[2021.02.14-03.13.41:511][  0]LogConfig: Setting CVar [[r.Shadow.MaxResolution:2048]]
[2021.02.14-03.13.41:511][  0]LogConfig: Setting CVar [[r.Shadow.MaxCSMResolution:2048]]
[2021.02.14-03.13.41:511][  0]LogConfig: Setting CVar [[r.Shadow.RadiusThreshold:0.01]]
[2021.02.14-03.13.41:511][  0]LogConfig: Setting CVar [[r.Shadow.DistanceScale:1.0]]
[2021.02.14-03.13.41:511][  0]LogConfig: Setting CVar [[r.Shadow.CSM.TransitionScale:1.0]]
[2021.02.14-03.13.41:511][  0]LogConfig: Setting CVar [[r.Shadow.PreShadowResolutionFactor:1.0]]
[2021.02.14-03.13.41:511][  0]LogConfig: Setting CVar [[r.DistanceFieldShadowing:1]]
[2021.02.14-03.13.41:511][  0]LogConfig: Setting CVar [[r.DistanceFieldAO:1]]
[2021.02.14-03.13.41:511][  0]LogConfig: Setting CVar [[r.AOQuality:2]]
[2021.02.14-03.13.41:511][  0]LogConfig: Setting CVar [[r.VolumetricFog:1]]
[2021.02.14-03.13.41:511][  0]LogConfig: Setting CVar [[r.VolumetricFog.GridPixelSize:8]]
[2021.02.14-03.13.41:511][  0]LogConfig: Setting CVar [[r.VolumetricFog.GridSizeZ:128]]
[2021.02.14-03.13.41:511][  0]LogConfig: Setting CVar [[r.VolumetricFog.HistoryMissSupersampleCount:4]]
[2021.02.14-03.13.41:511][  0]LogConfig: Setting CVar [[r.LightMaxDrawDistanceScale:1]]
[2021.02.14-03.13.41:511][  0]LogConfig: Setting CVar [[r.CapsuleShadows:1]]
[2021.02.14-03.13.41:511][  0]LogConfig: Applying CVar settings from Section [PostProcessQuality@3] File [C:/Users/Emma/Documents/GitHub/CO2301-Assignment/CO2301Assignment/Saved/Config/Windows/Scalability.ini]
[2021.02.14-03.13.41:511][  0]LogConfig: Setting CVar [[r.MotionBlurQuality:4]]
[2021.02.14-03.13.41:511][  0]LogConfig: Setting CVar [[r.AmbientOcclusionMipLevelFactor:0.4]]
[2021.02.14-03.13.41:511][  0]LogConfig: Setting CVar [[r.AmbientOcclusionMaxQuality:100]]
[2021.02.14-03.13.41:511][  0]LogConfig: Setting CVar [[r.AmbientOcclusionLevels:-1]]
[2021.02.14-03.13.41:512][  0]LogConfig: Setting CVar [[r.AmbientOcclusionRadiusScale:1.0]]
[2021.02.14-03.13.41:512][  0]LogConfig: Setting CVar [[r.DepthOfFieldQuality:2]]
[2021.02.14-03.13.41:512][  0]LogConfig: Setting CVar [[r.RenderTargetPoolMin:400]]
[2021.02.14-03.13.41:512][  0]LogConfig: Setting CVar [[r.LensFlareQuality:2]]
[2021.02.14-03.13.41:512][  0]LogConfig: Setting CVar [[r.SceneColorFringeQuality:1]]
[2021.02.14-03.13.41:512][  0]LogConfig: Setting CVar [[r.EyeAdaptationQuality:2]]
[2021.02.14-03.13.41:512][  0]LogConfig: Setting CVar [[r.BloomQuality:5]]
[2021.02.14-03.13.41:512][  0]LogConfig: Setting CVar [[r.FastBlurThreshold:100]]
[2021.02.14-03.13.41:512][  0]LogConfig: Setting CVar [[r.Upscale.Quality:3]]
[2021.02.14-03.13.41:512][  0]LogConfig: Setting CVar [[r.Tonemapper.GrainQuantization:1]]
[2021.02.14-03.13.41:512][  0]LogConfig: Setting CVar [[r.LightShaftQuality:1]]
[2021.02.14-03.13.41:512][  0]LogConfig: Setting CVar [[r.Filter.SizeScale:1]]
[2021.02.14-03.13.41:512][  0]LogConfig: Setting CVar [[r.Tonemapper.Quality:5]]
[2021.02.14-03.13.41:512][  0]LogConfig: Setting CVar [[r.DOF.Gather.AccumulatorQuality:1        ; higher gathering accumulator quality]]
[2021.02.14-03.13.41:512][  0]LogConfig: Setting CVar [[r.DOF.Gather.PostfilterMethod:1          ; Median3x3 postfilering method]]
[2021.02.14-03.13.41:512][  0]LogConfig: Setting CVar [[r.DOF.Gather.EnableBokehSettings:0       ; no bokeh simulation when gathering]]
[2021.02.14-03.13.41:512][  0]LogConfig: Setting CVar [[r.DOF.Gather.RingCount:4                 ; medium number of samples when gathering]]
[2021.02.14-03.13.41:512][  0]LogConfig: Setting CVar [[r.DOF.Scatter.ForegroundCompositing:1    ; additive foreground scattering]]
[2021.02.14-03.13.41:512][  0]LogConfig: Setting CVar [[r.DOF.Scatter.BackgroundCompositing:2    ; additive background scattering]]
[2021.02.14-03.13.41:512][  0]LogConfig: Setting CVar [[r.DOF.Scatter.EnableBokehSettings:1      ; bokeh simulation when scattering]]
[2021.02.14-03.13.41:512][  0]LogConfig: Setting CVar [[r.DOF.Scatter.MaxSpriteRatio:0.1         ; only a maximum of 10% of scattered bokeh]]
[2021.02.14-03.13.41:513][  0]LogConfig: Setting CVar [[r.DOF.Recombine.Quality:1                ; cheap slight out of focus]]
[2021.02.14-03.13.41:513][  0]LogConfig: Setting CVar [[r.DOF.Recombine.EnableBokehSettings:0    ; no bokeh simulation on slight out of focus]]
[2021.02.14-03.13.41:513][  0]LogConfig: Setting CVar [[r.DOF.TemporalAAQuality:1                ; more stable temporal accumulation]]
[2021.02.14-03.13.41:513][  0]LogConfig: Setting CVar [[r.DOF.Kernel.MaxForegroundRadius:0.025]]
[2021.02.14-03.13.41:513][  0]LogConfig: Setting CVar [[r.DOF.Kernel.MaxBackgroundRadius:0.025]]
[2021.02.14-03.13.41:513][  0]LogConfig: Applying CVar settings from Section [TextureQuality@3] File [C:/Users/Emma/Documents/GitHub/CO2301-Assignment/CO2301Assignment/Saved/Config/Windows/Scalability.ini]
[2021.02.14-03.13.41:513][  0]LogConfig: Setting CVar [[r.Streaming.MipBias:0]]
[2021.02.14-03.13.41:513][  0]LogConfig: Setting CVar [[r.Streaming.AmortizeCPUToGPUCopy:0]]
[2021.02.14-03.13.41:513][  0]LogConfig: Setting CVar [[r.Streaming.MaxNumTexturesToStreamPerFrame:0]]
[2021.02.14-03.13.41:513][  0]LogConfig: Setting CVar [[r.Streaming.Boost:1]]
[2021.02.14-03.13.41:513][  0]LogConfig: Setting CVar [[r.MaxAnisotropy:8]]
[2021.02.14-03.13.41:513][  0]LogConfig: Setting CVar [[r.VT.MaxAnisotropy:8]]
[2021.02.14-03.13.41:513][  0]LogConfig: Setting CVar [[r.Streaming.LimitPoolSizeToVRAM:0]]
[2021.02.14-03.13.41:513][  0]LogConfig: Setting CVar [[r.Streaming.PoolSize:1000]]
[2021.02.14-03.13.41:513][  0]LogConfig: Setting CVar [[r.Streaming.MaxEffectiveScreenSize:0]]
[2021.02.14-03.13.41:513][  0]LogConfig: Applying CVar settings from Section [EffectsQuality@3] File [C:/Users/Emma/Documents/GitHub/CO2301-Assignment/CO2301Assignment/Saved/Config/Windows/Scalability.ini]
[2021.02.14-03.13.41:513][  0]LogConfig: Setting CVar [[r.TranslucencyLightingVolumeDim:64]]
[2021.02.14-03.13.41:513][  0]LogConfig: Setting CVar [[r.RefractionQuality:2]]
[2021.02.14-03.13.41:513][  0]LogConfig: Setting CVar [[r.SSR.Quality:3]]
[2021.02.14-03.13.41:513][  0]LogConfig: Setting CVar [[r.SSR.HalfResSceneColor:0]]
[2021.02.14-03.13.41:513][  0]LogConfig: Setting CVar [[r.SceneColorFormat:4]]
[2021.02.14-03.13.41:513][  0]LogConfig: Setting CVar [[r.DetailMode:2]]
[2021.02.14-03.13.41:513][  0]LogConfig: Setting CVar [[r.TranslucencyVolumeBlur:1]]
[2021.02.14-03.13.41:514][  0]LogConfig: Setting CVar [[r.MaterialQualityLevel:1 ; High quality]]
[2021.02.14-03.13.41:514][  0]LogConfig: Setting CVar [[r.SSS.Scale:1]]
[2021.02.14-03.13.41:514][  0]LogConfig: Setting CVar [[r.SSS.SampleSet:2]]
[2021.02.14-03.13.41:514][  0]LogConfig: Setting CVar [[r.SSS.Quality:1]]
[2021.02.14-03.13.41:514][  0]LogConfig: Setting CVar [[r.SSS.HalfRes:0]]
[2021.02.14-03.13.41:514][  0]LogConfig: Setting CVar [[r.SSGI.Quality:3]]
[2021.02.14-03.13.41:514][  0]LogConfig: Setting CVar [[r.EmitterSpawnRateScale:1.0]]
[2021.02.14-03.13.41:514][  0]LogConfig: Setting CVar [[r.ParticleLightQuality:2]]
[2021.02.14-03.13.41:514][  0]LogConfig: Setting CVar [[r.SkyAtmosphere.AerialPerspectiveLUT.FastApplyOnOpaque:1 ; Always have FastSkyLUT 1 in this case to avoid wrong sky]]
[2021.02.14-03.13.41:514][  0]LogConfig: Setting CVar [[r.SkyAtmosphere.AerialPerspectiveLUT.SampleCountPerSlice:1]]
[2021.02.14-03.13.41:514][  0]LogConfig: Setting CVar [[r.SkyAtmosphere.AerialPerspectiveLUT.DepthResolution:16.0]]
[2021.02.14-03.13.41:514][  0]LogConfig: Setting CVar [[r.SkyAtmosphere.FastSkyLUT:1]]
[2021.02.14-03.13.41:514][  0]LogConfig: Setting CVar [[r.SkyAtmosphere.FastSkyLUT.SampleCountMin:4.0]]
[2021.02.14-03.13.41:514][  0]LogConfig: Setting CVar [[r.SkyAtmosphere.FastSkyLUT.SampleCountMax:32.0]]
[2021.02.14-03.13.41:514][  0]LogConfig: Setting CVar [[r.SkyAtmosphere.SampleCountMin:4.0]]
[2021.02.14-03.13.41:514][  0]LogConfig: Setting CVar [[r.SkyAtmosphere.SampleCountMax:32.0]]
[2021.02.14-03.13.41:514][  0]LogConfig: Setting CVar [[r.SkyAtmosphere.TransmittanceLUT.UseSmallFormat:0]]
[2021.02.14-03.13.41:514][  0]LogConfig: Setting CVar [[r.SkyAtmosphere.TransmittanceLUT.SampleCount:10.0]]
[2021.02.14-03.13.41:514][  0]LogConfig: Setting CVar [[r.SkyAtmosphere.MultiScatteringLUT.SampleCount:15.0]]
[2021.02.14-03.13.41:514][  0]LogConfig: Applying CVar settings from Section [FoliageQuality@3] File [C:/Users/Emma/Documents/GitHub/CO2301-Assignment/CO2301Assignment/Saved/Config/Windows/Scalability.ini]
[2021.02.14-03.13.41:514][  0]LogConfig: Setting CVar [[foliage.DensityScale:1.0]]
[2021.02.14-03.13.41:514][  0]LogConfig: Setting CVar [[grass.DensityScale:1.0]]
[2021.02.14-03.13.41:514][  0]LogConfig: Applying CVar settings from Section [ShadingQuality@3] File [C:/Users/Emma/Documents/GitHub/CO2301-Assignment/CO2301Assignment/Saved/Config/Windows/Scalability.ini]
[2021.02.14-03.13.41:514][  0]LogConfig: Setting CVar [[r.HairStrands.SkyLighting.SampleCount:16]]
[2021.02.14-03.13.41:514][  0]LogConfig: Setting CVar [[r.HairStrands.SkyLighting.JitterIntegration:0]]
[2021.02.14-03.13.41:515][  0]LogConfig: Setting CVar [[r.HairStrands.SkyAO.SampleCount:16]]
[2021.02.14-03.13.41:515][  0]LogConfig: Setting CVar [[r.HairStrands.DeepShadow.SuperSampling:0]]
[2021.02.14-03.13.41:515][  0]LogConfig: Setting CVar [[r.HairStrands.VisibilityPPLL:0]]
[2021.02.14-03.13.41:515][  0]LogConfig: Setting CVar [[r.HairStrands.RasterizationScale:0.5]]
[2021.02.14-03.13.41:515][  0]LogConfig: Setting CVar [[r.HairStrands.VelocityRasterizationScale:1]]
[2021.02.14-03.13.41:515][  0]LogConfig: Applying CVar settings from Section [Startup] File [../../../Engine/Config/ConsoleVariables.ini]
[2021.02.14-03.13.41:515][  0]LogConfig: Setting CVar [[net.UseAdaptiveNetUpdateFrequency:0]]
[2021.02.14-03.13.41:515][  0]LogConfig: Setting CVar [[p.chaos.AllowCreatePhysxBodies:1]]
[2021.02.14-03.13.41:515][  0]LogConfig: Setting CVar [[fx.SkipVectorVMBackendOptimizations:1]]
[2021.02.14-03.13.41:515][  0]LogConfig: Applying CVar settings from Section [ConsoleVariables] File [C:/Users/Emma/Documents/GitHub/CO2301-Assignment/CO2301Assignment/Saved/Config/Windows/Engine.ini]
[2021.02.14-03.13.41:515][  0]LogInit: Computer: DESKTOP-SPF806M
[2021.02.14-03.13.41:515][  0]LogInit: User: Emma
[2021.02.14-03.13.41:516][  0]LogInit: CPU Page size=4096, Cores=8
[2021.02.14-03.13.41:516][  0]LogInit: High frequency timer resolution =10.000000 MHz
[2021.02.14-03.13.41:516][  0]LogMemory: Memory total: Physical=16.0GB (16GB approx)
[2021.02.14-03.13.41:516][  0]LogMemory: Platform Memory Stats for Windows
[2021.02.14-03.13.41:516][  0]LogMemory: Process Physical Memory: 116.81 MB used, 116.81 MB peak
[2021.02.14-03.13.41:516][  0]LogMemory: Process Virtual Memory: 100.03 MB used, 100.03 MB peak
[2021.02.14-03.13.41:516][  0]LogMemory: Physical Memory: 12046.79 MB used,  4286.30 MB free, 16333.09 MB total
[2021.02.14-03.13.41:516][  0]LogMemory: Virtual Memory: 5186.92 MB used,  134212544.00 MB free, 134217728.00 MB total
[2021.02.14-03.13.41:524][  0]LogWindows: WindowsPlatformFeatures enabled
[2021.02.14-03.13.41:654][  0]LogInit: Physics initialised using underlying interface: PhysX
[2021.02.14-03.13.41:655][  0]LogInit: Using OS detected language (en-GB).
[2021.02.14-03.13.41:656][  0]LogInit: Using OS detected locale (en-GB).
[2021.02.14-03.13.41:666][  0]LogTextLocalizationManager: No specific localization for 'en-GB' exists, so the 'en' localization will be used.
[2021.02.14-03.13.41:896][  0]LogInit: Setting process to per monitor DPI aware
[2021.02.14-03.13.41:942][  0]LogSlate: New Slate User Created.  User Index 0, Is Virtual User: 0
[2021.02.14-03.13.41:942][  0]LogSlate: Slate User Registered.  User Index 0, Is Virtual User: 0
[2021.02.14-03.13.42:145][  0]LogHMD: Failed to initialize OpenVR with code 110
[2021.02.14-03.13.42:145][  0]LogD3D11RHI: D3D11 min allowed feature level: 11_0
[2021.02.14-03.13.42:145][  0]LogD3D11RHI: D3D11 max allowed feature level: 11_0
[2021.02.14-03.13.42:145][  0]LogD3D11RHI: D3D11 adapters:
[2021.02.14-03.13.42:223][  0]LogD3D11RHI:    0. 'NVIDIA GeForce RTX 2070 SUPER' (Feature Level 11_0)
[2021.02.14-03.13.42:223][  0]LogD3D11RHI:       8011/0/8166 MB DedicatedVideo/DedicatedSystem/SharedSystem, Outputs:2, VendorId:0x10de
[2021.02.14-03.13.42:228][  0]LogD3D11RHI:    1. 'Microsoft Basic Render Driver' (Feature Level 11_0)
[2021.02.14-03.13.42:228][  0]LogD3D11RHI:       0/0/8166 MB DedicatedVideo/DedicatedSystem/SharedSystem, Outputs:0, VendorId:0x1414
[2021.02.14-03.13.42:228][  0]LogD3D11RHI: Chosen D3D11 Adapter: 0
[2021.02.14-03.13.42:236][  0]LogD3D11RHI: Creating new Direct3DDevice
[2021.02.14-03.13.42:236][  0]LogD3D11RHI:     GPU DeviceId: 0x1e84 (for the marketing name, search the web for "GPU Device Id")
[2021.02.14-03.13.42:236][  0]LogWindows: EnumDisplayDevices:
[2021.02.14-03.13.42:236][  0]LogWindows:    0. 'NVIDIA GeForce RTX 2070 SUPER' (P:1 D:1)
[2021.02.14-03.13.42:237][  0]LogWindows:    1. 'NVIDIA GeForce RTX 2070 SUPER' (P:0 D:1)
[2021.02.14-03.13.42:237][  0]LogWindows:    2. 'NVIDIA GeForce RTX 2070 SUPER' (P:0 D:0)
[2021.02.14-03.13.42:237][  0]LogWindows:    3. 'NVIDIA GeForce RTX 2070 SUPER' (P:0 D:0)
[2021.02.14-03.13.42:237][  0]LogWindows: DebugString: FoundDriverCount:4 
[2021.02.14-03.13.42:237][  0]LogD3D11RHI:     Adapter Name: NVIDIA GeForce RTX 2070 SUPER
[2021.02.14-03.13.42:237][  0]LogD3D11RHI:   Driver Version: 456.71 (internal:27.21.14.5671, unified:456.71)
[2021.02.14-03.13.42:237][  0]LogD3D11RHI:      Driver Date: 9-30-2020
[2021.02.14-03.13.42:237][  0]LogRHI: Texture pool is 5607 MB (70% of 8011 MB)
[2021.02.14-03.13.42:290][  0]LogD3D11RHI: RHI has support for 64 bit atomics
[2021.02.14-03.13.42:293][  0]LogD3D11RHI: [Aftermath] Enabled and primed
[2021.02.14-03.13.42:293][  0]LogD3D11RHI: Async texture creation enabled
[2021.02.14-03.13.42:293][  0]LogD3D11RHI: Array index from any shader is supported
[2021.02.14-03.13.42:295][  0]LogD3D11RHI: HDR output is supported on display 0 (NvId: 0x80061086).
[2021.02.14-03.13.42:308][  0]LogD3D11RHI: GPU Timing Frequency: 1000.000000 (Debug: 2 1)
[2021.02.14-03.13.42:535][  0]LogTargetPlatformManager: Display: Loaded TargetPlatform 'AllDesktop'
[2021.02.14-03.13.42:556][  0]LogTargetPlatformManager: Display: Loaded TargetPlatform 'Android'
[2021.02.14-03.13.42:556][  0]LogTargetPlatformManager: Display: Loaded TargetPlatform 'Android_ASTC'
[2021.02.14-03.13.42:556][  0]LogTargetPlatformManager: Display: Loaded TargetPlatform 'Android_DXT'
[2021.02.14-03.13.42:556][  0]LogTargetPlatformManager: Display: Loaded TargetPlatform 'Android_ETC2'
[2021.02.14-03.13.42:556][  0]LogTargetPlatformManager: Display: Loaded TargetPlatform 'AndroidClient'
[2021.02.14-03.13.42:556][  0]LogTargetPlatformManager: Display: Loaded TargetPlatform 'Android_ASTCClient'
[2021.02.14-03.13.42:557][  0]LogTargetPlatformManager: Display: Loaded TargetPlatform 'Android_DXTClient'
[2021.02.14-03.13.42:557][  0]LogTargetPlatformManager: Display: Loaded TargetPlatform 'Android_ETC2Client'
[2021.02.14-03.13.42:557][  0]LogTargetPlatformManager: Display: Loaded TargetPlatform 'Android_Multi'
[2021.02.14-03.13.42:557][  0]LogTargetPlatformManager: Display: Loaded TargetPlatform 'Android_MultiClient'
[2021.02.14-03.13.42:593][  0]LogTargetPlatformManager: Display: Loaded TargetPlatform 'IOSClient'
[2021.02.14-03.13.42:593][  0]LogTargetPlatformManager: Display: Loaded TargetPlatform 'IOS'
[2021.02.14-03.13.42:613][  0]LogTargetPlatformManager: Display: Loaded TargetPlatform 'Linux'
[2021.02.14-03.13.42:624][  0]LogTargetPlatformManager: Display: Loaded TargetPlatform 'LinuxNoEditor'
[2021.02.14-03.13.42:635][  0]LogTargetPlatformManager: Display: Loaded TargetPlatform 'LinuxClient'
[2021.02.14-03.13.42:645][  0]LogTargetPlatformManager: Display: Loaded TargetPlatform 'LinuxServer'
[2021.02.14-03.13.42:655][  0]LogTargetPlatformManager: Display: Loaded TargetPlatform 'LinuxAArch64NoEditor'
[2021.02.14-03.13.42:665][  0]LogTargetPlatformManager: Display: Loaded TargetPlatform 'LinuxAArch64Client'
[2021.02.14-03.13.42:676][  0]LogTargetPlatformManager: Display: Loaded TargetPlatform 'LinuxAArch64Server'
[2021.02.14-03.13.42:706][  0]LogTargetPlatformManager: Display: Loaded TargetPlatform 'Lumin'
[2021.02.14-03.13.42:706][  0]LogTargetPlatformManager: Display: Loaded TargetPlatform 'LuminClient'
[2021.02.14-03.13.42:724][  0]LogTargetPlatformManager: Display: Loaded TargetPlatform 'TVOSClient'
[2021.02.14-03.13.42:724][  0]LogTargetPlatformManager: Display: Loaded TargetPlatform 'TVOS'
[2021.02.14-03.13.42:734][  0]LogTargetPlatformManager: Display: Loaded TargetPlatform 'WindowsNoEditor'
[2021.02.14-03.13.42:744][  0]LogTargetPlatformManager: Display: Loaded TargetPlatform 'Windows'
[2021.02.14-03.13.42:754][  0]LogTargetPlatformManager: Display: Loaded TargetPlatform 'WindowsClient'
[2021.02.14-03.13.42:763][  0]LogTargetPlatformManager: Display: Loaded TargetPlatform 'WindowsServer'
[2021.02.14-03.13.42:764][  0]LogTargetPlatformManager: Display: Building Assets For Windows
[2021.02.14-03.13.42:775][  0]LogAudioDebug: Display: Lib vorbis DLL was dynamically loaded.
[2021.02.14-03.13.42:856][  0]LogShaderCompilers: Guid format shader working directory is -36 characters bigger than the processId version (../../../../../../Users/Emma/Documents/GitHub/CO2301-Assignment/CO2301Assignment/Intermediate/Shaders/WorkingDirectory/22732/).
[2021.02.14-03.13.42:856][  0]LogShaderCompilers: Cleaned the shader compiler working directory 'C:/Users/Emma/AppData/Local/Temp/UnrealShaderWorkingDir/4F04F2AB4F10C797E1585995E429CD3B/'.
[2021.02.14-03.13.42:857][  0]LogXGEController: Cleaning working directory: C:/Users/Emma/AppData/Local/Temp/UnrealXGEWorkingDir/
[2021.02.14-03.13.42:857][  0]LogXGEController: Cannot use XGE Controller as Incredibuild is not installed on this machine.
[2021.02.14-03.13.42:857][  0]LogShaderCompilers: Cannot use XGE Shader Compiler as Incredibuild is not installed on this machine.
[2021.02.14-03.13.42:857][  0]LogShaderCompilers: Display: Using Local Shader Compiler.
[2021.02.14-03.13.45:360][  0]LogDerivedDataCache: Display: Max Cache Size: 512 MB
[2021.02.14-03.13.45:422][  0]LogDerivedDataCache: Loaded boot cache 0.06s 76MB C:/Users/Emma/AppData/Local/UnrealEngine/4.25/DerivedDataCache/Boot.ddc.
[2021.02.14-03.13.45:422][  0]LogDerivedDataCache: Display: Loaded Boot cache: C:/Users/Emma/AppData/Local/UnrealEngine/4.25/DerivedDataCache/Boot.ddc
[2021.02.14-03.13.45:422][  0]LogDerivedDataCache: FDerivedDataBackendGraph:  Pak pak cache file ../../../../../../Users/Emma/Documents/GitHub/CO2301-Assignment/CO2301Assignment/DerivedDataCache/DDC.ddp not found, will not use a pak cache.
[2021.02.14-03.13.45:422][  0]LogDerivedDataCache: Unable to find inner node Pak for hierarchical cache Hierarchy.
[2021.02.14-03.13.45:422][  0]LogDerivedDataCache: FDerivedDataBackendGraph:  CompressedPak pak cache file ../../../../../../Users/Emma/Documents/GitHub/CO2301-Assignment/CO2301Assignment/DerivedDataCache/Compressed.ddp not found, will not use a pak cache.
[2021.02.14-03.13.45:422][  0]LogDerivedDataCache: Unable to find inner node CompressedPak for hierarchical cache Hierarchy.
[2021.02.14-03.13.45:433][  0]LogDerivedDataCache: Display: Pak cache opened for reading ../../../Engine/DerivedDataCache/Compressed.ddp.
[2021.02.14-03.13.45:433][  0]LogDerivedDataCache: FDerivedDataBackendGraph:  EnterprisePak pak cache file ../../../Enterprise/DerivedDataCache/Compressed.ddp not found, will not use a pak cache.
[2021.02.14-03.13.45:433][  0]LogDerivedDataCache: Unable to find inner node EnterprisePak for hierarchical cache Hierarchy.
[2021.02.14-03.13.45:435][  0]LogDerivedDataCache: Using Local data cache path C:/Users/Emma/AppData/Local/UnrealEngine/Common/DerivedDataCache: Writable
[2021.02.14-03.13.45:435][  0]LogDerivedDataCache: Shared data cache path not found in *engine.ini, will not use an Shared cache.
[2021.02.14-03.13.45:435][  0]LogDerivedDataCache: Unable to find inner node Shared for hierarchical cache Hierarchy.
[2021.02.14-03.13.45:478][  0]LogSlate: Using FreeType 2.10.0
[2021.02.14-03.13.45:479][  0]LogSlate: SlateFontServices - WITH_FREETYPE: 1, WITH_HARFBUZZ: 1
[2021.02.14-03.13.45:502][  0]LogAssetRegistry: FAssetRegistry took 0.0034 seconds to start up
[2021.02.14-03.13.45:695][  0]LogInit: Selected Device Profile: [Windows]
[2021.02.14-03.13.45:803][  0]LogMeshReduction: Using QuadricMeshReduction for automatic static mesh reduction
[2021.02.14-03.13.45:803][  0]LogMeshReduction: Using SimplygonMeshReduction for automatic skeletal mesh reduction
[2021.02.14-03.13.45:803][  0]LogMeshReduction: Using ProxyLODMeshReduction for automatic mesh merging
[2021.02.14-03.13.45:803][  0]LogMeshReduction: No distributed automatic mesh merging module available
[2021.02.14-03.13.45:803][  0]LogMeshMerging: No distributed automatic mesh merging module available
[2021.02.14-03.13.45:817][  0]LogNetVersion: CO2301Assignment 1.0.0, NetCL: 13144385, EngineNetVer: 14, GameNetVer: 0 (Checksum: 736346464)
[2021.02.14-03.13.46:152][  0]LogAISub: UAISubsystem::UAISubsystem AISubsystem (000002A363981B40), frame # 0
[2021.02.14-03.13.46:152][  0]LogAISub: UAISubsystem::UAISubsystem AIPerceptionSystem (000002A3638CD1C0), frame # 0
[2021.02.14-03.13.46:153][  0]LogAISub: UAISubsystem::UAISubsystem EnvQueryManager (000002A363929E00), frame # 0
[2021.02.14-03.13.46:203][  0]LogPackageLocalizationCache: Processed 19 localized package path(s) for 1 prioritized culture(s) in 0.044491 seconds
[2021.02.14-03.13.46:208][  0]LogUObjectArray: 15917 objects as part of root set at end of initial load.
[2021.02.14-03.13.46:208][  0]LogUObjectAllocator: 3965568 out of 0 bytes used by permanent object pool.
[2021.02.14-03.13.46:208][  0]LogUObjectArray: CloseDisregardForGC: 0/0 objects in disregard for GC pool
[2021.02.14-03.13.46:601][  0]LogTcpMessaging: Initializing TcpMessaging bridge
[2021.02.14-03.13.46:607][  0]LogUdpMessaging: Initializing bridge on interface 0.0.0.0:0 to multicast group 230.0.0.1:6666.
[2021.02.14-03.13.46:764][  0]SourceControl: Source control is disabled
[2021.02.14-03.13.46:764][  0]SourceControl: Source control is disabled
[2021.02.14-03.13.46:769][  0]SourceControl: Source control is disabled
[2021.02.14-03.13.46:773][  0]SourceControl: Source control is disabled
[2021.02.14-03.13.46:782][  0]SourceControl: Source control is disabled
[2021.02.14-03.13.47:068][  0]LogAndroidPermission: UAndroidPermissionCallbackProxy::GetInstance
[2021.02.14-03.13.47:092][  0]LogAudioCaptureCore: Display: No Audio Capture implementations found. Audio input will be silent.
[2021.02.14-03.13.47:092][  0]LogAudioCaptureCore: Display: No Audio Capture implementations found. Audio input will be silent.
[2021.02.14-03.13.47:142][  0]LogOcInput: OculusInput pre-init called
[2021.02.14-03.13.47:153][  0]LogWindows: Failed to load 'OVRPlugin.dll' (GetLastError=126)
[2021.02.14-03.13.47:153][  0]LogWindows: File 'OVRPlugin.dll' does not exist
[2021.02.14-03.13.47:218][  0]LogEngine: Initializing Engine...
[2021.02.14-03.13.47:219][  0]LogHMD: Failed to initialize OpenVR with code 110
[2021.02.14-03.13.47:219][  0]LogMagicLeap: Warning: VR disabled because ZI is not enabled.  To enable, in the editor, Edit -> Project Settings -> Plugins -> Magic Leap Plugin -> Enable Zero Iteration
[2021.02.14-03.13.47:220][  0]LogStats: UGameplayTagsManager::InitializeManager -  0.000 s
[2021.02.14-03.13.47:304][  0]LogInit: Initializing FReadOnlyCVARCache
[2021.02.14-03.13.47:312][  0]LogAIModule: Creating AISystem for world Untitled
[2021.02.14-03.13.47:312][  0]LogAISub: UAISubsystem::UAISubsystem EnvQueryManager (000002A36CAA6200), frame # 0
[2021.02.14-03.13.47:313][  0]LogAISub: UAISubsystem::UAISubsystem AIPerceptionSystem (000002A36CAD5E40), frame # 0
[2021.02.14-03.13.47:322][  0]LogAudioMixer: Display: Audio Mixer Platform Settings:
[2021.02.14-03.13.47:322][  0]LogAudioMixer: Display: 	Sample Rate:						  48000
[2021.02.14-03.13.47:322][  0]LogAudioMixer: Display: 	Callback Buffer Frame Size Requested: 1024
[2021.02.14-03.13.47:322][  0]LogAudioMixer: Display: 	Callback Buffer Frame Size To Use:	  1024
[2021.02.14-03.13.47:322][  0]LogAudioMixer: Display: 	Number of buffers to queue:			  2
[2021.02.14-03.13.47:322][  0]LogAudioMixer: Display: 	Max Channels (voices):				  32
[2021.02.14-03.13.47:322][  0]LogAudioMixer: Display: 	Number of Async Source Workers:		  0
[2021.02.14-03.13.47:323][  0]LogAudio: Display: AudioDevice MaxSources: 32
[2021.02.14-03.13.47:323][  0]LogAudio: Display: Using built-in audio occlusion.
[2021.02.14-03.13.47:323][  0]LogAudioMixer: Display: Initializing audio mixer.
[2021.02.14-03.13.47:336][  0]LogAudioMixer: Display: 0: FrontLeft
[2021.02.14-03.13.47:336][  0]LogAudioMixer: Display: 1: FrontRight
[2021.02.14-03.13.47:374][  0]LogAudioMixer: Display: Using Audio Device Speakers (Scarlett Solo USB)
[2021.02.14-03.13.47:377][  0]LogAudioMixer: Display: Initializing Sound Submixes...
[2021.02.14-03.13.47:379][  0]LogAudioMixer: Display: Creating Master Submix 'MasterSubmixDefault'
[2021.02.14-03.13.47:379][  0]LogAudioMixer: Display: Creating Master Submix 'MasterReverbSubmixDefault'
[2021.02.14-03.13.47:380][  0]LogAudioMixer: Display: Creating Master Submix 'MasterEQSubmixDefault'
[2021.02.14-03.13.47:381][  0]LogInit: FAudioDevice initialized.
[2021.02.14-03.13.47:381][  0]LogNetVersion: Set ProjectVersion to 1.0.0.0. Version Checksum will be recalculated on next use.
[2021.02.14-03.13.47:421][  0]LogDerivedDataCache: Saved boot cache 0.04s 76MB C:/Users/Emma/AppData/Local/UnrealEngine/4.25/DerivedDataCache/Boot.ddc.
[2021.02.14-03.13.47:425][  0]LogInit: Texture streaming: Enabled
[2021.02.14-03.13.47:442][  0]LogEngineSessionManager: EngineSessionManager initialized
[2021.02.14-03.13.47:442][  0]LogEditorSessionSummary: Verbose: Initializing EditorSessionSummaryWriter for editor session tracking
[2021.02.14-03.13.47:444][  0]LogEditorSessionSummary: EditorSessionSummaryWriter initialized
[2021.02.14-03.13.47:505][  0]LogInit: Transaction tracking system initialized
[2021.02.14-03.13.47:535][  0]BlueprintLog: New page: Editor Load
[2021.02.14-03.13.47:624][  0]LocalizationService: Localization service is disabled
[2021.02.14-03.13.47:861][  0]LogCook: Display: Max memory allowance for cook 16384mb min free memory 0mb
[2021.02.14-03.13.47:861][  0]LogCook: Display: Mobile HDR setting 1
[2021.02.14-03.13.48:013][  0]LogFileCache: Scanning file cache for directory 'C:/Users/Emma/Documents/GitHub/CO2301-Assignment/CO2301Assignment/Content/' took 0.01s
[2021.02.14-03.13.48:150][  0]SourceControl: Source control is disabled
[2021.02.14-03.13.48:150][  0]LogUnrealEdMisc: Loading editor; pre map load, took 9.259
[2021.02.14-03.13.48:151][  0]Cmd: MAP LOAD FILE="../../../../../../Users/Emma/Documents/GitHub/CO2301-Assignment/CO2301Assignment/Content/Level.umap" TEMPLATE=0 SHOWPROGRESS=1 FEATURELEVEL=3
[2021.02.14-03.13.48:151][  0]LightingResults: New page: Lighting Build
[2021.02.14-03.13.48:152][  0]LogWorld: UWorld::CleanupWorld for Untitled, bSessionEnded=true, bCleanupResources=true
[2021.02.14-03.13.48:152][  0]LogSlate: InvalidateAllWidgets triggered.  All widgets were invalidated
[2021.02.14-03.13.48:152][  0]MapCheck: New page: Map Check
[2021.02.14-03.13.48:152][  0]LightingResults: New page: Lighting Build
[2021.02.14-03.13.48:183][  0]LogAISub: UAISubsystem::~UAISubsystem EnvQueryManager (000002A36CAA6200), frame # 0
[2021.02.14-03.13.48:183][  0]LogAISub: UAISubsystem::~UAISubsystem AIPerceptionSystem (000002A36CAD5E40), frame # 0
[2021.02.14-03.13.48:184][  0]LogUObjectHash: Compacting FUObjectHashTables data took   0.62ms
[2021.02.14-03.13.48:886][  0]LogAIModule: Creating AISystem for world Level
[2021.02.14-03.13.48:886][  0]LogAISub: UAISubsystem::UAISubsystem EnvQueryManager (000002A356431600), frame # 0
[2021.02.14-03.13.48:886][  0]LogAISub: UAISubsystem::UAISubsystem AIPerceptionSystem (000002A3564865C0), frame # 0
[2021.02.14-03.13.48:894][  0]LogEditorServer: Finished looking for orphan Actors (0.000 secs)
[2021.02.14-03.13.48:923][  0]LogUObjectHash: Compacting FUObjectHashTables data took   0.76ms
[2021.02.14-03.13.48:923][  0]Cmd: MAP CHECKDEP NOCLEARLOG
[2021.02.14-03.13.48:923][  0]MapCheck: Map check complete: 0 Error(s), 0 Warning(s), took 0.111ms to complete.
[2021.02.14-03.13.48:923][  0]LogFileHelpers: Loading map 'Level' took 0.773
[2021.02.14-03.13.48:926][  0]LogUnrealEdMisc: Total Editor Startup Time, took 10.034
[2021.02.14-03.13.49:054][  0]LogSlate: Updating window title bar state: overlay mode, drag disabled, window buttons hidden, title bar hidden
[2021.02.14-03.13.49:059][  0]LogSlate: Updating window title bar state: overlay mode, drag disabled, window buttons hidden, title bar hidden
[2021.02.14-03.13.49:065][  0]LogSlate: Updating window title bar state: overlay mode, drag disabled, window buttons hidden, title bar hidden
[2021.02.14-03.13.49:071][  0]LogSlate: Updating window title bar state: overlay mode, drag disabled, window buttons hidden, title bar hidden
[2021.02.14-03.13.49:082][  0]LogCollectionManager: Loaded 0 collections in 0.001442 seconds
[2021.02.14-03.13.49:099][  0]LogFileCache: Scanning file cache for directory 'C:/Users/Emma/Documents/GitHub/CO2301-Assignment/CO2301Assignment/Saved/Collections/' took 0.00s
[2021.02.14-03.13.49:099][  0]LogFileCache: Scanning file cache for directory 'C:/Users/Emma/Documents/GitHub/CO2301-Assignment/CO2301Assignment/Content/Developers/Emma/Collections/' took 0.00s
[2021.02.14-03.13.49:099][  0]LogFileCache: Scanning file cache for directory 'C:/Users/Emma/Documents/GitHub/CO2301-Assignment/CO2301Assignment/Content/Collections/' took 0.00s
[2021.02.14-03.13.49:099][  0]LogContentBrowser: Native class hierarchy populated in 0.0086 seconds. Added 3448 classes and 828 folders.
[2021.02.14-03.13.49:102][  0]LogContentBrowser: Native class hierarchy updated for 'WidgetCarousel' in 0.0003 seconds. Added 0 classes and 0 folders.
[2021.02.14-03.13.49:298][  0]LogContentBrowser: Native class hierarchy updated for 'AddContentDialog' in 0.0003 seconds. Added 0 classes and 0 folders.
[2021.02.14-03.13.49:301][  0]LogContentBrowser: Native class hierarchy updated for 'SceneOutliner' in 0.0002 seconds. Added 2 classes and 0 folders.
[2021.02.14-03.13.49:395][  0]LogSlate: Took 0.000496 seconds to synchronously load lazily loaded font '../../../Engine/Content/Slate/Fonts/Roboto-Regular.ttf' (155K)
[2021.02.14-03.13.49:398][  0]LogSlate: Took 0.000428 seconds to synchronously load lazily loaded font '../../../Engine/Content/Slate/Fonts/Roboto-Bold.ttf' (160K)
[2021.02.14-03.13.49:406][  0]LogSlate: Took 0.004889 seconds to synchronously load lazily loaded font '../../../Engine/Content/Editor/Slate/Fonts/FontAwesome.ttf' (139K)
[2021.02.14-03.13.49:491][  0]LogRenderer: Reallocating scene render targets to support 256x256 Format 10 NumSamples 1 (Frame:1).
[2021.02.14-03.13.49:504][  0]LogRenderer: Reallocating scene render targets to support 1616x808 Format 10 NumSamples 1 (Frame:1).
[2021.02.14-03.13.49:589][  0]LogContentBrowser: Native class hierarchy updated for 'HierarchicalLODOutliner' in 0.0003 seconds. Added 0 classes and 0 folders.
[2021.02.14-03.13.49:589][  0]LogLoad: (Engine Initialization) Total time: 10.70 seconds
[2021.02.14-03.13.49:589][  0]LogLoad: (Engine Initialization) Total Blueprint compile time: 0.00 seconds
[2021.02.14-03.13.49:641][  0]LogAssetRegistry: Asset discovery search completed in 4.1410 seconds
[2021.02.14-03.13.49:644][  0]LogCollectionManager: Fixed up redirectors for 0 collections in 0.000002 seconds (updated 0 objects)
[2021.02.14-03.13.49:645][  0]LogContentStreaming: Texture pool size now 1000 MB
[2021.02.14-03.13.49:710][  2]LogScript: Warning: Accessed None trying to read property CallFunc_TryGetPawnOwner_ReturnValue
	ABP_MovementAnimations_C /Engine/Transient.World_2:PersistentLevel.SkeletalMeshActor_0.SkeletalMeshComponent0.ABP_MovementAnimations_C_0
	Function /Game/ABP_MovementAnimations.ABP_MovementAnimations_C:ExecuteUbergraph_ABP_MovementAnimations:0040
[2021.02.14-03.13.49:710][  2]LogScript: Warning: Accessed None trying to read property CallFunc_TryGetPawnOwner_ReturnValue
	ABP_MovementAnimations_C /Engine/Transient.World_2:PersistentLevel.SkeletalMeshActor_0.SkeletalMeshComponent0.ABP_MovementAnimations_C_0
	Function /Game/ABP_MovementAnimations.ABP_MovementAnimations_C:ExecuteUbergraph_ABP_MovementAnimations:00D0
[2021.02.14-03.13.49:710][  2]LogScript: Warning: Accessed None trying to read property CallFunc_TryGetPawnOwner_ReturnValue
	ABP_MovementAnimations_C /Engine/Transient.World_2:PersistentLevel.SkeletalMeshActor_0.SkeletalMeshComponent0.ABP_MovementAnimations_C_0
	Function /Game/ABP_MovementAnimations.ABP_MovementAnimations_C:ExecuteUbergraph_ABP_MovementAnimations:0102
[2021.02.14-03.13.49:768][  5]LogActor: Warning: BP_Minimap_C /Engine/Transient.World_6:PersistentLevel.BP_Minimap_C_0 has natively added scene component(s), but none of them were set as the actor's RootComponent - picking one arbitrarily
[2021.02.14-03.13.51:701][231]LogTemp: Repeating last play command: Selected Viewport
[2021.02.14-03.13.51:720][231]LogPlayLevel: PlayLevel: No blueprints needed recompiling
[2021.02.14-03.13.51:721][231]PIE: New page: PIE session: Level (14 Feb 2021, 03:13:51)
[2021.02.14-03.13.51:722][231]LogOnline: OSS: Creating online subsystem instance for: NULL
[2021.02.14-03.13.51:723][231]LogOnline: OSS: TryLoadSubsystemAndSetDefault: Loaded subsystem for module [NULL]
[2021.02.14-03.13.51:724][231]LogPlayLevel: Creating play world package: /Game/UEDPIE_0_Level
[2021.02.14-03.13.51:753][231]LogPlayLevel: PIE: StaticDuplicateObject took: (0.029868s)
[2021.02.14-03.13.51:754][231]LogAIModule: Creating AISystem for world Level
[2021.02.14-03.13.51:754][231]LogAISub: UAISubsystem::UAISubsystem EnvQueryManager (000002A315FACE00), frame # 231
[2021.02.14-03.13.51:754][231]LogAISub: UAISubsystem::UAISubsystem AIPerceptionSystem (000002A315FC5A80), frame # 231
[2021.02.14-03.13.51:755][231]LogPlayLevel: PIE: World Init took: (0.001104s)
[2021.02.14-03.13.51:755][231]LogPlayLevel: PIE: Created PIE world by copying editor world from /Game/Level.Level to /Game/UEDPIE_0_Level.Level (0.031280s)
[2021.02.14-03.13.51:765][231]LogUObjectHash: Compacting FUObjectHashTables data took   0.59ms
[2021.02.14-03.13.51:766][231]LogAudioMixer: Display: Audio Mixer Platform Settings:
[2021.02.14-03.13.51:766][231]LogAudioMixer: Display: 	Sample Rate:						  48000
[2021.02.14-03.13.51:767][231]LogAudioMixer: Display: 	Callback Buffer Frame Size Requested: 1024
[2021.02.14-03.13.51:767][231]LogAudioMixer: Display: 	Callback Buffer Frame Size To Use:	  1024
[2021.02.14-03.13.51:767][231]LogAudioMixer: Display: 	Number of buffers to queue:			  2
[2021.02.14-03.13.51:767][231]LogAudioMixer: Display: 	Max Channels (voices):				  32
[2021.02.14-03.13.51:767][231]LogAudioMixer: Display: 	Number of Async Source Workers:		  0
[2021.02.14-03.13.51:767][231]LogAudio: Display: AudioDevice MaxSources: 32
[2021.02.14-03.13.51:767][231]LogAudio: Display: Using built-in audio occlusion.
[2021.02.14-03.13.51:767][231]LogAudioMixer: Display: Initializing audio mixer.
[2021.02.14-03.13.51:770][231]LogAudioMixer: Display: 0: FrontLeft
[2021.02.14-03.13.51:770][231]LogAudioMixer: Display: 1: FrontRight
[2021.02.14-03.13.51:789][231]LogAudioMixer: Display: Using Audio Device Speakers (Scarlett Solo USB)
[2021.02.14-03.13.51:789][231]LogAudioMixer: Display: Initializing Sound Submixes...
[2021.02.14-03.13.51:790][231]LogAudioMixer: Display: Creating Master Submix 'MasterSubmixDefault'
[2021.02.14-03.13.51:790][231]LogAudioMixer: Display: Creating Master Submix 'MasterReverbSubmixDefault'
[2021.02.14-03.13.51:790][231]LogAudioMixer: Display: Creating Master Submix 'MasterEQSubmixDefault'
[2021.02.14-03.13.51:801][231]LogInit: FAudioDevice initialized.
[2021.02.14-03.13.51:852][231]LogLoad: Game class is 'BP_CO2301AssignmentGameModeBase_C'
[2021.02.14-03.13.51:858][231]LogWorld: Bringing World /Game/UEDPIE_0_Level.Level up for play (max tick rate 0) at 2021.02.14-03.13.51
[2021.02.14-03.13.51:859][231]LogWorld: Bringing up level for play took: 0.005649
[2021.02.14-03.13.51:860][231]LogOnline: OSS: Creating online subsystem instance for: :Context_11
[2021.02.14-03.13.51:863][231]LogContentBrowser: Native class hierarchy updated for 'MovieSceneCapture' in 0.0003 seconds. Added 20 classes and 0 folders.
[2021.02.14-03.13.51:868][231]PIE: Server logged in
[2021.02.14-03.13.51:869][231]PIE: Play in editor total start time 0.148 seconds.
[2021.02.14-03.14.09:195][305]LogActorComponent: UnregisterComponent: (/Game/UEDPIE_0_Level.Level:PersistentLevel.BP_BaseCharacter4_5.Map Icon) Not registered. Aborting.
[2021.02.14-03.14.09:354][324]LogActorComponent: UnregisterComponent: (/Game/UEDPIE_0_Level.Level:PersistentLevel.BP_BaseCharacter4_5.Map Icon) Not registered. Aborting.
[2021.02.14-03.14.13:579][831]LogActorComponent: UnregisterComponent: (/Game/UEDPIE_0_Level.Level:PersistentLevel.BP_BaseCharacter3_9.Map Icon) Not registered. Aborting.
[2021.02.14-03.14.27:246][471]LogActorComponent: UnregisterComponent: (/Game/UEDPIE_0_Level.Level:PersistentLevel.BP_BaseCharacter2_2.Map Icon) Not registered. Aborting.
[2021.02.14-03.14.28:498][617]LogSlate: Updating window title bar state: overlay mode, drag disabled, window buttons hidden, title bar hidden
[2021.02.14-03.14.28:498][617]LogWorld: BeginTearingDown for /Game/UEDPIE_0_Level
[2021.02.14-03.14.28:498][617]LogWorld: UWorld::CleanupWorld for Level, bSessionEnded=true, bCleanupResources=true
[2021.02.14-03.14.28:499][617]LogSlate: InvalidateAllWidgets triggered.  All widgets were invalidated
[2021.02.14-03.14.28:507][617]LogPlayLevel: Display: Shutting down PIE online subsystems
[2021.02.14-03.14.28:508][617]LogSlate: InvalidateAllWidgets triggered.  All widgets were invalidated
[2021.02.14-03.14.28:542][617]LogSlate: Updating window title bar state: overlay mode, drag disabled, window buttons hidden, title bar hidden
[2021.02.14-03.14.28:544][617]LogAISub: UAISubsystem::~UAISubsystem EnvQueryManager (000002A315FACE00), frame # 4617
[2021.02.14-03.14.28:544][617]LogAISub: UAISubsystem::~UAISubsystem AIPerceptionSystem (000002A315FC5A80), frame # 4617
[2021.02.14-03.14.28:545][617]LogUObjectHash: Compacting FUObjectHashTables data took   0.85ms
[2021.02.14-03.14.28:579][618]LogPlayLevel: Display: Destroying online subsystem :Context_11
[2021.02.14-03.14.30:072][795]LogTemp: Repeating last play command: Selected Viewport
[2021.02.14-03.14.30:092][795]LogPlayLevel: PlayLevel: No blueprints needed recompiling
[2021.02.14-03.14.30:092][795]PIE: New page: PIE session: Level (14 Feb 2021, 03:14:30)
[2021.02.14-03.14.30:137][795]LogPlayLevel: Creating play world package: /Game/UEDPIE_0_Level
[2021.02.14-03.14.30:166][795]LogPlayLevel: PIE: StaticDuplicateObject took: (0.028840s)
[2021.02.14-03.14.30:167][795]LogAIModule: Creating AISystem for world Level
[2021.02.14-03.14.30:167][795]LogAISub: UAISubsystem::UAISubsystem EnvQueryManager (000002A37F019200), frame # 4795
[2021.02.14-03.14.30:167][795]LogAISub: UAISubsystem::UAISubsystem AIPerceptionSystem (000002A39B878A40), frame # 4795
[2021.02.14-03.14.30:167][795]LogPlayLevel: PIE: World Init took: (0.001036s)
[2021.02.14-03.14.30:168][795]LogPlayLevel: PIE: Created PIE world by copying editor world from /Game/Level.Level to /Game/UEDPIE_0_Level.Level (0.030187s)
[2021.02.14-03.14.30:177][795]LogUObjectHash: Compacting FUObjectHashTables data took   0.60ms
[2021.02.14-03.14.30:178][795]LogAudioMixer: Display: Audio Mixer Platform Settings:
[2021.02.14-03.14.30:178][795]LogAudioMixer: Display: 	Sample Rate:						  48000
[2021.02.14-03.14.30:178][795]LogAudioMixer: Display: 	Callback Buffer Frame Size Requested: 1024
[2021.02.14-03.14.30:178][795]LogAudioMixer: Display: 	Callback Buffer Frame Size To Use:	  1024
[2021.02.14-03.14.30:178][795]LogAudioMixer: Display: 	Number of buffers to queue:			  2
[2021.02.14-03.14.30:178][795]LogAudioMixer: Display: 	Max Channels (voices):				  32
[2021.02.14-03.14.30:178][795]LogAudioMixer: Display: 	Number of Async Source Workers:		  0
[2021.02.14-03.14.30:178][795]LogAudio: Display: AudioDevice MaxSources: 32
[2021.02.14-03.14.30:179][795]LogAudio: Display: Using built-in audio occlusion.
[2021.02.14-03.14.30:179][795]LogAudioMixer: Display: Initializing audio mixer.
[2021.02.14-03.14.30:181][795]LogAudioMixer: Display: 0: FrontLeft
[2021.02.14-03.14.30:182][795]LogAudioMixer: Display: 1: FrontRight
[2021.02.14-03.14.30:202][795]LogAudioMixer: Display: Using Audio Device Speakers (Scarlett Solo USB)
[2021.02.14-03.14.30:202][795]LogAudioMixer: Display: Initializing Sound Submixes...
[2021.02.14-03.14.30:202][795]LogAudioMixer: Display: Creating Master Submix 'MasterSubmixDefault'
[2021.02.14-03.14.30:202][795]LogAudioMixer: Display: Creating Master Submix 'MasterReverbSubmixDefault'
[2021.02.14-03.14.30:202][795]LogAudioMixer: Display: Creating Master Submix 'MasterEQSubmixDefault'
[2021.02.14-03.14.30:213][795]LogInit: FAudioDevice initialized.
[2021.02.14-03.14.30:222][795]LogLoad: Game class is 'BP_CO2301AssignmentGameModeBase_C'
[2021.02.14-03.14.30:227][795]LogWorld: Bringing World /Game/UEDPIE_0_Level.Level up for play (max tick rate 0) at 2021.02.14-03.14.30
[2021.02.14-03.14.30:228][795]LogWorld: Bringing up level for play took: 0.005257
[2021.02.14-03.14.30:229][795]LogOnline: OSS: Creating online subsystem instance for: :Context_13
[2021.02.14-03.14.30:234][795]PIE: Server logged in
[2021.02.14-03.14.30:234][795]PIE: Play in editor total start time 0.143 seconds.
[2021.02.14-03.15.03:384][771]LogActorComponent: UnregisterComponent: (/Game/UEDPIE_0_Level.Level:PersistentLevel.BP_BaseCharacter3_9.Map Icon) Not registered. Aborting.
[2021.02.14-03.15.03:542][790]LogActorComponent: UnregisterComponent: (/Game/UEDPIE_0_Level.Level:PersistentLevel.BP_BaseCharacter3_9.Map Icon) Not registered. Aborting.
[2021.02.14-03.15.39:609][118]LogActorComponent: UnregisterComponent: (/Game/UEDPIE_0_Level.Level:PersistentLevel.BP_BaseCharacter2_2.Map Icon) Not registered. Aborting.
[2021.02.14-03.15.53:610][798]LogTemp: Warning: END
[2021.02.14-03.15.53:767][817]LogActorComponent: UnregisterComponent: (/Game/UEDPIE_0_Level.Level:PersistentLevel.BP_PlayerCharacter_C_0.Map Icon) Not registered. Aborting.
[2021.02.14-03.15.54:977][962]LogNet: Browse: /Game/Level
[2021.02.14-03.15.54:977][962]LogLoad: LoadMap: /Game/Level
[2021.02.14-03.15.54:977][962]LogWorld: BeginTearingDown for /Game/UEDPIE_0_Level
[2021.02.14-03.15.54:978][962]LogWorld: UWorld::CleanupWorld for Level, bSessionEnded=true, bCleanupResources=true
[2021.02.14-03.15.54:979][962]LogSlate: InvalidateAllWidgets triggered.  All widgets were invalidated
[2021.02.14-03.15.55:025][962]LogAISub: UAISubsystem::~UAISubsystem AIPerceptionSystem (000002A39B878A40), frame # 14962
[2021.02.14-03.15.55:025][962]LogAISub: UAISubsystem::~UAISubsystem EnvQueryManager (000002A37F019200), frame # 14962
[2021.02.14-03.15.55:026][962]LogUObjectHash: Compacting FUObjectHashTables data took   0.65ms
[2021.02.14-03.15.55:028][962]LogPlayLevel: Creating play world package: /Game/UEDPIE_0_Level
[2021.02.14-03.15.55:057][962]LogPlayLevel: PIE: StaticDuplicateObject took: (0.029002s)
[2021.02.14-03.15.55:058][962]LogAIModule: Creating AISystem for world Level
[2021.02.14-03.15.55:058][962]LogAISub: UAISubsystem::UAISubsystem EnvQueryManager (000002A315EBFE00), frame # 14962
[2021.02.14-03.15.55:058][962]LogAISub: UAISubsystem::UAISubsystem AIPerceptionSystem (000002A315FC74C0), frame # 14962
[2021.02.14-03.15.55:059][962]LogPlayLevel: PIE: World Init took: (0.001014s)
[2021.02.14-03.15.55:059][962]LogPlayLevel: PIE: Created PIE world by copying editor world from /Game/Level.Level to /Game/UEDPIE_0_Level.Level (0.030323s)
[2021.02.14-03.15.55:059][962]LogLoad: Game class is 'BP_CO2301AssignmentGameModeBase_C'
[2021.02.14-03.15.55:063][962]LogWorld: Bringing World /Game/UEDPIE_0_Level.Level up for play (max tick rate 0) at 2021.02.14-03.15.55
[2021.02.14-03.15.55:064][962]LogWorld: Bringing up level for play took: 0.004839
[2021.02.14-03.15.55:068][962]LogLoad: Took 0.090733 seconds to LoadMap(/Game/UEDPIE_0_Level)
[2021.02.14-03.16.00:054][559]LogActorComponent: UnregisterComponent: (/Game/UEDPIE_0_Level.Level:PersistentLevel.BP_BaseCharacter4_5.Map Icon) Not registered. Aborting.
[2021.02.14-03.16.00:212][578]LogActorComponent: UnregisterComponent: (/Game/UEDPIE_0_Level.Level:PersistentLevel.BP_BaseCharacter4_5.Map Icon) Not registered. Aborting.
[2021.02.14-03.16.11:087][883]LogActorComponent: UnregisterComponent: (/Game/UEDPIE_0_Level.Level:PersistentLevel.BP_BaseCharacter3_9.Map Icon) Not registered. Aborting.
[2021.02.14-03.16.11:246][902]LogActorComponent: UnregisterComponent: (/Game/UEDPIE_0_Level.Level:PersistentLevel.BP_BaseCharacter3_9.Map Icon) Not registered. Aborting.
[2021.02.14-03.16.11:404][921]LogActorComponent: UnregisterComponent: (/Game/UEDPIE_0_Level.Level:PersistentLevel.BP_BaseCharacter3_9.Map Icon) Not registered. Aborting.
[2021.02.14-03.16.45:855][ 55]LogActorComponent: UnregisterComponent: (/Game/UEDPIE_0_Level.Level:PersistentLevel.BP_BaseCharacter2_2.Map Icon) Not registered. Aborting.
[2021.02.14-03.16.46:619][144]LogSlate: Updating window title bar state: overlay mode, drag disabled, window buttons hidden, title bar hidden
[2021.02.14-03.16.46:619][144]LogWorld: BeginTearingDown for /Game/UEDPIE_0_Level
[2021.02.14-03.16.46:619][144]LogWorld: UWorld::CleanupWorld for Level, bSessionEnded=true, bCleanupResources=true
[2021.02.14-03.16.46:620][144]LogSlate: InvalidateAllWidgets triggered.  All widgets were invalidated
[2021.02.14-03.16.46:632][144]LogPlayLevel: Display: Shutting down PIE online subsystems
[2021.02.14-03.16.46:633][144]LogSlate: InvalidateAllWidgets triggered.  All widgets were invalidated
[2021.02.14-03.16.46:642][144]LogSlate: Updating window title bar state: overlay mode, drag disabled, window buttons hidden, title bar hidden
[2021.02.14-03.16.46:665][144]LogAISub: UAISubsystem::~UAISubsystem AIPerceptionSystem (000002A315FC74C0), frame # 21144
[2021.02.14-03.16.46:666][144]LogAISub: UAISubsystem::~UAISubsystem EnvQueryManager (000002A315EBFE00), frame # 21144
[2021.02.14-03.16.46:667][144]LogUObjectHash: Compacting FUObjectHashTables data took   0.63ms
[2021.02.14-03.16.46:698][145]LogPlayLevel: Display: Destroying online subsystem :Context_13
[2021.02.14-03.17.09:687][ 20]LogSlate: Took 0.000563 seconds to synchronously load lazily loaded font '../../../Engine/Content/Slate/Fonts/Roboto-Light.ttf' (167K)
[2021.02.14-03.17.09:699][ 20]LogAssetEditorSubsystem: Opening Asset editor for BehaviorTree /Game/AI/BT_EnemyAI.BT_EnemyAI
[2021.02.14-03.17.09:736][ 20]LogBehaviorTree: Warning: Blackboard Based Condition[0]> Failed to find key 'AIState' in BB asset BlackboardData /Game/AI/BB_EnemyAI.BB_EnemyAI. BB Key Selector will be set to 'Invalid'
[2021.02.14-03.17.09:736][ 20]LogBehaviorTree: Warning: Blackboard Based Condition[0]> Failed to find key 'AIState' in BB asset BlackboardData /Game/AI/BB_EnemyAI.BB_EnemyAI. BB Key Selector will be set to 'Invalid'
[2021.02.14-03.17.09:782][ 20]LogSlate: Took 0.000409 seconds to synchronously load lazily loaded font '../../../Engine/Content/Slate/Fonts/Roboto-BoldCondensed.ttf' (158K)
[2021.02.14-03.17.28:006][192]LogBehaviorTree: Warning: Blackboard Based Condition[0]> Failed to find key 'AIState' in BB asset BlackboardData /Game/AI/BB_EnemyAI.BB_EnemyAI. BB Key Selector will be set to 'Invalid'
[2021.02.14-03.17.28:006][192]LogBehaviorTree: Warning: Blackboard Based Condition[0]> Failed to find key 'AIState' in BB asset BlackboardData /Game/AI/BB_EnemyAI.BB_EnemyAI. BB Key Selector will be set to 'Invalid'
[2021.02.14-03.17.31:631][610]LogTemp: Repeating last play command: Selected Viewport
[2021.02.14-03.17.31:652][610]LogPlayLevel: PlayLevel: No blueprints needed recompiling
[2021.02.14-03.17.31:652][610]PIE: New page: PIE session: Level (14 Feb 2021, 03:17:31)
[2021.02.14-03.17.31:652][610]LogPlayLevel: Creating play world package: /Game/UEDPIE_0_Level
[2021.02.14-03.17.31:682][610]LogPlayLevel: PIE: StaticDuplicateObject took: (0.029545s)
[2021.02.14-03.17.31:683][610]LogAIModule: Creating AISystem for world Level
[2021.02.14-03.17.31:683][610]LogAISub: UAISubsystem::UAISubsystem EnvQueryManager (000002A30CE2E600), frame # 24610
[2021.02.14-03.17.31:683][610]LogAISub: UAISubsystem::UAISubsystem AIPerceptionSystem (000002A315ED3880), frame # 24610
[2021.02.14-03.17.31:683][610]LogPlayLevel: PIE: World Init took: (0.001443s)
[2021.02.14-03.17.31:684][610]LogPlayLevel: PIE: Created PIE world by copying editor world from /Game/Level.Level to /Game/UEDPIE_0_Level.Level (0.031315s)
[2021.02.14-03.17.31:693][610]LogUObjectHash: Compacting FUObjectHashTables data took   0.62ms
[2021.02.14-03.17.31:694][610]LogAudioMixer: Display: Audio Mixer Platform Settings:
[2021.02.14-03.17.31:694][610]LogAudioMixer: Display: 	Sample Rate:						  48000
[2021.02.14-03.17.31:694][610]LogAudioMixer: Display: 	Callback Buffer Frame Size Requested: 1024
[2021.02.14-03.17.31:694][610]LogAudioMixer: Display: 	Callback Buffer Frame Size To Use:	  1024
[2021.02.14-03.17.31:695][610]LogAudioMixer: Display: 	Number of buffers to queue:			  2
[2021.02.14-03.17.31:695][610]LogAudioMixer: Display: 	Max Channels (voices):				  32
[2021.02.14-03.17.31:695][610]LogAudioMixer: Display: 	Number of Async Source Workers:		  0
[2021.02.14-03.17.31:695][610]LogAudio: Display: AudioDevice MaxSources: 32
[2021.02.14-03.17.31:695][610]LogAudio: Display: Using built-in audio occlusion.
[2021.02.14-03.17.31:695][610]LogAudioMixer: Display: Initializing audio mixer.
[2021.02.14-03.17.31:698][610]LogAudioMixer: Display: 0: FrontLeft
[2021.02.14-03.17.31:698][610]LogAudioMixer: Display: 1: FrontRight
[2021.02.14-03.17.31:720][610]LogAudioMixer: Display: Using Audio Device Speakers (Scarlett Solo USB)
[2021.02.14-03.17.31:720][610]LogAudioMixer: Display: Initializing Sound Submixes...
[2021.02.14-03.17.31:720][610]LogAudioMixer: Display: Creating Master Submix 'MasterSubmixDefault'
[2021.02.14-03.17.31:720][610]LogAudioMixer: Display: Creating Master Submix 'MasterReverbSubmixDefault'
[2021.02.14-03.17.31:721][610]LogAudioMixer: Display: Creating Master Submix 'MasterEQSubmixDefault'
[2021.02.14-03.17.31:732][610]LogInit: FAudioDevice initialized.
[2021.02.14-03.17.31:743][610]LogLoad: Game class is 'BP_CO2301AssignmentGameModeBase_C'
[2021.02.14-03.17.31:750][610]LogWorld: Bringing World /Game/UEDPIE_0_Level.Level up for play (max tick rate 0) at 2021.02.14-03.17.31
[2021.02.14-03.17.31:750][610]LogWorld: Bringing up level for play took: 0.006266
[2021.02.14-03.17.31:751][610]LogOnline: OSS: Creating online subsystem instance for: :Context_14
[2021.02.14-03.17.31:757][610]PIE: Server logged in
[2021.02.14-03.17.31:757][610]PIE: Play in editor total start time 0.108 seconds.
[2021.02.14-03.17.40:613][671]LogActorComponent: UnregisterComponent: (/Game/UEDPIE_0_Level.Level:PersistentLevel.BP_BaseCharacter4_5.Map Icon) Not registered. Aborting.
[2021.02.14-03.17.40:771][690]LogActorComponent: UnregisterComponent: (/Game/UEDPIE_0_Level.Level:PersistentLevel.BP_BaseCharacter4_5.Map Icon) Not registered. Aborting.
[2021.02.14-03.17.40:930][709]LogActorComponent: UnregisterComponent: (/Game/UEDPIE_0_Level.Level:PersistentLevel.BP_BaseCharacter4_5.Map Icon) Not registered. Aborting.
[2021.02.14-03.18.01:797][212]LogTemp: Warning: END
[2021.02.14-03.18.01:955][231]LogActorComponent: UnregisterComponent: (/Game/UEDPIE_0_Level.Level:PersistentLevel.BP_PlayerCharacter_C_0.Map Icon) Not registered. Aborting.
[2021.02.14-03.18.02:114][250]LogActorComponent: UnregisterComponent: (/Game/UEDPIE_0_Level.Level:PersistentLevel.BP_PlayerCharacter_C_0.Map Icon) Not registered. Aborting.
[2021.02.14-03.18.02:281][266]LogSlate: Updating window title bar state: overlay mode, drag disabled, window buttons hidden, title bar hidden
[2021.02.14-03.18.02:281][266]LogWorld: BeginTearingDown for /Game/UEDPIE_0_Level
[2021.02.14-03.18.02:281][266]LogWorld: UWorld::CleanupWorld for Level, bSessionEnded=true, bCleanupResources=true
[2021.02.14-03.18.02:282][266]LogSlate: InvalidateAllWidgets triggered.  All widgets were invalidated
[2021.02.14-03.18.02:290][266]LogPlayLevel: Display: Shutting down PIE online subsystems
[2021.02.14-03.18.02:291][266]LogSlate: InvalidateAllWidgets triggered.  All widgets were invalidated
[2021.02.14-03.18.02:320][266]LogSlate: Updating window title bar state: overlay mode, drag disabled, window buttons hidden, title bar hidden
[2021.02.14-03.18.02:321][266]LogAISub: UAISubsystem::~UAISubsystem AIPerceptionSystem (000002A315ED3880), frame # 28266
[2021.02.14-03.18.02:321][266]LogAISub: UAISubsystem::~UAISubsystem EnvQueryManager (000002A30CE2E600), frame # 28266
[2021.02.14-03.18.02:322][266]LogUObjectHash: Compacting FUObjectHashTables data took   0.73ms
[2021.02.14-03.18.02:352][267]LogPlayLevel: Display: Destroying online subsystem :Context_14
[2021.02.14-03.18.03:545][408]LogSlate: Window 'BT_EnemyAI' being destroyed
[2021.02.14-03.18.03:548][408]LogSlate: Window 'BT_EnemyAI' being destroyed
[2021.02.14-03.18.04:524][523]LogTemp: Repeating last play command: Selected Viewport
[2021.02.14-03.18.04:543][523]LogPlayLevel: PlayLevel: No blueprints needed recompiling
[2021.02.14-03.18.04:543][523]PIE: New page: PIE session: Level (14 Feb 2021, 03:18:04)
[2021.02.14-03.18.04:579][523]LogPlayLevel: Creating play world package: /Game/UEDPIE_0_Level
[2021.02.14-03.18.04:608][523]LogPlayLevel: PIE: StaticDuplicateObject took: (0.029264s)
[2021.02.14-03.18.04:609][523]LogAIModule: Creating AISystem for world Level
[2021.02.14-03.18.04:609][523]LogAISub: UAISubsystem::UAISubsystem EnvQueryManager (000002A3563ED800), frame # 28523
[2021.02.14-03.18.04:609][523]LogAISub: UAISubsystem::UAISubsystem AIPerceptionSystem (000002A39B8791C0), frame # 28523
[2021.02.14-03.18.04:609][523]LogPlayLevel: PIE: World Init took: (0.001257s)
[2021.02.14-03.18.04:610][523]LogPlayLevel: PIE: Created PIE world by copying editor world from /Game/Level.Level to /Game/UEDPIE_0_Level.Level (0.030920s)
[2021.02.14-03.18.04:619][523]LogUObjectHash: Compacting FUObjectHashTables data took   0.65ms
[2021.02.14-03.18.04:620][523]LogAudioMixer: Display: Audio Mixer Platform Settings:
[2021.02.14-03.18.04:620][523]LogAudioMixer: Display: 	Sample Rate:						  48000
[2021.02.14-03.18.04:620][523]LogAudioMixer: Display: 	Callback Buffer Frame Size Requested: 1024
[2021.02.14-03.18.04:620][523]LogAudioMixer: Display: 	Callback Buffer Frame Size To Use:	  1024
[2021.02.14-03.18.04:620][523]LogAudioMixer: Display: 	Number of buffers to queue:			  2
[2021.02.14-03.18.04:620][523]LogAudioMixer: Display: 	Max Channels (voices):				  32
[2021.02.14-03.18.04:620][523]LogAudioMixer: Display: 	Number of Async Source Workers:		  0
[2021.02.14-03.18.04:621][523]LogAudio: Display: AudioDevice MaxSources: 32
[2021.02.14-03.18.04:621][523]LogAudio: Display: Using built-in audio occlusion.
[2021.02.14-03.18.04:621][523]LogAudioMixer: Display: Initializing audio mixer.
[2021.02.14-03.18.04:624][523]LogAudioMixer: Display: 0: FrontLeft
[2021.02.14-03.18.04:624][523]LogAudioMixer: Display: 1: FrontRight
[2021.02.14-03.18.04:644][523]LogAudioMixer: Display: Using Audio Device Speakers (Scarlett Solo USB)
[2021.02.14-03.18.04:644][523]LogAudioMixer: Display: Initializing Sound Submixes...
[2021.02.14-03.18.04:644][523]LogAudioMixer: Display: Creating Master Submix 'MasterSubmixDefault'
[2021.02.14-03.18.04:644][523]LogAudioMixer: Display: Creating Master Submix 'MasterReverbSubmixDefault'
[2021.02.14-03.18.04:645][523]LogAudioMixer: Display: Creating Master Submix 'MasterEQSubmixDefault'
[2021.02.14-03.18.04:655][523]LogInit: FAudioDevice initialized.
[2021.02.14-03.18.04:668][523]LogLoad: Game class is 'BP_CO2301AssignmentGameModeBase_C'
[2021.02.14-03.18.04:673][523]LogWorld: Bringing World /Game/UEDPIE_0_Level.Level up for play (max tick rate 0) at 2021.02.14-03.18.04
[2021.02.14-03.18.04:673][523]LogWorld: Bringing up level for play took: 0.005121
[2021.02.14-03.18.04:674][523]LogOnline: OSS: Creating online subsystem instance for: :Context_15
[2021.02.14-03.18.04:679][523]PIE: Server logged in
[2021.02.14-03.18.04:679][523]PIE: Play in editor total start time 0.137 seconds.
[2021.02.14-03.18.23:514][782]LogActorComponent: UnregisterComponent: (/Game/UEDPIE_0_Level.Level:PersistentLevel.BP_BaseCharacter3_9.Map Icon) Not registered. Aborting.
[2021.02.14-03.18.24:029][838]LogSlate: Updating window title bar state: overlay mode, drag disabled, window buttons hidden, title bar hidden
[2021.02.14-03.18.24:029][838]LogWorld: BeginTearingDown for /Game/UEDPIE_0_Level
[2021.02.14-03.18.24:030][838]LogWorld: UWorld::CleanupWorld for Level, bSessionEnded=true, bCleanupResources=true
[2021.02.14-03.18.24:030][838]LogSlate: InvalidateAllWidgets triggered.  All widgets were invalidated
[2021.02.14-03.18.24:040][838]LogPlayLevel: Display: Shutting down PIE online subsystems
[2021.02.14-03.18.24:041][838]LogSlate: InvalidateAllWidgets triggered.  All widgets were invalidated
[2021.02.14-03.18.24:050][838]LogSlate: Updating window title bar state: overlay mode, drag disabled, window buttons hidden, title bar hidden
[2021.02.14-03.18.24:071][838]LogAISub: UAISubsystem::~UAISubsystem AIPerceptionSystem (000002A39B8791C0), frame # 30838
[2021.02.14-03.18.24:071][838]LogAISub: UAISubsystem::~UAISubsystem EnvQueryManager (000002A3563ED800), frame # 30838
[2021.02.14-03.18.24:072][838]LogUObjectHash: Compacting FUObjectHashTables data took   0.60ms
[2021.02.14-03.18.24:103][839]LogPlayLevel: Display: Destroying online subsystem :Context_15
