Log file open, 01/28/21 02:29:27
LogInit: Display: Running engine for game: CO2301Assignment
LogPlatformFile: Not using cached read wrapper
LogTaskGraph: Started task graph with 5 named threads and 47 total threads with 3 sets of task threads.
LogStats: Stats thread started at 0.356989
LogD3D11RHI: Loaded GFSDK_Aftermath_Lib.x64.dll
LogICUInternationalization: ICU TimeZone Detection - Raw Offset: +0:00, Platform Override: ''
LogPluginManager: Mounting plugin Paper2D
LogPluginManager: Mounting plugin AISupport
LogPluginManager: Mounting plugin LightPropagationVolume
LogPluginManager: Mounting plugin CameraShakePreviewer
LogPluginManager: Mounting plugin ActorLayerUtilities
LogPluginManager: Mounting plugin AnimationSharing
LogPluginManager: Mounting plugin CLionSourceCodeAccess
LogPluginManager: Mounting plugin CodeLiteSourceCodeAccess
LogPluginManager: Mounting plugin GitSourceControl
LogPluginManager: Mounting plugin KDevelopSourceCodeAccess
LogPluginManager: Mounting plugin NullSourceCodeAccess
LogPluginManager: Mounting plugin PerforceSourceControl
LogPluginManager: Mounting plugin PlasticSourceControl
LogPluginManager: Mounting plugin RiderSourceCodeAccess
LogPluginManager: Mounting plugin SubversionSourceControl
LogPluginManager: Mounting plugin UObjectPlugin
LogPluginManager: Mounting plugin VisualStudioCodeSourceCodeAccess
LogPluginManager: Mounting plugin VisualStudioSourceCodeAccess
LogPluginManager: Mounting plugin XCodeSourceCodeAccess
LogPluginManager: Mounting plugin AssetManagerEditor
LogPluginManager: Mounting plugin CryptoKeys
LogPluginManager: Mounting plugin CurveEditorTools
LogPluginManager: Mounting plugin DataValidation
LogPluginManager: Mounting plugin EditorScriptingUtilities
LogPluginManager: Mounting plugin FacialAnimation
LogPluginManager: Mounting plugin GameplayTagsEditor
LogPluginManager: Mounting plugin GeometryMode
LogPluginManager: Mounting plugin MacGraphicsSwitching
LogPluginManager: Mounting plugin MaterialAnalyzer
LogPluginManager: Mounting plugin MobileLauncherProfileWizard
LogPluginManager: Mounting plugin PluginBrowser
LogPluginManager: Mounting plugin SpeedTreeImporter
LogPluginManager: Mounting plugin DatasmithContent
LogPluginManager: Mounting plugin VariantManagerContent
LogPluginManager: Mounting plugin AlembicImporter
LogPluginManager: Mounting plugin AutomationUtils
LogPluginManager: Mounting plugin BackChannel
LogPluginManager: Mounting plugin ChaosCloth
LogPluginManager: Mounting plugin ChaosClothEditor
LogPluginManager: Mounting plugin ChaosEditor
LogPluginManager: Mounting plugin ChaosNiagara
LogPluginManager: Mounting plugin ChaosSolverPlugin
LogPluginManager: Mounting plugin CharacterAI
LogPluginManager: Mounting plugin GeometryCache
LogPluginManager: Mounting plugin GeometryCollectionPlugin
LogPluginManager: Mounting plugin GeometryProcessing
LogPluginManager: Mounting plugin PlanarCut
LogPluginManager: Mounting plugin PlatformCrypto
LogPluginManager: Mounting plugin ProxyLODPlugin
LogPluginManager: Mounting plugin SkeletalReduction
LogPluginManager: Mounting plugin Niagara
LogPluginManager: Mounting plugin MagicLeap
LogPluginManager: Mounting plugin MagicLeapLightEstimation
LogPluginManager: Mounting plugin MagicLeapMedia
LogPluginManager: Mounting plugin MagicLeapPassableWorld
LogPluginManager: Mounting plugin MLSDK
LogPluginManager: Mounting plugin AndroidMedia
LogPluginManager: Mounting plugin AvfMedia
LogPluginManager: Mounting plugin ImgMedia
LogPluginManager: Mounting plugin MediaCompositing
LogPluginManager: Mounting plugin MediaPlayerEditor
LogPluginManager: Mounting plugin WebMMedia
LogPluginManager: Mounting plugin WmfMedia
LogPluginManager: Mounting plugin MeshPainting
LogPluginManager: Mounting plugin TcpMessaging
LogPluginManager: Mounting plugin UdpMessaging
LogPluginManager: Mounting plugin ActorSequence
LogPluginManager: Mounting plugin LevelSequenceEditor
LogPluginManager: Mounting plugin MatineeToLevelSequence
LogPluginManager: Mounting plugin MovieRenderPipeline
LogPluginManager: Mounting plugin TemplateSequence
LogPluginManager: Mounting plugin NetcodeUnitTest
LogPluginManager: Mounting plugin NUTUnrealEngine4
LogPluginManager: Mounting plugin OnlineSubsystemGooglePlay
LogPluginManager: Mounting plugin OnlineSubsystemIOS
LogPluginManager: Mounting plugin OnlineSubsystem
LogPluginManager: Mounting plugin OnlineSubsystemNull
LogPluginManager: Mounting plugin OnlineSubsystemUtils
LogPluginManager: Mounting plugin LauncherChunkInstaller
LogPluginManager: Mounting plugin AndroidDeviceProfileSelector
LogPluginManager: Mounting plugin AndroidMoviePlayer
LogPluginManager: Mounting plugin AndroidPermission
LogPluginManager: Mounting plugin ApexDestruction
LogPluginManager: Mounting plugin AppleImageUtils
LogPluginManager: Mounting plugin AppleMoviePlayer
LogPluginManager: Mounting plugin ArchVisCharacter
LogPluginManager: Mounting plugin AssetTags
LogPluginManager: Mounting plugin AudioCapture
LogPluginManager: Mounting plugin CableComponent
LogPluginManager: Mounting plugin CustomMeshComponent
LogPluginManager: Mounting plugin EditableMesh
LogPluginManager: Mounting plugin ExampleDeviceProfileSelector
LogPluginManager: Mounting plugin GoogleCloudMessaging
LogPluginManager: Mounting plugin GooglePAD
LogPluginManager: Mounting plugin IOSDeviceProfileSelector
LogPluginManager: Mounting plugin LinuxDeviceProfileSelector
LogPluginManager: Mounting plugin LocationServicesBPLibrary
LogPluginManager: Mounting plugin MobilePatchingUtils
LogPluginManager: Mounting plugin OculusVR
LogPluginManager: Mounting plugin PhysXVehicles
LogPluginManager: Mounting plugin PostSplashScreen
LogPluginManager: Mounting plugin ProceduralMeshComponent
LogPluginManager: Mounting plugin RuntimePhysXCooking
LogPluginManager: Mounting plugin SignificanceManager
LogPluginManager: Mounting plugin SoundFields
LogPluginManager: Mounting plugin SteamVR
LogPluginManager: Mounting plugin Synthesis
LogPluginManager: Mounting plugin WebMMoviePlayer
LogPluginManager: Mounting plugin WindowsMoviePlayer
LogPluginManager: Mounting plugin ScreenshotTools
LogInit: Using libcurl 7.55.1-DEV
LogInit:  - built for x86_64-pc-win32
LogInit:  - supports SSL with OpenSSL/1.1.1
LogInit:  - supports HTTP deflate (compression) using libz 1.2.8
LogInit:  - other features:
LogInit:      CURL_VERSION_SSL
LogInit:      CURL_VERSION_LIBZ
LogInit:      CURL_VERSION_IPV6
LogInit:      CURL_VERSION_ASYNCHDNS
LogInit:      CURL_VERSION_LARGEFILE
LogInit:      CURL_VERSION_IDN
LogInit:  CurlRequestOptions (configurable via config and command line):
LogInit:  - bVerifyPeer = true  - Libcurl will verify peer certificate
LogInit:  - bUseHttpProxy = false  - Libcurl will NOT use HTTP proxy
LogInit:  - bDontReuseConnections = false  - Libcurl will reuse connections
LogInit:  - MaxHostConnections = 16  - Libcurl will limit the number of connections to a host
LogInit:  - LocalHostAddr = Default
LogInit:  - BufferSize = 65536
LogOnline: OSS: Creating online subsystem instance for: NULL
LogInit: WinSock: version 1.1 (2.2), MaxSocks=32767, MaxUdp=65467
LogOnline: OSS: TryLoadSubsystemAndSetDefault: Loaded subsystem for module [NULL]
LogInit: Build: ++UE4+Release-4.25-CL-13942748
LogInit: Engine Version: 4.25.3-13942748+++UE4+Release-4.25
LogInit: Compatible Engine Version: 4.25.0-13144385+++UE4+Release-4.25
LogInit: Net CL: 13144385
LogInit: OS: Windows 10 (Release 1909) (), CPU: AMD Ryzen 7 3700X 8-Core Processor             , GPU: NVIDIA GeForce RTX 2070 SUPER
LogInit: Compiled (64-bit): Jul 25 2020 02:07:48
LogInit: Compiled with Visual C++: 19.24.28315.00
LogInit: Build Configuration: Development
LogInit: Branch Name: ++UE4+Release-4.25
LogInit: Command Line:  -skipcompile
LogInit: Base Directory: C:/Program Files/Epic Games/UE_4.25/Engine/Binaries/Win64/
LogInit: Allocator: TBB
LogInit: Installed Engine Build: 1
LogDevObjectVersion: Number of dev versions registered: 26
LogDevObjectVersion:   Dev-Blueprints (B0D832E4-1F89-4F0D-ACCF-7EB736FD4AA2): 10
LogDevObjectVersion:   Dev-Build (E1C64328-A22C-4D53-A36C-8E866417BD8C): 0
LogDevObjectVersion:   Dev-Core (375EC13C-06E4-48FB-B500-84F0262A717E): 4
LogDevObjectVersion:   Dev-Editor (E4B068ED-F494-42E9-A231-DA0B2E46BB41): 38
LogDevObjectVersion:   Dev-Framework (CFFC743F-43B0-4480-9391-14DF171D2073): 37
LogDevObjectVersion:   Dev-Mobile (B02B49B5-BB20-44E9-A304-32B752E40360): 2
LogDevObjectVersion:   Dev-Networking (A4E4105C-59A1-49B5-A7C5-40C4547EDFEE): 0
LogDevObjectVersion:   Dev-Online (39C831C9-5AE6-47DC-9A44-9C173E1C8E7C): 0
LogDevObjectVersion:   Dev-Physics (78F01B33-EBEA-4F98-B9B4-84EACCB95AA2): 4
LogDevObjectVersion:   Dev-Platform (6631380F-2D4D-43E0-8009-CF276956A95A): 0
LogDevObjectVersion:   Dev-Rendering (12F88B9F-8875-4AFC-A67C-D90C383ABD29): 43
LogDevObjectVersion:   Dev-Sequencer (7B5AE74C-D270-4C10-A958-57980B212A5A): 12
LogDevObjectVersion:   Dev-VR (D7296918-1DD6-4BDD-9DE2-64A83CC13884): 3
LogDevObjectVersion:   Dev-LoadTimes (C2A15278-BFE7-4AFE-6C17-90FF531DF755): 1
LogDevObjectVersion:   Private-Geometry (6EACA3D4-40EC-4CC1-B786-8BED09428FC5): 3
LogDevObjectVersion:   Dev-AnimPhys (29E575DD-E0A3-4627-9D10-D276232CDCEA): 17
LogDevObjectVersion:   Dev-Anim (AF43A65D-7FD3-4947-9873-3E8ED9C1BB05): 7
LogDevObjectVersion:   Dev-ReflectionCapture (6B266CEC-1EC7-4B8F-A30B-E4D90942FC07): 1
LogDevObjectVersion:   Dev-Automation (0DF73D61-A23F-47EA-B727-89E90C41499A): 1
LogDevObjectVersion:   FortniteMain (601D1886-AC64-4F84-AA16-D3DE0DEAC7D6): 31
LogDevObjectVersion:   Dev-Enterprise (9DFFBCD6-494F-0158-E221-12823C92A888): 10
LogDevObjectVersion:   Dev-Niagara (F2AED0AC-9AFE-416F-8664-AA7FFA26D6FC): 1
LogDevObjectVersion:   Dev-Destruction (174F1F0B-B4C6-45A5-B13F-2EE8D0FB917D): 10
LogDevObjectVersion:   Dev-Physics-Ext (35F94A83-E258-406C-A318-09F59610247C): 37
LogDevObjectVersion:   Dev-PhysicsMaterial-Chaos (B68FC16E-8B1B-42E2-B453-215C058844FE): 1
LogDevObjectVersion:   Dev-CineCamera (B2E18506-4273-CFC2-A54E-F4BB758BBA07): 1
LogInit: Presizing for max 25165824 objects, including 0 objects not considered by GC, pre-allocating 0 bytes for permanent pool.
LogConfig: Applying CVar settings from Section [/Script/Engine.StreamingSettings] File [C:/Users/Emma/Documents/GitHub/CO2301-Assignment/CO2301Assignment/Saved/Config/Windows/Engine.ini]
LogConfig: Setting CVar [[s.MinBulkDataSizeForAsyncLoading:131072]]
LogConfig: Setting CVar [[s.AsyncLoadingThreadEnabled:0]]
LogConfig: Setting CVar [[s.EventDrivenLoaderEnabled:1]]
LogConfig: Setting CVar [[s.WarnIfTimeLimitExceeded:0]]
LogConfig: Setting CVar [[s.TimeLimitExceededMultiplier:1.5]]
LogConfig: Setting CVar [[s.TimeLimitExceededMinTime:0.005]]
LogConfig: Setting CVar [[s.UseBackgroundLevelStreaming:1]]
LogConfig: Setting CVar [[s.PriorityAsyncLoadingExtraTime:15.0]]
LogConfig: Setting CVar [[s.LevelStreamingActorsUpdateTimeLimit:5.0]]
LogConfig: Setting CVar [[s.PriorityLevelStreamingActorsUpdateExtraTime:5.0]]
LogConfig: Setting CVar [[s.LevelStreamingComponentsRegistrationGranularity:10]]
LogConfig: Setting CVar [[s.UnregisterComponentsTimeLimit:1.0]]
LogConfig: Setting CVar [[s.LevelStreamingComponentsUnregistrationGranularity:5]]
LogConfig: Setting CVar [[s.FlushStreamingOnExit:1]]
LogInit: Object subsystem initialized
LogConfig: Setting CVar [[con.DebugEarlyDefault:1]]
LogConfig: Setting CVar [[r.setres:1280x720]]
[2021.01.28-02.29.27:668][  0]LogConfig: Setting CVar [[r.VSync:0]]
[2021.01.28-02.29.27:668][  0]LogConfig: Setting CVar [[r.RHICmdBypass:0]]
[2021.01.28-02.29.27:668][  0]LogConfig: Applying CVar settings from Section [/Script/Engine.RendererSettings] File [C:/Users/Emma/Documents/GitHub/CO2301-Assignment/CO2301Assignment/Saved/Config/Windows/Engine.ini]
[2021.01.28-02.29.27:668][  0]LogConfig: Setting CVar [[r.GPUCrashDebugging:0]]
[2021.01.28-02.29.27:668][  0]LogConfig: Applying CVar settings from Section [/Script/Engine.RendererOverrideSettings] File [C:/Users/Emma/Documents/GitHub/CO2301-Assignment/CO2301Assignment/Saved/Config/Windows/Engine.ini]
[2021.01.28-02.29.27:668][  0]LogConfig: Applying CVar settings from Section [/Script/Engine.StreamingSettings] File [C:/Users/Emma/Documents/GitHub/CO2301-Assignment/CO2301Assignment/Saved/Config/Windows/Engine.ini]
[2021.01.28-02.29.27:668][  0]LogConfig: Setting CVar [[s.MinBulkDataSizeForAsyncLoading:131072]]
[2021.01.28-02.29.27:668][  0]LogConfig: Setting CVar [[s.AsyncLoadingThreadEnabled:0]]
[2021.01.28-02.29.27:668][  0]LogConfig: Setting CVar [[s.EventDrivenLoaderEnabled:1]]
[2021.01.28-02.29.27:668][  0]LogConfig: Setting CVar [[s.WarnIfTimeLimitExceeded:0]]
[2021.01.28-02.29.27:668][  0]LogConfig: Setting CVar [[s.TimeLimitExceededMultiplier:1.5]]
[2021.01.28-02.29.27:668][  0]LogConfig: Setting CVar [[s.TimeLimitExceededMinTime:0.005]]
[2021.01.28-02.29.27:668][  0]LogConfig: Setting CVar [[s.UseBackgroundLevelStreaming:1]]
[2021.01.28-02.29.27:668][  0]LogConfig: Setting CVar [[s.PriorityAsyncLoadingExtraTime:15.0]]
[2021.01.28-02.29.27:668][  0]LogConfig: Setting CVar [[s.LevelStreamingActorsUpdateTimeLimit:5.0]]
[2021.01.28-02.29.27:668][  0]LogConfig: Setting CVar [[s.PriorityLevelStreamingActorsUpdateExtraTime:5.0]]
[2021.01.28-02.29.27:668][  0]LogConfig: Setting CVar [[s.LevelStreamingComponentsRegistrationGranularity:10]]
[2021.01.28-02.29.27:668][  0]LogConfig: Setting CVar [[s.UnregisterComponentsTimeLimit:1.0]]
[2021.01.28-02.29.27:668][  0]LogConfig: Setting CVar [[s.LevelStreamingComponentsUnregistrationGranularity:5]]
[2021.01.28-02.29.27:669][  0]LogConfig: Setting CVar [[s.FlushStreamingOnExit:1]]
[2021.01.28-02.29.27:669][  0]LogConfig: Applying CVar settings from Section [/Script/Engine.GarbageCollectionSettings] File [C:/Users/Emma/Documents/GitHub/CO2301-Assignment/CO2301Assignment/Saved/Config/Windows/Engine.ini]
[2021.01.28-02.29.27:669][  0]LogConfig: Setting CVar [[gc.MaxObjectsNotConsideredByGC:1]]
[2021.01.28-02.29.27:669][  0]LogConfig: Setting CVar [[gc.SizeOfPermanentObjectPool:0]]
[2021.01.28-02.29.27:669][  0]LogConfig: Setting CVar [[gc.FlushStreamingOnGC:0]]
[2021.01.28-02.29.27:669][  0]LogConfig: Setting CVar [[gc.NumRetriesBeforeForcingGC:10]]
[2021.01.28-02.29.27:669][  0]LogConfig: Setting CVar [[gc.AllowParallelGC:1]]
[2021.01.28-02.29.27:669][  0]LogConfig: Setting CVar [[gc.TimeBetweenPurgingPendingKillObjects:61.1]]
[2021.01.28-02.29.27:669][  0]LogConfig: Setting CVar [[gc.MaxObjectsInEditor:25165824]]
[2021.01.28-02.29.27:669][  0]LogConfig: Setting CVar [[gc.IncrementalBeginDestroyEnabled:1]]
[2021.01.28-02.29.27:669][  0]LogConfig: Setting CVar [[gc.CreateGCClusters:1]]
[2021.01.28-02.29.27:669][  0]LogConfig: Setting CVar [[gc.MinGCClusterSize:5]]
[2021.01.28-02.29.27:669][  0]LogConfig: Setting CVar [[gc.ActorClusteringEnabled:0]]
[2021.01.28-02.29.27:669][  0]LogConfig: Setting CVar [[gc.BlueprintClusteringEnabled:0]]
[2021.01.28-02.29.27:669][  0]LogConfig: Setting CVar [[gc.UseDisregardForGCOnDedicatedServers:0]]
[2021.01.28-02.29.27:669][  0]LogConfig: Applying CVar settings from Section [/Script/Engine.NetworkSettings] File [C:/Users/Emma/Documents/GitHub/CO2301-Assignment/CO2301Assignment/Saved/Config/Windows/Engine.ini]
[2021.01.28-02.29.27:669][  0]LogConfig: Applying CVar settings from Section [/Script/UnrealEd.CookerSettings] File [C:/Users/Emma/Documents/GitHub/CO2301-Assignment/CO2301Assignment/Saved/Config/Windows/Engine.ini]
[2021.01.28-02.29.27:675][  0]LogConfig: Applying CVar settings from Section [ViewDistanceQuality@3] File [C:/Users/Emma/Documents/GitHub/CO2301-Assignment/CO2301Assignment/Saved/Config/Windows/Scalability.ini]
[2021.01.28-02.29.27:675][  0]LogConfig: Setting CVar [[r.SkeletalMeshLODBias:0]]
[2021.01.28-02.29.27:675][  0]LogConfig: Setting CVar [[r.ViewDistanceScale:1.0]]
[2021.01.28-02.29.27:675][  0]LogConfig: Applying CVar settings from Section [AntiAliasingQuality@3] File [C:/Users/Emma/Documents/GitHub/CO2301-Assignment/CO2301Assignment/Saved/Config/Windows/Scalability.ini]
[2021.01.28-02.29.27:675][  0]LogConfig: Setting CVar [[r.PostProcessAAQuality:4]]
[2021.01.28-02.29.27:675][  0]LogConfig: Applying CVar settings from Section [ShadowQuality@3] File [C:/Users/Emma/Documents/GitHub/CO2301-Assignment/CO2301Assignment/Saved/Config/Windows/Scalability.ini]
[2021.01.28-02.29.27:675][  0]LogConfig: Setting CVar [[r.LightFunctionQuality:1]]
[2021.01.28-02.29.27:675][  0]LogConfig: Setting CVar [[r.ShadowQuality:5]]
[2021.01.28-02.29.27:675][  0]LogConfig: Setting CVar [[r.Shadow.CSM.MaxCascades:10]]
[2021.01.28-02.29.27:675][  0]LogConfig: Setting CVar [[r.Shadow.MaxResolution:2048]]
[2021.01.28-02.29.27:675][  0]LogConfig: Setting CVar [[r.Shadow.MaxCSMResolution:2048]]
[2021.01.28-02.29.27:675][  0]LogConfig: Setting CVar [[r.Shadow.RadiusThreshold:0.01]]
[2021.01.28-02.29.27:675][  0]LogConfig: Setting CVar [[r.Shadow.DistanceScale:1.0]]
[2021.01.28-02.29.27:675][  0]LogConfig: Setting CVar [[r.Shadow.CSM.TransitionScale:1.0]]
[2021.01.28-02.29.27:675][  0]LogConfig: Setting CVar [[r.Shadow.PreShadowResolutionFactor:1.0]]
[2021.01.28-02.29.27:675][  0]LogConfig: Setting CVar [[r.DistanceFieldShadowing:1]]
[2021.01.28-02.29.27:675][  0]LogConfig: Setting CVar [[r.DistanceFieldAO:1]]
[2021.01.28-02.29.27:676][  0]LogConfig: Setting CVar [[r.AOQuality:2]]
[2021.01.28-02.29.27:676][  0]LogConfig: Setting CVar [[r.VolumetricFog:1]]
[2021.01.28-02.29.27:676][  0]LogConfig: Setting CVar [[r.VolumetricFog.GridPixelSize:8]]
[2021.01.28-02.29.27:676][  0]LogConfig: Setting CVar [[r.VolumetricFog.GridSizeZ:128]]
[2021.01.28-02.29.27:676][  0]LogConfig: Setting CVar [[r.VolumetricFog.HistoryMissSupersampleCount:4]]
[2021.01.28-02.29.27:676][  0]LogConfig: Setting CVar [[r.LightMaxDrawDistanceScale:1]]
[2021.01.28-02.29.27:676][  0]LogConfig: Setting CVar [[r.CapsuleShadows:1]]
[2021.01.28-02.29.27:676][  0]LogConfig: Applying CVar settings from Section [PostProcessQuality@3] File [C:/Users/Emma/Documents/GitHub/CO2301-Assignment/CO2301Assignment/Saved/Config/Windows/Scalability.ini]
[2021.01.28-02.29.27:676][  0]LogConfig: Setting CVar [[r.MotionBlurQuality:4]]
[2021.01.28-02.29.27:676][  0]LogConfig: Setting CVar [[r.AmbientOcclusionMipLevelFactor:0.4]]
[2021.01.28-02.29.27:676][  0]LogConfig: Setting CVar [[r.AmbientOcclusionMaxQuality:100]]
[2021.01.28-02.29.27:676][  0]LogConfig: Setting CVar [[r.AmbientOcclusionLevels:-1]]
[2021.01.28-02.29.27:676][  0]LogConfig: Setting CVar [[r.AmbientOcclusionRadiusScale:1.0]]
[2021.01.28-02.29.27:676][  0]LogConfig: Setting CVar [[r.DepthOfFieldQuality:2]]
[2021.01.28-02.29.27:676][  0]LogConfig: Setting CVar [[r.RenderTargetPoolMin:400]]
[2021.01.28-02.29.27:676][  0]LogConfig: Setting CVar [[r.LensFlareQuality:2]]
[2021.01.28-02.29.27:676][  0]LogConfig: Setting CVar [[r.SceneColorFringeQuality:1]]
[2021.01.28-02.29.27:676][  0]LogConfig: Setting CVar [[r.EyeAdaptationQuality:2]]
[2021.01.28-02.29.27:676][  0]LogConfig: Setting CVar [[r.BloomQuality:5]]
[2021.01.28-02.29.27:676][  0]LogConfig: Setting CVar [[r.FastBlurThreshold:100]]
[2021.01.28-02.29.27:676][  0]LogConfig: Setting CVar [[r.Upscale.Quality:3]]
[2021.01.28-02.29.27:676][  0]LogConfig: Setting CVar [[r.Tonemapper.GrainQuantization:1]]
[2021.01.28-02.29.27:677][  0]LogConfig: Setting CVar [[r.LightShaftQuality:1]]
[2021.01.28-02.29.27:677][  0]LogConfig: Setting CVar [[r.Filter.SizeScale:1]]
[2021.01.28-02.29.27:677][  0]LogConfig: Setting CVar [[r.Tonemapper.Quality:5]]
[2021.01.28-02.29.27:677][  0]LogConfig: Setting CVar [[r.DOF.Gather.AccumulatorQuality:1        ; higher gathering accumulator quality]]
[2021.01.28-02.29.27:677][  0]LogConfig: Setting CVar [[r.DOF.Gather.PostfilterMethod:1          ; Median3x3 postfilering method]]
[2021.01.28-02.29.27:677][  0]LogConfig: Setting CVar [[r.DOF.Gather.EnableBokehSettings:0       ; no bokeh simulation when gathering]]
[2021.01.28-02.29.27:677][  0]LogConfig: Setting CVar [[r.DOF.Gather.RingCount:4                 ; medium number of samples when gathering]]
[2021.01.28-02.29.27:677][  0]LogConfig: Setting CVar [[r.DOF.Scatter.ForegroundCompositing:1    ; additive foreground scattering]]
[2021.01.28-02.29.27:677][  0]LogConfig: Setting CVar [[r.DOF.Scatter.BackgroundCompositing:2    ; additive background scattering]]
[2021.01.28-02.29.27:677][  0]LogConfig: Setting CVar [[r.DOF.Scatter.EnableBokehSettings:1      ; bokeh simulation when scattering]]
[2021.01.28-02.29.27:677][  0]LogConfig: Setting CVar [[r.DOF.Scatter.MaxSpriteRatio:0.1         ; only a maximum of 10% of scattered bokeh]]
[2021.01.28-02.29.27:677][  0]LogConfig: Setting CVar [[r.DOF.Recombine.Quality:1                ; cheap slight out of focus]]
[2021.01.28-02.29.27:677][  0]LogConfig: Setting CVar [[r.DOF.Recombine.EnableBokehSettings:0    ; no bokeh simulation on slight out of focus]]
[2021.01.28-02.29.27:677][  0]LogConfig: Setting CVar [[r.DOF.TemporalAAQuality:1                ; more stable temporal accumulation]]
[2021.01.28-02.29.27:677][  0]LogConfig: Setting CVar [[r.DOF.Kernel.MaxForegroundRadius:0.025]]
[2021.01.28-02.29.27:677][  0]LogConfig: Setting CVar [[r.DOF.Kernel.MaxBackgroundRadius:0.025]]
[2021.01.28-02.29.27:677][  0]LogConfig: Applying CVar settings from Section [TextureQuality@3] File [C:/Users/Emma/Documents/GitHub/CO2301-Assignment/CO2301Assignment/Saved/Config/Windows/Scalability.ini]
[2021.01.28-02.29.27:677][  0]LogConfig: Setting CVar [[r.Streaming.MipBias:0]]
[2021.01.28-02.29.27:677][  0]LogConfig: Setting CVar [[r.Streaming.AmortizeCPUToGPUCopy:0]]
[2021.01.28-02.29.27:677][  0]LogConfig: Setting CVar [[r.Streaming.MaxNumTexturesToStreamPerFrame:0]]
[2021.01.28-02.29.27:677][  0]LogConfig: Setting CVar [[r.Streaming.Boost:1]]
[2021.01.28-02.29.27:677][  0]LogConfig: Setting CVar [[r.MaxAnisotropy:8]]
[2021.01.28-02.29.27:677][  0]LogConfig: Setting CVar [[r.VT.MaxAnisotropy:8]]
[2021.01.28-02.29.27:678][  0]LogConfig: Setting CVar [[r.Streaming.LimitPoolSizeToVRAM:0]]
[2021.01.28-02.29.27:678][  0]LogConfig: Setting CVar [[r.Streaming.PoolSize:1000]]
[2021.01.28-02.29.27:678][  0]LogConfig: Setting CVar [[r.Streaming.MaxEffectiveScreenSize:0]]
[2021.01.28-02.29.27:678][  0]LogConfig: Applying CVar settings from Section [EffectsQuality@3] File [C:/Users/Emma/Documents/GitHub/CO2301-Assignment/CO2301Assignment/Saved/Config/Windows/Scalability.ini]
[2021.01.28-02.29.27:678][  0]LogConfig: Setting CVar [[r.TranslucencyLightingVolumeDim:64]]
[2021.01.28-02.29.27:678][  0]LogConfig: Setting CVar [[r.RefractionQuality:2]]
[2021.01.28-02.29.27:678][  0]LogConfig: Setting CVar [[r.SSR.Quality:3]]
[2021.01.28-02.29.27:678][  0]LogConfig: Setting CVar [[r.SSR.HalfResSceneColor:0]]
[2021.01.28-02.29.27:678][  0]LogConfig: Setting CVar [[r.SceneColorFormat:4]]
[2021.01.28-02.29.27:678][  0]LogConfig: Setting CVar [[r.DetailMode:2]]
[2021.01.28-02.29.27:678][  0]LogConfig: Setting CVar [[r.TranslucencyVolumeBlur:1]]
[2021.01.28-02.29.27:678][  0]LogConfig: Setting CVar [[r.MaterialQualityLevel:1 ; High quality]]
[2021.01.28-02.29.27:678][  0]LogConfig: Setting CVar [[r.SSS.Scale:1]]
[2021.01.28-02.29.27:678][  0]LogConfig: Setting CVar [[r.SSS.SampleSet:2]]
[2021.01.28-02.29.27:678][  0]LogConfig: Setting CVar [[r.SSS.Quality:1]]
[2021.01.28-02.29.27:678][  0]LogConfig: Setting CVar [[r.SSS.HalfRes:0]]
[2021.01.28-02.29.27:678][  0]LogConfig: Setting CVar [[r.SSGI.Quality:3]]
[2021.01.28-02.29.27:678][  0]LogConfig: Setting CVar [[r.EmitterSpawnRateScale:1.0]]
[2021.01.28-02.29.27:678][  0]LogConfig: Setting CVar [[r.ParticleLightQuality:2]]
[2021.01.28-02.29.27:678][  0]LogConfig: Setting CVar [[r.SkyAtmosphere.AerialPerspectiveLUT.FastApplyOnOpaque:1 ; Always have FastSkyLUT 1 in this case to avoid wrong sky]]
[2021.01.28-02.29.27:678][  0]LogConfig: Setting CVar [[r.SkyAtmosphere.AerialPerspectiveLUT.SampleCountPerSlice:1]]
[2021.01.28-02.29.27:678][  0]LogConfig: Setting CVar [[r.SkyAtmosphere.AerialPerspectiveLUT.DepthResolution:16.0]]
[2021.01.28-02.29.27:678][  0]LogConfig: Setting CVar [[r.SkyAtmosphere.FastSkyLUT:1]]
[2021.01.28-02.29.27:678][  0]LogConfig: Setting CVar [[r.SkyAtmosphere.FastSkyLUT.SampleCountMin:4.0]]
[2021.01.28-02.29.27:678][  0]LogConfig: Setting CVar [[r.SkyAtmosphere.FastSkyLUT.SampleCountMax:32.0]]
[2021.01.28-02.29.27:679][  0]LogConfig: Setting CVar [[r.SkyAtmosphere.SampleCountMin:4.0]]
[2021.01.28-02.29.27:679][  0]LogConfig: Setting CVar [[r.SkyAtmosphere.SampleCountMax:32.0]]
[2021.01.28-02.29.27:679][  0]LogConfig: Setting CVar [[r.SkyAtmosphere.TransmittanceLUT.UseSmallFormat:0]]
[2021.01.28-02.29.27:679][  0]LogConfig: Setting CVar [[r.SkyAtmosphere.TransmittanceLUT.SampleCount:10.0]]
[2021.01.28-02.29.27:679][  0]LogConfig: Setting CVar [[r.SkyAtmosphere.MultiScatteringLUT.SampleCount:15.0]]
[2021.01.28-02.29.27:679][  0]LogConfig: Applying CVar settings from Section [FoliageQuality@3] File [C:/Users/Emma/Documents/GitHub/CO2301-Assignment/CO2301Assignment/Saved/Config/Windows/Scalability.ini]
[2021.01.28-02.29.27:679][  0]LogConfig: Setting CVar [[foliage.DensityScale:1.0]]
[2021.01.28-02.29.27:679][  0]LogConfig: Setting CVar [[grass.DensityScale:1.0]]
[2021.01.28-02.29.27:679][  0]LogConfig: Applying CVar settings from Section [ShadingQuality@3] File [C:/Users/Emma/Documents/GitHub/CO2301-Assignment/CO2301Assignment/Saved/Config/Windows/Scalability.ini]
[2021.01.28-02.29.27:679][  0]LogConfig: Setting CVar [[r.HairStrands.SkyLighting.SampleCount:16]]
[2021.01.28-02.29.27:679][  0]LogConfig: Setting CVar [[r.HairStrands.SkyLighting.JitterIntegration:0]]
[2021.01.28-02.29.27:679][  0]LogConfig: Setting CVar [[r.HairStrands.SkyAO.SampleCount:16]]
[2021.01.28-02.29.27:679][  0]LogConfig: Setting CVar [[r.HairStrands.DeepShadow.SuperSampling:0]]
[2021.01.28-02.29.27:679][  0]LogConfig: Setting CVar [[r.HairStrands.VisibilityPPLL:0]]
[2021.01.28-02.29.27:679][  0]LogConfig: Setting CVar [[r.HairStrands.RasterizationScale:0.5]]
[2021.01.28-02.29.27:679][  0]LogConfig: Setting CVar [[r.HairStrands.VelocityRasterizationScale:1]]
[2021.01.28-02.29.27:679][  0]LogInit: Selected Device Profile: [Windows]
[2021.01.28-02.29.27:679][  0]LogInit: Applying CVar settings loaded from the selected device profile: [Windows]
[2021.01.28-02.29.27:679][  0]LogHAL: Display: Platform has ~ 16 GB [17126490112 / 17179869184 / 16], which maps to Larger [LargestMinGB=32, LargerMinGB=12, DefaultMinGB=8, SmallerMinGB=6, SmallestMinGB=0)
[2021.01.28-02.29.27:679][  0]LogInit: Going up to parent DeviceProfile []
[2021.01.28-02.29.27:679][  0]LogConfig: Applying CVar settings from Section [ViewDistanceQuality@3] File [C:/Users/Emma/Documents/GitHub/CO2301-Assignment/CO2301Assignment/Saved/Config/Windows/Scalability.ini]
[2021.01.28-02.29.27:679][  0]LogConfig: Setting CVar [[r.SkeletalMeshLODBias:0]]
[2021.01.28-02.29.27:680][  0]LogConfig: Setting CVar [[r.ViewDistanceScale:1.0]]
[2021.01.28-02.29.27:680][  0]LogConfig: Applying CVar settings from Section [AntiAliasingQuality@3] File [C:/Users/Emma/Documents/GitHub/CO2301-Assignment/CO2301Assignment/Saved/Config/Windows/Scalability.ini]
[2021.01.28-02.29.27:680][  0]LogConfig: Setting CVar [[r.PostProcessAAQuality:4]]
[2021.01.28-02.29.27:680][  0]LogConfig: Applying CVar settings from Section [ShadowQuality@3] File [C:/Users/Emma/Documents/GitHub/CO2301-Assignment/CO2301Assignment/Saved/Config/Windows/Scalability.ini]
[2021.01.28-02.29.27:680][  0]LogConfig: Setting CVar [[r.LightFunctionQuality:1]]
[2021.01.28-02.29.27:680][  0]LogConfig: Setting CVar [[r.ShadowQuality:5]]
[2021.01.28-02.29.27:680][  0]LogConfig: Setting CVar [[r.Shadow.CSM.MaxCascades:10]]
[2021.01.28-02.29.27:680][  0]LogConfig: Setting CVar [[r.Shadow.MaxResolution:2048]]
[2021.01.28-02.29.27:680][  0]LogConfig: Setting CVar [[r.Shadow.MaxCSMResolution:2048]]
[2021.01.28-02.29.27:680][  0]LogConfig: Setting CVar [[r.Shadow.RadiusThreshold:0.01]]
[2021.01.28-02.29.27:680][  0]LogConfig: Setting CVar [[r.Shadow.DistanceScale:1.0]]
[2021.01.28-02.29.27:680][  0]LogConfig: Setting CVar [[r.Shadow.CSM.TransitionScale:1.0]]
[2021.01.28-02.29.27:680][  0]LogConfig: Setting CVar [[r.Shadow.PreShadowResolutionFactor:1.0]]
[2021.01.28-02.29.27:680][  0]LogConfig: Setting CVar [[r.DistanceFieldShadowing:1]]
[2021.01.28-02.29.27:680][  0]LogConfig: Setting CVar [[r.DistanceFieldAO:1]]
[2021.01.28-02.29.27:680][  0]LogConfig: Setting CVar [[r.AOQuality:2]]
[2021.01.28-02.29.27:680][  0]LogConfig: Setting CVar [[r.VolumetricFog:1]]
[2021.01.28-02.29.27:680][  0]LogConfig: Setting CVar [[r.VolumetricFog.GridPixelSize:8]]
[2021.01.28-02.29.27:680][  0]LogConfig: Setting CVar [[r.VolumetricFog.GridSizeZ:128]]
[2021.01.28-02.29.27:680][  0]LogConfig: Setting CVar [[r.VolumetricFog.HistoryMissSupersampleCount:4]]
[2021.01.28-02.29.27:680][  0]LogConfig: Setting CVar [[r.LightMaxDrawDistanceScale:1]]
[2021.01.28-02.29.27:680][  0]LogConfig: Setting CVar [[r.CapsuleShadows:1]]
[2021.01.28-02.29.27:680][  0]LogConfig: Applying CVar settings from Section [PostProcessQuality@3] File [C:/Users/Emma/Documents/GitHub/CO2301-Assignment/CO2301Assignment/Saved/Config/Windows/Scalability.ini]
[2021.01.28-02.29.27:680][  0]LogConfig: Setting CVar [[r.MotionBlurQuality:4]]
[2021.01.28-02.29.27:680][  0]LogConfig: Setting CVar [[r.AmbientOcclusionMipLevelFactor:0.4]]
[2021.01.28-02.29.27:680][  0]LogConfig: Setting CVar [[r.AmbientOcclusionMaxQuality:100]]
[2021.01.28-02.29.27:681][  0]LogConfig: Setting CVar [[r.AmbientOcclusionLevels:-1]]
[2021.01.28-02.29.27:681][  0]LogConfig: Setting CVar [[r.AmbientOcclusionRadiusScale:1.0]]
[2021.01.28-02.29.27:681][  0]LogConfig: Setting CVar [[r.DepthOfFieldQuality:2]]
[2021.01.28-02.29.27:681][  0]LogConfig: Setting CVar [[r.RenderTargetPoolMin:400]]
[2021.01.28-02.29.27:681][  0]LogConfig: Setting CVar [[r.LensFlareQuality:2]]
[2021.01.28-02.29.27:681][  0]LogConfig: Setting CVar [[r.SceneColorFringeQuality:1]]
[2021.01.28-02.29.27:681][  0]LogConfig: Setting CVar [[r.EyeAdaptationQuality:2]]
[2021.01.28-02.29.27:681][  0]LogConfig: Setting CVar [[r.BloomQuality:5]]
[2021.01.28-02.29.27:681][  0]LogConfig: Setting CVar [[r.FastBlurThreshold:100]]
[2021.01.28-02.29.27:681][  0]LogConfig: Setting CVar [[r.Upscale.Quality:3]]
[2021.01.28-02.29.27:681][  0]LogConfig: Setting CVar [[r.Tonemapper.GrainQuantization:1]]
[2021.01.28-02.29.27:681][  0]LogConfig: Setting CVar [[r.LightShaftQuality:1]]
[2021.01.28-02.29.27:681][  0]LogConfig: Setting CVar [[r.Filter.SizeScale:1]]
[2021.01.28-02.29.27:681][  0]LogConfig: Setting CVar [[r.Tonemapper.Quality:5]]
[2021.01.28-02.29.27:681][  0]LogConfig: Setting CVar [[r.DOF.Gather.AccumulatorQuality:1        ; higher gathering accumulator quality]]
[2021.01.28-02.29.27:681][  0]LogConfig: Setting CVar [[r.DOF.Gather.PostfilterMethod:1          ; Median3x3 postfilering method]]
[2021.01.28-02.29.27:681][  0]LogConfig: Setting CVar [[r.DOF.Gather.EnableBokehSettings:0       ; no bokeh simulation when gathering]]
[2021.01.28-02.29.27:681][  0]LogConfig: Setting CVar [[r.DOF.Gather.RingCount:4                 ; medium number of samples when gathering]]
[2021.01.28-02.29.27:681][  0]LogConfig: Setting CVar [[r.DOF.Scatter.ForegroundCompositing:1    ; additive foreground scattering]]
[2021.01.28-02.29.27:681][  0]LogConfig: Setting CVar [[r.DOF.Scatter.BackgroundCompositing:2    ; additive background scattering]]
[2021.01.28-02.29.27:681][  0]LogConfig: Setting CVar [[r.DOF.Scatter.EnableBokehSettings:1      ; bokeh simulation when scattering]]
[2021.01.28-02.29.27:681][  0]LogConfig: Setting CVar [[r.DOF.Scatter.MaxSpriteRatio:0.1         ; only a maximum of 10% of scattered bokeh]]
[2021.01.28-02.29.27:681][  0]LogConfig: Setting CVar [[r.DOF.Recombine.Quality:1                ; cheap slight out of focus]]
[2021.01.28-02.29.27:681][  0]LogConfig: Setting CVar [[r.DOF.Recombine.EnableBokehSettings:0    ; no bokeh simulation on slight out of focus]]
[2021.01.28-02.29.27:681][  0]LogConfig: Setting CVar [[r.DOF.TemporalAAQuality:1                ; more stable temporal accumulation]]
[2021.01.28-02.29.27:681][  0]LogConfig: Setting CVar [[r.DOF.Kernel.MaxForegroundRadius:0.025]]
[2021.01.28-02.29.27:681][  0]LogConfig: Setting CVar [[r.DOF.Kernel.MaxBackgroundRadius:0.025]]
[2021.01.28-02.29.27:681][  0]LogConfig: Applying CVar settings from Section [TextureQuality@3] File [C:/Users/Emma/Documents/GitHub/CO2301-Assignment/CO2301Assignment/Saved/Config/Windows/Scalability.ini]
[2021.01.28-02.29.27:682][  0]LogConfig: Setting CVar [[r.Streaming.MipBias:0]]
[2021.01.28-02.29.27:682][  0]LogConfig: Setting CVar [[r.Streaming.AmortizeCPUToGPUCopy:0]]
[2021.01.28-02.29.27:682][  0]LogConfig: Setting CVar [[r.Streaming.MaxNumTexturesToStreamPerFrame:0]]
[2021.01.28-02.29.27:682][  0]LogConfig: Setting CVar [[r.Streaming.Boost:1]]
[2021.01.28-02.29.27:682][  0]LogConfig: Setting CVar [[r.MaxAnisotropy:8]]
[2021.01.28-02.29.27:682][  0]LogConfig: Setting CVar [[r.VT.MaxAnisotropy:8]]
[2021.01.28-02.29.27:682][  0]LogConfig: Setting CVar [[r.Streaming.LimitPoolSizeToVRAM:0]]
[2021.01.28-02.29.27:682][  0]LogConfig: Setting CVar [[r.Streaming.PoolSize:1000]]
[2021.01.28-02.29.27:682][  0]LogConfig: Setting CVar [[r.Streaming.MaxEffectiveScreenSize:0]]
[2021.01.28-02.29.27:682][  0]LogConfig: Applying CVar settings from Section [EffectsQuality@3] File [C:/Users/Emma/Documents/GitHub/CO2301-Assignment/CO2301Assignment/Saved/Config/Windows/Scalability.ini]
[2021.01.28-02.29.27:682][  0]LogConfig: Setting CVar [[r.TranslucencyLightingVolumeDim:64]]
[2021.01.28-02.29.27:682][  0]LogConfig: Setting CVar [[r.RefractionQuality:2]]
[2021.01.28-02.29.27:682][  0]LogConfig: Setting CVar [[r.SSR.Quality:3]]
[2021.01.28-02.29.27:682][  0]LogConfig: Setting CVar [[r.SSR.HalfResSceneColor:0]]
[2021.01.28-02.29.27:682][  0]LogConfig: Setting CVar [[r.SceneColorFormat:4]]
[2021.01.28-02.29.27:682][  0]LogConfig: Setting CVar [[r.DetailMode:2]]
[2021.01.28-02.29.27:682][  0]LogConfig: Setting CVar [[r.TranslucencyVolumeBlur:1]]
[2021.01.28-02.29.27:682][  0]LogConfig: Setting CVar [[r.MaterialQualityLevel:1 ; High quality]]
[2021.01.28-02.29.27:682][  0]LogConfig: Setting CVar [[r.SSS.Scale:1]]
[2021.01.28-02.29.27:682][  0]LogConfig: Setting CVar [[r.SSS.SampleSet:2]]
[2021.01.28-02.29.27:682][  0]LogConfig: Setting CVar [[r.SSS.Quality:1]]
[2021.01.28-02.29.27:682][  0]LogConfig: Setting CVar [[r.SSS.HalfRes:0]]
[2021.01.28-02.29.27:682][  0]LogConfig: Setting CVar [[r.SSGI.Quality:3]]
[2021.01.28-02.29.27:682][  0]LogConfig: Setting CVar [[r.EmitterSpawnRateScale:1.0]]
[2021.01.28-02.29.27:683][  0]LogConfig: Setting CVar [[r.ParticleLightQuality:2]]
[2021.01.28-02.29.27:683][  0]LogConfig: Setting CVar [[r.SkyAtmosphere.AerialPerspectiveLUT.FastApplyOnOpaque:1 ; Always have FastSkyLUT 1 in this case to avoid wrong sky]]
[2021.01.28-02.29.27:683][  0]LogConfig: Setting CVar [[r.SkyAtmosphere.AerialPerspectiveLUT.SampleCountPerSlice:1]]
[2021.01.28-02.29.27:683][  0]LogConfig: Setting CVar [[r.SkyAtmosphere.AerialPerspectiveLUT.DepthResolution:16.0]]
[2021.01.28-02.29.27:683][  0]LogConfig: Setting CVar [[r.SkyAtmosphere.FastSkyLUT:1]]
[2021.01.28-02.29.27:683][  0]LogConfig: Setting CVar [[r.SkyAtmosphere.FastSkyLUT.SampleCountMin:4.0]]
[2021.01.28-02.29.27:683][  0]LogConfig: Setting CVar [[r.SkyAtmosphere.FastSkyLUT.SampleCountMax:32.0]]
[2021.01.28-02.29.27:683][  0]LogConfig: Setting CVar [[r.SkyAtmosphere.SampleCountMin:4.0]]
[2021.01.28-02.29.27:683][  0]LogConfig: Setting CVar [[r.SkyAtmosphere.SampleCountMax:32.0]]
[2021.01.28-02.29.27:683][  0]LogConfig: Setting CVar [[r.SkyAtmosphere.TransmittanceLUT.UseSmallFormat:0]]
[2021.01.28-02.29.27:683][  0]LogConfig: Setting CVar [[r.SkyAtmosphere.TransmittanceLUT.SampleCount:10.0]]
[2021.01.28-02.29.27:683][  0]LogConfig: Setting CVar [[r.SkyAtmosphere.MultiScatteringLUT.SampleCount:15.0]]
[2021.01.28-02.29.27:683][  0]LogConfig: Applying CVar settings from Section [FoliageQuality@3] File [C:/Users/Emma/Documents/GitHub/CO2301-Assignment/CO2301Assignment/Saved/Config/Windows/Scalability.ini]
[2021.01.28-02.29.27:683][  0]LogConfig: Setting CVar [[foliage.DensityScale:1.0]]
[2021.01.28-02.29.27:683][  0]LogConfig: Setting CVar [[grass.DensityScale:1.0]]
[2021.01.28-02.29.27:683][  0]LogConfig: Applying CVar settings from Section [ShadingQuality@3] File [C:/Users/Emma/Documents/GitHub/CO2301-Assignment/CO2301Assignment/Saved/Config/Windows/Scalability.ini]
[2021.01.28-02.29.27:683][  0]LogConfig: Setting CVar [[r.HairStrands.SkyLighting.SampleCount:16]]
[2021.01.28-02.29.27:683][  0]LogConfig: Setting CVar [[r.HairStrands.SkyLighting.JitterIntegration:0]]
[2021.01.28-02.29.27:683][  0]LogConfig: Setting CVar [[r.HairStrands.SkyAO.SampleCount:16]]
[2021.01.28-02.29.27:683][  0]LogConfig: Setting CVar [[r.HairStrands.DeepShadow.SuperSampling:0]]
[2021.01.28-02.29.27:683][  0]LogConfig: Setting CVar [[r.HairStrands.VisibilityPPLL:0]]
[2021.01.28-02.29.27:683][  0]LogConfig: Setting CVar [[r.HairStrands.RasterizationScale:0.5]]
[2021.01.28-02.29.27:683][  0]LogConfig: Setting CVar [[r.HairStrands.VelocityRasterizationScale:1]]
[2021.01.28-02.29.27:683][  0]LogConfig: Applying CVar settings from Section [Startup] File [../../../Engine/Config/ConsoleVariables.ini]
[2021.01.28-02.29.27:684][  0]LogConfig: Setting CVar [[net.UseAdaptiveNetUpdateFrequency:0]]
[2021.01.28-02.29.27:684][  0]LogConfig: Setting CVar [[p.chaos.AllowCreatePhysxBodies:1]]
[2021.01.28-02.29.27:684][  0]LogConfig: Setting CVar [[fx.SkipVectorVMBackendOptimizations:1]]
[2021.01.28-02.29.27:684][  0]LogConfig: Applying CVar settings from Section [ConsoleVariables] File [C:/Users/Emma/Documents/GitHub/CO2301-Assignment/CO2301Assignment/Saved/Config/Windows/Engine.ini]
[2021.01.28-02.29.27:684][  0]LogInit: Computer: DESKTOP-SPF806M
[2021.01.28-02.29.27:684][  0]LogInit: User: Emma
[2021.01.28-02.29.27:684][  0]LogInit: CPU Page size=4096, Cores=8
[2021.01.28-02.29.27:684][  0]LogInit: High frequency timer resolution =10.000000 MHz
[2021.01.28-02.29.27:684][  0]LogMemory: Memory total: Physical=16.0GB (16GB approx)
[2021.01.28-02.29.27:684][  0]LogMemory: Platform Memory Stats for Windows
[2021.01.28-02.29.27:684][  0]LogMemory: Process Physical Memory: 116.87 MB used, 116.87 MB peak
[2021.01.28-02.29.27:684][  0]LogMemory: Process Virtual Memory: 106.35 MB used, 106.35 MB peak
[2021.01.28-02.29.27:684][  0]LogMemory: Physical Memory: 9267.76 MB used,  7065.33 MB free, 16333.09 MB total
[2021.01.28-02.29.27:684][  0]LogMemory: Virtual Memory: 5193.11 MB used,  134212536.00 MB free, 134217728.00 MB total
[2021.01.28-02.29.27:692][  0]LogWindows: WindowsPlatformFeatures enabled
[2021.01.28-02.29.27:809][  0]LogInit: Physics initialised using underlying interface: PhysX
[2021.01.28-02.29.27:810][  0]LogInit: Using OS detected language (en-GB).
[2021.01.28-02.29.27:810][  0]LogInit: Using OS detected locale (en-GB).
[2021.01.28-02.29.27:814][  0]LogTextLocalizationManager: No specific localization for 'en-GB' exists, so the 'en' localization will be used.
[2021.01.28-02.29.27:948][  0]LogInit: Setting process to per monitor DPI aware
[2021.01.28-02.29.27:995][  0]LogSlate: New Slate User Created.  User Index 0, Is Virtual User: 0
[2021.01.28-02.29.27:995][  0]LogSlate: Slate User Registered.  User Index 0, Is Virtual User: 0
[2021.01.28-02.29.28:097][  0]LogHMD: Failed to initialize OpenVR with code 110
[2021.01.28-02.29.28:097][  0]LogD3D11RHI: D3D11 min allowed feature level: 11_0
[2021.01.28-02.29.28:097][  0]LogD3D11RHI: D3D11 max allowed feature level: 11_0
[2021.01.28-02.29.28:097][  0]LogD3D11RHI: D3D11 adapters:
[2021.01.28-02.29.28:173][  0]LogD3D11RHI:    0. 'NVIDIA GeForce RTX 2070 SUPER' (Feature Level 11_0)
[2021.01.28-02.29.28:173][  0]LogD3D11RHI:       8011/0/8166 MB DedicatedVideo/DedicatedSystem/SharedSystem, Outputs:2, VendorId:0x10de
[2021.01.28-02.29.28:179][  0]LogD3D11RHI:    1. 'Microsoft Basic Render Driver' (Feature Level 11_0)
[2021.01.28-02.29.28:179][  0]LogD3D11RHI:       0/0/8166 MB DedicatedVideo/DedicatedSystem/SharedSystem, Outputs:0, VendorId:0x1414
[2021.01.28-02.29.28:179][  0]LogD3D11RHI: Chosen D3D11 Adapter: 0
[2021.01.28-02.29.28:187][  0]LogD3D11RHI: Creating new Direct3DDevice
[2021.01.28-02.29.28:187][  0]LogD3D11RHI:     GPU DeviceId: 0x1e84 (for the marketing name, search the web for "GPU Device Id")
[2021.01.28-02.29.28:187][  0]LogWindows: EnumDisplayDevices:
[2021.01.28-02.29.28:187][  0]LogWindows:    0. 'NVIDIA GeForce RTX 2070 SUPER' (P:1 D:1)
[2021.01.28-02.29.28:188][  0]LogWindows:    1. 'NVIDIA GeForce RTX 2070 SUPER' (P:0 D:1)
[2021.01.28-02.29.28:188][  0]LogWindows:    2. 'NVIDIA GeForce RTX 2070 SUPER' (P:0 D:0)
[2021.01.28-02.29.28:188][  0]LogWindows:    3. 'NVIDIA GeForce RTX 2070 SUPER' (P:0 D:0)
[2021.01.28-02.29.28:188][  0]LogWindows: DebugString: FoundDriverCount:4 
[2021.01.28-02.29.28:188][  0]LogD3D11RHI:     Adapter Name: NVIDIA GeForce RTX 2070 SUPER
[2021.01.28-02.29.28:188][  0]LogD3D11RHI:   Driver Version: 456.71 (internal:27.21.14.5671, unified:456.71)
[2021.01.28-02.29.28:188][  0]LogD3D11RHI:      Driver Date: 9-30-2020
[2021.01.28-02.29.28:188][  0]LogRHI: Texture pool is 5607 MB (70% of 8011 MB)
[2021.01.28-02.29.28:239][  0]LogD3D11RHI: RHI has support for 64 bit atomics
[2021.01.28-02.29.28:242][  0]LogD3D11RHI: [Aftermath] Enabled and primed
[2021.01.28-02.29.28:242][  0]LogD3D11RHI: Async texture creation enabled
[2021.01.28-02.29.28:242][  0]LogD3D11RHI: Array index from any shader is supported
[2021.01.28-02.29.28:243][  0]LogD3D11RHI: HDR output is supported on display 0 (NvId: 0x80061086).
[2021.01.28-02.29.28:256][  0]LogD3D11RHI: GPU Timing Frequency: 1000.000000 (Debug: 2 1)
[2021.01.28-02.29.28:468][  0]LogTargetPlatformManager: Display: Loaded TargetPlatform 'AllDesktop'
[2021.01.28-02.29.28:489][  0]LogTargetPlatformManager: Display: Loaded TargetPlatform 'Android'
[2021.01.28-02.29.28:489][  0]LogTargetPlatformManager: Display: Loaded TargetPlatform 'Android_ASTC'
[2021.01.28-02.29.28:489][  0]LogTargetPlatformManager: Display: Loaded TargetPlatform 'Android_DXT'
[2021.01.28-02.29.28:489][  0]LogTargetPlatformManager: Display: Loaded TargetPlatform 'Android_ETC2'
[2021.01.28-02.29.28:489][  0]LogTargetPlatformManager: Display: Loaded TargetPlatform 'AndroidClient'
[2021.01.28-02.29.28:489][  0]LogTargetPlatformManager: Display: Loaded TargetPlatform 'Android_ASTCClient'
[2021.01.28-02.29.28:489][  0]LogTargetPlatformManager: Display: Loaded TargetPlatform 'Android_DXTClient'
[2021.01.28-02.29.28:489][  0]LogTargetPlatformManager: Display: Loaded TargetPlatform 'Android_ETC2Client'
[2021.01.28-02.29.28:489][  0]LogTargetPlatformManager: Display: Loaded TargetPlatform 'Android_Multi'
[2021.01.28-02.29.28:489][  0]LogTargetPlatformManager: Display: Loaded TargetPlatform 'Android_MultiClient'
[2021.01.28-02.29.28:518][  0]LogTargetPlatformManager: Display: Loaded TargetPlatform 'IOSClient'
[2021.01.28-02.29.28:518][  0]LogTargetPlatformManager: Display: Loaded TargetPlatform 'IOS'
[2021.01.28-02.29.28:530][  0]LogTargetPlatformManager: Display: Loaded TargetPlatform 'Linux'
[2021.01.28-02.29.28:540][  0]LogTargetPlatformManager: Display: Loaded TargetPlatform 'LinuxNoEditor'
[2021.01.28-02.29.28:550][  0]LogTargetPlatformManager: Display: Loaded TargetPlatform 'LinuxClient'
[2021.01.28-02.29.28:560][  0]LogTargetPlatformManager: Display: Loaded TargetPlatform 'LinuxServer'
[2021.01.28-02.29.28:569][  0]LogTargetPlatformManager: Display: Loaded TargetPlatform 'LinuxAArch64NoEditor'
[2021.01.28-02.29.28:579][  0]LogTargetPlatformManager: Display: Loaded TargetPlatform 'LinuxAArch64Client'
[2021.01.28-02.29.28:589][  0]LogTargetPlatformManager: Display: Loaded TargetPlatform 'LinuxAArch64Server'
[2021.01.28-02.29.28:614][  0]LogTargetPlatformManager: Display: Loaded TargetPlatform 'Lumin'
[2021.01.28-02.29.28:614][  0]LogTargetPlatformManager: Display: Loaded TargetPlatform 'LuminClient'
[2021.01.28-02.29.28:630][  0]LogTargetPlatformManager: Display: Loaded TargetPlatform 'TVOSClient'
[2021.01.28-02.29.28:630][  0]LogTargetPlatformManager: Display: Loaded TargetPlatform 'TVOS'
[2021.01.28-02.29.28:640][  0]LogTargetPlatformManager: Display: Loaded TargetPlatform 'WindowsNoEditor'
[2021.01.28-02.29.28:650][  0]LogTargetPlatformManager: Display: Loaded TargetPlatform 'Windows'
[2021.01.28-02.29.28:659][  0]LogTargetPlatformManager: Display: Loaded TargetPlatform 'WindowsClient'
[2021.01.28-02.29.28:669][  0]LogTargetPlatformManager: Display: Loaded TargetPlatform 'WindowsServer'
[2021.01.28-02.29.28:670][  0]LogTargetPlatformManager: Display: Building Assets For Windows
[2021.01.28-02.29.28:681][  0]LogAudioDebug: Display: Lib vorbis DLL was dynamically loaded.
[2021.01.28-02.29.28:765][  0]LogShaderCompilers: Guid format shader working directory is -36 characters bigger than the processId version (../../../../../../Users/Emma/Documents/GitHub/CO2301-Assignment/CO2301Assignment/Intermediate/Shaders/WorkingDirectory/28600/).
[2021.01.28-02.29.28:765][  0]LogShaderCompilers: Cleaned the shader compiler working directory 'C:/Users/Emma/AppData/Local/Temp/UnrealShaderWorkingDir/243631E6480C4901A61F52B514FE5BA0/'.
[2021.01.28-02.29.28:765][  0]LogXGEController: Cleaning working directory: C:/Users/Emma/AppData/Local/Temp/UnrealXGEWorkingDir/
[2021.01.28-02.29.28:765][  0]LogXGEController: Cannot use XGE Controller as Incredibuild is not installed on this machine.
[2021.01.28-02.29.28:766][  0]LogShaderCompilers: Cannot use XGE Shader Compiler as Incredibuild is not installed on this machine.
[2021.01.28-02.29.28:766][  0]LogShaderCompilers: Display: Using Local Shader Compiler.
[2021.01.28-02.29.29:397][  0]LogDerivedDataCache: Display: Max Cache Size: 512 MB
[2021.01.28-02.29.29:439][  0]LogDerivedDataCache: Loaded boot cache 0.04s 124MB C:/Users/Emma/AppData/Local/UnrealEngine/4.25/DerivedDataCache/Boot.ddc.
[2021.01.28-02.29.29:439][  0]LogDerivedDataCache: Display: Loaded Boot cache: C:/Users/Emma/AppData/Local/UnrealEngine/4.25/DerivedDataCache/Boot.ddc
[2021.01.28-02.29.29:440][  0]LogDerivedDataCache: FDerivedDataBackendGraph:  Pak pak cache file ../../../../../../Users/Emma/Documents/GitHub/CO2301-Assignment/CO2301Assignment/DerivedDataCache/DDC.ddp not found, will not use a pak cache.
[2021.01.28-02.29.29:440][  0]LogDerivedDataCache: Unable to find inner node Pak for hierarchical cache Hierarchy.
[2021.01.28-02.29.29:440][  0]LogDerivedDataCache: FDerivedDataBackendGraph:  CompressedPak pak cache file ../../../../../../Users/Emma/Documents/GitHub/CO2301-Assignment/CO2301Assignment/DerivedDataCache/Compressed.ddp not found, will not use a pak cache.
[2021.01.28-02.29.29:440][  0]LogDerivedDataCache: Unable to find inner node CompressedPak for hierarchical cache Hierarchy.
[2021.01.28-02.29.29:449][  0]LogDerivedDataCache: Display: Pak cache opened for reading ../../../Engine/DerivedDataCache/Compressed.ddp.
[2021.01.28-02.29.29:449][  0]LogDerivedDataCache: FDerivedDataBackendGraph:  EnterprisePak pak cache file ../../../Enterprise/DerivedDataCache/Compressed.ddp not found, will not use a pak cache.
[2021.01.28-02.29.29:449][  0]LogDerivedDataCache: Unable to find inner node EnterprisePak for hierarchical cache Hierarchy.
[2021.01.28-02.29.29:451][  0]LogDerivedDataCache: Using Local data cache path C:/Users/Emma/AppData/Local/UnrealEngine/Common/DerivedDataCache: Writable
[2021.01.28-02.29.29:451][  0]LogDerivedDataCache: Shared data cache path not found in *engine.ini, will not use an Shared cache.
[2021.01.28-02.29.29:451][  0]LogDerivedDataCache: Unable to find inner node Shared for hierarchical cache Hierarchy.
[2021.01.28-02.29.29:495][  0]LogSlate: Using FreeType 2.10.0
[2021.01.28-02.29.29:495][  0]LogSlate: SlateFontServices - WITH_FREETYPE: 1, WITH_HARFBUZZ: 1
[2021.01.28-02.29.29:515][  0]LogAssetRegistry: FAssetRegistry took 0.0033 seconds to start up
[2021.01.28-02.29.29:721][  0]LogInit: Selected Device Profile: [Windows]
[2021.01.28-02.29.29:828][  0]LogMeshReduction: Using QuadricMeshReduction for automatic static mesh reduction
[2021.01.28-02.29.29:828][  0]LogMeshReduction: Using SimplygonMeshReduction for automatic skeletal mesh reduction
[2021.01.28-02.29.29:828][  0]LogMeshReduction: Using ProxyLODMeshReduction for automatic mesh merging
[2021.01.28-02.29.29:828][  0]LogMeshReduction: No distributed automatic mesh merging module available
[2021.01.28-02.29.29:828][  0]LogMeshMerging: No distributed automatic mesh merging module available
[2021.01.28-02.29.29:842][  0]LogNetVersion: CO2301Assignment 1.0.0, NetCL: 13144385, EngineNetVer: 14, GameNetVer: 0 (Checksum: 736346464)
[2021.01.28-02.29.30:147][  0]LogAISub: UAISubsystem::UAISubsystem AISubsystem (0000024B7B09F840), frame # 0
[2021.01.28-02.29.30:147][  0]LogAISub: UAISubsystem::UAISubsystem AIPerceptionSystem (0000024B7B0A91C0), frame # 0
[2021.01.28-02.29.30:148][  0]LogAISub: UAISubsystem::UAISubsystem EnvQueryManager (0000024B7B0FDE00), frame # 0
[2021.01.28-02.29.30:192][  0]LogPackageLocalizationCache: Processed 19 localized package path(s) for 1 prioritized culture(s) in 0.038682 seconds
[2021.01.28-02.29.30:196][  0]LogUObjectArray: 15917 objects as part of root set at end of initial load.
[2021.01.28-02.29.30:197][  0]LogUObjectAllocator: 3965568 out of 0 bytes used by permanent object pool.
[2021.01.28-02.29.30:197][  0]LogUObjectArray: CloseDisregardForGC: 0/0 objects in disregard for GC pool
[2021.01.28-02.29.30:575][  0]LogTcpMessaging: Initializing TcpMessaging bridge
[2021.01.28-02.29.30:581][  0]LogUdpMessaging: Initializing bridge on interface 0.0.0.0:0 to multicast group 230.0.0.1:6666.
[2021.01.28-02.29.30:727][  0]SourceControl: Source control is disabled
[2021.01.28-02.29.30:728][  0]SourceControl: Source control is disabled
[2021.01.28-02.29.30:732][  0]SourceControl: Source control is disabled
[2021.01.28-02.29.30:736][  0]SourceControl: Source control is disabled
[2021.01.28-02.29.30:745][  0]SourceControl: Source control is disabled
[2021.01.28-02.29.31:044][  0]LogAndroidPermission: UAndroidPermissionCallbackProxy::GetInstance
[2021.01.28-02.29.31:068][  0]LogAudioCaptureCore: Display: No Audio Capture implementations found. Audio input will be silent.
[2021.01.28-02.29.31:068][  0]LogAudioCaptureCore: Display: No Audio Capture implementations found. Audio input will be silent.
[2021.01.28-02.29.31:121][  0]LogOcInput: OculusInput pre-init called
[2021.01.28-02.29.31:133][  0]LogWindows: Failed to load 'OVRPlugin.dll' (GetLastError=126)
[2021.01.28-02.29.31:133][  0]LogWindows: File 'OVRPlugin.dll' does not exist
[2021.01.28-02.29.31:197][  0]LogEngine: Initializing Engine...
[2021.01.28-02.29.31:198][  0]LogHMD: Failed to initialize OpenVR with code 110
[2021.01.28-02.29.31:198][  0]LogMagicLeap: Warning: VR disabled because ZI is not enabled.  To enable, in the editor, Edit -> Project Settings -> Plugins -> Magic Leap Plugin -> Enable Zero Iteration
[2021.01.28-02.29.31:199][  0]LogStats: UGameplayTagsManager::InitializeManager -  0.000 s
[2021.01.28-02.29.31:288][  0]LogInit: Initializing FReadOnlyCVARCache
[2021.01.28-02.29.31:295][  0]LogAIModule: Creating AISystem for world Untitled
[2021.01.28-02.29.31:296][  0]LogAISub: UAISubsystem::UAISubsystem EnvQueryManager (0000024B03D4E800), frame # 0
[2021.01.28-02.29.31:296][  0]LogAISub: UAISubsystem::UAISubsystem AIPerceptionSystem (0000024B03D96200), frame # 0
[2021.01.28-02.29.31:311][  0]LogAudioMixer: Display: Audio Mixer Platform Settings:
[2021.01.28-02.29.31:312][  0]LogAudioMixer: Display: 	Sample Rate:						  48000
[2021.01.28-02.29.31:312][  0]LogAudioMixer: Display: 	Callback Buffer Frame Size Requested: 1024
[2021.01.28-02.29.31:312][  0]LogAudioMixer: Display: 	Callback Buffer Frame Size To Use:	  1024
[2021.01.28-02.29.31:312][  0]LogAudioMixer: Display: 	Number of buffers to queue:			  2
[2021.01.28-02.29.31:312][  0]LogAudioMixer: Display: 	Max Channels (voices):				  32
[2021.01.28-02.29.31:312][  0]LogAudioMixer: Display: 	Number of Async Source Workers:		  0
[2021.01.28-02.29.31:312][  0]LogAudio: Display: AudioDevice MaxSources: 32
[2021.01.28-02.29.31:312][  0]LogAudio: Display: Using built-in audio occlusion.
[2021.01.28-02.29.31:312][  0]LogAudioMixer: Display: Initializing audio mixer.
[2021.01.28-02.29.31:326][  0]LogAudioMixer: Display: 0: FrontLeft
[2021.01.28-02.29.31:326][  0]LogAudioMixer: Display: 1: FrontRight
[2021.01.28-02.29.31:382][  0]LogAudioMixer: Display: Using Audio Device Speakers (Scarlett Solo USB)
[2021.01.28-02.29.31:384][  0]LogAudioMixer: Display: Initializing Sound Submixes...
[2021.01.28-02.29.31:386][  0]LogAudioMixer: Display: Creating Master Submix 'MasterSubmixDefault'
[2021.01.28-02.29.31:386][  0]LogAudioMixer: Display: Creating Master Submix 'MasterReverbSubmixDefault'
[2021.01.28-02.29.31:386][  0]LogAudioMixer: Display: Creating Master Submix 'MasterEQSubmixDefault'
[2021.01.28-02.29.31:388][  0]LogInit: FAudioDevice initialized.
[2021.01.28-02.29.31:388][  0]LogNetVersion: Set ProjectVersion to 1.0.0.0. Version Checksum will be recalculated on next use.
[2021.01.28-02.29.31:431][  0]LogDerivedDataCache: Saved boot cache 0.04s 76MB C:/Users/Emma/AppData/Local/UnrealEngine/4.25/DerivedDataCache/Boot.ddc.
[2021.01.28-02.29.31:435][  0]LogInit: Texture streaming: Enabled
[2021.01.28-02.29.31:455][  0]LogEngineSessionManager: EngineSessionManager initialized
[2021.01.28-02.29.31:455][  0]LogEditorSessionSummary: Verbose: Initializing EditorSessionSummaryWriter for editor session tracking
[2021.01.28-02.29.31:456][  0]LogEditorSessionSummary: EditorSessionSummaryWriter initialized
[2021.01.28-02.29.31:516][  0]LogInit: Transaction tracking system initialized
[2021.01.28-02.29.31:542][  0]BlueprintLog: New page: Editor Load
[2021.01.28-02.29.31:628][  0]LocalizationService: Localization service is disabled
[2021.01.28-02.29.31:779][  0]LogCook: Display: Max memory allowance for cook 16384mb min free memory 0mb
[2021.01.28-02.29.31:779][  0]LogCook: Display: Mobile HDR setting 1
[2021.01.28-02.29.31:931][  0]LogFileCache: Scanning file cache for directory 'C:/Users/Emma/Documents/GitHub/CO2301-Assignment/CO2301Assignment/Content/' took 0.01s
[2021.01.28-02.29.32:069][  0]SourceControl: Source control is disabled
[2021.01.28-02.29.32:069][  0]LogUnrealEdMisc: Loading editor; pre map load, took 5.814
[2021.01.28-02.29.32:069][  0]Cmd: MAP LOAD FILE="../../../../../../Users/Emma/Documents/GitHub/CO2301-Assignment/CO2301Assignment/Content/Level.umap" TEMPLATE=0 SHOWPROGRESS=1 FEATURELEVEL=3
[2021.01.28-02.29.32:070][  0]LightingResults: New page: Lighting Build
[2021.01.28-02.29.32:070][  0]LogWorld: UWorld::CleanupWorld for Untitled, bSessionEnded=true, bCleanupResources=true
[2021.01.28-02.29.32:070][  0]LogSlate: InvalidateAllWidgets triggered.  All widgets were invalidated
[2021.01.28-02.29.32:070][  0]MapCheck: New page: Map Check
[2021.01.28-02.29.32:070][  0]LightingResults: New page: Lighting Build
[2021.01.28-02.29.32:102][  0]LogAISub: UAISubsystem::~UAISubsystem EnvQueryManager (0000024B03D4E800), frame # 0
[2021.01.28-02.29.32:102][  0]LogAISub: UAISubsystem::~UAISubsystem AIPerceptionSystem (0000024B03D96200), frame # 0
[2021.01.28-02.29.32:103][  0]LogUObjectHash: Compacting FUObjectHashTables data took   0.62ms
[2021.01.28-02.29.32:398][  0]LogAIModule: Creating AISystem for world Level
[2021.01.28-02.29.32:398][  0]LogAISub: UAISubsystem::UAISubsystem EnvQueryManager (0000024B0E3B3E00), frame # 0
[2021.01.28-02.29.32:399][  0]LogAISub: UAISubsystem::UAISubsystem AIPerceptionSystem (0000024B0E3CF240), frame # 0
[2021.01.28-02.29.32:407][  0]LogEditorServer: Finished looking for orphan Actors (0.000 secs)
[2021.01.28-02.29.32:420][  0]LogUObjectHash: Compacting FUObjectHashTables data took   0.75ms
[2021.01.28-02.29.32:420][  0]Cmd: MAP CHECKDEP NOCLEARLOG
[2021.01.28-02.29.32:421][  0]MapCheck: Map check complete: 0 Error(s), 0 Warning(s), took 0.122ms to complete.
[2021.01.28-02.29.32:421][  0]LogFileHelpers: Loading map 'Level' took 0.352
[2021.01.28-02.29.32:423][  0]LogUnrealEdMisc: Total Editor Startup Time, took 6.168
[2021.01.28-02.29.32:542][  0]LogSlate: Updating window title bar state: overlay mode, drag disabled, window buttons hidden, title bar hidden
[2021.01.28-02.29.32:548][  0]LogSlate: Updating window title bar state: overlay mode, drag disabled, window buttons hidden, title bar hidden
[2021.01.28-02.29.32:553][  0]LogSlate: Updating window title bar state: overlay mode, drag disabled, window buttons hidden, title bar hidden
[2021.01.28-02.29.32:558][  0]LogSlate: Updating window title bar state: overlay mode, drag disabled, window buttons hidden, title bar hidden
[2021.01.28-02.29.32:566][  0]LogCollectionManager: Loaded 0 collections in 0.001523 seconds
[2021.01.28-02.29.32:581][  0]LogFileCache: Scanning file cache for directory 'C:/Users/Emma/Documents/GitHub/CO2301-Assignment/CO2301Assignment/Saved/Collections/' took 0.00s
[2021.01.28-02.29.32:581][  0]LogFileCache: Scanning file cache for directory 'C:/Users/Emma/Documents/GitHub/CO2301-Assignment/CO2301Assignment/Content/Developers/Emma/Collections/' took 0.00s
[2021.01.28-02.29.32:581][  0]LogFileCache: Scanning file cache for directory 'C:/Users/Emma/Documents/GitHub/CO2301-Assignment/CO2301Assignment/Content/Collections/' took 0.00s
[2021.01.28-02.29.32:581][  0]LogContentBrowser: Native class hierarchy populated in 0.0082 seconds. Added 3442 classes and 828 folders.
[2021.01.28-02.29.32:583][  0]LogContentBrowser: Native class hierarchy updated for 'WidgetCarousel' in 0.0003 seconds. Added 0 classes and 0 folders.
[2021.01.28-02.29.32:620][  0]LogContentBrowser: Native class hierarchy updated for 'AddContentDialog' in 0.0003 seconds. Added 0 classes and 0 folders.
[2021.01.28-02.29.32:623][  0]LogContentBrowser: Native class hierarchy updated for 'SceneOutliner' in 0.0002 seconds. Added 2 classes and 0 folders.
[2021.01.28-02.29.32:707][  0]LogSlate: Took 0.000102 seconds to synchronously load lazily loaded font '../../../Engine/Content/Slate/Fonts/Roboto-Regular.ttf' (155K)
[2021.01.28-02.29.32:708][  0]LogSlate: Took 0.000093 seconds to synchronously load lazily loaded font '../../../Engine/Content/Slate/Fonts/Roboto-Bold.ttf' (160K)
[2021.01.28-02.29.32:712][  0]LogSlate: Took 0.000080 seconds to synchronously load lazily loaded font '../../../Engine/Content/Editor/Slate/Fonts/FontAwesome.ttf' (139K)
[2021.01.28-02.29.32:760][  0]LogRenderer: Reallocating scene render targets to support 1616x808 Format 10 NumSamples 1 (Frame:1).
[2021.01.28-02.29.32:840][  0]LogContentBrowser: Native class hierarchy updated for 'HierarchicalLODOutliner' in 0.0003 seconds. Added 0 classes and 0 folders.
[2021.01.28-02.29.32:840][  0]LogLoad: (Engine Initialization) Total time: 6.58 seconds
[2021.01.28-02.29.32:840][  0]LogLoad: (Engine Initialization) Total Blueprint compile time: 0.00 seconds
[2021.01.28-02.29.32:911][  0]LogAssetRegistry: Asset discovery search completed in 3.3977 seconds
[2021.01.28-02.29.32:914][  0]LogCollectionManager: Fixed up redirectors for 0 collections in 0.000002 seconds (updated 0 objects)
[2021.01.28-02.29.32:915][  0]LogContentStreaming: Texture pool size now 1000 MB
[2021.01.28-02.29.35:894][351]LogTemp: Repeating last play command: Selected Viewport
[2021.01.28-02.29.35:911][351]LogPlayLevel: PlayLevel: No blueprints needed recompiling
[2021.01.28-02.29.35:911][351]PIE: New page: PIE session: Level (28 Jan 2021, 02:29:35)
[2021.01.28-02.29.35:913][351]LogOnline: OSS: Creating online subsystem instance for: NULL
[2021.01.28-02.29.35:914][351]LogOnline: OSS: TryLoadSubsystemAndSetDefault: Loaded subsystem for module [NULL]
[2021.01.28-02.29.35:914][351]LogPlayLevel: Creating play world package: /Game/UEDPIE_0_Level
[2021.01.28-02.29.35:929][351]LogPlayLevel: PIE: StaticDuplicateObject took: (0.014599s)
[2021.01.28-02.29.35:930][351]LogAIModule: Creating AISystem for world Level
[2021.01.28-02.29.35:930][351]LogAISub: UAISubsystem::UAISubsystem EnvQueryManager (0000024B31F02600), frame # 351
[2021.01.28-02.29.35:930][351]LogAISub: UAISubsystem::UAISubsystem AIPerceptionSystem (0000024B09759580), frame # 351
[2021.01.28-02.29.35:931][351]LogPlayLevel: PIE: World Init took: (0.001356s)
[2021.01.28-02.29.35:931][351]LogPlayLevel: PIE: Created PIE world by copying editor world from /Game/Level.Level to /Game/UEDPIE_0_Level.Level (0.016313s)
[2021.01.28-02.29.35:942][351]LogUObjectHash: Compacting FUObjectHashTables data took   0.58ms
[2021.01.28-02.29.35:943][351]LogAudioMixer: Display: Audio Mixer Platform Settings:
[2021.01.28-02.29.35:944][351]LogAudioMixer: Display: 	Sample Rate:						  48000
[2021.01.28-02.29.35:944][351]LogAudioMixer: Display: 	Callback Buffer Frame Size Requested: 1024
[2021.01.28-02.29.35:944][351]LogAudioMixer: Display: 	Callback Buffer Frame Size To Use:	  1024
[2021.01.28-02.29.35:944][351]LogAudioMixer: Display: 	Number of buffers to queue:			  2
[2021.01.28-02.29.35:944][351]LogAudioMixer: Display: 	Max Channels (voices):				  32
[2021.01.28-02.29.35:944][351]LogAudioMixer: Display: 	Number of Async Source Workers:		  0
[2021.01.28-02.29.35:944][351]LogAudio: Display: AudioDevice MaxSources: 32
[2021.01.28-02.29.35:944][351]LogAudio: Display: Using built-in audio occlusion.
[2021.01.28-02.29.35:944][351]LogAudioMixer: Display: Initializing audio mixer.
[2021.01.28-02.29.35:947][351]LogAudioMixer: Display: 0: FrontLeft
[2021.01.28-02.29.35:947][351]LogAudioMixer: Display: 1: FrontRight
[2021.01.28-02.29.35:968][351]LogAudioMixer: Display: Using Audio Device Speakers (Scarlett Solo USB)
[2021.01.28-02.29.35:968][351]LogAudioMixer: Display: Initializing Sound Submixes...
[2021.01.28-02.29.35:968][351]LogAudioMixer: Display: Creating Master Submix 'MasterSubmixDefault'
[2021.01.28-02.29.35:969][351]LogAudioMixer: Display: Creating Master Submix 'MasterReverbSubmixDefault'
[2021.01.28-02.29.35:969][351]LogAudioMixer: Display: Creating Master Submix 'MasterEQSubmixDefault'
[2021.01.28-02.29.35:979][351]LogInit: FAudioDevice initialized.
[2021.01.28-02.29.35:990][351]LogLoad: Game class is 'BP_CO2301AssignmentGameModeBase_C'
[2021.01.28-02.29.35:995][351]LogWorld: Bringing World /Game/UEDPIE_0_Level.Level up for play (max tick rate 0) at 2021.01.28-02.29.35
[2021.01.28-02.29.35:995][351]LogWorld: Bringing up level for play took: 0.004326
[2021.01.28-02.29.35:996][351]LogOnline: OSS: Creating online subsystem instance for: :Context_3
[2021.01.28-02.29.35:999][351]LogContentBrowser: Native class hierarchy updated for 'MovieSceneCapture' in 0.0004 seconds. Added 20 classes and 0 folders.
[2021.01.28-02.29.36:001][351]PIE: Server logged in
[2021.01.28-02.29.36:003][351]PIE: Play in editor total start time 0.092 seconds.
[2021.01.28-02.29.36:648][426]LogTemp: Warning: Shoot
[2021.01.28-02.30.33:024][169]LogAssetEditorSubsystem: Opening Asset editor for BehaviorTree /Game/AI/BT_EnemyAI.BT_EnemyAI
[2021.01.28-02.30.33:060][169]LogBehaviorTree: Warning: Blackboard Based Condition[0]> Failed to find key 'AIState' in BB asset BlackboardData /Game/AI/BB_EnemyAI.BB_EnemyAI. BB Key Selector will be set to 'Invalid'
[2021.01.28-02.30.33:060][169]LogBehaviorTree: Warning: Blackboard Based Condition[0]> Failed to find key 'AIState' in BB asset BlackboardData /Game/AI/BB_EnemyAI.BB_EnemyAI. BB Key Selector will be set to 'Invalid'
[2021.01.28-02.30.33:097][169]LogSlate: Took 0.000118 seconds to synchronously load lazily loaded font '../../../Engine/Content/Slate/Fonts/Roboto-Light.ttf' (167K)
[2021.01.28-02.30.33:098][169]LogSlate: Took 0.000097 seconds to synchronously load lazily loaded font '../../../Engine/Content/Slate/Fonts/Roboto-BoldCondensed.ttf' (158K)
[2021.01.28-02.30.34:495][332]LogTemp: Warning: Shoot
[2021.01.28-02.31.37:243][859]LogTemp: Warning: Shoot
[2021.01.28-02.31.38:759][ 36]LogSlate: Updating window title bar state: overlay mode, drag disabled, window buttons hidden, title bar hidden
[2021.01.28-02.31.38:759][ 36]LogWorld: BeginTearingDown for /Game/UEDPIE_0_Level
[2021.01.28-02.31.38:759][ 36]LogWorld: UWorld::CleanupWorld for Level, bSessionEnded=true, bCleanupResources=true
[2021.01.28-02.31.38:760][ 36]LogSlate: InvalidateAllWidgets triggered.  All widgets were invalidated
[2021.01.28-02.31.38:771][ 36]LogPlayLevel: Display: Shutting down PIE online subsystems
[2021.01.28-02.31.38:772][ 36]LogSlate: InvalidateAllWidgets triggered.  All widgets were invalidated
[2021.01.28-02.31.38:804][ 36]LogSlate: Updating window title bar state: overlay mode, drag disabled, window buttons hidden, title bar hidden
[2021.01.28-02.31.38:805][ 36]LogAISub: UAISubsystem::~UAISubsystem EnvQueryManager (0000024B31F02600), frame # 15036
[2021.01.28-02.31.38:805][ 36]LogAISub: UAISubsystem::~UAISubsystem AIPerceptionSystem (0000024B09759580), frame # 15036
[2021.01.28-02.31.38:806][ 36]LogUObjectHash: Compacting FUObjectHashTables data took   0.72ms
[2021.01.28-02.31.38:840][ 37]LogPlayLevel: Display: Destroying online subsystem :Context_3
[2021.01.28-02.31.48:164][ 89]LogTemp: Repeating last play command: Selected Viewport
[2021.01.28-02.31.48:183][ 89]LogPlayLevel: PlayLevel: No blueprints needed recompiling
[2021.01.28-02.31.48:183][ 89]PIE: New page: PIE session: Level (28 Jan 2021, 02:31:48)
[2021.01.28-02.31.48:183][ 89]LogPlayLevel: Creating play world package: /Game/UEDPIE_0_Level
[2021.01.28-02.31.48:197][ 89]LogPlayLevel: PIE: StaticDuplicateObject took: (0.013497s)
[2021.01.28-02.31.48:198][ 89]LogAIModule: Creating AISystem for world Level
[2021.01.28-02.31.48:198][ 89]LogAISub: UAISubsystem::UAISubsystem EnvQueryManager (0000024B347D7400), frame # 16089
[2021.01.28-02.31.48:198][ 89]LogAISub: UAISubsystem::UAISubsystem AIPerceptionSystem (0000024B31CED300), frame # 16089
[2021.01.28-02.31.48:198][ 89]LogPlayLevel: PIE: World Init took: (0.001054s)
[2021.01.28-02.31.48:198][ 89]LogPlayLevel: PIE: Created PIE world by copying editor world from /Game/Level.Level to /Game/UEDPIE_0_Level.Level (0.014800s)
[2021.01.28-02.31.48:208][ 89]LogUObjectHash: Compacting FUObjectHashTables data took   0.56ms
[2021.01.28-02.31.48:209][ 89]LogAudioMixer: Display: Audio Mixer Platform Settings:
[2021.01.28-02.31.48:209][ 89]LogAudioMixer: Display: 	Sample Rate:						  48000
[2021.01.28-02.31.48:209][ 89]LogAudioMixer: Display: 	Callback Buffer Frame Size Requested: 1024
[2021.01.28-02.31.48:209][ 89]LogAudioMixer: Display: 	Callback Buffer Frame Size To Use:	  1024
[2021.01.28-02.31.48:209][ 89]LogAudioMixer: Display: 	Number of buffers to queue:			  2
[2021.01.28-02.31.48:210][ 89]LogAudioMixer: Display: 	Max Channels (voices):				  32
[2021.01.28-02.31.48:210][ 89]LogAudioMixer: Display: 	Number of Async Source Workers:		  0
[2021.01.28-02.31.48:210][ 89]LogAudio: Display: AudioDevice MaxSources: 32
[2021.01.28-02.31.48:210][ 89]LogAudio: Display: Using built-in audio occlusion.
[2021.01.28-02.31.48:210][ 89]LogAudioMixer: Display: Initializing audio mixer.
[2021.01.28-02.31.48:212][ 89]LogAudioMixer: Display: 0: FrontLeft
[2021.01.28-02.31.48:212][ 89]LogAudioMixer: Display: 1: FrontRight
[2021.01.28-02.31.48:233][ 89]LogAudioMixer: Display: Using Audio Device Speakers (Scarlett Solo USB)
[2021.01.28-02.31.48:233][ 89]LogAudioMixer: Display: Initializing Sound Submixes...
[2021.01.28-02.31.48:234][ 89]LogAudioMixer: Display: Creating Master Submix 'MasterSubmixDefault'
[2021.01.28-02.31.48:234][ 89]LogAudioMixer: Display: Creating Master Submix 'MasterReverbSubmixDefault'
[2021.01.28-02.31.48:234][ 89]LogAudioMixer: Display: Creating Master Submix 'MasterEQSubmixDefault'
[2021.01.28-02.31.48:244][ 89]LogInit: FAudioDevice initialized.
[2021.01.28-02.31.48:253][ 89]LogLoad: Game class is 'BP_CO2301AssignmentGameModeBase_C'
[2021.01.28-02.31.48:257][ 89]LogWorld: Bringing World /Game/UEDPIE_0_Level.Level up for play (max tick rate 0) at 2021.01.28-02.31.48
[2021.01.28-02.31.48:257][ 89]LogWorld: Bringing up level for play took: 0.003935
[2021.01.28-02.31.48:258][ 89]LogOnline: OSS: Creating online subsystem instance for: :Context_6
[2021.01.28-02.31.48:262][ 89]PIE: Server logged in
[2021.01.28-02.31.48:262][ 89]PIE: Play in editor total start time 0.081 seconds.
[2021.01.28-02.32.22:679][106]LogSlate: Updating window title bar state: overlay mode, drag disabled, window buttons hidden, title bar hidden
[2021.01.28-02.32.22:679][106]LogWorld: BeginTearingDown for /Game/UEDPIE_0_Level
[2021.01.28-02.32.22:680][106]LogWorld: UWorld::CleanupWorld for Level, bSessionEnded=true, bCleanupResources=true
[2021.01.28-02.32.22:680][106]LogSlate: InvalidateAllWidgets triggered.  All widgets were invalidated
[2021.01.28-02.32.22:691][106]LogPlayLevel: Display: Shutting down PIE online subsystems
[2021.01.28-02.32.22:693][106]LogSlate: InvalidateAllWidgets triggered.  All widgets were invalidated
[2021.01.28-02.32.22:721][106]LogSlate: Updating window title bar state: overlay mode, drag disabled, window buttons hidden, title bar hidden
[2021.01.28-02.32.22:722][106]LogAISub: UAISubsystem::~UAISubsystem AIPerceptionSystem (0000024B31CED300), frame # 20106
[2021.01.28-02.32.22:722][106]LogAISub: UAISubsystem::~UAISubsystem EnvQueryManager (0000024B347D7400), frame # 20106
[2021.01.28-02.32.22:723][106]LogUObjectHash: Compacting FUObjectHashTables data took   0.61ms
[2021.01.28-02.32.22:768][107]LogPlayLevel: Display: Destroying online subsystem :Context_6
[2021.01.28-02.32.27:050][605]LogBehaviorTree: Warning: Blackboard Based Condition[0]> Failed to find key 'AIState' in BB asset BlackboardData /Game/AI/BB_EnemyAI.BB_EnemyAI. BB Key Selector will be set to 'Invalid'
[2021.01.28-02.32.27:050][605]LogBehaviorTree: Warning: Blackboard Based Condition[0]> Failed to find key 'AIState' in BB asset BlackboardData /Game/AI/BB_EnemyAI.BB_EnemyAI. BB Key Selector will be set to 'Invalid'
[2021.01.28-02.32.27:067][605]Cmd: OBJ SAVEPACKAGE PACKAGE="/Game/AI/BT_EnemyAI" FILE="../../../../../../Users/Emma/Documents/GitHub/CO2301-Assignment/CO2301Assignment/Content/AI/BT_EnemyAI.uasset" SILENT=true
[2021.01.28-02.32.27:086][605]LogSavePackage: Moving '../../../../../../Users/Emma/Documents/GitHub/CO2301-Assignment/CO2301Assignment/Saved/BT_EnemyAIDF75891649E4AD53EB1F43B94C1D01DE.tmp' to '../../../../../../Users/Emma/Documents/GitHub/CO2301-Assignment/CO2301Assignment/Content/AI/BT_EnemyAI.uasset'
[2021.01.28-02.32.27:095][605]AssetCheck: New page: Asset Save: BT_EnemyAI
[2021.01.28-02.32.27:095][605]LogContentValidation: Display: Validating BehaviorTree /Game/AI/BT_EnemyAI.BT_EnemyAI
[2021.01.28-02.32.28:301][747]LogTemp: Repeating last play command: Selected Viewport
[2021.01.28-02.32.28:319][747]LogPlayLevel: PlayLevel: No blueprints needed recompiling
[2021.01.28-02.32.28:319][747]PIE: New page: PIE session: Level (28 Jan 2021, 02:32:28)
[2021.01.28-02.32.28:319][747]LogPlayLevel: Creating play world package: /Game/UEDPIE_0_Level
[2021.01.28-02.32.28:332][747]LogPlayLevel: PIE: StaticDuplicateObject took: (0.013081s)
[2021.01.28-02.32.28:333][747]LogAIModule: Creating AISystem for world Level
[2021.01.28-02.32.28:333][747]LogAISub: UAISubsystem::UAISubsystem EnvQueryManager (0000024B1E87AC00), frame # 20747
[2021.01.28-02.32.28:333][747]LogAISub: UAISubsystem::UAISubsystem AIPerceptionSystem (0000024B1DF6D6C0), frame # 20747
[2021.01.28-02.32.28:333][747]LogPlayLevel: PIE: World Init took: (0.000979s)
[2021.01.28-02.32.28:333][747]LogPlayLevel: PIE: Created PIE world by copying editor world from /Game/Level.Level to /Game/UEDPIE_0_Level.Level (0.014272s)
[2021.01.28-02.32.28:343][747]LogUObjectHash: Compacting FUObjectHashTables data took   0.57ms
[2021.01.28-02.32.28:344][747]LogAudioMixer: Display: Audio Mixer Platform Settings:
[2021.01.28-02.32.28:344][747]LogAudioMixer: Display: 	Sample Rate:						  48000
[2021.01.28-02.32.28:344][747]LogAudioMixer: Display: 	Callback Buffer Frame Size Requested: 1024
[2021.01.28-02.32.28:344][747]LogAudioMixer: Display: 	Callback Buffer Frame Size To Use:	  1024
[2021.01.28-02.32.28:344][747]LogAudioMixer: Display: 	Number of buffers to queue:			  2
[2021.01.28-02.32.28:345][747]LogAudioMixer: Display: 	Max Channels (voices):				  32
[2021.01.28-02.32.28:345][747]LogAudioMixer: Display: 	Number of Async Source Workers:		  0
[2021.01.28-02.32.28:345][747]LogAudio: Display: AudioDevice MaxSources: 32
[2021.01.28-02.32.28:345][747]LogAudio: Display: Using built-in audio occlusion.
[2021.01.28-02.32.28:345][747]LogAudioMixer: Display: Initializing audio mixer.
[2021.01.28-02.32.28:348][747]LogAudioMixer: Display: 0: FrontLeft
[2021.01.28-02.32.28:348][747]LogAudioMixer: Display: 1: FrontRight
[2021.01.28-02.32.28:367][747]LogAudioMixer: Display: Using Audio Device Speakers (Scarlett Solo USB)
[2021.01.28-02.32.28:367][747]LogAudioMixer: Display: Initializing Sound Submixes...
[2021.01.28-02.32.28:367][747]LogAudioMixer: Display: Creating Master Submix 'MasterSubmixDefault'
[2021.01.28-02.32.28:367][747]LogAudioMixer: Display: Creating Master Submix 'MasterReverbSubmixDefault'
[2021.01.28-02.32.28:367][747]LogAudioMixer: Display: Creating Master Submix 'MasterEQSubmixDefault'
[2021.01.28-02.32.28:377][747]LogInit: FAudioDevice initialized.
[2021.01.28-02.32.28:389][747]LogLoad: Game class is 'BP_CO2301AssignmentGameModeBase_C'
[2021.01.28-02.32.28:393][747]LogWorld: Bringing World /Game/UEDPIE_0_Level.Level up for play (max tick rate 0) at 2021.01.28-02.32.28
[2021.01.28-02.32.28:393][747]LogWorld: Bringing up level for play took: 0.003628
[2021.01.28-02.32.28:394][747]LogOnline: OSS: Creating online subsystem instance for: :Context_7
[2021.01.28-02.32.28:398][747]PIE: Server logged in
[2021.01.28-02.32.28:399][747]PIE: Play in editor total start time 0.082 seconds.
[2021.01.28-02.32.28:865][802]LogTemp: Warning: Shoot
[2021.01.28-02.33.03:220][921]LogSlate: Updating window title bar state: overlay mode, drag disabled, window buttons hidden, title bar hidden
[2021.01.28-02.33.03:220][921]LogWorld: BeginTearingDown for /Game/UEDPIE_0_Level
[2021.01.28-02.33.03:220][921]LogWorld: UWorld::CleanupWorld for Level, bSessionEnded=true, bCleanupResources=true
[2021.01.28-02.33.03:221][921]LogSlate: InvalidateAllWidgets triggered.  All widgets were invalidated
[2021.01.28-02.33.03:227][921]LogPlayLevel: Display: Shutting down PIE online subsystems
[2021.01.28-02.33.03:229][921]LogSlate: InvalidateAllWidgets triggered.  All widgets were invalidated
[2021.01.28-02.33.03:257][921]LogSlate: Updating window title bar state: overlay mode, drag disabled, window buttons hidden, title bar hidden
[2021.01.28-02.33.03:258][921]LogAISub: UAISubsystem::~UAISubsystem AIPerceptionSystem (0000024B1DF6D6C0), frame # 24921
[2021.01.28-02.33.03:258][921]LogAISub: UAISubsystem::~UAISubsystem EnvQueryManager (0000024B1E87AC00), frame # 24921
[2021.01.28-02.33.03:259][921]LogUObjectHash: Compacting FUObjectHashTables data took   0.59ms
[2021.01.28-02.33.03:321][923]LogPlayLevel: Display: Destroying online subsystem :Context_7
[2021.01.28-02.33.38:143][308]LogSlate: Window 'BT_EnemyAI' being destroyed
[2021.01.28-02.33.38:146][308]LogSlate: Window 'BT_EnemyAI' being destroyed
[2021.01.28-02.33.51:456][710]LogEditorViewport: Clicking on Actor (LMB): BP_BaseCharacter_C (BP_BaseCharacter)
[2021.01.28-02.34.11:822][ 95]LogUObjectHash: Compacting FUObjectHashTables data took   0.60ms
[2021.01.28-02.34.13:184][ 95]LogSlate: Window 'Save Content' being destroyed
[2021.01.28-02.34.13:198][ 95]Cmd: OBJ SAVEPACKAGE PACKAGE="/Game/Level" FILE="../../../../../../Users/Emma/Documents/GitHub/CO2301-Assignment/CO2301Assignment/Content/Level.umap" SILENT=true AUTOSAVING=false KEEPDIRTY=false
[2021.01.28-02.34.13:209][ 95]LogUObjectHash: Compacting FUObjectHashTables data took   0.23ms
[2021.01.28-02.34.13:262][ 95]LogSavePackage: Moving '../../../../../../Users/Emma/Documents/GitHub/CO2301-Assignment/CO2301Assignment/Saved/Level8647A8B64891C2C444E807B722C1EB9F.tmp' to '../../../../../../Users/Emma/Documents/GitHub/CO2301-Assignment/CO2301Assignment/Content/Level.umap'
[2021.01.28-02.34.13:294][ 95]LogFileHelpers: Saving map 'Level' took 0.097
[2021.01.28-02.34.13:295][ 95]Cmd: OBJ SAVEPACKAGE PACKAGE="/Game/Level_BuiltData" FILE="../../../../../../Users/Emma/Documents/GitHub/CO2301-Assignment/CO2301Assignment/Content/Level_BuiltData.uasset" SILENT=true
[2021.01.28-02.34.13:318][ 95]LogSavePackage: Moving '../../../../../../Users/Emma/Documents/GitHub/CO2301-Assignment/CO2301Assignment/Saved/Level_BuiltData543A4EEE4F62A9CE86716E83439FAB53.tmp' to '../../../../../../Users/Emma/Documents/GitHub/CO2301-Assignment/CO2301Assignment/Content/Level_BuiltData.uasset'
[2021.01.28-02.34.13:330][ 95]AssetCheck: New page: Asset Save: multiple assets
[2021.01.28-02.34.13:330][ 95]LogContentValidation: Display: Validating World /Game/Level.Level
[2021.01.28-02.34.13:331][ 95]LogContentValidation: Display: Validating MapBuildDataRegistry /Game/Level_BuiltData.Level_BuiltData
[2021.01.28-02.34.14:468][230]LogTemp: Repeating last play command: Selected Viewport
[2021.01.28-02.34.14:484][230]LogPlayLevel: PlayLevel: No blueprints needed recompiling
[2021.01.28-02.34.14:484][230]PIE: New page: PIE session: Level (28 Jan 2021, 02:34:14)
[2021.01.28-02.34.14:508][230]LogPlayLevel: Creating play world package: /Game/UEDPIE_0_Level
[2021.01.28-02.34.14:521][230]LogPlayLevel: PIE: StaticDuplicateObject took: (0.013526s)
[2021.01.28-02.34.14:522][230]LogAIModule: Creating AISystem for world Level
[2021.01.28-02.34.14:522][230]LogAISub: UAISubsystem::UAISubsystem EnvQueryManager (0000024B8DBE6800), frame # 29230
[2021.01.28-02.34.14:522][230]LogAISub: UAISubsystem::UAISubsystem AIPerceptionSystem (0000024B31CEFB00), frame # 29230
[2021.01.28-02.34.14:522][230]LogPlayLevel: PIE: World Init took: (0.001067s)
[2021.01.28-02.34.14:522][230]LogPlayLevel: PIE: Created PIE world by copying editor world from /Game/Level.Level to /Game/UEDPIE_0_Level.Level (0.014906s)
[2021.01.28-02.34.14:532][230]LogUObjectHash: Compacting FUObjectHashTables data took   0.57ms
[2021.01.28-02.34.14:532][230]LogAudioMixer: Display: Audio Mixer Platform Settings:
[2021.01.28-02.34.14:533][230]LogAudioMixer: Display: 	Sample Rate:						  48000
[2021.01.28-02.34.14:533][230]LogAudioMixer: Display: 	Callback Buffer Frame Size Requested: 1024
[2021.01.28-02.34.14:533][230]LogAudioMixer: Display: 	Callback Buffer Frame Size To Use:	  1024
[2021.01.28-02.34.14:533][230]LogAudioMixer: Display: 	Number of buffers to queue:			  2
[2021.01.28-02.34.14:533][230]LogAudioMixer: Display: 	Max Channels (voices):				  32
[2021.01.28-02.34.14:533][230]LogAudioMixer: Display: 	Number of Async Source Workers:		  0
[2021.01.28-02.34.14:533][230]LogAudio: Display: AudioDevice MaxSources: 32
[2021.01.28-02.34.14:533][230]LogAudio: Display: Using built-in audio occlusion.
[2021.01.28-02.34.14:533][230]LogAudioMixer: Display: Initializing audio mixer.
[2021.01.28-02.34.14:536][230]LogAudioMixer: Display: 0: FrontLeft
[2021.01.28-02.34.14:536][230]LogAudioMixer: Display: 1: FrontRight
[2021.01.28-02.34.14:557][230]LogAudioMixer: Display: Using Audio Device Speakers (Scarlett Solo USB)
[2021.01.28-02.34.14:557][230]LogAudioMixer: Display: Initializing Sound Submixes...
[2021.01.28-02.34.14:557][230]LogAudioMixer: Display: Creating Master Submix 'MasterSubmixDefault'
[2021.01.28-02.34.14:558][230]LogAudioMixer: Display: Creating Master Submix 'MasterReverbSubmixDefault'
[2021.01.28-02.34.14:558][230]LogAudioMixer: Display: Creating Master Submix 'MasterEQSubmixDefault'
[2021.01.28-02.34.14:568][230]LogInit: FAudioDevice initialized.
[2021.01.28-02.34.14:580][230]LogLoad: Game class is 'BP_CO2301AssignmentGameModeBase_C'
[2021.01.28-02.34.14:584][230]LogWorld: Bringing World /Game/UEDPIE_0_Level.Level up for play (max tick rate 0) at 2021.01.28-02.34.14
[2021.01.28-02.34.14:585][230]LogWorld: Bringing up level for play took: 0.003651
[2021.01.28-02.34.14:585][230]LogOnline: OSS: Creating online subsystem instance for: :Context_8
[2021.01.28-02.34.14:589][230]PIE: Server logged in
[2021.01.28-02.34.14:589][230]PIE: Play in editor total start time 0.106 seconds.
[2021.01.28-02.34.15:245][307]LogTemp: Warning: Shoot
[2021.01.28-02.34.28:478][885]LogSlate: Updating window title bar state: overlay mode, drag disabled, window buttons hidden, title bar hidden
[2021.01.28-02.34.28:479][885]LogWorld: BeginTearingDown for /Game/UEDPIE_0_Level
[2021.01.28-02.34.28:479][885]LogWorld: UWorld::CleanupWorld for Level, bSessionEnded=true, bCleanupResources=true
[2021.01.28-02.34.28:480][885]LogSlate: InvalidateAllWidgets triggered.  All widgets were invalidated
[2021.01.28-02.34.28:489][885]LogPlayLevel: Display: Shutting down PIE online subsystems
[2021.01.28-02.34.28:490][885]LogSlate: InvalidateAllWidgets triggered.  All widgets were invalidated
[2021.01.28-02.34.28:519][885]LogSlate: Updating window title bar state: overlay mode, drag disabled, window buttons hidden, title bar hidden
[2021.01.28-02.34.28:520][885]LogAISub: UAISubsystem::~UAISubsystem AIPerceptionSystem (0000024B31CEFB00), frame # 30885
[2021.01.28-02.34.28:520][885]LogAISub: UAISubsystem::~UAISubsystem EnvQueryManager (0000024B8DBE6800), frame # 30885
[2021.01.28-02.34.28:521][885]LogUObjectHash: Compacting FUObjectHashTables data took   0.58ms
[2021.01.28-02.34.28:555][887]LogPlayLevel: Display: Destroying online subsystem :Context_8
[2021.01.28-02.35.22:740][573]LogUObjectHash: Compacting FUObjectHashTables data took   0.56ms
[2021.01.28-02.35.24:232][751]LogUObjectHash: Compacting FUObjectHashTables data took   0.22ms
[2021.01.28-02.35.24:308][751]LogSlate: Window 'CO2301Assignment - Unreal Editor' being destroyed
[2021.01.28-02.35.24:309][751]LogWindowsTextInputMethodSystem: Display: IME system now deactivated.
[2021.01.28-02.35.24:427][752]Cmd: QUIT_EDITOR
[2021.01.28-02.35.24:427][752]LogCore: Engine exit requested (reason: UUnrealEdEngine::CloseEditor())
[2021.01.28-02.35.24:434][752]LogCore: Engine exit requested (reason: EngineExit() was called; note: exit was already requested)
[2021.01.28-02.35.24:719][752]LogExit: Preparing to exit.
[2021.01.28-02.35.25:360][752]LogWorld: UWorld::CleanupWorld for World_3, bSessionEnded=true, bCleanupResources=true
[2021.01.28-02.35.25:360][752]LogWorld: UWorld::CleanupWorld for World_2, bSessionEnded=true, bCleanupResources=true
[2021.01.28-02.35.25:360][752]LogWorld: UWorld::CleanupWorld for World_0, bSessionEnded=true, bCleanupResources=true
[2021.01.28-02.35.25:360][752]LogWorld: UWorld::CleanupWorld for World_1, bSessionEnded=true, bCleanupResources=true
[2021.01.28-02.35.25:367][752]LogDemo: Cleaned up 0 splitscreen connections with owner deletion
[2021.01.28-02.35.25:371][752]LogWorld: UWorld::CleanupWorld for None, bSessionEnded=true, bCleanupResources=true
[2021.01.28-02.35.25:371][752]LogExit: Editor shut down
[2021.01.28-02.35.25:372][752]LogExit: Transaction tracking system shut down
[2021.01.28-02.35.25:486][752]LogAISub: UAISubsystem::~UAISubsystem AISubsystem (0000024B7B09F840), frame # 31752
[2021.01.28-02.35.25:486][752]LogAISub: UAISubsystem::~UAISubsystem AIPerceptionSystem (0000024B7B0A91C0), frame # 31752
[2021.01.28-02.35.25:486][752]LogAISub: UAISubsystem::~UAISubsystem EnvQueryManager (0000024B7B0FDE00), frame # 31752
[2021.01.28-02.35.25:492][752]LogAISub: UAISubsystem::~UAISubsystem EnvQueryManager (0000024B0E3B3E00), frame # 31752
[2021.01.28-02.35.25:492][752]LogAISub: UAISubsystem::~UAISubsystem AIPerceptionSystem (0000024B0E3CF240), frame # 31752
[2021.01.28-02.35.25:511][752]LogExit: Object subsystem successfully closed.
[2021.01.28-02.35.25:546][752]LogShaderCompilers: Display: Shaders left to compile 0
[2021.01.28-02.35.25:565][752]LogModuleManager: Shutting down and abandoning module MovieSceneCapture (800)
[2021.01.28-02.35.25:565][752]LogModuleManager: Shutting down and abandoning module Voice (798)
[2021.01.28-02.35.25:565][752]LogModuleManager: Shutting down and abandoning module HierarchicalLODOutliner (796)
[2021.01.28-02.35.25:565][752]LogModuleManager: Shutting down and abandoning module SceneOutliner (794)
[2021.01.28-02.35.25:565][752]LogModuleManager: Shutting down and abandoning module AddContentDialog (792)
[2021.01.28-02.35.25:566][752]LogModuleManager: Shutting down and abandoning module WidgetCarousel (791)
[2021.01.28-02.35.25:566][752]LogModuleManager: Shutting down and abandoning module EditorWidgets (788)
[2021.01.28-02.35.25:566][752]LogModuleManager: Shutting down and abandoning module CollectionManager (786)
[2021.01.28-02.35.25:566][752]LogModuleManager: Shutting down and abandoning module StatsViewer (784)
[2021.01.28-02.35.25:566][752]LogModuleManager: Shutting down and abandoning module VirtualTexturingEditor (782)
[2021.01.28-02.35.25:566][752]LogModuleManager: Shutting down and abandoning module FoliageEdit (780)
[2021.01.28-02.35.25:566][752]LogModuleManager: Shutting down and abandoning module LandscapeEditor (778)
[2021.01.28-02.35.25:566][752]LogModuleManager: Shutting down and abandoning module MeshPaintMode (776)
[2021.01.28-02.35.25:566][752]LogModuleManager: Shutting down and abandoning module SceneDepthPickerMode (774)
[2021.01.28-02.35.25:566][752]LogModuleManager: Shutting down and abandoning module ActorPickerMode (772)
[2021.01.28-02.35.25:566][752]LogModuleManager: Shutting down and abandoning module PIEPreviewDeviceProfileSelector (770)
[2021.01.28-02.35.25:566][752]LogModuleManager: Shutting down and abandoning module SequenceRecorderSections (768)
[2021.01.28-02.35.25:566][752]LogModuleManager: Shutting down and abandoning module AutomationWorker (766)
[2021.01.28-02.35.25:567][752]LogModuleManager: Shutting down and abandoning module SteamVREditor (764)
[2021.01.28-02.35.25:567][752]LogModuleManager: Shutting down and abandoning module OculusMR (762)
[2021.01.28-02.35.25:567][752]LogModuleManager: Shutting down and abandoning module GooglePADEditor (760)
[2021.01.28-02.35.25:567][752]LogModuleManager: Shutting down and abandoning module AudioCaptureEditor (758)
[2021.01.28-02.35.25:567][752]LogModuleManager: Shutting down and abandoning module TemplateSequenceEditor (756)
[2021.01.28-02.35.25:567][752]LogModuleManager: Shutting down and abandoning module MatineeToLevelSequence (754)
[2021.01.28-02.35.25:567][752]LogModuleManager: Shutting down and abandoning module LevelSequenceEditor (752)
[2021.01.28-02.35.25:567][752]LogModuleManager: Shutting down and abandoning module ActorSequenceEditor (750)
[2021.01.28-02.35.25:567][752]LogModuleManager: Shutting down and abandoning module WmfMediaFactory (748)
[2021.01.28-02.35.25:567][752]LogModuleManager: Shutting down and abandoning module WmfMediaEditor (746)
[2021.01.28-02.35.25:567][752]LogModuleManager: Shutting down and abandoning module WebMMediaFactory (744)
[2021.01.28-02.35.25:567][752]LogModuleManager: Shutting down and abandoning module WebMMediaEditor (742)
[2021.01.28-02.35.25:567][752]LogModuleManager: Shutting down and abandoning module WebMMedia (740)
[2021.01.28-02.35.25:567][752]LogModuleManager: Shutting down and abandoning module MediaPlayerEditor (738)
[2021.01.28-02.35.25:567][752]LogModuleManager: Shutting down and abandoning module MediaCompositingEditor (736)
[2021.01.28-02.35.25:567][752]LogModuleManager: Shutting down and abandoning module SequenceRecorder (735)
[2021.01.28-02.35.25:567][752]LogModuleManager: Shutting down and abandoning module OpenExrWrapper (732)
[2021.01.28-02.35.25:567][752]LogModuleManager: Shutting down and abandoning module ImgMediaFactory (730)
[2021.01.28-02.35.25:567][752]LogModuleManager: Shutting down and abandoning module ImgMediaEditor (728)
[2021.01.28-02.35.25:567][752]LogModuleManager: Shutting down and abandoning module AvfMediaFactory (726)
[2021.01.28-02.35.25:567][752]LogModuleManager: Shutting down and abandoning module AvfMediaEditor (724)
[2021.01.28-02.35.25:567][752]LogModuleManager: Shutting down and abandoning module AndroidMediaFactory (722)
[2021.01.28-02.35.25:568][752]LogModuleManager: Shutting down and abandoning module AndroidMediaEditor (720)
[2021.01.28-02.35.25:568][752]LogModuleManager: Shutting down and abandoning module MagicLeapMediaCodecFactory (718)
[2021.01.28-02.35.25:568][752]LogModuleManager: Shutting down and abandoning module MagicLeapMediaFactory (716)
[2021.01.28-02.35.25:568][752]LogModuleManager: Shutting down and abandoning module MagicLeapMediaEditor (714)
[2021.01.28-02.35.25:568][752]LogModuleManager: Shutting down and abandoning module PlanarCut (712)
[2021.01.28-02.35.25:568][752]LogModuleManager: Shutting down and abandoning module CharacterAI (710)
[2021.01.28-02.35.25:568][752]LogModuleManager: Shutting down and abandoning module TextureAlignMode (708)
[2021.01.28-02.35.25:568][752]LogModuleManager: Shutting down and abandoning module BspMode (706)
[2021.01.28-02.35.25:568][752]LogModuleManager: Shutting down and abandoning module PlacementMode (705)
[2021.01.28-02.35.25:568][752]LogModuleManager: Shutting down and abandoning module GeometryMode (702)
[2021.01.28-02.35.25:568][752]LogModuleManager: Shutting down and abandoning module CameraShakePreviewer (700)
[2021.01.28-02.35.25:568][752]LogModuleManager: Shutting down and abandoning module SmartSnapping (698)
[2021.01.28-02.35.25:568][752]LogModuleManager: Shutting down and abandoning module SessionServices (696)
[2021.01.28-02.35.25:568][752]LogModuleManager: Shutting down and abandoning module MeshPaint (694)
[2021.01.28-02.35.25:568][752]LogModuleManager: Shutting down and abandoning module ViewportSnapping (692)
[2021.01.28-02.35.25:568][752]LogModuleManager: Shutting down and abandoning module ViewportInteraction (690)
[2021.01.28-02.35.25:568][752]LogModuleManager: Shutting down and abandoning module ClothPainter (688)
[2021.01.28-02.35.25:568][752]LogModuleManager: Shutting down and abandoning module SkeletalMeshEditor (687)
[2021.01.28-02.35.25:568][752]LogModuleManager: Shutting down and abandoning module LogVisualizer (684)
[2021.01.28-02.35.25:568][752]LogModuleManager: Shutting down and abandoning module IntroTutorials (682)
[2021.01.28-02.35.25:568][752]LogModuleManager: Shutting down and abandoning module GameProjectGeneration (681)
[2021.01.28-02.35.25:568][752]LogModuleManager: Shutting down and abandoning module LuminPlatformEditor (678)
[2021.01.28-02.35.25:568][752]LogModuleManager: Shutting down and abandoning module IOSPlatformEditor (676)
[2021.01.28-02.35.25:569][752]LogModuleManager: Shutting down and abandoning module AndroidPlatformEditor (674)
[2021.01.28-02.35.25:569][752]LogModuleManager: Shutting down and abandoning module AndroidDeviceDetection (673)
