Log file open, 01/26/21 14:29:34
LogInit: Display: Running engine for game: CO2301Assignment
LogPlatformFile: Not using cached read wrapper
LogTaskGraph: Started task graph with 5 named threads and 47 total threads with 3 sets of task threads.
LogStats: Stats thread started at 0.454069
LogD3D11RHI: Loaded GFSDK_Aftermath_Lib.x64.dll
LogICUInternationalization: ICU TimeZone Detection - Raw Offset: +0:00, Platform Override: ''
LogPluginManager: Mounting plugin Paper2D
LogPluginManager: Mounting plugin AISupport
LogPluginManager: Mounting plugin LightPropagationVolume
LogPluginManager: Mounting plugin CameraShakePreviewer
LogPluginManager: Mounting plugin ActorLayerUtilities
LogPluginManager: Mounting plugin AnimationSharing
LogPluginManager: Mounting plugin CLionSourceCodeAccess
LogPluginManager: Mounting plugin CodeLiteSourceCodeAccess
LogPluginManager: Mounting plugin GitSourceControl
LogPluginManager: Mounting plugin KDevelopSourceCodeAccess
LogPluginManager: Mounting plugin NullSourceCodeAccess
LogPluginManager: Mounting plugin PerforceSourceControl
LogPluginManager: Mounting plugin PlasticSourceControl
LogPluginManager: Mounting plugin RiderSourceCodeAccess
LogPluginManager: Mounting plugin SubversionSourceControl
LogPluginManager: Mounting plugin UObjectPlugin
LogPluginManager: Mounting plugin VisualStudioCodeSourceCodeAccess
LogPluginManager: Mounting plugin VisualStudioSourceCodeAccess
LogPluginManager: Mounting plugin XCodeSourceCodeAccess
LogPluginManager: Mounting plugin AssetManagerEditor
LogPluginManager: Mounting plugin CryptoKeys
LogPluginManager: Mounting plugin CurveEditorTools
LogPluginManager: Mounting plugin DataValidation
LogPluginManager: Mounting plugin EditorScriptingUtilities
LogPluginManager: Mounting plugin FacialAnimation
LogPluginManager: Mounting plugin GameplayTagsEditor
LogPluginManager: Mounting plugin GeometryMode
LogPluginManager: Mounting plugin MacGraphicsSwitching
LogPluginManager: Mounting plugin MaterialAnalyzer
LogPluginManager: Mounting plugin MobileLauncherProfileWizard
LogPluginManager: Mounting plugin PluginBrowser
LogPluginManager: Mounting plugin SpeedTreeImporter
LogPluginManager: Mounting plugin DatasmithContent
LogPluginManager: Mounting plugin VariantManagerContent
LogPluginManager: Mounting plugin AlembicImporter
LogPluginManager: Mounting plugin AutomationUtils
LogPluginManager: Mounting plugin BackChannel
LogPluginManager: Mounting plugin ChaosCloth
LogPluginManager: Mounting plugin ChaosClothEditor
LogPluginManager: Mounting plugin ChaosEditor
LogPluginManager: Mounting plugin ChaosNiagara
LogPluginManager: Mounting plugin ChaosSolverPlugin
LogPluginManager: Mounting plugin CharacterAI
LogPluginManager: Mounting plugin GeometryCache
LogPluginManager: Mounting plugin GeometryCollectionPlugin
LogPluginManager: Mounting plugin GeometryProcessing
LogPluginManager: Mounting plugin PlanarCut
LogPluginManager: Mounting plugin PlatformCrypto
LogPluginManager: Mounting plugin ProxyLODPlugin
LogPluginManager: Mounting plugin SkeletalReduction
LogPluginManager: Mounting plugin Niagara
LogPluginManager: Mounting plugin MagicLeap
LogPluginManager: Mounting plugin MagicLeapLightEstimation
LogPluginManager: Mounting plugin MagicLeapMedia
LogPluginManager: Mounting plugin MagicLeapPassableWorld
LogPluginManager: Mounting plugin MLSDK
LogPluginManager: Mounting plugin AndroidMedia
LogPluginManager: Mounting plugin AvfMedia
LogPluginManager: Mounting plugin ImgMedia
LogPluginManager: Mounting plugin MediaCompositing
LogPluginManager: Mounting plugin MediaPlayerEditor
LogPluginManager: Mounting plugin WebMMedia
LogPluginManager: Mounting plugin WmfMedia
LogPluginManager: Mounting plugin MeshPainting
LogPluginManager: Mounting plugin TcpMessaging
LogPluginManager: Mounting plugin UdpMessaging
LogPluginManager: Mounting plugin ActorSequence
LogPluginManager: Mounting plugin LevelSequenceEditor
LogPluginManager: Mounting plugin MatineeToLevelSequence
LogPluginManager: Mounting plugin MovieRenderPipeline
LogPluginManager: Mounting plugin TemplateSequence
LogPluginManager: Mounting plugin NetcodeUnitTest
LogPluginManager: Mounting plugin NUTUnrealEngine4
LogPluginManager: Mounting plugin OnlineSubsystemGooglePlay
LogPluginManager: Mounting plugin OnlineSubsystemIOS
LogPluginManager: Mounting plugin OnlineSubsystem
LogPluginManager: Mounting plugin OnlineSubsystemNull
LogPluginManager: Mounting plugin OnlineSubsystemUtils
LogPluginManager: Mounting plugin LauncherChunkInstaller
LogPluginManager: Mounting plugin AndroidDeviceProfileSelector
LogPluginManager: Mounting plugin AndroidMoviePlayer
LogPluginManager: Mounting plugin AndroidPermission
LogPluginManager: Mounting plugin ApexDestruction
LogPluginManager: Mounting plugin AppleImageUtils
LogPluginManager: Mounting plugin AppleMoviePlayer
LogPluginManager: Mounting plugin ArchVisCharacter
LogPluginManager: Mounting plugin AssetTags
LogPluginManager: Mounting plugin AudioCapture
LogPluginManager: Mounting plugin CableComponent
LogPluginManager: Mounting plugin CustomMeshComponent
LogPluginManager: Mounting plugin EditableMesh
LogPluginManager: Mounting plugin ExampleDeviceProfileSelector
LogPluginManager: Mounting plugin GoogleCloudMessaging
LogPluginManager: Mounting plugin GooglePAD
LogPluginManager: Mounting plugin IOSDeviceProfileSelector
LogPluginManager: Mounting plugin LinuxDeviceProfileSelector
LogPluginManager: Mounting plugin LocationServicesBPLibrary
LogPluginManager: Mounting plugin MobilePatchingUtils
LogPluginManager: Mounting plugin OculusVR
LogPluginManager: Mounting plugin PhysXVehicles
LogPluginManager: Mounting plugin PostSplashScreen
LogPluginManager: Mounting plugin ProceduralMeshComponent
LogPluginManager: Mounting plugin RuntimePhysXCooking
LogPluginManager: Mounting plugin SignificanceManager
LogPluginManager: Mounting plugin SoundFields
LogPluginManager: Mounting plugin SteamVR
LogPluginManager: Mounting plugin Synthesis
LogPluginManager: Mounting plugin WebMMoviePlayer
LogPluginManager: Mounting plugin WindowsMoviePlayer
LogPluginManager: Mounting plugin ScreenshotTools
LogInit: Using libcurl 7.55.1-DEV
LogInit:  - built for x86_64-pc-win32
LogInit:  - supports SSL with OpenSSL/1.1.1
LogInit:  - supports HTTP deflate (compression) using libz 1.2.8
LogInit:  - other features:
LogInit:      CURL_VERSION_SSL
LogInit:      CURL_VERSION_LIBZ
LogInit:      CURL_VERSION_IPV6
LogInit:      CURL_VERSION_ASYNCHDNS
LogInit:      CURL_VERSION_LARGEFILE
LogInit:      CURL_VERSION_IDN
LogInit:  CurlRequestOptions (configurable via config and command line):
LogInit:  - bVerifyPeer = true  - Libcurl will verify peer certificate
LogInit:  - bUseHttpProxy = false  - Libcurl will NOT use HTTP proxy
LogInit:  - bDontReuseConnections = false  - Libcurl will reuse connections
LogInit:  - MaxHostConnections = 16  - Libcurl will limit the number of connections to a host
LogInit:  - LocalHostAddr = Default
LogInit:  - BufferSize = 65536
LogOnline: OSS: Creating online subsystem instance for: NULL
LogInit: WinSock: version 1.1 (2.2), MaxSocks=32767, MaxUdp=65467
LogOnline: OSS: TryLoadSubsystemAndSetDefault: Loaded subsystem for module [NULL]
LogInit: Build: ++UE4+Release-4.25-CL-13942748
LogInit: Engine Version: 4.25.3-13942748+++UE4+Release-4.25
LogInit: Compatible Engine Version: 4.25.0-13144385+++UE4+Release-4.25
LogInit: Net CL: 13144385
LogInit: OS: Windows 10 (Release 1909) (), CPU: AMD Ryzen 7 3700X 8-Core Processor             , GPU: NVIDIA GeForce RTX 2070 SUPER
LogInit: Compiled (64-bit): Jul 25 2020 02:07:48
LogInit: Compiled with Visual C++: 19.24.28315.00
LogInit: Build Configuration: Development
LogInit: Branch Name: ++UE4+Release-4.25
LogInit: Command Line:  -skipcompile
LogInit: Base Directory: C:/Program Files/Epic Games/UE_4.25/Engine/Binaries/Win64/
LogInit: Allocator: TBB
LogInit: Installed Engine Build: 1
LogDevObjectVersion: Number of dev versions registered: 26
LogDevObjectVersion:   Dev-Blueprints (B0D832E4-1F89-4F0D-ACCF-7EB736FD4AA2): 10
LogDevObjectVersion:   Dev-Build (E1C64328-A22C-4D53-A36C-8E866417BD8C): 0
LogDevObjectVersion:   Dev-Core (375EC13C-06E4-48FB-B500-84F0262A717E): 4
LogDevObjectVersion:   Dev-Editor (E4B068ED-F494-42E9-A231-DA0B2E46BB41): 38
LogDevObjectVersion:   Dev-Framework (CFFC743F-43B0-4480-9391-14DF171D2073): 37
LogDevObjectVersion:   Dev-Mobile (B02B49B5-BB20-44E9-A304-32B752E40360): 2
LogDevObjectVersion:   Dev-Networking (A4E4105C-59A1-49B5-A7C5-40C4547EDFEE): 0
LogDevObjectVersion:   Dev-Online (39C831C9-5AE6-47DC-9A44-9C173E1C8E7C): 0
LogDevObjectVersion:   Dev-Physics (78F01B33-EBEA-4F98-B9B4-84EACCB95AA2): 4
LogDevObjectVersion:   Dev-Platform (6631380F-2D4D-43E0-8009-CF276956A95A): 0
LogDevObjectVersion:   Dev-Rendering (12F88B9F-8875-4AFC-A67C-D90C383ABD29): 43
LogDevObjectVersion:   Dev-Sequencer (7B5AE74C-D270-4C10-A958-57980B212A5A): 12
LogDevObjectVersion:   Dev-VR (D7296918-1DD6-4BDD-9DE2-64A83CC13884): 3
LogDevObjectVersion:   Dev-LoadTimes (C2A15278-BFE7-4AFE-6C17-90FF531DF755): 1
LogDevObjectVersion:   Private-Geometry (6EACA3D4-40EC-4CC1-B786-8BED09428FC5): 3
LogDevObjectVersion:   Dev-AnimPhys (29E575DD-E0A3-4627-9D10-D276232CDCEA): 17
LogDevObjectVersion:   Dev-Anim (AF43A65D-7FD3-4947-9873-3E8ED9C1BB05): 7
LogDevObjectVersion:   Dev-ReflectionCapture (6B266CEC-1EC7-4B8F-A30B-E4D90942FC07): 1
LogDevObjectVersion:   Dev-Automation (0DF73D61-A23F-47EA-B727-89E90C41499A): 1
LogDevObjectVersion:   FortniteMain (601D1886-AC64-4F84-AA16-D3DE0DEAC7D6): 31
LogDevObjectVersion:   Dev-Enterprise (9DFFBCD6-494F-0158-E221-12823C92A888): 10
LogDevObjectVersion:   Dev-Niagara (F2AED0AC-9AFE-416F-8664-AA7FFA26D6FC): 1
LogDevObjectVersion:   Dev-Destruction (174F1F0B-B4C6-45A5-B13F-2EE8D0FB917D): 10
LogDevObjectVersion:   Dev-Physics-Ext (35F94A83-E258-406C-A318-09F59610247C): 37
LogDevObjectVersion:   Dev-PhysicsMaterial-Chaos (B68FC16E-8B1B-42E2-B453-215C058844FE): 1
LogDevObjectVersion:   Dev-CineCamera (B2E18506-4273-CFC2-A54E-F4BB758BBA07): 1
LogInit: Presizing for max 25165824 objects, including 0 objects not considered by GC, pre-allocating 0 bytes for permanent pool.
LogConfig: Applying CVar settings from Section [/Script/Engine.StreamingSettings] File [C:/Users/Emma/Documents/GitHub/CO2301-Assignment/CO2301Assignment/Saved/Config/Windows/Engine.ini]
LogConfig: Setting CVar [[s.MinBulkDataSizeForAsyncLoading:131072]]
LogConfig: Setting CVar [[s.AsyncLoadingThreadEnabled:0]]
LogConfig: Setting CVar [[s.EventDrivenLoaderEnabled:1]]
LogConfig: Setting CVar [[s.WarnIfTimeLimitExceeded:0]]
LogConfig: Setting CVar [[s.TimeLimitExceededMultiplier:1.5]]
LogConfig: Setting CVar [[s.TimeLimitExceededMinTime:0.005]]
LogConfig: Setting CVar [[s.UseBackgroundLevelStreaming:1]]
LogConfig: Setting CVar [[s.PriorityAsyncLoadingExtraTime:15.0]]
LogConfig: Setting CVar [[s.LevelStreamingActorsUpdateTimeLimit:5.0]]
LogConfig: Setting CVar [[s.PriorityLevelStreamingActorsUpdateExtraTime:5.0]]
LogConfig: Setting CVar [[s.LevelStreamingComponentsRegistrationGranularity:10]]
LogConfig: Setting CVar [[s.UnregisterComponentsTimeLimit:1.0]]
LogConfig: Setting CVar [[s.LevelStreamingComponentsUnregistrationGranularity:5]]
LogConfig: Setting CVar [[s.FlushStreamingOnExit:1]]
LogInit: Object subsystem initialized
LogConfig: Setting CVar [[con.DebugEarlyDefault:1]]
LogConfig: Setting CVar [[r.setres:1280x720]]
[2021.01.26-14.29.34:655][  0]LogConfig: Setting CVar [[r.VSync:0]]
[2021.01.26-14.29.34:655][  0]LogConfig: Setting CVar [[r.RHICmdBypass:0]]
[2021.01.26-14.29.34:655][  0]LogConfig: Applying CVar settings from Section [/Script/Engine.RendererSettings] File [C:/Users/Emma/Documents/GitHub/CO2301-Assignment/CO2301Assignment/Saved/Config/Windows/Engine.ini]
[2021.01.26-14.29.34:655][  0]LogConfig: Setting CVar [[r.GPUCrashDebugging:0]]
[2021.01.26-14.29.34:655][  0]LogConfig: Applying CVar settings from Section [/Script/Engine.RendererOverrideSettings] File [C:/Users/Emma/Documents/GitHub/CO2301-Assignment/CO2301Assignment/Saved/Config/Windows/Engine.ini]
[2021.01.26-14.29.34:655][  0]LogConfig: Applying CVar settings from Section [/Script/Engine.StreamingSettings] File [C:/Users/Emma/Documents/GitHub/CO2301-Assignment/CO2301Assignment/Saved/Config/Windows/Engine.ini]
[2021.01.26-14.29.34:655][  0]LogConfig: Setting CVar [[s.MinBulkDataSizeForAsyncLoading:131072]]
[2021.01.26-14.29.34:655][  0]LogConfig: Setting CVar [[s.AsyncLoadingThreadEnabled:0]]
[2021.01.26-14.29.34:655][  0]LogConfig: Setting CVar [[s.EventDrivenLoaderEnabled:1]]
[2021.01.26-14.29.34:655][  0]LogConfig: Setting CVar [[s.WarnIfTimeLimitExceeded:0]]
[2021.01.26-14.29.34:655][  0]LogConfig: Setting CVar [[s.TimeLimitExceededMultiplier:1.5]]
[2021.01.26-14.29.34:656][  0]LogConfig: Setting CVar [[s.TimeLimitExceededMinTime:0.005]]
[2021.01.26-14.29.34:656][  0]LogConfig: Setting CVar [[s.UseBackgroundLevelStreaming:1]]
[2021.01.26-14.29.34:656][  0]LogConfig: Setting CVar [[s.PriorityAsyncLoadingExtraTime:15.0]]
[2021.01.26-14.29.34:656][  0]LogConfig: Setting CVar [[s.LevelStreamingActorsUpdateTimeLimit:5.0]]
[2021.01.26-14.29.34:656][  0]LogConfig: Setting CVar [[s.PriorityLevelStreamingActorsUpdateExtraTime:5.0]]
[2021.01.26-14.29.34:656][  0]LogConfig: Setting CVar [[s.LevelStreamingComponentsRegistrationGranularity:10]]
[2021.01.26-14.29.34:656][  0]LogConfig: Setting CVar [[s.UnregisterComponentsTimeLimit:1.0]]
[2021.01.26-14.29.34:656][  0]LogConfig: Setting CVar [[s.LevelStreamingComponentsUnregistrationGranularity:5]]
[2021.01.26-14.29.34:656][  0]LogConfig: Setting CVar [[s.FlushStreamingOnExit:1]]
[2021.01.26-14.29.34:656][  0]LogConfig: Applying CVar settings from Section [/Script/Engine.GarbageCollectionSettings] File [C:/Users/Emma/Documents/GitHub/CO2301-Assignment/CO2301Assignment/Saved/Config/Windows/Engine.ini]
[2021.01.26-14.29.34:656][  0]LogConfig: Setting CVar [[gc.MaxObjectsNotConsideredByGC:1]]
[2021.01.26-14.29.34:656][  0]LogConfig: Setting CVar [[gc.SizeOfPermanentObjectPool:0]]
[2021.01.26-14.29.34:656][  0]LogConfig: Setting CVar [[gc.FlushStreamingOnGC:0]]
[2021.01.26-14.29.34:656][  0]LogConfig: Setting CVar [[gc.NumRetriesBeforeForcingGC:10]]
[2021.01.26-14.29.34:656][  0]LogConfig: Setting CVar [[gc.AllowParallelGC:1]]
[2021.01.26-14.29.34:656][  0]LogConfig: Setting CVar [[gc.TimeBetweenPurgingPendingKillObjects:61.1]]
[2021.01.26-14.29.34:656][  0]LogConfig: Setting CVar [[gc.MaxObjectsInEditor:25165824]]
[2021.01.26-14.29.34:656][  0]LogConfig: Setting CVar [[gc.IncrementalBeginDestroyEnabled:1]]
[2021.01.26-14.29.34:656][  0]LogConfig: Setting CVar [[gc.CreateGCClusters:1]]
[2021.01.26-14.29.34:656][  0]LogConfig: Setting CVar [[gc.MinGCClusterSize:5]]
[2021.01.26-14.29.34:656][  0]LogConfig: Setting CVar [[gc.ActorClusteringEnabled:0]]
[2021.01.26-14.29.34:657][  0]LogConfig: Setting CVar [[gc.BlueprintClusteringEnabled:0]]
[2021.01.26-14.29.34:657][  0]LogConfig: Setting CVar [[gc.UseDisregardForGCOnDedicatedServers:0]]
[2021.01.26-14.29.34:657][  0]LogConfig: Applying CVar settings from Section [/Script/Engine.NetworkSettings] File [C:/Users/Emma/Documents/GitHub/CO2301-Assignment/CO2301Assignment/Saved/Config/Windows/Engine.ini]
[2021.01.26-14.29.34:657][  0]LogConfig: Applying CVar settings from Section [/Script/UnrealEd.CookerSettings] File [C:/Users/Emma/Documents/GitHub/CO2301-Assignment/CO2301Assignment/Saved/Config/Windows/Engine.ini]
[2021.01.26-14.29.34:662][  0]LogConfig: Applying CVar settings from Section [ViewDistanceQuality@3] File [C:/Users/Emma/Documents/GitHub/CO2301-Assignment/CO2301Assignment/Saved/Config/Windows/Scalability.ini]
[2021.01.26-14.29.34:662][  0]LogConfig: Setting CVar [[r.SkeletalMeshLODBias:0]]
[2021.01.26-14.29.34:662][  0]LogConfig: Setting CVar [[r.ViewDistanceScale:1.0]]
[2021.01.26-14.29.34:662][  0]LogConfig: Applying CVar settings from Section [AntiAliasingQuality@3] File [C:/Users/Emma/Documents/GitHub/CO2301-Assignment/CO2301Assignment/Saved/Config/Windows/Scalability.ini]
[2021.01.26-14.29.34:662][  0]LogConfig: Setting CVar [[r.PostProcessAAQuality:4]]
[2021.01.26-14.29.34:662][  0]LogConfig: Applying CVar settings from Section [ShadowQuality@3] File [C:/Users/Emma/Documents/GitHub/CO2301-Assignment/CO2301Assignment/Saved/Config/Windows/Scalability.ini]
[2021.01.26-14.29.34:662][  0]LogConfig: Setting CVar [[r.LightFunctionQuality:1]]
[2021.01.26-14.29.34:663][  0]LogConfig: Setting CVar [[r.ShadowQuality:5]]
[2021.01.26-14.29.34:663][  0]LogConfig: Setting CVar [[r.Shadow.CSM.MaxCascades:10]]
[2021.01.26-14.29.34:663][  0]LogConfig: Setting CVar [[r.Shadow.MaxResolution:2048]]
[2021.01.26-14.29.34:663][  0]LogConfig: Setting CVar [[r.Shadow.MaxCSMResolution:2048]]
[2021.01.26-14.29.34:663][  0]LogConfig: Setting CVar [[r.Shadow.RadiusThreshold:0.01]]
[2021.01.26-14.29.34:663][  0]LogConfig: Setting CVar [[r.Shadow.DistanceScale:1.0]]
[2021.01.26-14.29.34:663][  0]LogConfig: Setting CVar [[r.Shadow.CSM.TransitionScale:1.0]]
[2021.01.26-14.29.34:663][  0]LogConfig: Setting CVar [[r.Shadow.PreShadowResolutionFactor:1.0]]
[2021.01.26-14.29.34:663][  0]LogConfig: Setting CVar [[r.DistanceFieldShadowing:1]]
[2021.01.26-14.29.34:663][  0]LogConfig: Setting CVar [[r.DistanceFieldAO:1]]
[2021.01.26-14.29.34:663][  0]LogConfig: Setting CVar [[r.AOQuality:2]]
[2021.01.26-14.29.34:663][  0]LogConfig: Setting CVar [[r.VolumetricFog:1]]
[2021.01.26-14.29.34:663][  0]LogConfig: Setting CVar [[r.VolumetricFog.GridPixelSize:8]]
[2021.01.26-14.29.34:663][  0]LogConfig: Setting CVar [[r.VolumetricFog.GridSizeZ:128]]
[2021.01.26-14.29.34:663][  0]LogConfig: Setting CVar [[r.VolumetricFog.HistoryMissSupersampleCount:4]]
[2021.01.26-14.29.34:663][  0]LogConfig: Setting CVar [[r.LightMaxDrawDistanceScale:1]]
[2021.01.26-14.29.34:663][  0]LogConfig: Setting CVar [[r.CapsuleShadows:1]]
[2021.01.26-14.29.34:663][  0]LogConfig: Applying CVar settings from Section [PostProcessQuality@3] File [C:/Users/Emma/Documents/GitHub/CO2301-Assignment/CO2301Assignment/Saved/Config/Windows/Scalability.ini]
[2021.01.26-14.29.34:663][  0]LogConfig: Setting CVar [[r.MotionBlurQuality:4]]
[2021.01.26-14.29.34:663][  0]LogConfig: Setting CVar [[r.AmbientOcclusionMipLevelFactor:0.4]]
[2021.01.26-14.29.34:663][  0]LogConfig: Setting CVar [[r.AmbientOcclusionMaxQuality:100]]
[2021.01.26-14.29.34:663][  0]LogConfig: Setting CVar [[r.AmbientOcclusionLevels:-1]]
[2021.01.26-14.29.34:664][  0]LogConfig: Setting CVar [[r.AmbientOcclusionRadiusScale:1.0]]
[2021.01.26-14.29.34:664][  0]LogConfig: Setting CVar [[r.DepthOfFieldQuality:2]]
[2021.01.26-14.29.34:664][  0]LogConfig: Setting CVar [[r.RenderTargetPoolMin:400]]
[2021.01.26-14.29.34:664][  0]LogConfig: Setting CVar [[r.LensFlareQuality:2]]
[2021.01.26-14.29.34:664][  0]LogConfig: Setting CVar [[r.SceneColorFringeQuality:1]]
[2021.01.26-14.29.34:664][  0]LogConfig: Setting CVar [[r.EyeAdaptationQuality:2]]
[2021.01.26-14.29.34:664][  0]LogConfig: Setting CVar [[r.BloomQuality:5]]
[2021.01.26-14.29.34:664][  0]LogConfig: Setting CVar [[r.FastBlurThreshold:100]]
[2021.01.26-14.29.34:664][  0]LogConfig: Setting CVar [[r.Upscale.Quality:3]]
[2021.01.26-14.29.34:664][  0]LogConfig: Setting CVar [[r.Tonemapper.GrainQuantization:1]]
[2021.01.26-14.29.34:664][  0]LogConfig: Setting CVar [[r.LightShaftQuality:1]]
[2021.01.26-14.29.34:664][  0]LogConfig: Setting CVar [[r.Filter.SizeScale:1]]
[2021.01.26-14.29.34:664][  0]LogConfig: Setting CVar [[r.Tonemapper.Quality:5]]
[2021.01.26-14.29.34:664][  0]LogConfig: Setting CVar [[r.DOF.Gather.AccumulatorQuality:1        ; higher gathering accumulator quality]]
[2021.01.26-14.29.34:664][  0]LogConfig: Setting CVar [[r.DOF.Gather.PostfilterMethod:1          ; Median3x3 postfilering method]]
[2021.01.26-14.29.34:664][  0]LogConfig: Setting CVar [[r.DOF.Gather.EnableBokehSettings:0       ; no bokeh simulation when gathering]]
[2021.01.26-14.29.34:664][  0]LogConfig: Setting CVar [[r.DOF.Gather.RingCount:4                 ; medium number of samples when gathering]]
[2021.01.26-14.29.34:664][  0]LogConfig: Setting CVar [[r.DOF.Scatter.ForegroundCompositing:1    ; additive foreground scattering]]
[2021.01.26-14.29.34:664][  0]LogConfig: Setting CVar [[r.DOF.Scatter.BackgroundCompositing:2    ; additive background scattering]]
[2021.01.26-14.29.34:664][  0]LogConfig: Setting CVar [[r.DOF.Scatter.EnableBokehSettings:1      ; bokeh simulation when scattering]]
[2021.01.26-14.29.34:664][  0]LogConfig: Setting CVar [[r.DOF.Scatter.MaxSpriteRatio:0.1         ; only a maximum of 10% of scattered bokeh]]
[2021.01.26-14.29.34:664][  0]LogConfig: Setting CVar [[r.DOF.Recombine.Quality:1                ; cheap slight out of focus]]
[2021.01.26-14.29.34:664][  0]LogConfig: Setting CVar [[r.DOF.Recombine.EnableBokehSettings:0    ; no bokeh simulation on slight out of focus]]
[2021.01.26-14.29.34:664][  0]LogConfig: Setting CVar [[r.DOF.TemporalAAQuality:1                ; more stable temporal accumulation]]
[2021.01.26-14.29.34:664][  0]LogConfig: Setting CVar [[r.DOF.Kernel.MaxForegroundRadius:0.025]]
[2021.01.26-14.29.34:664][  0]LogConfig: Setting CVar [[r.DOF.Kernel.MaxBackgroundRadius:0.025]]
[2021.01.26-14.29.34:665][  0]LogConfig: Applying CVar settings from Section [TextureQuality@3] File [C:/Users/Emma/Documents/GitHub/CO2301-Assignment/CO2301Assignment/Saved/Config/Windows/Scalability.ini]
[2021.01.26-14.29.34:665][  0]LogConfig: Setting CVar [[r.Streaming.MipBias:0]]
[2021.01.26-14.29.34:665][  0]LogConfig: Setting CVar [[r.Streaming.AmortizeCPUToGPUCopy:0]]
[2021.01.26-14.29.34:665][  0]LogConfig: Setting CVar [[r.Streaming.MaxNumTexturesToStreamPerFrame:0]]
[2021.01.26-14.29.34:665][  0]LogConfig: Setting CVar [[r.Streaming.Boost:1]]
[2021.01.26-14.29.34:665][  0]LogConfig: Setting CVar [[r.MaxAnisotropy:8]]
[2021.01.26-14.29.34:665][  0]LogConfig: Setting CVar [[r.VT.MaxAnisotropy:8]]
[2021.01.26-14.29.34:665][  0]LogConfig: Setting CVar [[r.Streaming.LimitPoolSizeToVRAM:0]]
[2021.01.26-14.29.34:665][  0]LogConfig: Setting CVar [[r.Streaming.PoolSize:1000]]
[2021.01.26-14.29.34:665][  0]LogConfig: Setting CVar [[r.Streaming.MaxEffectiveScreenSize:0]]
[2021.01.26-14.29.34:665][  0]LogConfig: Applying CVar settings from Section [EffectsQuality@3] File [C:/Users/Emma/Documents/GitHub/CO2301-Assignment/CO2301Assignment/Saved/Config/Windows/Scalability.ini]
[2021.01.26-14.29.34:665][  0]LogConfig: Setting CVar [[r.TranslucencyLightingVolumeDim:64]]
[2021.01.26-14.29.34:665][  0]LogConfig: Setting CVar [[r.RefractionQuality:2]]
[2021.01.26-14.29.34:665][  0]LogConfig: Setting CVar [[r.SSR.Quality:3]]
[2021.01.26-14.29.34:665][  0]LogConfig: Setting CVar [[r.SSR.HalfResSceneColor:0]]
[2021.01.26-14.29.34:665][  0]LogConfig: Setting CVar [[r.SceneColorFormat:4]]
[2021.01.26-14.29.34:665][  0]LogConfig: Setting CVar [[r.DetailMode:2]]
[2021.01.26-14.29.34:665][  0]LogConfig: Setting CVar [[r.TranslucencyVolumeBlur:1]]
[2021.01.26-14.29.34:665][  0]LogConfig: Setting CVar [[r.MaterialQualityLevel:1 ; High quality]]
[2021.01.26-14.29.34:665][  0]LogConfig: Setting CVar [[r.SSS.Scale:1]]
[2021.01.26-14.29.34:665][  0]LogConfig: Setting CVar [[r.SSS.SampleSet:2]]
[2021.01.26-14.29.34:665][  0]LogConfig: Setting CVar [[r.SSS.Quality:1]]
[2021.01.26-14.29.34:665][  0]LogConfig: Setting CVar [[r.SSS.HalfRes:0]]
[2021.01.26-14.29.34:665][  0]LogConfig: Setting CVar [[r.SSGI.Quality:3]]
[2021.01.26-14.29.34:666][  0]LogConfig: Setting CVar [[r.EmitterSpawnRateScale:1.0]]
[2021.01.26-14.29.34:666][  0]LogConfig: Setting CVar [[r.ParticleLightQuality:2]]
[2021.01.26-14.29.34:666][  0]LogConfig: Setting CVar [[r.SkyAtmosphere.AerialPerspectiveLUT.FastApplyOnOpaque:1 ; Always have FastSkyLUT 1 in this case to avoid wrong sky]]
[2021.01.26-14.29.34:666][  0]LogConfig: Setting CVar [[r.SkyAtmosphere.AerialPerspectiveLUT.SampleCountPerSlice:1]]
[2021.01.26-14.29.34:666][  0]LogConfig: Setting CVar [[r.SkyAtmosphere.AerialPerspectiveLUT.DepthResolution:16.0]]
[2021.01.26-14.29.34:666][  0]LogConfig: Setting CVar [[r.SkyAtmosphere.FastSkyLUT:1]]
[2021.01.26-14.29.34:666][  0]LogConfig: Setting CVar [[r.SkyAtmosphere.FastSkyLUT.SampleCountMin:4.0]]
[2021.01.26-14.29.34:666][  0]LogConfig: Setting CVar [[r.SkyAtmosphere.FastSkyLUT.SampleCountMax:32.0]]
[2021.01.26-14.29.34:666][  0]LogConfig: Setting CVar [[r.SkyAtmosphere.SampleCountMin:4.0]]
[2021.01.26-14.29.34:666][  0]LogConfig: Setting CVar [[r.SkyAtmosphere.SampleCountMax:32.0]]
[2021.01.26-14.29.34:666][  0]LogConfig: Setting CVar [[r.SkyAtmosphere.TransmittanceLUT.UseSmallFormat:0]]
[2021.01.26-14.29.34:666][  0]LogConfig: Setting CVar [[r.SkyAtmosphere.TransmittanceLUT.SampleCount:10.0]]
[2021.01.26-14.29.34:666][  0]LogConfig: Setting CVar [[r.SkyAtmosphere.MultiScatteringLUT.SampleCount:15.0]]
[2021.01.26-14.29.34:666][  0]LogConfig: Applying CVar settings from Section [FoliageQuality@3] File [C:/Users/Emma/Documents/GitHub/CO2301-Assignment/CO2301Assignment/Saved/Config/Windows/Scalability.ini]
[2021.01.26-14.29.34:666][  0]LogConfig: Setting CVar [[foliage.DensityScale:1.0]]
[2021.01.26-14.29.34:666][  0]LogConfig: Setting CVar [[grass.DensityScale:1.0]]
[2021.01.26-14.29.34:666][  0]LogConfig: Applying CVar settings from Section [ShadingQuality@3] File [C:/Users/Emma/Documents/GitHub/CO2301-Assignment/CO2301Assignment/Saved/Config/Windows/Scalability.ini]
[2021.01.26-14.29.34:666][  0]LogConfig: Setting CVar [[r.HairStrands.SkyLighting.SampleCount:16]]
[2021.01.26-14.29.34:666][  0]LogConfig: Setting CVar [[r.HairStrands.SkyLighting.JitterIntegration:0]]
[2021.01.26-14.29.34:666][  0]LogConfig: Setting CVar [[r.HairStrands.SkyAO.SampleCount:16]]
[2021.01.26-14.29.34:666][  0]LogConfig: Setting CVar [[r.HairStrands.DeepShadow.SuperSampling:0]]
[2021.01.26-14.29.34:666][  0]LogConfig: Setting CVar [[r.HairStrands.VisibilityPPLL:0]]
[2021.01.26-14.29.34:666][  0]LogConfig: Setting CVar [[r.HairStrands.RasterizationScale:0.5]]
[2021.01.26-14.29.34:666][  0]LogConfig: Setting CVar [[r.HairStrands.VelocityRasterizationScale:1]]
[2021.01.26-14.29.34:666][  0]LogInit: Selected Device Profile: [Windows]
[2021.01.26-14.29.34:666][  0]LogInit: Applying CVar settings loaded from the selected device profile: [Windows]
[2021.01.26-14.29.34:666][  0]LogHAL: Display: Platform has ~ 16 GB [17126490112 / 17179869184 / 16], which maps to Larger [LargestMinGB=32, LargerMinGB=12, DefaultMinGB=8, SmallerMinGB=6, SmallestMinGB=0)
[2021.01.26-14.29.34:667][  0]LogInit: Going up to parent DeviceProfile []
[2021.01.26-14.29.34:667][  0]LogConfig: Applying CVar settings from Section [ViewDistanceQuality@3] File [C:/Users/Emma/Documents/GitHub/CO2301-Assignment/CO2301Assignment/Saved/Config/Windows/Scalability.ini]
[2021.01.26-14.29.34:667][  0]LogConfig: Setting CVar [[r.SkeletalMeshLODBias:0]]
[2021.01.26-14.29.34:667][  0]LogConfig: Setting CVar [[r.ViewDistanceScale:1.0]]
[2021.01.26-14.29.34:667][  0]LogConfig: Applying CVar settings from Section [AntiAliasingQuality@3] File [C:/Users/Emma/Documents/GitHub/CO2301-Assignment/CO2301Assignment/Saved/Config/Windows/Scalability.ini]
[2021.01.26-14.29.34:667][  0]LogConfig: Setting CVar [[r.PostProcessAAQuality:4]]
[2021.01.26-14.29.34:667][  0]LogConfig: Applying CVar settings from Section [ShadowQuality@3] File [C:/Users/Emma/Documents/GitHub/CO2301-Assignment/CO2301Assignment/Saved/Config/Windows/Scalability.ini]
[2021.01.26-14.29.34:667][  0]LogConfig: Setting CVar [[r.LightFunctionQuality:1]]
[2021.01.26-14.29.34:667][  0]LogConfig: Setting CVar [[r.ShadowQuality:5]]
[2021.01.26-14.29.34:667][  0]LogConfig: Setting CVar [[r.Shadow.CSM.MaxCascades:10]]
[2021.01.26-14.29.34:667][  0]LogConfig: Setting CVar [[r.Shadow.MaxResolution:2048]]
[2021.01.26-14.29.34:667][  0]LogConfig: Setting CVar [[r.Shadow.MaxCSMResolution:2048]]
[2021.01.26-14.29.34:667][  0]LogConfig: Setting CVar [[r.Shadow.RadiusThreshold:0.01]]
[2021.01.26-14.29.34:667][  0]LogConfig: Setting CVar [[r.Shadow.DistanceScale:1.0]]
[2021.01.26-14.29.34:667][  0]LogConfig: Setting CVar [[r.Shadow.CSM.TransitionScale:1.0]]
[2021.01.26-14.29.34:667][  0]LogConfig: Setting CVar [[r.Shadow.PreShadowResolutionFactor:1.0]]
[2021.01.26-14.29.34:667][  0]LogConfig: Setting CVar [[r.DistanceFieldShadowing:1]]
[2021.01.26-14.29.34:667][  0]LogConfig: Setting CVar [[r.DistanceFieldAO:1]]
[2021.01.26-14.29.34:667][  0]LogConfig: Setting CVar [[r.AOQuality:2]]
[2021.01.26-14.29.34:667][  0]LogConfig: Setting CVar [[r.VolumetricFog:1]]
[2021.01.26-14.29.34:667][  0]LogConfig: Setting CVar [[r.VolumetricFog.GridPixelSize:8]]
[2021.01.26-14.29.34:667][  0]LogConfig: Setting CVar [[r.VolumetricFog.GridSizeZ:128]]
[2021.01.26-14.29.34:667][  0]LogConfig: Setting CVar [[r.VolumetricFog.HistoryMissSupersampleCount:4]]
[2021.01.26-14.29.34:667][  0]LogConfig: Setting CVar [[r.LightMaxDrawDistanceScale:1]]
[2021.01.26-14.29.34:667][  0]LogConfig: Setting CVar [[r.CapsuleShadows:1]]
[2021.01.26-14.29.34:667][  0]LogConfig: Applying CVar settings from Section [PostProcessQuality@3] File [C:/Users/Emma/Documents/GitHub/CO2301-Assignment/CO2301Assignment/Saved/Config/Windows/Scalability.ini]
[2021.01.26-14.29.34:667][  0]LogConfig: Setting CVar [[r.MotionBlurQuality:4]]
[2021.01.26-14.29.34:667][  0]LogConfig: Setting CVar [[r.AmbientOcclusionMipLevelFactor:0.4]]
[2021.01.26-14.29.34:667][  0]LogConfig: Setting CVar [[r.AmbientOcclusionMaxQuality:100]]
[2021.01.26-14.29.34:668][  0]LogConfig: Setting CVar [[r.AmbientOcclusionLevels:-1]]
[2021.01.26-14.29.34:668][  0]LogConfig: Setting CVar [[r.AmbientOcclusionRadiusScale:1.0]]
[2021.01.26-14.29.34:668][  0]LogConfig: Setting CVar [[r.DepthOfFieldQuality:2]]
[2021.01.26-14.29.34:668][  0]LogConfig: Setting CVar [[r.RenderTargetPoolMin:400]]
[2021.01.26-14.29.34:668][  0]LogConfig: Setting CVar [[r.LensFlareQuality:2]]
[2021.01.26-14.29.34:668][  0]LogConfig: Setting CVar [[r.SceneColorFringeQuality:1]]
[2021.01.26-14.29.34:668][  0]LogConfig: Setting CVar [[r.EyeAdaptationQuality:2]]
[2021.01.26-14.29.34:668][  0]LogConfig: Setting CVar [[r.BloomQuality:5]]
[2021.01.26-14.29.34:668][  0]LogConfig: Setting CVar [[r.FastBlurThreshold:100]]
[2021.01.26-14.29.34:668][  0]LogConfig: Setting CVar [[r.Upscale.Quality:3]]
[2021.01.26-14.29.34:668][  0]LogConfig: Setting CVar [[r.Tonemapper.GrainQuantization:1]]
[2021.01.26-14.29.34:668][  0]LogConfig: Setting CVar [[r.LightShaftQuality:1]]
[2021.01.26-14.29.34:668][  0]LogConfig: Setting CVar [[r.Filter.SizeScale:1]]
[2021.01.26-14.29.34:668][  0]LogConfig: Setting CVar [[r.Tonemapper.Quality:5]]
[2021.01.26-14.29.34:668][  0]LogConfig: Setting CVar [[r.DOF.Gather.AccumulatorQuality:1        ; higher gathering accumulator quality]]
[2021.01.26-14.29.34:668][  0]LogConfig: Setting CVar [[r.DOF.Gather.PostfilterMethod:1          ; Median3x3 postfilering method]]
[2021.01.26-14.29.34:668][  0]LogConfig: Setting CVar [[r.DOF.Gather.EnableBokehSettings:0       ; no bokeh simulation when gathering]]
[2021.01.26-14.29.34:668][  0]LogConfig: Setting CVar [[r.DOF.Gather.RingCount:4                 ; medium number of samples when gathering]]
[2021.01.26-14.29.34:668][  0]LogConfig: Setting CVar [[r.DOF.Scatter.ForegroundCompositing:1    ; additive foreground scattering]]
[2021.01.26-14.29.34:668][  0]LogConfig: Setting CVar [[r.DOF.Scatter.BackgroundCompositing:2    ; additive background scattering]]
[2021.01.26-14.29.34:668][  0]LogConfig: Setting CVar [[r.DOF.Scatter.EnableBokehSettings:1      ; bokeh simulation when scattering]]
[2021.01.26-14.29.34:668][  0]LogConfig: Setting CVar [[r.DOF.Scatter.MaxSpriteRatio:0.1         ; only a maximum of 10% of scattered bokeh]]
[2021.01.26-14.29.34:668][  0]LogConfig: Setting CVar [[r.DOF.Recombine.Quality:1                ; cheap slight out of focus]]
[2021.01.26-14.29.34:668][  0]LogConfig: Setting CVar [[r.DOF.Recombine.EnableBokehSettings:0    ; no bokeh simulation on slight out of focus]]
[2021.01.26-14.29.34:668][  0]LogConfig: Setting CVar [[r.DOF.TemporalAAQuality:1                ; more stable temporal accumulation]]
[2021.01.26-14.29.34:668][  0]LogConfig: Setting CVar [[r.DOF.Kernel.MaxForegroundRadius:0.025]]
[2021.01.26-14.29.34:668][  0]LogConfig: Setting CVar [[r.DOF.Kernel.MaxBackgroundRadius:0.025]]
[2021.01.26-14.29.34:668][  0]LogConfig: Applying CVar settings from Section [TextureQuality@3] File [C:/Users/Emma/Documents/GitHub/CO2301-Assignment/CO2301Assignment/Saved/Config/Windows/Scalability.ini]
[2021.01.26-14.29.34:668][  0]LogConfig: Setting CVar [[r.Streaming.MipBias:0]]
[2021.01.26-14.29.34:669][  0]LogConfig: Setting CVar [[r.Streaming.AmortizeCPUToGPUCopy:0]]
[2021.01.26-14.29.34:669][  0]LogConfig: Setting CVar [[r.Streaming.MaxNumTexturesToStreamPerFrame:0]]
[2021.01.26-14.29.34:669][  0]LogConfig: Setting CVar [[r.Streaming.Boost:1]]
[2021.01.26-14.29.34:669][  0]LogConfig: Setting CVar [[r.MaxAnisotropy:8]]
[2021.01.26-14.29.34:669][  0]LogConfig: Setting CVar [[r.VT.MaxAnisotropy:8]]
[2021.01.26-14.29.34:669][  0]LogConfig: Setting CVar [[r.Streaming.LimitPoolSizeToVRAM:0]]
[2021.01.26-14.29.34:669][  0]LogConfig: Setting CVar [[r.Streaming.PoolSize:1000]]
[2021.01.26-14.29.34:669][  0]LogConfig: Setting CVar [[r.Streaming.MaxEffectiveScreenSize:0]]
[2021.01.26-14.29.34:669][  0]LogConfig: Applying CVar settings from Section [EffectsQuality@3] File [C:/Users/Emma/Documents/GitHub/CO2301-Assignment/CO2301Assignment/Saved/Config/Windows/Scalability.ini]
[2021.01.26-14.29.34:669][  0]LogConfig: Setting CVar [[r.TranslucencyLightingVolumeDim:64]]
[2021.01.26-14.29.34:669][  0]LogConfig: Setting CVar [[r.RefractionQuality:2]]
[2021.01.26-14.29.34:669][  0]LogConfig: Setting CVar [[r.SSR.Quality:3]]
[2021.01.26-14.29.34:669][  0]LogConfig: Setting CVar [[r.SSR.HalfResSceneColor:0]]
[2021.01.26-14.29.34:669][  0]LogConfig: Setting CVar [[r.SceneColorFormat:4]]
[2021.01.26-14.29.34:669][  0]LogConfig: Setting CVar [[r.DetailMode:2]]
[2021.01.26-14.29.34:669][  0]LogConfig: Setting CVar [[r.TranslucencyVolumeBlur:1]]
[2021.01.26-14.29.34:669][  0]LogConfig: Setting CVar [[r.MaterialQualityLevel:1 ; High quality]]
[2021.01.26-14.29.34:669][  0]LogConfig: Setting CVar [[r.SSS.Scale:1]]
[2021.01.26-14.29.34:669][  0]LogConfig: Setting CVar [[r.SSS.SampleSet:2]]
[2021.01.26-14.29.34:669][  0]LogConfig: Setting CVar [[r.SSS.Quality:1]]
[2021.01.26-14.29.34:669][  0]LogConfig: Setting CVar [[r.SSS.HalfRes:0]]
[2021.01.26-14.29.34:669][  0]LogConfig: Setting CVar [[r.SSGI.Quality:3]]
[2021.01.26-14.29.34:669][  0]LogConfig: Setting CVar [[r.EmitterSpawnRateScale:1.0]]
[2021.01.26-14.29.34:669][  0]LogConfig: Setting CVar [[r.ParticleLightQuality:2]]
[2021.01.26-14.29.34:669][  0]LogConfig: Setting CVar [[r.SkyAtmosphere.AerialPerspectiveLUT.FastApplyOnOpaque:1 ; Always have FastSkyLUT 1 in this case to avoid wrong sky]]
[2021.01.26-14.29.34:669][  0]LogConfig: Setting CVar [[r.SkyAtmosphere.AerialPerspectiveLUT.SampleCountPerSlice:1]]
[2021.01.26-14.29.34:669][  0]LogConfig: Setting CVar [[r.SkyAtmosphere.AerialPerspectiveLUT.DepthResolution:16.0]]
[2021.01.26-14.29.34:669][  0]LogConfig: Setting CVar [[r.SkyAtmosphere.FastSkyLUT:1]]
[2021.01.26-14.29.34:670][  0]LogConfig: Setting CVar [[r.SkyAtmosphere.FastSkyLUT.SampleCountMin:4.0]]
[2021.01.26-14.29.34:670][  0]LogConfig: Setting CVar [[r.SkyAtmosphere.FastSkyLUT.SampleCountMax:32.0]]
[2021.01.26-14.29.34:670][  0]LogConfig: Setting CVar [[r.SkyAtmosphere.SampleCountMin:4.0]]
[2021.01.26-14.29.34:670][  0]LogConfig: Setting CVar [[r.SkyAtmosphere.SampleCountMax:32.0]]
[2021.01.26-14.29.34:670][  0]LogConfig: Setting CVar [[r.SkyAtmosphere.TransmittanceLUT.UseSmallFormat:0]]
[2021.01.26-14.29.34:670][  0]LogConfig: Setting CVar [[r.SkyAtmosphere.TransmittanceLUT.SampleCount:10.0]]
[2021.01.26-14.29.34:670][  0]LogConfig: Setting CVar [[r.SkyAtmosphere.MultiScatteringLUT.SampleCount:15.0]]
[2021.01.26-14.29.34:670][  0]LogConfig: Applying CVar settings from Section [FoliageQuality@3] File [C:/Users/Emma/Documents/GitHub/CO2301-Assignment/CO2301Assignment/Saved/Config/Windows/Scalability.ini]
[2021.01.26-14.29.34:670][  0]LogConfig: Setting CVar [[foliage.DensityScale:1.0]]
[2021.01.26-14.29.34:670][  0]LogConfig: Setting CVar [[grass.DensityScale:1.0]]
[2021.01.26-14.29.34:670][  0]LogConfig: Applying CVar settings from Section [ShadingQuality@3] File [C:/Users/Emma/Documents/GitHub/CO2301-Assignment/CO2301Assignment/Saved/Config/Windows/Scalability.ini]
[2021.01.26-14.29.34:670][  0]LogConfig: Setting CVar [[r.HairStrands.SkyLighting.SampleCount:16]]
[2021.01.26-14.29.34:670][  0]LogConfig: Setting CVar [[r.HairStrands.SkyLighting.JitterIntegration:0]]
[2021.01.26-14.29.34:670][  0]LogConfig: Setting CVar [[r.HairStrands.SkyAO.SampleCount:16]]
[2021.01.26-14.29.34:670][  0]LogConfig: Setting CVar [[r.HairStrands.DeepShadow.SuperSampling:0]]
[2021.01.26-14.29.34:670][  0]LogConfig: Setting CVar [[r.HairStrands.VisibilityPPLL:0]]
[2021.01.26-14.29.34:670][  0]LogConfig: Setting CVar [[r.HairStrands.RasterizationScale:0.5]]
[2021.01.26-14.29.34:670][  0]LogConfig: Setting CVar [[r.HairStrands.VelocityRasterizationScale:1]]
[2021.01.26-14.29.34:670][  0]LogConfig: Applying CVar settings from Section [Startup] File [../../../Engine/Config/ConsoleVariables.ini]
[2021.01.26-14.29.34:670][  0]LogConfig: Setting CVar [[net.UseAdaptiveNetUpdateFrequency:0]]
[2021.01.26-14.29.34:670][  0]LogConfig: Setting CVar [[p.chaos.AllowCreatePhysxBodies:1]]
[2021.01.26-14.29.34:670][  0]LogConfig: Setting CVar [[fx.SkipVectorVMBackendOptimizations:1]]
[2021.01.26-14.29.34:671][  0]LogConfig: Applying CVar settings from Section [ConsoleVariables] File [C:/Users/Emma/Documents/GitHub/CO2301-Assignment/CO2301Assignment/Saved/Config/Windows/Engine.ini]
[2021.01.26-14.29.34:671][  0]LogInit: Computer: DESKTOP-SPF806M
[2021.01.26-14.29.34:671][  0]LogInit: User: Emma
[2021.01.26-14.29.34:671][  0]LogInit: CPU Page size=4096, Cores=8
[2021.01.26-14.29.34:671][  0]LogInit: High frequency timer resolution =10.000000 MHz
[2021.01.26-14.29.34:671][  0]LogMemory: Memory total: Physical=16.0GB (16GB approx)
[2021.01.26-14.29.34:671][  0]LogMemory: Platform Memory Stats for Windows
[2021.01.26-14.29.34:671][  0]LogMemory: Process Physical Memory: 116.74 MB used, 116.74 MB peak
[2021.01.26-14.29.34:671][  0]LogMemory: Process Virtual Memory: 106.31 MB used, 106.31 MB peak
[2021.01.26-14.29.34:671][  0]LogMemory: Physical Memory: 9300.80 MB used,  7032.30 MB free, 16333.09 MB total
[2021.01.26-14.29.34:671][  0]LogMemory: Virtual Memory: 5193.11 MB used,  134212536.00 MB free, 134217728.00 MB total
[2021.01.26-14.29.34:682][  0]LogWindows: WindowsPlatformFeatures enabled
[2021.01.26-14.29.34:787][  0]LogInit: Physics initialised using underlying interface: PhysX
[2021.01.26-14.29.34:789][  0]LogInit: Using OS detected language (en-GB).
[2021.01.26-14.29.34:789][  0]LogInit: Using OS detected locale (en-GB).
[2021.01.26-14.29.34:795][  0]LogTextLocalizationManager: No specific localization for 'en-GB' exists, so the 'en' localization will be used.
[2021.01.26-14.29.34:934][  0]LogInit: Setting process to per monitor DPI aware
[2021.01.26-14.29.34:975][  0]LogSlate: New Slate User Created.  User Index 0, Is Virtual User: 0
[2021.01.26-14.29.34:975][  0]LogSlate: Slate User Registered.  User Index 0, Is Virtual User: 0
[2021.01.26-14.29.35:079][  0]LogHMD: Failed to initialize OpenVR with code 110
[2021.01.26-14.29.35:079][  0]LogD3D11RHI: D3D11 min allowed feature level: 11_0
[2021.01.26-14.29.35:079][  0]LogD3D11RHI: D3D11 max allowed feature level: 11_0
[2021.01.26-14.29.35:079][  0]LogD3D11RHI: D3D11 adapters:
[2021.01.26-14.29.35:154][  0]LogD3D11RHI:    0. 'NVIDIA GeForce RTX 2070 SUPER' (Feature Level 11_0)
[2021.01.26-14.29.35:154][  0]LogD3D11RHI:       8011/0/8166 MB DedicatedVideo/DedicatedSystem/SharedSystem, Outputs:2, VendorId:0x10de
[2021.01.26-14.29.35:160][  0]LogD3D11RHI:    1. 'Microsoft Basic Render Driver' (Feature Level 11_0)
[2021.01.26-14.29.35:160][  0]LogD3D11RHI:       0/0/8166 MB DedicatedVideo/DedicatedSystem/SharedSystem, Outputs:0, VendorId:0x1414
[2021.01.26-14.29.35:160][  0]LogD3D11RHI: Chosen D3D11 Adapter: 0
[2021.01.26-14.29.35:167][  0]LogD3D11RHI: Creating new Direct3DDevice
[2021.01.26-14.29.35:167][  0]LogD3D11RHI:     GPU DeviceId: 0x1e84 (for the marketing name, search the web for "GPU Device Id")
[2021.01.26-14.29.35:167][  0]LogWindows: EnumDisplayDevices:
[2021.01.26-14.29.35:168][  0]LogWindows:    0. 'NVIDIA GeForce RTX 2070 SUPER' (P:1 D:1)
[2021.01.26-14.29.35:168][  0]LogWindows:    1. 'NVIDIA GeForce RTX 2070 SUPER' (P:0 D:1)
[2021.01.26-14.29.35:168][  0]LogWindows:    2. 'NVIDIA GeForce RTX 2070 SUPER' (P:0 D:0)
[2021.01.26-14.29.35:168][  0]LogWindows:    3. 'NVIDIA GeForce RTX 2070 SUPER' (P:0 D:0)
[2021.01.26-14.29.35:168][  0]LogWindows: DebugString: FoundDriverCount:4 
[2021.01.26-14.29.35:168][  0]LogD3D11RHI:     Adapter Name: NVIDIA GeForce RTX 2070 SUPER
[2021.01.26-14.29.35:168][  0]LogD3D11RHI:   Driver Version: 456.71 (internal:27.21.14.5671, unified:456.71)
[2021.01.26-14.29.35:168][  0]LogD3D11RHI:      Driver Date: 9-30-2020
[2021.01.26-14.29.35:168][  0]LogRHI: Texture pool is 5607 MB (70% of 8011 MB)
[2021.01.26-14.29.35:217][  0]LogD3D11RHI: RHI has support for 64 bit atomics
[2021.01.26-14.29.35:219][  0]LogD3D11RHI: [Aftermath] Enabled and primed
[2021.01.26-14.29.35:219][  0]LogD3D11RHI: Async texture creation enabled
[2021.01.26-14.29.35:219][  0]LogD3D11RHI: Array index from any shader is supported
[2021.01.26-14.29.35:221][  0]LogD3D11RHI: HDR output is supported on display 0 (NvId: 0x80061086).
[2021.01.26-14.29.35:239][  0]LogD3D11RHI: GPU Timing Frequency: 1000.000000 (Debug: 2 2)
[2021.01.26-14.29.35:463][  0]LogTargetPlatformManager: Display: Loaded TargetPlatform 'AllDesktop'
[2021.01.26-14.29.35:484][  0]LogTargetPlatformManager: Display: Loaded TargetPlatform 'Android'
[2021.01.26-14.29.35:484][  0]LogTargetPlatformManager: Display: Loaded TargetPlatform 'Android_ASTC'
[2021.01.26-14.29.35:484][  0]LogTargetPlatformManager: Display: Loaded TargetPlatform 'Android_DXT'
[2021.01.26-14.29.35:484][  0]LogTargetPlatformManager: Display: Loaded TargetPlatform 'Android_ETC2'
[2021.01.26-14.29.35:484][  0]LogTargetPlatformManager: Display: Loaded TargetPlatform 'AndroidClient'
[2021.01.26-14.29.35:484][  0]LogTargetPlatformManager: Display: Loaded TargetPlatform 'Android_ASTCClient'
[2021.01.26-14.29.35:484][  0]LogTargetPlatformManager: Display: Loaded TargetPlatform 'Android_DXTClient'
[2021.01.26-14.29.35:484][  0]LogTargetPlatformManager: Display: Loaded TargetPlatform 'Android_ETC2Client'
[2021.01.26-14.29.35:484][  0]LogTargetPlatformManager: Display: Loaded TargetPlatform 'Android_Multi'
[2021.01.26-14.29.35:484][  0]LogTargetPlatformManager: Display: Loaded TargetPlatform 'Android_MultiClient'
[2021.01.26-14.29.35:510][  0]LogTargetPlatformManager: Display: Loaded TargetPlatform 'IOSClient'
[2021.01.26-14.29.35:510][  0]LogTargetPlatformManager: Display: Loaded TargetPlatform 'IOS'
[2021.01.26-14.29.35:521][  0]LogTargetPlatformManager: Display: Loaded TargetPlatform 'Linux'
[2021.01.26-14.29.35:530][  0]LogTargetPlatformManager: Display: Loaded TargetPlatform 'LinuxNoEditor'
[2021.01.26-14.29.35:540][  0]LogTargetPlatformManager: Display: Loaded TargetPlatform 'LinuxClient'
[2021.01.26-14.29.35:549][  0]LogTargetPlatformManager: Display: Loaded TargetPlatform 'LinuxServer'
[2021.01.26-14.29.35:559][  0]LogTargetPlatformManager: Display: Loaded TargetPlatform 'LinuxAArch64NoEditor'
[2021.01.26-14.29.35:568][  0]LogTargetPlatformManager: Display: Loaded TargetPlatform 'LinuxAArch64Client'
[2021.01.26-14.29.35:578][  0]LogTargetPlatformManager: Display: Loaded TargetPlatform 'LinuxAArch64Server'
[2021.01.26-14.29.35:603][  0]LogTargetPlatformManager: Display: Loaded TargetPlatform 'Lumin'
[2021.01.26-14.29.35:603][  0]LogTargetPlatformManager: Display: Loaded TargetPlatform 'LuminClient'
[2021.01.26-14.29.35:619][  0]LogTargetPlatformManager: Display: Loaded TargetPlatform 'TVOSClient'
[2021.01.26-14.29.35:619][  0]LogTargetPlatformManager: Display: Loaded TargetPlatform 'TVOS'
[2021.01.26-14.29.35:628][  0]LogTargetPlatformManager: Display: Loaded TargetPlatform 'WindowsNoEditor'
[2021.01.26-14.29.35:638][  0]LogTargetPlatformManager: Display: Loaded TargetPlatform 'Windows'
[2021.01.26-14.29.35:648][  0]LogTargetPlatformManager: Display: Loaded TargetPlatform 'WindowsClient'
[2021.01.26-14.29.35:657][  0]LogTargetPlatformManager: Display: Loaded TargetPlatform 'WindowsServer'
[2021.01.26-14.29.35:657][  0]LogTargetPlatformManager: Display: Building Assets For Windows
[2021.01.26-14.29.35:669][  0]LogAudioDebug: Display: Lib vorbis DLL was dynamically loaded.
[2021.01.26-14.29.35:744][  0]LogShaderCompilers: Guid format shader working directory is -36 characters bigger than the processId version (../../../../../../Users/Emma/Documents/GitHub/CO2301-Assignment/CO2301Assignment/Intermediate/Shaders/WorkingDirectory/29356/).
[2021.01.26-14.29.35:744][  0]LogShaderCompilers: Cleaned the shader compiler working directory 'C:/Users/Emma/AppData/Local/Temp/UnrealShaderWorkingDir/13F49B2B4C921618E311728FDBB170B2/'.
[2021.01.26-14.29.35:744][  0]LogXGEController: Cleaning working directory: C:/Users/Emma/AppData/Local/Temp/UnrealXGEWorkingDir/
[2021.01.26-14.29.35:745][  0]LogXGEController: Cannot use XGE Controller as Incredibuild is not installed on this machine.
[2021.01.26-14.29.35:745][  0]LogShaderCompilers: Cannot use XGE Shader Compiler as Incredibuild is not installed on this machine.
[2021.01.26-14.29.35:745][  0]LogShaderCompilers: Display: Using Local Shader Compiler.
[2021.01.26-14.29.36:387][  0]LogDerivedDataCache: Display: Max Cache Size: 512 MB
[2021.01.26-14.29.36:423][  0]LogDerivedDataCache: Loaded boot cache 0.04s 76MB C:/Users/Emma/AppData/Local/UnrealEngine/4.25/DerivedDataCache/Boot.ddc.
[2021.01.26-14.29.36:423][  0]LogDerivedDataCache: Display: Loaded Boot cache: C:/Users/Emma/AppData/Local/UnrealEngine/4.25/DerivedDataCache/Boot.ddc
[2021.01.26-14.29.36:423][  0]LogDerivedDataCache: FDerivedDataBackendGraph:  Pak pak cache file ../../../../../../Users/Emma/Documents/GitHub/CO2301-Assignment/CO2301Assignment/DerivedDataCache/DDC.ddp not found, will not use a pak cache.
[2021.01.26-14.29.36:423][  0]LogDerivedDataCache: Unable to find inner node Pak for hierarchical cache Hierarchy.
[2021.01.26-14.29.36:423][  0]LogDerivedDataCache: FDerivedDataBackendGraph:  CompressedPak pak cache file ../../../../../../Users/Emma/Documents/GitHub/CO2301-Assignment/CO2301Assignment/DerivedDataCache/Compressed.ddp not found, will not use a pak cache.
[2021.01.26-14.29.36:423][  0]LogDerivedDataCache: Unable to find inner node CompressedPak for hierarchical cache Hierarchy.
[2021.01.26-14.29.36:433][  0]LogDerivedDataCache: Display: Pak cache opened for reading ../../../Engine/DerivedDataCache/Compressed.ddp.
[2021.01.26-14.29.36:433][  0]LogDerivedDataCache: FDerivedDataBackendGraph:  EnterprisePak pak cache file ../../../Enterprise/DerivedDataCache/Compressed.ddp not found, will not use a pak cache.
[2021.01.26-14.29.36:433][  0]LogDerivedDataCache: Unable to find inner node EnterprisePak for hierarchical cache Hierarchy.
[2021.01.26-14.29.36:435][  0]LogDerivedDataCache: Using Local data cache path C:/Users/Emma/AppData/Local/UnrealEngine/Common/DerivedDataCache: Writable
[2021.01.26-14.29.36:435][  0]LogDerivedDataCache: Shared data cache path not found in *engine.ini, will not use an Shared cache.
[2021.01.26-14.29.36:435][  0]LogDerivedDataCache: Unable to find inner node Shared for hierarchical cache Hierarchy.
[2021.01.26-14.29.36:478][  0]LogSlate: Using FreeType 2.10.0
[2021.01.26-14.29.36:478][  0]LogSlate: SlateFontServices - WITH_FREETYPE: 1, WITH_HARFBUZZ: 1
[2021.01.26-14.29.36:499][  0]LogAssetRegistry: FAssetRegistry took 0.0037 seconds to start up
[2021.01.26-14.29.36:708][  0]LogInit: Selected Device Profile: [Windows]
[2021.01.26-14.29.36:816][  0]LogMeshReduction: Using QuadricMeshReduction for automatic static mesh reduction
[2021.01.26-14.29.36:816][  0]LogMeshReduction: Using SimplygonMeshReduction for automatic skeletal mesh reduction
[2021.01.26-14.29.36:816][  0]LogMeshReduction: Using ProxyLODMeshReduction for automatic mesh merging
[2021.01.26-14.29.36:817][  0]LogMeshReduction: No distributed automatic mesh merging module available
[2021.01.26-14.29.36:817][  0]LogMeshMerging: No distributed automatic mesh merging module available
[2021.01.26-14.29.36:831][  0]LogNetVersion: CO2301Assignment 1.0.0, NetCL: 13144385, EngineNetVer: 14, GameNetVer: 0 (Checksum: 736346464)
[2021.01.26-14.29.37:143][  0]LogAISub: UAISubsystem::UAISubsystem AISubsystem (0000020C263502C0), frame # 0
[2021.01.26-14.29.37:143][  0]LogAISub: UAISubsystem::UAISubsystem AIPerceptionSystem (0000020C262911C0), frame # 0
[2021.01.26-14.29.37:145][  0]LogAISub: UAISubsystem::UAISubsystem EnvQueryManager (0000020C262E5E00), frame # 0
[2021.01.26-14.29.37:184][  0]LogPackageLocalizationCache: Processed 19 localized package path(s) for 1 prioritized culture(s) in 0.032981 seconds
[2021.01.26-14.29.37:188][  0]LogUObjectArray: 15917 objects as part of root set at end of initial load.
[2021.01.26-14.29.37:188][  0]LogUObjectAllocator: 3965568 out of 0 bytes used by permanent object pool.
[2021.01.26-14.29.37:188][  0]LogUObjectArray: CloseDisregardForGC: 0/0 objects in disregard for GC pool
[2021.01.26-14.29.37:555][  0]LogTcpMessaging: Initializing TcpMessaging bridge
[2021.01.26-14.29.37:560][  0]LogUdpMessaging: Initializing bridge on interface 0.0.0.0:0 to multicast group 230.0.0.1:6666.
[2021.01.26-14.29.37:715][  0]SourceControl: Source control is disabled
[2021.01.26-14.29.37:715][  0]SourceControl: Source control is disabled
[2021.01.26-14.29.37:718][  0]SourceControl: Source control is disabled
[2021.01.26-14.29.37:722][  0]SourceControl: Source control is disabled
[2021.01.26-14.29.37:731][  0]SourceControl: Source control is disabled
[2021.01.26-14.29.38:012][  0]LogAndroidPermission: UAndroidPermissionCallbackProxy::GetInstance
[2021.01.26-14.29.38:036][  0]LogAudioCaptureCore: Display: No Audio Capture implementations found. Audio input will be silent.
[2021.01.26-14.29.38:036][  0]LogAudioCaptureCore: Display: No Audio Capture implementations found. Audio input will be silent.
[2021.01.26-14.29.38:091][  0]LogOcInput: OculusInput pre-init called
[2021.01.26-14.29.38:104][  0]LogWindows: Failed to load 'OVRPlugin.dll' (GetLastError=126)
[2021.01.26-14.29.38:105][  0]LogWindows: File 'OVRPlugin.dll' does not exist
[2021.01.26-14.29.38:171][  0]LogEngine: Initializing Engine...
[2021.01.26-14.29.38:172][  0]LogHMD: Failed to initialize OpenVR with code 110
[2021.01.26-14.29.38:172][  0]LogMagicLeap: Warning: VR disabled because ZI is not enabled.  To enable, in the editor, Edit -> Project Settings -> Plugins -> Magic Leap Plugin -> Enable Zero Iteration
[2021.01.26-14.29.38:173][  0]LogStats: UGameplayTagsManager::InitializeManager -  0.000 s
[2021.01.26-14.29.38:264][  0]LogInit: Initializing FReadOnlyCVARCache
[2021.01.26-14.29.38:272][  0]LogAIModule: Creating AISystem for world Untitled
[2021.01.26-14.29.38:272][  0]LogAISub: UAISubsystem::UAISubsystem EnvQueryManager (0000020C2D0CA800), frame # 0
[2021.01.26-14.29.38:272][  0]LogAISub: UAISubsystem::UAISubsystem AIPerceptionSystem (0000020C2D109D00), frame # 0
[2021.01.26-14.29.38:288][  0]LogAudioMixer: Display: Audio Mixer Platform Settings:
[2021.01.26-14.29.38:288][  0]LogAudioMixer: Display: 	Sample Rate:						  48000
[2021.01.26-14.29.38:288][  0]LogAudioMixer: Display: 	Callback Buffer Frame Size Requested: 1024
[2021.01.26-14.29.38:288][  0]LogAudioMixer: Display: 	Callback Buffer Frame Size To Use:	  1024
[2021.01.26-14.29.38:288][  0]LogAudioMixer: Display: 	Number of buffers to queue:			  2
[2021.01.26-14.29.38:288][  0]LogAudioMixer: Display: 	Max Channels (voices):				  32
[2021.01.26-14.29.38:288][  0]LogAudioMixer: Display: 	Number of Async Source Workers:		  0
[2021.01.26-14.29.38:288][  0]LogAudio: Display: AudioDevice MaxSources: 32
[2021.01.26-14.29.38:288][  0]LogAudio: Display: Using built-in audio occlusion.
[2021.01.26-14.29.38:288][  0]LogAudioMixer: Display: Initializing audio mixer.
[2021.01.26-14.29.38:303][  0]LogAudioMixer: Display: 0: FrontLeft
[2021.01.26-14.29.38:303][  0]LogAudioMixer: Display: 1: FrontRight
[2021.01.26-14.29.38:376][  0]LogAudioMixer: Display: Using Audio Device Speakers (Scarlett Solo USB)
[2021.01.26-14.29.38:380][  0]LogAudioMixer: Display: Initializing Sound Submixes...
[2021.01.26-14.29.38:382][  0]LogAudioMixer: Display: Creating Master Submix 'MasterSubmixDefault'
[2021.01.26-14.29.38:382][  0]LogAudioMixer: Display: Creating Master Submix 'MasterReverbSubmixDefault'
[2021.01.26-14.29.38:382][  0]LogAudioMixer: Display: Creating Master Submix 'MasterEQSubmixDefault'
[2021.01.26-14.29.38:384][  0]LogInit: FAudioDevice initialized.
[2021.01.26-14.29.38:385][  0]LogNetVersion: Set ProjectVersion to 1.0.0.0. Version Checksum will be recalculated on next use.
[2021.01.26-14.29.38:427][  0]LogDerivedDataCache: Saved boot cache 0.04s 76MB C:/Users/Emma/AppData/Local/UnrealEngine/4.25/DerivedDataCache/Boot.ddc.
[2021.01.26-14.29.38:435][  0]LogInit: Texture streaming: Enabled
[2021.01.26-14.29.38:454][  0]LogEngineSessionManager: EngineSessionManager initialized
[2021.01.26-14.29.38:454][  0]LogEditorSessionSummary: Verbose: Initializing EditorSessionSummaryWriter for editor session tracking
[2021.01.26-14.29.38:455][  0]LogEditorSessionSummary: EditorSessionSummaryWriter initialized
[2021.01.26-14.29.38:508][  0]LogInit: Transaction tracking system initialized
[2021.01.26-14.29.38:534][  0]BlueprintLog: New page: Editor Load
[2021.01.26-14.29.38:619][  0]LocalizationService: Localization service is disabled
[2021.01.26-14.29.38:768][  0]LogCook: Display: Max memory allowance for cook 16384mb min free memory 0mb
[2021.01.26-14.29.38:768][  0]LogCook: Display: Mobile HDR setting 1
[2021.01.26-14.29.38:916][  0]LogFileCache: Scanning file cache for directory 'C:/Users/Emma/Documents/GitHub/CO2301-Assignment/CO2301Assignment/Content/' took 0.01s
[2021.01.26-14.29.39:057][  0]SourceControl: Source control is disabled
[2021.01.26-14.29.39:057][  0]LogUnrealEdMisc: Loading editor; pre map load, took 5.955
[2021.01.26-14.29.39:057][  0]Cmd: MAP LOAD FILE="../../../Engine/Content/Maps/Templates/Template_Default.umap" TEMPLATE=1 SHOWPROGRESS=1 FEATURELEVEL=3
[2021.01.26-14.29.39:058][  0]LightingResults: New page: Lighting Build
[2021.01.26-14.29.39:058][  0]LogWorld: UWorld::CleanupWorld for Untitled, bSessionEnded=true, bCleanupResources=true
[2021.01.26-14.29.39:058][  0]LogSlate: InvalidateAllWidgets triggered.  All widgets were invalidated
[2021.01.26-14.29.39:059][  0]MapCheck: New page: Map Check
[2021.01.26-14.29.39:059][  0]LightingResults: New page: Lighting Build
[2021.01.26-14.29.39:085][  0]LogAISub: UAISubsystem::~UAISubsystem EnvQueryManager (0000020C2D0CA800), frame # 0
[2021.01.26-14.29.39:085][  0]LogAISub: UAISubsystem::~UAISubsystem AIPerceptionSystem (0000020C2D109D00), frame # 0
[2021.01.26-14.29.39:086][  0]LogUObjectHash: Compacting FUObjectHashTables data took   0.62ms
[2021.01.26-14.29.39:136][  0]LogAIModule: Creating AISystem for world Untitled_1
[2021.01.26-14.29.39:136][  0]LogAISub: UAISubsystem::UAISubsystem EnvQueryManager (0000020C199E3E00), frame # 0
[2021.01.26-14.29.39:136][  0]LogAISub: UAISubsystem::UAISubsystem AIPerceptionSystem (0000020C19AC0A40), frame # 0
[2021.01.26-14.29.39:139][  0]LogEditorServer: Finished looking for orphan Actors (0.000 secs)
[2021.01.26-14.29.39:152][  0]LogUObjectHash: Compacting FUObjectHashTables data took   0.86ms
[2021.01.26-14.29.39:153][  0]Cmd: MAP CHECKDEP NOCLEARLOG
[2021.01.26-14.29.39:153][  0]MapCheck: Map check complete: 0 Error(s), 0 Warning(s), took 0.127ms to complete.
[2021.01.26-14.29.39:153][  0]LogFileHelpers: Loading map 'Template_Default' took 0.096
[2021.01.26-14.29.39:155][  0]LogUnrealEdMisc: Total Editor Startup Time, took 6.053
[2021.01.26-14.29.39:274][  0]LogSlate: Updating window title bar state: overlay mode, drag disabled, window buttons hidden, title bar hidden
[2021.01.26-14.29.39:279][  0]LogSlate: Updating window title bar state: overlay mode, drag disabled, window buttons hidden, title bar hidden
[2021.01.26-14.29.39:285][  0]LogSlate: Updating window title bar state: overlay mode, drag disabled, window buttons hidden, title bar hidden
[2021.01.26-14.29.39:290][  0]LogSlate: Updating window title bar state: overlay mode, drag disabled, window buttons hidden, title bar hidden
[2021.01.26-14.29.39:298][  0]LogCollectionManager: Loaded 0 collections in 0.001558 seconds
[2021.01.26-14.29.39:315][  0]LogFileCache: Scanning file cache for directory 'C:/Users/Emma/Documents/GitHub/CO2301-Assignment/CO2301Assignment/Saved/Collections/' took 0.00s
[2021.01.26-14.29.39:315][  0]LogFileCache: Scanning file cache for directory 'C:/Users/Emma/Documents/GitHub/CO2301-Assignment/CO2301Assignment/Content/Developers/Emma/Collections/' took 0.00s
[2021.01.26-14.29.39:315][  0]LogFileCache: Scanning file cache for directory 'C:/Users/Emma/Documents/GitHub/CO2301-Assignment/CO2301Assignment/Content/Collections/' took 0.00s
[2021.01.26-14.29.39:315][  0]LogContentBrowser: Native class hierarchy populated in 0.0085 seconds. Added 3440 classes and 828 folders.
[2021.01.26-14.29.39:317][  0]LogContentBrowser: Native class hierarchy updated for 'WidgetCarousel' in 0.0003 seconds. Added 0 classes and 0 folders.
[2021.01.26-14.29.39:353][  0]LogContentBrowser: Native class hierarchy updated for 'AddContentDialog' in 0.0003 seconds. Added 0 classes and 0 folders.
[2021.01.26-14.29.39:356][  0]LogContentBrowser: Native class hierarchy updated for 'SceneOutliner' in 0.0002 seconds. Added 2 classes and 0 folders.
[2021.01.26-14.29.39:415][  0]LogSlate: Took 0.000138 seconds to synchronously load lazily loaded font '../../../Engine/Content/Slate/Fonts/Roboto-Regular.ttf' (155K)
[2021.01.26-14.29.39:417][  0]LogSlate: Took 0.000118 seconds to synchronously load lazily loaded font '../../../Engine/Content/Slate/Fonts/Roboto-Bold.ttf' (160K)
[2021.01.26-14.29.39:420][  0]LogSlate: Took 0.000088 seconds to synchronously load lazily loaded font '../../../Engine/Content/Editor/Slate/Fonts/FontAwesome.ttf' (139K)
[2021.01.26-14.29.39:474][  0]LogRenderer: Reallocating scene render targets to support 1616x808 Format 10 NumSamples 1 (Frame:1).
[2021.01.26-14.29.39:534][  0]LogContentBrowser: Native class hierarchy updated for 'HierarchicalLODOutliner' in 0.0003 seconds. Added 0 classes and 0 folders.
[2021.01.26-14.29.39:535][  0]LogLoad: (Engine Initialization) Total time: 6.43 seconds
[2021.01.26-14.29.39:535][  0]LogLoad: (Engine Initialization) Total Blueprint compile time: 0.00 seconds
[2021.01.26-14.29.39:570][  0]LogAssetRegistry: Asset discovery search completed in 3.0741 seconds
[2021.01.26-14.29.39:573][  0]LogCollectionManager: Fixed up redirectors for 0 collections in 0.000002 seconds (updated 0 objects)
[2021.01.26-14.29.39:574][  0]LogContentStreaming: Texture pool size now 1000 MB
[2021.01.26-14.29.45:142][660]LogSlate: Took 0.000111 seconds to synchronously load lazily loaded font '../../../Engine/Content/Slate/Fonts/Roboto-Light.ttf' (167K)
[2021.01.26-14.29.45:395][660]LogAssetEditorSubsystem: Opening Asset editor for World /Game/Level.Level
[2021.01.26-14.29.45:411][660]LogUObjectHash: Compacting FUObjectHashTables data took   0.73ms
[2021.01.26-14.29.45:412][660]Cmd: MAP LOAD FILE="../../../../../../Users/Emma/Documents/GitHub/CO2301-Assignment/CO2301Assignment/Content/Level.umap" TEMPLATE=0 SHOWPROGRESS=1 FEATURELEVEL=3
[2021.01.26-14.29.45:412][660]LightingResults: New page: Lighting Build
[2021.01.26-14.29.45:412][660]LoadErrors: New page: Loading map: Level.umap
[2021.01.26-14.29.45:412][660]LogWorld: UWorld::CleanupWorld for Untitled_1, bSessionEnded=true, bCleanupResources=true
[2021.01.26-14.29.45:413][660]LogSlate: InvalidateAllWidgets triggered.  All widgets were invalidated
[2021.01.26-14.29.45:413][660]MapCheck: New page: Map Check
[2021.01.26-14.29.45:413][660]LightingResults: New page: Lighting Build
[2021.01.26-14.29.45:422][660]LogAISub: UAISubsystem::~UAISubsystem EnvQueryManager (0000020C199E3E00), frame # 660
[2021.01.26-14.29.45:422][660]LogAISub: UAISubsystem::~UAISubsystem AIPerceptionSystem (0000020C19AC0A40), frame # 660
[2021.01.26-14.29.45:423][660]LogUObjectHash: Compacting FUObjectHashTables data took   0.62ms
[2021.01.26-14.29.45:520][660]LogEditorServer: Finished looking for orphan Actors (0.000 secs)
[2021.01.26-14.29.45:520][660]LogAIModule: Creating AISystem for world Level
[2021.01.26-14.29.45:520][660]LogAISub: UAISubsystem::UAISubsystem EnvQueryManager (0000020C54E77C00), frame # 660
[2021.01.26-14.29.45:521][660]LogAISub: UAISubsystem::UAISubsystem AIPerceptionSystem (0000020C5585A5C0), frame # 660
[2021.01.26-14.29.45:531][660]LogUObjectHash: Compacting FUObjectHashTables data took   0.57ms
[2021.01.26-14.29.45:557][660]Cmd: MAP CHECKDEP NOCLEARLOG
[2021.01.26-14.29.45:558][660]MapCheck: Map check complete: 0 Error(s), 0 Warning(s), took 0.113ms to complete.
[2021.01.26-14.29.45:558][660]LogFileHelpers: Loading map 'Level' took 0.146
[2021.01.26-14.29.45:608][660]LogScript: Warning: Accessed None trying to read property CallFunc_TryGetPawnOwner_ReturnValue
	ABP_MovementAnimations_C /Engine/Transient.World_1:PersistentLevel.SkeletalMeshActor_0.SkeletalMeshComponent0.ABP_MovementAnimations_C_0
	Function /Game/ABP_MovementAnimations.ABP_MovementAnimations_C:ExecuteUbergraph_ABP_MovementAnimations:00D3
[2021.01.26-14.29.45:608][660]LogScript: Warning: Accessed None trying to read property CallFunc_TryGetPawnOwner_ReturnValue
	ABP_MovementAnimations_C /Engine/Transient.World_1:PersistentLevel.SkeletalMeshActor_0.SkeletalMeshComponent0.ABP_MovementAnimations_C_0
	Function /Game/ABP_MovementAnimations.ABP_MovementAnimations_C:ExecuteUbergraph_ABP_MovementAnimations:0163
[2021.01.26-14.29.45:608][660]LogScript: Warning: Accessed None trying to read property CallFunc_TryGetPawnOwner_ReturnValue
	ABP_MovementAnimations_C /Engine/Transient.World_1:PersistentLevel.SkeletalMeshActor_0.SkeletalMeshComponent0.ABP_MovementAnimations_C_0
	Function /Game/ABP_MovementAnimations.ABP_MovementAnimations_C:ExecuteUbergraph_ABP_MovementAnimations:0195
[2021.01.26-14.29.47:348][860]LogTemp: Repeating last play command: Selected Viewport
[2021.01.26-14.29.47:363][860]LogPlayLevel: PlayLevel: No blueprints needed recompiling
[2021.01.26-14.29.47:363][860]PIE: New page: PIE session: Level (26 Jan 2021, 14:29:47)
[2021.01.26-14.29.47:364][860]LogOnline: OSS: Creating online subsystem instance for: NULL
[2021.01.26-14.29.47:366][860]LogOnline: OSS: TryLoadSubsystemAndSetDefault: Loaded subsystem for module [NULL]
[2021.01.26-14.29.47:366][860]LogPlayLevel: Creating play world package: /Game/UEDPIE_0_Level
[2021.01.26-14.29.47:368][860]LogPlayLevel: PIE: StaticDuplicateObject took: (0.001957s)
[2021.01.26-14.29.47:369][860]LogAIModule: Creating AISystem for world Level
[2021.01.26-14.29.47:369][860]LogAISub: UAISubsystem::UAISubsystem EnvQueryManager (0000020C63499C00), frame # 860
[2021.01.26-14.29.47:369][860]LogAISub: UAISubsystem::UAISubsystem AIPerceptionSystem (0000020C42F25BC0), frame # 860
[2021.01.26-14.29.47:369][860]LogPlayLevel: PIE: World Init took: (0.001049s)
[2021.01.26-14.29.47:369][860]LogPlayLevel: PIE: Created PIE world by copying editor world from /Game/Level.Level to /Game/UEDPIE_0_Level.Level (0.003213s)
[2021.01.26-14.29.47:378][860]LogUObjectHash: Compacting FUObjectHashTables data took   0.55ms
[2021.01.26-14.29.47:379][860]LogAudioMixer: Display: Audio Mixer Platform Settings:
[2021.01.26-14.29.47:379][860]LogAudioMixer: Display: 	Sample Rate:						  48000
[2021.01.26-14.29.47:379][860]LogAudioMixer: Display: 	Callback Buffer Frame Size Requested: 1024
[2021.01.26-14.29.47:380][860]LogAudioMixer: Display: 	Callback Buffer Frame Size To Use:	  1024
[2021.01.26-14.29.47:380][860]LogAudioMixer: Display: 	Number of buffers to queue:			  2
[2021.01.26-14.29.47:380][860]LogAudioMixer: Display: 	Max Channels (voices):				  32
[2021.01.26-14.29.47:380][860]LogAudioMixer: Display: 	Number of Async Source Workers:		  0
[2021.01.26-14.29.47:380][860]LogAudio: Display: AudioDevice MaxSources: 32
[2021.01.26-14.29.47:380][860]LogAudio: Display: Using built-in audio occlusion.
[2021.01.26-14.29.47:380][860]LogAudioMixer: Display: Initializing audio mixer.
[2021.01.26-14.29.47:382][860]LogAudioMixer: Display: 0: FrontLeft
[2021.01.26-14.29.47:382][860]LogAudioMixer: Display: 1: FrontRight
[2021.01.26-14.29.47:403][860]LogAudioMixer: Display: Using Audio Device Speakers (Scarlett Solo USB)
[2021.01.26-14.29.47:403][860]LogAudioMixer: Display: Initializing Sound Submixes...
[2021.01.26-14.29.47:404][860]LogAudioMixer: Display: Creating Master Submix 'MasterSubmixDefault'
[2021.01.26-14.29.47:404][860]LogAudioMixer: Display: Creating Master Submix 'MasterReverbSubmixDefault'
[2021.01.26-14.29.47:404][860]LogAudioMixer: Display: Creating Master Submix 'MasterEQSubmixDefault'
[2021.01.26-14.29.47:415][860]LogInit: FAudioDevice initialized.
[2021.01.26-14.29.47:423][860]LogLoad: Game class is 'GameModeBase'
[2021.01.26-14.29.47:424][860]LogWorld: Bringing World /Game/UEDPIE_0_Level.Level up for play (max tick rate 0) at 2021.01.26-14.29.47
[2021.01.26-14.29.47:425][860]LogWorld: Bringing up level for play took: 0.001520
[2021.01.26-14.29.47:425][860]LogOnline: OSS: Creating online subsystem instance for: :Context_8
[2021.01.26-14.29.47:428][860]LogContentBrowser: Native class hierarchy updated for 'MovieSceneCapture' in 0.0003 seconds. Added 20 classes and 0 folders.
[2021.01.26-14.29.47:429][860]PIE: Server logged in
[2021.01.26-14.29.47:430][860]PIE: Play in editor total start time 0.068 seconds.
[2021.01.26-14.29.47:821][905]LogTemp: Warning: Shoot
[2021.01.26-14.29.48:578][996]LogTemp: Warning: Shoot
[2021.01.26-14.29.48:687][  9]LogTemp: Warning: Shoot
[2021.01.26-14.29.48:795][ 22]LogTemp: Warning: Shoot
[2021.01.26-14.29.48:903][ 35]LogTemp: Warning: Shoot
[2021.01.26-14.29.49:011][ 48]LogTemp: Warning: Shoot
[2021.01.26-14.29.49:120][ 61]LogTemp: Warning: Shoot
[2021.01.26-14.29.49:228][ 74]LogTemp: Warning: Shoot
[2021.01.26-14.29.49:996][166]LogTemp: Warning: Shoot
[2021.01.26-14.29.50:104][179]LogTemp: Warning: Shoot
[2021.01.26-14.29.50:212][192]LogTemp: Warning: Shoot
[2021.01.26-14.29.50:320][205]LogTemp: Warning: Shoot
[2021.01.26-14.29.50:429][218]LogTemp: Warning: Shoot
[2021.01.26-14.29.50:536][231]LogTemp: Warning: Shoot
[2021.01.26-14.29.50:645][244]LogTemp: Warning: Shoot
[2021.01.26-14.30.02:990][722]LogSlate: Updating window title bar state: overlay mode, drag disabled, window buttons hidden, title bar hidden
[2021.01.26-14.30.02:990][722]LogWorld: BeginTearingDown for /Game/UEDPIE_0_Level
[2021.01.26-14.30.02:990][722]LogWorld: UWorld::CleanupWorld for Level, bSessionEnded=true, bCleanupResources=true
[2021.01.26-14.30.02:990][722]LogSlate: InvalidateAllWidgets triggered.  All widgets were invalidated
[2021.01.26-14.30.03:002][722]LogPlayLevel: Display: Shutting down PIE online subsystems
[2021.01.26-14.30.03:003][722]LogSlate: InvalidateAllWidgets triggered.  All widgets were invalidated
[2021.01.26-14.30.03:032][722]LogSlate: Updating window title bar state: overlay mode, drag disabled, window buttons hidden, title bar hidden
[2021.01.26-14.30.03:033][722]LogAISub: UAISubsystem::~UAISubsystem EnvQueryManager (0000020C63499C00), frame # 2722
[2021.01.26-14.30.03:033][722]LogAISub: UAISubsystem::~UAISubsystem AIPerceptionSystem (0000020C42F25BC0), frame # 2722
[2021.01.26-14.30.03:034][722]LogUObjectHash: Compacting FUObjectHashTables data took   0.56ms
[2021.01.26-14.30.03:086][724]LogPlayLevel: Display: Destroying online subsystem :Context_8
[2021.01.26-14.30.19:579][715]LogSlate: WidgetSwitcher ('None') active index changed to -1
[2021.01.26-14.30.19:579][715]LogSlate: WidgetSwitcher ('None') active index changed to 0
[2021.01.26-14.30.19:608][715]LogSlate: Took 0.005159 seconds to synchronously load lazily loaded font '../../../Engine/Content/Slate/Fonts/Roboto-BoldCondensed.ttf' (158K)
[2021.01.26-14.30.35:613][600]LogSlate: WidgetSwitcher ('None') active index changed to 1
[2021.01.26-14.31.01:394][556]Running C:/Program Files/Epic Games/UE_4.25/Engine/Binaries/DotNET/UnrealBuildTool.exe  -projectfiles -project="C:/Users/Emma/Documents/GitHub/CO2301-Assignment/CO2301Assignment/CO2301Assignment.uproject" -game -rocket -progress
[2021.01.26-14.31.01:699][556]Discovering modules, targets and source code for project...
[2021.01.26-14.31.03:402][556]Binding IntelliSense data...
[2021.01.26-14.31.08:815][556]Binding IntelliSense data... 100%
[2021.01.26-14.31.08:816][556]Writing project files...
[2021.01.26-14.31.12:626][556]Writing project files... 100%
[2021.01.26-14.31.12:755][556]Candidate modules for hot reload:
[2021.01.26-14.31.12:755][556]  CO2301Assignment
[2021.01.26-14.31.12:755][556]Launching UnrealBuildTool... [C:/Program Files/Epic Games/UE_4.25/Engine/Binaries/DotNET/UnrealBuildTool.exe  -ModuleWithSuffix=CO2301Assignment,8323 CO2301AssignmentEditor Win64 Development -Project="C:/Users/Emma/Documents/GitHub/CO2301-Assignment/CO2301Assignment/CO2301Assignment.uproject" "C:/Users/Emma/Documents/GitHub/CO2301-Assignment/CO2301Assignment/CO2301Assignment.uproject"  -IgnoreJunk]
[2021.01.26-14.31.21:162][556]CompilerResultsLog: New page: Compilation - 26 Jan 2021, 14:31:21
[2021.01.26-14.31.21:162][556]CompilerResultsLog: Using 'git status' to determine working set for adaptive non-unity build (C:\Users\Emma\Documents\GitHub\CO2301-Assignment).
[2021.01.26-14.31.21:162][556]CompilerResultsLog: Creating makefile for CO2301AssignmentEditor (no existing makefile)
[2021.01.26-14.31.21:162][556]CompilerResultsLog: Parsing headers for CO2301AssignmentEditor
[2021.01.26-14.31.21:162][556]CompilerResultsLog:   Running UnrealHeaderTool "C:\Users\Emma\Documents\GitHub\CO2301-Assignment\CO2301Assignment\CO2301Assignment.uproject" "C:\Users\Emma\Documents\GitHub\CO2301-Assignment\CO2301Assignment\Intermediate\Build\Win64\CO2301AssignmentEditor\Development\CO2301AssignmentEditor.uhtmanifest" -LogCmds="loginit warning, logexit warning, logdatabase error" -Unattended -WarningsAsErrors -abslog="C:\Users\Emma\AppData\Local\UnrealBuildTool\Log_UHT.txt" -installed
[2021.01.26-14.31.21:162][556]CompilerResultsLog: Reflection code generated for CO2301AssignmentEditor in 4.368693 seconds
[2021.01.26-14.31.21:162][556]CompilerResultsLog: Building CO2301AssignmentEditor...
[2021.01.26-14.31.21:162][556]CompilerResultsLog: Using Visual Studio 2017 14.16.27038 toolchain (C:\Program Files (x86)\Microsoft Visual Studio\2017\Community\VC\Tools\MSVC\14.16.27023) and Windows 10.0.17763.0 SDK (C:\Program Files (x86)\Windows Kits\10).
[2021.01.26-14.31.21:162][556]CompilerResultsLog: Building 6 actions with 16 processes...
[2021.01.26-14.31.21:162][556]CompilerResultsLog:   [1/6] CO2301Assignment.init.gen.cpp
[2021.01.26-14.31.21:163][556]CompilerResultsLog:   [2/6] EnemyAIController.cpp
[2021.01.26-14.31.21:163][556]CompilerResultsLog:   [3/6] EnemyAIController.gen.cpp
[2021.01.26-14.31.21:163][556]CompilerResultsLog:   [4/6] UE4Editor-CO2301Assignment-8323.lib
[2021.01.26-14.31.21:163][556]CompilerResultsLog:      Creating library C:\Users\Emma\Documents\GitHub\CO2301-Assignment\CO2301Assignment\Intermediate\Build\Win64\UE4Editor\Development\CO2301Assignment\UE4Editor-CO2301Assignment-8323.lib and object C:\Users\Emma\Documents\GitHub\CO2301-Assignment\CO2301Assignment\Intermediate\Build\Win64\UE4Editor\Development\CO2301Assignment\UE4Editor-CO2301Assignment-8323.exp
[2021.01.26-14.31.21:163][556]CompilerResultsLog:   [5/6] UE4Editor-CO2301Assignment-8323.dll
[2021.01.26-14.31.21:163][556]CompilerResultsLog:      Creating library C:\Users\Emma\Documents\GitHub\CO2301-Assignment\CO2301Assignment\Intermediate\Build\Win64\UE4Editor\Development\CO2301Assignment\UE4Editor-CO2301Assignment-8323.suppressed.lib and object C:\Users\Emma\Documents\GitHub\CO2301-Assignment\CO2301Assignment\Intermediate\Build\Win64\UE4Editor\Development\CO2301Assignment\UE4Editor-CO2301Assignment-8323.suppressed.exp
[2021.01.26-14.31.21:163][556]CompilerResultsLog:   [6/6] CO2301AssignmentEditor.target
[2021.01.26-14.31.21:163][556]CompilerResultsLog: Total time in Parallel executor: 2.44 seconds
[2021.01.26-14.31.21:163][556]CompilerResultsLog: Total execution time: 8.33 seconds
[2021.01.26-14.31.21:163][556]LogMainFrame: MainFrame: Module compiling took 8.411 seconds
[2021.01.26-14.31.21:185][556]LogClass: Could not find existing class EnemyAIController in package /Script/CO2301Assignment for HotReload, assuming new class
[2021.01.26-14.31.21:193][556]LogContentBrowser: Native class hierarchy updated for 'CO2301Assignment' in 0.0005 seconds. Added 5 classes and 2 folders.
[2021.01.26-14.31.21:194][556]Display: HotReload successful (3 functions remapped  0 scriptstructs remapped)
[2021.01.26-14.31.21:244][556]LogContentBrowser: Native class hierarchy populated in 0.0083 seconds. Added 3441 classes and 828 folders.
[2021.01.26-14.31.21:248][556]Display: HotReload took  8.5s.
[2021.01.26-14.31.21:248][556]Warning: HotReload operation took  8.5s.
[2021.01.26-14.31.21:567][556]LogVSAccessor: Warning: Couldn't goto line number '1' in 'C:/Users/Emma/Documents/GitHub/CO2301-Assignment/CO2301Assignment/Source/CO2301Assignment/EnemyAIController.h'
[2021.01.26-14.31.21:650][556]LogVSAccessor: Warning: Couldn't goto line number '1' in 'C:/Users/Emma/Documents/GitHub/CO2301-Assignment/CO2301Assignment/Source/CO2301Assignment/EnemyAIController.cpp'
[2021.01.26-14.31.21:655][556]LogSlate: Window 'Add C++ Class' being destroyed
[2021.01.26-14.31.21:667][556]LogHotReload: New module detected: UE4Editor-CO2301Assignment-8323.dll
[2021.01.26-14.31.21:710][557]LogHotReload: Starting Hot-Reload from IDE
[2021.01.26-14.31.21:751][557]LogContentBrowser: Native class hierarchy updated for 'CO2301Assignment' in 0.0003 seconds. Added 5 classes and 2 folders.
[2021.01.26-14.31.21:751][557]Display: HotReload successful (0 functions remapped  0 scriptstructs remapped)
[2021.01.26-14.31.21:759][557]LogContentBrowser: Native class hierarchy populated in 0.0080 seconds. Added 3441 classes and 828 folders.
[2021.01.26-14.31.21:766][557]Display: HotReload took  0.1s.
