Log file open, 01/30/21 03:21:28
LogInit: Display: Running engine for game: CO2301Assignment
LogPlatformFile: Not using cached read wrapper
LogTaskGraph: Started task graph with 5 named threads and 47 total threads with 3 sets of task threads.
LogStats: Stats thread started at 0.289123
LogD3D11RHI: Loaded GFSDK_Aftermath_Lib.x64.dll
LogICUInternationalization: ICU TimeZone Detection - Raw Offset: +0:00, Platform Override: ''
LogPluginManager: Mounting plugin Paper2D
LogPluginManager: Mounting plugin AISupport
LogPluginManager: Mounting plugin LightPropagationVolume
LogPluginManager: Mounting plugin CameraShakePreviewer
LogPluginManager: Mounting plugin ActorLayerUtilities
LogPluginManager: Mounting plugin AnimationSharing
LogPluginManager: Mounting plugin CLionSourceCodeAccess
LogPluginManager: Mounting plugin CodeLiteSourceCodeAccess
LogPluginManager: Mounting plugin GitSourceControl
LogPluginManager: Mounting plugin KDevelopSourceCodeAccess
LogPluginManager: Mounting plugin NullSourceCodeAccess
LogPluginManager: Mounting plugin PerforceSourceControl
LogPluginManager: Mounting plugin PlasticSourceControl
LogPluginManager: Mounting plugin RiderSourceCodeAccess
LogPluginManager: Mounting plugin SubversionSourceControl
LogPluginManager: Mounting plugin UObjectPlugin
LogPluginManager: Mounting plugin VisualStudioCodeSourceCodeAccess
LogPluginManager: Mounting plugin VisualStudioSourceCodeAccess
LogPluginManager: Mounting plugin XCodeSourceCodeAccess
LogPluginManager: Mounting plugin AssetManagerEditor
LogPluginManager: Mounting plugin CryptoKeys
LogPluginManager: Mounting plugin CurveEditorTools
LogPluginManager: Mounting plugin DataValidation
LogPluginManager: Mounting plugin EditorScriptingUtilities
LogPluginManager: Mounting plugin FacialAnimation
LogPluginManager: Mounting plugin GameplayTagsEditor
LogPluginManager: Mounting plugin GeometryMode
LogPluginManager: Mounting plugin MacGraphicsSwitching
LogPluginManager: Mounting plugin MaterialAnalyzer
LogPluginManager: Mounting plugin MobileLauncherProfileWizard
LogPluginManager: Mounting plugin PluginBrowser
LogPluginManager: Mounting plugin SpeedTreeImporter
LogPluginManager: Mounting plugin DatasmithContent
LogPluginManager: Mounting plugin VariantManagerContent
LogPluginManager: Mounting plugin AlembicImporter
LogPluginManager: Mounting plugin AutomationUtils
LogPluginManager: Mounting plugin BackChannel
LogPluginManager: Mounting plugin ChaosCloth
LogPluginManager: Mounting plugin ChaosClothEditor
LogPluginManager: Mounting plugin ChaosEditor
LogPluginManager: Mounting plugin ChaosNiagara
LogPluginManager: Mounting plugin ChaosSolverPlugin
LogPluginManager: Mounting plugin CharacterAI
LogPluginManager: Mounting plugin GeometryCache
LogPluginManager: Mounting plugin GeometryCollectionPlugin
LogPluginManager: Mounting plugin GeometryProcessing
LogPluginManager: Mounting plugin PlanarCut
LogPluginManager: Mounting plugin PlatformCrypto
LogPluginManager: Mounting plugin ProxyLODPlugin
LogPluginManager: Mounting plugin SkeletalReduction
LogPluginManager: Mounting plugin Niagara
LogPluginManager: Mounting plugin MagicLeap
LogPluginManager: Mounting plugin MagicLeapLightEstimation
LogPluginManager: Mounting plugin MagicLeapMedia
LogPluginManager: Mounting plugin MagicLeapPassableWorld
LogPluginManager: Mounting plugin MLSDK
LogPluginManager: Mounting plugin AndroidMedia
LogPluginManager: Mounting plugin AvfMedia
LogPluginManager: Mounting plugin ImgMedia
LogPluginManager: Mounting plugin MediaCompositing
LogPluginManager: Mounting plugin MediaPlayerEditor
LogPluginManager: Mounting plugin WebMMedia
LogPluginManager: Mounting plugin WmfMedia
LogPluginManager: Mounting plugin MeshPainting
LogPluginManager: Mounting plugin TcpMessaging
LogPluginManager: Mounting plugin UdpMessaging
LogPluginManager: Mounting plugin ActorSequence
LogPluginManager: Mounting plugin LevelSequenceEditor
LogPluginManager: Mounting plugin MatineeToLevelSequence
LogPluginManager: Mounting plugin MovieRenderPipeline
LogPluginManager: Mounting plugin TemplateSequence
LogPluginManager: Mounting plugin NetcodeUnitTest
LogPluginManager: Mounting plugin NUTUnrealEngine4
LogPluginManager: Mounting plugin OnlineSubsystemGooglePlay
LogPluginManager: Mounting plugin OnlineSubsystemIOS
LogPluginManager: Mounting plugin OnlineSubsystem
LogPluginManager: Mounting plugin OnlineSubsystemNull
LogPluginManager: Mounting plugin OnlineSubsystemUtils
LogPluginManager: Mounting plugin LauncherChunkInstaller
LogPluginManager: Mounting plugin AndroidDeviceProfileSelector
LogPluginManager: Mounting plugin AndroidMoviePlayer
LogPluginManager: Mounting plugin AndroidPermission
LogPluginManager: Mounting plugin ApexDestruction
LogPluginManager: Mounting plugin AppleImageUtils
LogPluginManager: Mounting plugin AppleMoviePlayer
LogPluginManager: Mounting plugin ArchVisCharacter
LogPluginManager: Mounting plugin AssetTags
LogPluginManager: Mounting plugin AudioCapture
LogPluginManager: Mounting plugin CableComponent
LogPluginManager: Mounting plugin CustomMeshComponent
LogPluginManager: Mounting plugin EditableMesh
LogPluginManager: Mounting plugin ExampleDeviceProfileSelector
LogPluginManager: Mounting plugin GoogleCloudMessaging
LogPluginManager: Mounting plugin GooglePAD
LogPluginManager: Mounting plugin IOSDeviceProfileSelector
LogPluginManager: Mounting plugin LinuxDeviceProfileSelector
LogPluginManager: Mounting plugin LocationServicesBPLibrary
LogPluginManager: Mounting plugin MobilePatchingUtils
LogPluginManager: Mounting plugin OculusVR
LogPluginManager: Mounting plugin PhysXVehicles
LogPluginManager: Mounting plugin PostSplashScreen
LogPluginManager: Mounting plugin ProceduralMeshComponent
LogPluginManager: Mounting plugin RuntimePhysXCooking
LogPluginManager: Mounting plugin SignificanceManager
LogPluginManager: Mounting plugin SoundFields
LogPluginManager: Mounting plugin SteamVR
LogPluginManager: Mounting plugin Synthesis
LogPluginManager: Mounting plugin WebMMoviePlayer
LogPluginManager: Mounting plugin WindowsMoviePlayer
LogPluginManager: Mounting plugin ScreenshotTools
LogInit: Using libcurl 7.55.1-DEV
LogInit:  - built for x86_64-pc-win32
LogInit:  - supports SSL with OpenSSL/1.1.1
LogInit:  - supports HTTP deflate (compression) using libz 1.2.8
LogInit:  - other features:
LogInit:      CURL_VERSION_SSL
LogInit:      CURL_VERSION_LIBZ
LogInit:      CURL_VERSION_IPV6
LogInit:      CURL_VERSION_ASYNCHDNS
LogInit:      CURL_VERSION_LARGEFILE
LogInit:      CURL_VERSION_IDN
LogInit:  CurlRequestOptions (configurable via config and command line):
LogInit:  - bVerifyPeer = true  - Libcurl will verify peer certificate
LogInit:  - bUseHttpProxy = false  - Libcurl will NOT use HTTP proxy
LogInit:  - bDontReuseConnections = false  - Libcurl will reuse connections
LogInit:  - MaxHostConnections = 16  - Libcurl will limit the number of connections to a host
LogInit:  - LocalHostAddr = Default
LogInit:  - BufferSize = 65536
LogOnline: OSS: Creating online subsystem instance for: NULL
LogInit: WinSock: version 1.1 (2.2), MaxSocks=32767, MaxUdp=65467
LogOnline: OSS: TryLoadSubsystemAndSetDefault: Loaded subsystem for module [NULL]
LogInit: Build: ++UE4+Release-4.25-CL-13942748
LogInit: Engine Version: 4.25.3-13942748+++UE4+Release-4.25
LogInit: Compatible Engine Version: 4.25.0-13144385+++UE4+Release-4.25
LogInit: Net CL: 13144385
LogInit: OS: Windows 10 (Release 1909) (), CPU: AMD Ryzen 7 3700X 8-Core Processor             , GPU: NVIDIA GeForce RTX 2070 SUPER
LogInit: Compiled (64-bit): Jul 25 2020 02:07:48
LogInit: Compiled with Visual C++: 19.24.28315.00
LogInit: Build Configuration: Development
LogInit: Branch Name: ++UE4+Release-4.25
LogInit: Command Line:  -skipcompile
LogInit: Base Directory: C:/Program Files/Epic Games/UE_4.25/Engine/Binaries/Win64/
LogInit: Allocator: TBB
LogInit: Installed Engine Build: 1
LogDevObjectVersion: Number of dev versions registered: 26
LogDevObjectVersion:   Dev-Blueprints (B0D832E4-1F89-4F0D-ACCF-7EB736FD4AA2): 10
LogDevObjectVersion:   Dev-Build (E1C64328-A22C-4D53-A36C-8E866417BD8C): 0
LogDevObjectVersion:   Dev-Core (375EC13C-06E4-48FB-B500-84F0262A717E): 4
LogDevObjectVersion:   Dev-Editor (E4B068ED-F494-42E9-A231-DA0B2E46BB41): 38
LogDevObjectVersion:   Dev-Framework (CFFC743F-43B0-4480-9391-14DF171D2073): 37
LogDevObjectVersion:   Dev-Mobile (B02B49B5-BB20-44E9-A304-32B752E40360): 2
LogDevObjectVersion:   Dev-Networking (A4E4105C-59A1-49B5-A7C5-40C4547EDFEE): 0
LogDevObjectVersion:   Dev-Online (39C831C9-5AE6-47DC-9A44-9C173E1C8E7C): 0
LogDevObjectVersion:   Dev-Physics (78F01B33-EBEA-4F98-B9B4-84EACCB95AA2): 4
LogDevObjectVersion:   Dev-Platform (6631380F-2D4D-43E0-8009-CF276956A95A): 0
LogDevObjectVersion:   Dev-Rendering (12F88B9F-8875-4AFC-A67C-D90C383ABD29): 43
LogDevObjectVersion:   Dev-Sequencer (7B5AE74C-D270-4C10-A958-57980B212A5A): 12
LogDevObjectVersion:   Dev-VR (D7296918-1DD6-4BDD-9DE2-64A83CC13884): 3
LogDevObjectVersion:   Dev-LoadTimes (C2A15278-BFE7-4AFE-6C17-90FF531DF755): 1
LogDevObjectVersion:   Private-Geometry (6EACA3D4-40EC-4CC1-B786-8BED09428FC5): 3
LogDevObjectVersion:   Dev-AnimPhys (29E575DD-E0A3-4627-9D10-D276232CDCEA): 17
LogDevObjectVersion:   Dev-Anim (AF43A65D-7FD3-4947-9873-3E8ED9C1BB05): 7
LogDevObjectVersion:   Dev-ReflectionCapture (6B266CEC-1EC7-4B8F-A30B-E4D90942FC07): 1
LogDevObjectVersion:   Dev-Automation (0DF73D61-A23F-47EA-B727-89E90C41499A): 1
LogDevObjectVersion:   FortniteMain (601D1886-AC64-4F84-AA16-D3DE0DEAC7D6): 31
LogDevObjectVersion:   Dev-Enterprise (9DFFBCD6-494F-0158-E221-12823C92A888): 10
LogDevObjectVersion:   Dev-Niagara (F2AED0AC-9AFE-416F-8664-AA7FFA26D6FC): 1
LogDevObjectVersion:   Dev-Destruction (174F1F0B-B4C6-45A5-B13F-2EE8D0FB917D): 10
LogDevObjectVersion:   Dev-Physics-Ext (35F94A83-E258-406C-A318-09F59610247C): 37
LogDevObjectVersion:   Dev-PhysicsMaterial-Chaos (B68FC16E-8B1B-42E2-B453-215C058844FE): 1
LogDevObjectVersion:   Dev-CineCamera (B2E18506-4273-CFC2-A54E-F4BB758BBA07): 1
LogInit: Presizing for max 25165824 objects, including 0 objects not considered by GC, pre-allocating 0 bytes for permanent pool.
LogConfig: Applying CVar settings from Section [/Script/Engine.StreamingSettings] File [C:/Users/Emma/Documents/GitHub/CO2301-Assignment/CO2301Assignment/Saved/Config/Windows/Engine.ini]
LogConfig: Setting CVar [[s.MinBulkDataSizeForAsyncLoading:131072]]
LogConfig: Setting CVar [[s.AsyncLoadingThreadEnabled:0]]
LogConfig: Setting CVar [[s.EventDrivenLoaderEnabled:1]]
LogConfig: Setting CVar [[s.WarnIfTimeLimitExceeded:0]]
LogConfig: Setting CVar [[s.TimeLimitExceededMultiplier:1.5]]
LogConfig: Setting CVar [[s.TimeLimitExceededMinTime:0.005]]
LogConfig: Setting CVar [[s.UseBackgroundLevelStreaming:1]]
LogConfig: Setting CVar [[s.PriorityAsyncLoadingExtraTime:15.0]]
LogConfig: Setting CVar [[s.LevelStreamingActorsUpdateTimeLimit:5.0]]
LogConfig: Setting CVar [[s.PriorityLevelStreamingActorsUpdateExtraTime:5.0]]
LogConfig: Setting CVar [[s.LevelStreamingComponentsRegistrationGranularity:10]]
LogConfig: Setting CVar [[s.UnregisterComponentsTimeLimit:1.0]]
LogConfig: Setting CVar [[s.LevelStreamingComponentsUnregistrationGranularity:5]]
LogConfig: Setting CVar [[s.FlushStreamingOnExit:1]]
LogInit: Object subsystem initialized
LogConfig: Setting CVar [[con.DebugEarlyDefault:1]]
LogConfig: Setting CVar [[r.setres:1280x720]]
[2021.01.30-03.21.29:175][  0]LogConfig: Setting CVar [[r.VSync:0]]
[2021.01.30-03.21.29:175][  0]LogConfig: Setting CVar [[r.RHICmdBypass:0]]
[2021.01.30-03.21.29:175][  0]LogConfig: Applying CVar settings from Section [/Script/Engine.RendererSettings] File [C:/Users/Emma/Documents/GitHub/CO2301-Assignment/CO2301Assignment/Saved/Config/Windows/Engine.ini]
[2021.01.30-03.21.29:175][  0]LogConfig: Setting CVar [[r.GPUCrashDebugging:0]]
[2021.01.30-03.21.29:175][  0]LogConfig: Applying CVar settings from Section [/Script/Engine.RendererOverrideSettings] File [C:/Users/Emma/Documents/GitHub/CO2301-Assignment/CO2301Assignment/Saved/Config/Windows/Engine.ini]
[2021.01.30-03.21.29:175][  0]LogConfig: Applying CVar settings from Section [/Script/Engine.StreamingSettings] File [C:/Users/Emma/Documents/GitHub/CO2301-Assignment/CO2301Assignment/Saved/Config/Windows/Engine.ini]
[2021.01.30-03.21.29:175][  0]LogConfig: Setting CVar [[s.MinBulkDataSizeForAsyncLoading:131072]]
[2021.01.30-03.21.29:175][  0]LogConfig: Setting CVar [[s.AsyncLoadingThreadEnabled:0]]
[2021.01.30-03.21.29:175][  0]LogConfig: Setting CVar [[s.EventDrivenLoaderEnabled:1]]
[2021.01.30-03.21.29:175][  0]LogConfig: Setting CVar [[s.WarnIfTimeLimitExceeded:0]]
[2021.01.30-03.21.29:175][  0]LogConfig: Setting CVar [[s.TimeLimitExceededMultiplier:1.5]]
[2021.01.30-03.21.29:175][  0]LogConfig: Setting CVar [[s.TimeLimitExceededMinTime:0.005]]
[2021.01.30-03.21.29:175][  0]LogConfig: Setting CVar [[s.UseBackgroundLevelStreaming:1]]
[2021.01.30-03.21.29:175][  0]LogConfig: Setting CVar [[s.PriorityAsyncLoadingExtraTime:15.0]]
[2021.01.30-03.21.29:175][  0]LogConfig: Setting CVar [[s.LevelStreamingActorsUpdateTimeLimit:5.0]]
[2021.01.30-03.21.29:175][  0]LogConfig: Setting CVar [[s.PriorityLevelStreamingActorsUpdateExtraTime:5.0]]
[2021.01.30-03.21.29:175][  0]LogConfig: Setting CVar [[s.LevelStreamingComponentsRegistrationGranularity:10]]
[2021.01.30-03.21.29:175][  0]LogConfig: Setting CVar [[s.UnregisterComponentsTimeLimit:1.0]]
[2021.01.30-03.21.29:176][  0]LogConfig: Setting CVar [[s.LevelStreamingComponentsUnregistrationGranularity:5]]
[2021.01.30-03.21.29:176][  0]LogConfig: Setting CVar [[s.FlushStreamingOnExit:1]]
[2021.01.30-03.21.29:176][  0]LogConfig: Applying CVar settings from Section [/Script/Engine.GarbageCollectionSettings] File [C:/Users/Emma/Documents/GitHub/CO2301-Assignment/CO2301Assignment/Saved/Config/Windows/Engine.ini]
[2021.01.30-03.21.29:176][  0]LogConfig: Setting CVar [[gc.MaxObjectsNotConsideredByGC:1]]
[2021.01.30-03.21.29:176][  0]LogConfig: Setting CVar [[gc.SizeOfPermanentObjectPool:0]]
[2021.01.30-03.21.29:176][  0]LogConfig: Setting CVar [[gc.FlushStreamingOnGC:0]]
[2021.01.30-03.21.29:176][  0]LogConfig: Setting CVar [[gc.NumRetriesBeforeForcingGC:10]]
[2021.01.30-03.21.29:176][  0]LogConfig: Setting CVar [[gc.AllowParallelGC:1]]
[2021.01.30-03.21.29:176][  0]LogConfig: Setting CVar [[gc.TimeBetweenPurgingPendingKillObjects:61.1]]
[2021.01.30-03.21.29:176][  0]LogConfig: Setting CVar [[gc.MaxObjectsInEditor:25165824]]
[2021.01.30-03.21.29:176][  0]LogConfig: Setting CVar [[gc.IncrementalBeginDestroyEnabled:1]]
[2021.01.30-03.21.29:176][  0]LogConfig: Setting CVar [[gc.CreateGCClusters:1]]
[2021.01.30-03.21.29:176][  0]LogConfig: Setting CVar [[gc.MinGCClusterSize:5]]
[2021.01.30-03.21.29:176][  0]LogConfig: Setting CVar [[gc.ActorClusteringEnabled:0]]
[2021.01.30-03.21.29:176][  0]LogConfig: Setting CVar [[gc.BlueprintClusteringEnabled:0]]
[2021.01.30-03.21.29:176][  0]LogConfig: Setting CVar [[gc.UseDisregardForGCOnDedicatedServers:0]]
[2021.01.30-03.21.29:176][  0]LogConfig: Applying CVar settings from Section [/Script/Engine.NetworkSettings] File [C:/Users/Emma/Documents/GitHub/CO2301-Assignment/CO2301Assignment/Saved/Config/Windows/Engine.ini]
[2021.01.30-03.21.29:176][  0]LogConfig: Applying CVar settings from Section [/Script/UnrealEd.CookerSettings] File [C:/Users/Emma/Documents/GitHub/CO2301-Assignment/CO2301Assignment/Saved/Config/Windows/Engine.ini]
[2021.01.30-03.21.29:182][  0]LogConfig: Applying CVar settings from Section [ViewDistanceQuality@3] File [C:/Users/Emma/Documents/GitHub/CO2301-Assignment/CO2301Assignment/Saved/Config/Windows/Scalability.ini]
[2021.01.30-03.21.29:182][  0]LogConfig: Setting CVar [[r.SkeletalMeshLODBias:0]]
[2021.01.30-03.21.29:182][  0]LogConfig: Setting CVar [[r.ViewDistanceScale:1.0]]
[2021.01.30-03.21.29:182][  0]LogConfig: Applying CVar settings from Section [AntiAliasingQuality@3] File [C:/Users/Emma/Documents/GitHub/CO2301-Assignment/CO2301Assignment/Saved/Config/Windows/Scalability.ini]
[2021.01.30-03.21.29:182][  0]LogConfig: Setting CVar [[r.PostProcessAAQuality:4]]
[2021.01.30-03.21.29:182][  0]LogConfig: Applying CVar settings from Section [ShadowQuality@3] File [C:/Users/Emma/Documents/GitHub/CO2301-Assignment/CO2301Assignment/Saved/Config/Windows/Scalability.ini]
[2021.01.30-03.21.29:182][  0]LogConfig: Setting CVar [[r.LightFunctionQuality:1]]
[2021.01.30-03.21.29:182][  0]LogConfig: Setting CVar [[r.ShadowQuality:5]]
[2021.01.30-03.21.29:182][  0]LogConfig: Setting CVar [[r.Shadow.CSM.MaxCascades:10]]
[2021.01.30-03.21.29:182][  0]LogConfig: Setting CVar [[r.Shadow.MaxResolution:2048]]
[2021.01.30-03.21.29:182][  0]LogConfig: Setting CVar [[r.Shadow.MaxCSMResolution:2048]]
[2021.01.30-03.21.29:182][  0]LogConfig: Setting CVar [[r.Shadow.RadiusThreshold:0.01]]
[2021.01.30-03.21.29:182][  0]LogConfig: Setting CVar [[r.Shadow.DistanceScale:1.0]]
[2021.01.30-03.21.29:182][  0]LogConfig: Setting CVar [[r.Shadow.CSM.TransitionScale:1.0]]
[2021.01.30-03.21.29:182][  0]LogConfig: Setting CVar [[r.Shadow.PreShadowResolutionFactor:1.0]]
[2021.01.30-03.21.29:183][  0]LogConfig: Setting CVar [[r.DistanceFieldShadowing:1]]
[2021.01.30-03.21.29:183][  0]LogConfig: Setting CVar [[r.DistanceFieldAO:1]]
[2021.01.30-03.21.29:183][  0]LogConfig: Setting CVar [[r.AOQuality:2]]
[2021.01.30-03.21.29:183][  0]LogConfig: Setting CVar [[r.VolumetricFog:1]]
[2021.01.30-03.21.29:183][  0]LogConfig: Setting CVar [[r.VolumetricFog.GridPixelSize:8]]
[2021.01.30-03.21.29:183][  0]LogConfig: Setting CVar [[r.VolumetricFog.GridSizeZ:128]]
[2021.01.30-03.21.29:183][  0]LogConfig: Setting CVar [[r.VolumetricFog.HistoryMissSupersampleCount:4]]
[2021.01.30-03.21.29:183][  0]LogConfig: Setting CVar [[r.LightMaxDrawDistanceScale:1]]
[2021.01.30-03.21.29:183][  0]LogConfig: Setting CVar [[r.CapsuleShadows:1]]
[2021.01.30-03.21.29:183][  0]LogConfig: Applying CVar settings from Section [PostProcessQuality@3] File [C:/Users/Emma/Documents/GitHub/CO2301-Assignment/CO2301Assignment/Saved/Config/Windows/Scalability.ini]
[2021.01.30-03.21.29:183][  0]LogConfig: Setting CVar [[r.MotionBlurQuality:4]]
[2021.01.30-03.21.29:183][  0]LogConfig: Setting CVar [[r.AmbientOcclusionMipLevelFactor:0.4]]
[2021.01.30-03.21.29:183][  0]LogConfig: Setting CVar [[r.AmbientOcclusionMaxQuality:100]]
[2021.01.30-03.21.29:183][  0]LogConfig: Setting CVar [[r.AmbientOcclusionLevels:-1]]
[2021.01.30-03.21.29:183][  0]LogConfig: Setting CVar [[r.AmbientOcclusionRadiusScale:1.0]]
[2021.01.30-03.21.29:183][  0]LogConfig: Setting CVar [[r.DepthOfFieldQuality:2]]
[2021.01.30-03.21.29:183][  0]LogConfig: Setting CVar [[r.RenderTargetPoolMin:400]]
[2021.01.30-03.21.29:183][  0]LogConfig: Setting CVar [[r.LensFlareQuality:2]]
[2021.01.30-03.21.29:183][  0]LogConfig: Setting CVar [[r.SceneColorFringeQuality:1]]
[2021.01.30-03.21.29:183][  0]LogConfig: Setting CVar [[r.EyeAdaptationQuality:2]]
[2021.01.30-03.21.29:183][  0]LogConfig: Setting CVar [[r.BloomQuality:5]]
[2021.01.30-03.21.29:183][  0]LogConfig: Setting CVar [[r.FastBlurThreshold:100]]
[2021.01.30-03.21.29:183][  0]LogConfig: Setting CVar [[r.Upscale.Quality:3]]
[2021.01.30-03.21.29:184][  0]LogConfig: Setting CVar [[r.Tonemapper.GrainQuantization:1]]
[2021.01.30-03.21.29:184][  0]LogConfig: Setting CVar [[r.LightShaftQuality:1]]
[2021.01.30-03.21.29:184][  0]LogConfig: Setting CVar [[r.Filter.SizeScale:1]]
[2021.01.30-03.21.29:184][  0]LogConfig: Setting CVar [[r.Tonemapper.Quality:5]]
[2021.01.30-03.21.29:184][  0]LogConfig: Setting CVar [[r.DOF.Gather.AccumulatorQuality:1        ; higher gathering accumulator quality]]
[2021.01.30-03.21.29:184][  0]LogConfig: Setting CVar [[r.DOF.Gather.PostfilterMethod:1          ; Median3x3 postfilering method]]
[2021.01.30-03.21.29:184][  0]LogConfig: Setting CVar [[r.DOF.Gather.EnableBokehSettings:0       ; no bokeh simulation when gathering]]
[2021.01.30-03.21.29:184][  0]LogConfig: Setting CVar [[r.DOF.Gather.RingCount:4                 ; medium number of samples when gathering]]
[2021.01.30-03.21.29:184][  0]LogConfig: Setting CVar [[r.DOF.Scatter.ForegroundCompositing:1    ; additive foreground scattering]]
[2021.01.30-03.21.29:184][  0]LogConfig: Setting CVar [[r.DOF.Scatter.BackgroundCompositing:2    ; additive background scattering]]
[2021.01.30-03.21.29:184][  0]LogConfig: Setting CVar [[r.DOF.Scatter.EnableBokehSettings:1      ; bokeh simulation when scattering]]
[2021.01.30-03.21.29:184][  0]LogConfig: Setting CVar [[r.DOF.Scatter.MaxSpriteRatio:0.1         ; only a maximum of 10% of scattered bokeh]]
[2021.01.30-03.21.29:184][  0]LogConfig: Setting CVar [[r.DOF.Recombine.Quality:1                ; cheap slight out of focus]]
[2021.01.30-03.21.29:184][  0]LogConfig: Setting CVar [[r.DOF.Recombine.EnableBokehSettings:0    ; no bokeh simulation on slight out of focus]]
[2021.01.30-03.21.29:184][  0]LogConfig: Setting CVar [[r.DOF.TemporalAAQuality:1                ; more stable temporal accumulation]]
[2021.01.30-03.21.29:184][  0]LogConfig: Setting CVar [[r.DOF.Kernel.MaxForegroundRadius:0.025]]
[2021.01.30-03.21.29:184][  0]LogConfig: Setting CVar [[r.DOF.Kernel.MaxBackgroundRadius:0.025]]
[2021.01.30-03.21.29:184][  0]LogConfig: Applying CVar settings from Section [TextureQuality@3] File [C:/Users/Emma/Documents/GitHub/CO2301-Assignment/CO2301Assignment/Saved/Config/Windows/Scalability.ini]
[2021.01.30-03.21.29:184][  0]LogConfig: Setting CVar [[r.Streaming.MipBias:0]]
[2021.01.30-03.21.29:184][  0]LogConfig: Setting CVar [[r.Streaming.AmortizeCPUToGPUCopy:0]]
[2021.01.30-03.21.29:184][  0]LogConfig: Setting CVar [[r.Streaming.MaxNumTexturesToStreamPerFrame:0]]
[2021.01.30-03.21.29:184][  0]LogConfig: Setting CVar [[r.Streaming.Boost:1]]
[2021.01.30-03.21.29:184][  0]LogConfig: Setting CVar [[r.MaxAnisotropy:8]]
[2021.01.30-03.21.29:184][  0]LogConfig: Setting CVar [[r.VT.MaxAnisotropy:8]]
[2021.01.30-03.21.29:184][  0]LogConfig: Setting CVar [[r.Streaming.LimitPoolSizeToVRAM:0]]
[2021.01.30-03.21.29:184][  0]LogConfig: Setting CVar [[r.Streaming.PoolSize:1000]]
[2021.01.30-03.21.29:185][  0]LogConfig: Setting CVar [[r.Streaming.MaxEffectiveScreenSize:0]]
[2021.01.30-03.21.29:185][  0]LogConfig: Applying CVar settings from Section [EffectsQuality@3] File [C:/Users/Emma/Documents/GitHub/CO2301-Assignment/CO2301Assignment/Saved/Config/Windows/Scalability.ini]
[2021.01.30-03.21.29:185][  0]LogConfig: Setting CVar [[r.TranslucencyLightingVolumeDim:64]]
[2021.01.30-03.21.29:185][  0]LogConfig: Setting CVar [[r.RefractionQuality:2]]
[2021.01.30-03.21.29:185][  0]LogConfig: Setting CVar [[r.SSR.Quality:3]]
[2021.01.30-03.21.29:185][  0]LogConfig: Setting CVar [[r.SSR.HalfResSceneColor:0]]
[2021.01.30-03.21.29:185][  0]LogConfig: Setting CVar [[r.SceneColorFormat:4]]
[2021.01.30-03.21.29:185][  0]LogConfig: Setting CVar [[r.DetailMode:2]]
[2021.01.30-03.21.29:185][  0]LogConfig: Setting CVar [[r.TranslucencyVolumeBlur:1]]
[2021.01.30-03.21.29:185][  0]LogConfig: Setting CVar [[r.MaterialQualityLevel:1 ; High quality]]
[2021.01.30-03.21.29:185][  0]LogConfig: Setting CVar [[r.SSS.Scale:1]]
[2021.01.30-03.21.29:185][  0]LogConfig: Setting CVar [[r.SSS.SampleSet:2]]
[2021.01.30-03.21.29:185][  0]LogConfig: Setting CVar [[r.SSS.Quality:1]]
[2021.01.30-03.21.29:185][  0]LogConfig: Setting CVar [[r.SSS.HalfRes:0]]
[2021.01.30-03.21.29:185][  0]LogConfig: Setting CVar [[r.SSGI.Quality:3]]
[2021.01.30-03.21.29:185][  0]LogConfig: Setting CVar [[r.EmitterSpawnRateScale:1.0]]
[2021.01.30-03.21.29:185][  0]LogConfig: Setting CVar [[r.ParticleLightQuality:2]]
[2021.01.30-03.21.29:185][  0]LogConfig: Setting CVar [[r.SkyAtmosphere.AerialPerspectiveLUT.FastApplyOnOpaque:1 ; Always have FastSkyLUT 1 in this case to avoid wrong sky]]
[2021.01.30-03.21.29:185][  0]LogConfig: Setting CVar [[r.SkyAtmosphere.AerialPerspectiveLUT.SampleCountPerSlice:1]]
[2021.01.30-03.21.29:185][  0]LogConfig: Setting CVar [[r.SkyAtmosphere.AerialPerspectiveLUT.DepthResolution:16.0]]
[2021.01.30-03.21.29:185][  0]LogConfig: Setting CVar [[r.SkyAtmosphere.FastSkyLUT:1]]
[2021.01.30-03.21.29:185][  0]LogConfig: Setting CVar [[r.SkyAtmosphere.FastSkyLUT.SampleCountMin:4.0]]
[2021.01.30-03.21.29:185][  0]LogConfig: Setting CVar [[r.SkyAtmosphere.FastSkyLUT.SampleCountMax:32.0]]
[2021.01.30-03.21.29:185][  0]LogConfig: Setting CVar [[r.SkyAtmosphere.SampleCountMin:4.0]]
[2021.01.30-03.21.29:185][  0]LogConfig: Setting CVar [[r.SkyAtmosphere.SampleCountMax:32.0]]
[2021.01.30-03.21.29:185][  0]LogConfig: Setting CVar [[r.SkyAtmosphere.TransmittanceLUT.UseSmallFormat:0]]
[2021.01.30-03.21.29:185][  0]LogConfig: Setting CVar [[r.SkyAtmosphere.TransmittanceLUT.SampleCount:10.0]]
[2021.01.30-03.21.29:186][  0]LogConfig: Setting CVar [[r.SkyAtmosphere.MultiScatteringLUT.SampleCount:15.0]]
[2021.01.30-03.21.29:186][  0]LogConfig: Applying CVar settings from Section [FoliageQuality@3] File [C:/Users/Emma/Documents/GitHub/CO2301-Assignment/CO2301Assignment/Saved/Config/Windows/Scalability.ini]
[2021.01.30-03.21.29:186][  0]LogConfig: Setting CVar [[foliage.DensityScale:1.0]]
[2021.01.30-03.21.29:186][  0]LogConfig: Setting CVar [[grass.DensityScale:1.0]]
[2021.01.30-03.21.29:186][  0]LogConfig: Applying CVar settings from Section [ShadingQuality@3] File [C:/Users/Emma/Documents/GitHub/CO2301-Assignment/CO2301Assignment/Saved/Config/Windows/Scalability.ini]
[2021.01.30-03.21.29:186][  0]LogConfig: Setting CVar [[r.HairStrands.SkyLighting.SampleCount:16]]
[2021.01.30-03.21.29:186][  0]LogConfig: Setting CVar [[r.HairStrands.SkyLighting.JitterIntegration:0]]
[2021.01.30-03.21.29:186][  0]LogConfig: Setting CVar [[r.HairStrands.SkyAO.SampleCount:16]]
[2021.01.30-03.21.29:186][  0]LogConfig: Setting CVar [[r.HairStrands.DeepShadow.SuperSampling:0]]
[2021.01.30-03.21.29:186][  0]LogConfig: Setting CVar [[r.HairStrands.VisibilityPPLL:0]]
[2021.01.30-03.21.29:186][  0]LogConfig: Setting CVar [[r.HairStrands.RasterizationScale:0.5]]
[2021.01.30-03.21.29:186][  0]LogConfig: Setting CVar [[r.HairStrands.VelocityRasterizationScale:1]]
[2021.01.30-03.21.29:186][  0]LogInit: Selected Device Profile: [Windows]
[2021.01.30-03.21.29:186][  0]LogInit: Applying CVar settings loaded from the selected device profile: [Windows]
[2021.01.30-03.21.29:186][  0]LogHAL: Display: Platform has ~ 16 GB [17126490112 / 17179869184 / 16], which maps to Larger [LargestMinGB=32, LargerMinGB=12, DefaultMinGB=8, SmallerMinGB=6, SmallestMinGB=0)
[2021.01.30-03.21.29:186][  0]LogInit: Going up to parent DeviceProfile []
[2021.01.30-03.21.29:186][  0]LogConfig: Applying CVar settings from Section [ViewDistanceQuality@3] File [C:/Users/Emma/Documents/GitHub/CO2301-Assignment/CO2301Assignment/Saved/Config/Windows/Scalability.ini]
[2021.01.30-03.21.29:186][  0]LogConfig: Setting CVar [[r.SkeletalMeshLODBias:0]]
[2021.01.30-03.21.29:186][  0]LogConfig: Setting CVar [[r.ViewDistanceScale:1.0]]
[2021.01.30-03.21.29:186][  0]LogConfig: Applying CVar settings from Section [AntiAliasingQuality@3] File [C:/Users/Emma/Documents/GitHub/CO2301-Assignment/CO2301Assignment/Saved/Config/Windows/Scalability.ini]
[2021.01.30-03.21.29:186][  0]LogConfig: Setting CVar [[r.PostProcessAAQuality:4]]
[2021.01.30-03.21.29:186][  0]LogConfig: Applying CVar settings from Section [ShadowQuality@3] File [C:/Users/Emma/Documents/GitHub/CO2301-Assignment/CO2301Assignment/Saved/Config/Windows/Scalability.ini]
[2021.01.30-03.21.29:186][  0]LogConfig: Setting CVar [[r.LightFunctionQuality:1]]
[2021.01.30-03.21.29:187][  0]LogConfig: Setting CVar [[r.ShadowQuality:5]]
[2021.01.30-03.21.29:187][  0]LogConfig: Setting CVar [[r.Shadow.CSM.MaxCascades:10]]
[2021.01.30-03.21.29:187][  0]LogConfig: Setting CVar [[r.Shadow.MaxResolution:2048]]
[2021.01.30-03.21.29:187][  0]LogConfig: Setting CVar [[r.Shadow.MaxCSMResolution:2048]]
[2021.01.30-03.21.29:187][  0]LogConfig: Setting CVar [[r.Shadow.RadiusThreshold:0.01]]
[2021.01.30-03.21.29:187][  0]LogConfig: Setting CVar [[r.Shadow.DistanceScale:1.0]]
[2021.01.30-03.21.29:187][  0]LogConfig: Setting CVar [[r.Shadow.CSM.TransitionScale:1.0]]
[2021.01.30-03.21.29:187][  0]LogConfig: Setting CVar [[r.Shadow.PreShadowResolutionFactor:1.0]]
[2021.01.30-03.21.29:187][  0]LogConfig: Setting CVar [[r.DistanceFieldShadowing:1]]
[2021.01.30-03.21.29:187][  0]LogConfig: Setting CVar [[r.DistanceFieldAO:1]]
[2021.01.30-03.21.29:187][  0]LogConfig: Setting CVar [[r.AOQuality:2]]
[2021.01.30-03.21.29:187][  0]LogConfig: Setting CVar [[r.VolumetricFog:1]]
[2021.01.30-03.21.29:187][  0]LogConfig: Setting CVar [[r.VolumetricFog.GridPixelSize:8]]
[2021.01.30-03.21.29:187][  0]LogConfig: Setting CVar [[r.VolumetricFog.GridSizeZ:128]]
[2021.01.30-03.21.29:187][  0]LogConfig: Setting CVar [[r.VolumetricFog.HistoryMissSupersampleCount:4]]
[2021.01.30-03.21.29:187][  0]LogConfig: Setting CVar [[r.LightMaxDrawDistanceScale:1]]
[2021.01.30-03.21.29:187][  0]LogConfig: Setting CVar [[r.CapsuleShadows:1]]
[2021.01.30-03.21.29:187][  0]LogConfig: Applying CVar settings from Section [PostProcessQuality@3] File [C:/Users/Emma/Documents/GitHub/CO2301-Assignment/CO2301Assignment/Saved/Config/Windows/Scalability.ini]
[2021.01.30-03.21.29:187][  0]LogConfig: Setting CVar [[r.MotionBlurQuality:4]]
[2021.01.30-03.21.29:187][  0]LogConfig: Setting CVar [[r.AmbientOcclusionMipLevelFactor:0.4]]
[2021.01.30-03.21.29:187][  0]LogConfig: Setting CVar [[r.AmbientOcclusionMaxQuality:100]]
[2021.01.30-03.21.29:187][  0]LogConfig: Setting CVar [[r.AmbientOcclusionLevels:-1]]
[2021.01.30-03.21.29:187][  0]LogConfig: Setting CVar [[r.AmbientOcclusionRadiusScale:1.0]]
[2021.01.30-03.21.29:187][  0]LogConfig: Setting CVar [[r.DepthOfFieldQuality:2]]
[2021.01.30-03.21.29:187][  0]LogConfig: Setting CVar [[r.RenderTargetPoolMin:400]]
[2021.01.30-03.21.29:187][  0]LogConfig: Setting CVar [[r.LensFlareQuality:2]]
[2021.01.30-03.21.29:188][  0]LogConfig: Setting CVar [[r.SceneColorFringeQuality:1]]
[2021.01.30-03.21.29:188][  0]LogConfig: Setting CVar [[r.EyeAdaptationQuality:2]]
[2021.01.30-03.21.29:188][  0]LogConfig: Setting CVar [[r.BloomQuality:5]]
[2021.01.30-03.21.29:188][  0]LogConfig: Setting CVar [[r.FastBlurThreshold:100]]
[2021.01.30-03.21.29:188][  0]LogConfig: Setting CVar [[r.Upscale.Quality:3]]
[2021.01.30-03.21.29:188][  0]LogConfig: Setting CVar [[r.Tonemapper.GrainQuantization:1]]
[2021.01.30-03.21.29:188][  0]LogConfig: Setting CVar [[r.LightShaftQuality:1]]
[2021.01.30-03.21.29:188][  0]LogConfig: Setting CVar [[r.Filter.SizeScale:1]]
[2021.01.30-03.21.29:188][  0]LogConfig: Setting CVar [[r.Tonemapper.Quality:5]]
[2021.01.30-03.21.29:188][  0]LogConfig: Setting CVar [[r.DOF.Gather.AccumulatorQuality:1        ; higher gathering accumulator quality]]
[2021.01.30-03.21.29:188][  0]LogConfig: Setting CVar [[r.DOF.Gather.PostfilterMethod:1          ; Median3x3 postfilering method]]
[2021.01.30-03.21.29:188][  0]LogConfig: Setting CVar [[r.DOF.Gather.EnableBokehSettings:0       ; no bokeh simulation when gathering]]
[2021.01.30-03.21.29:188][  0]LogConfig: Setting CVar [[r.DOF.Gather.RingCount:4                 ; medium number of samples when gathering]]
[2021.01.30-03.21.29:188][  0]LogConfig: Setting CVar [[r.DOF.Scatter.ForegroundCompositing:1    ; additive foreground scattering]]
[2021.01.30-03.21.29:188][  0]LogConfig: Setting CVar [[r.DOF.Scatter.BackgroundCompositing:2    ; additive background scattering]]
[2021.01.30-03.21.29:188][  0]LogConfig: Setting CVar [[r.DOF.Scatter.EnableBokehSettings:1      ; bokeh simulation when scattering]]
[2021.01.30-03.21.29:188][  0]LogConfig: Setting CVar [[r.DOF.Scatter.MaxSpriteRatio:0.1         ; only a maximum of 10% of scattered bokeh]]
[2021.01.30-03.21.29:188][  0]LogConfig: Setting CVar [[r.DOF.Recombine.Quality:1                ; cheap slight out of focus]]
[2021.01.30-03.21.29:188][  0]LogConfig: Setting CVar [[r.DOF.Recombine.EnableBokehSettings:0    ; no bokeh simulation on slight out of focus]]
[2021.01.30-03.21.29:188][  0]LogConfig: Setting CVar [[r.DOF.TemporalAAQuality:1                ; more stable temporal accumulation]]
[2021.01.30-03.21.29:188][  0]LogConfig: Setting CVar [[r.DOF.Kernel.MaxForegroundRadius:0.025]]
[2021.01.30-03.21.29:188][  0]LogConfig: Setting CVar [[r.DOF.Kernel.MaxBackgroundRadius:0.025]]
[2021.01.30-03.21.29:188][  0]LogConfig: Applying CVar settings from Section [TextureQuality@3] File [C:/Users/Emma/Documents/GitHub/CO2301-Assignment/CO2301Assignment/Saved/Config/Windows/Scalability.ini]
[2021.01.30-03.21.29:188][  0]LogConfig: Setting CVar [[r.Streaming.MipBias:0]]
[2021.01.30-03.21.29:188][  0]LogConfig: Setting CVar [[r.Streaming.AmortizeCPUToGPUCopy:0]]
[2021.01.30-03.21.29:188][  0]LogConfig: Setting CVar [[r.Streaming.MaxNumTexturesToStreamPerFrame:0]]
[2021.01.30-03.21.29:189][  0]LogConfig: Setting CVar [[r.Streaming.Boost:1]]
[2021.01.30-03.21.29:189][  0]LogConfig: Setting CVar [[r.MaxAnisotropy:8]]
[2021.01.30-03.21.29:189][  0]LogConfig: Setting CVar [[r.VT.MaxAnisotropy:8]]
[2021.01.30-03.21.29:189][  0]LogConfig: Setting CVar [[r.Streaming.LimitPoolSizeToVRAM:0]]
[2021.01.30-03.21.29:189][  0]LogConfig: Setting CVar [[r.Streaming.PoolSize:1000]]
[2021.01.30-03.21.29:189][  0]LogConfig: Setting CVar [[r.Streaming.MaxEffectiveScreenSize:0]]
[2021.01.30-03.21.29:189][  0]LogConfig: Applying CVar settings from Section [EffectsQuality@3] File [C:/Users/Emma/Documents/GitHub/CO2301-Assignment/CO2301Assignment/Saved/Config/Windows/Scalability.ini]
[2021.01.30-03.21.29:189][  0]LogConfig: Setting CVar [[r.TranslucencyLightingVolumeDim:64]]
[2021.01.30-03.21.29:189][  0]LogConfig: Setting CVar [[r.RefractionQuality:2]]
[2021.01.30-03.21.29:189][  0]LogConfig: Setting CVar [[r.SSR.Quality:3]]
[2021.01.30-03.21.29:189][  0]LogConfig: Setting CVar [[r.SSR.HalfResSceneColor:0]]
[2021.01.30-03.21.29:189][  0]LogConfig: Setting CVar [[r.SceneColorFormat:4]]
[2021.01.30-03.21.29:189][  0]LogConfig: Setting CVar [[r.DetailMode:2]]
[2021.01.30-03.21.29:189][  0]LogConfig: Setting CVar [[r.TranslucencyVolumeBlur:1]]
[2021.01.30-03.21.29:189][  0]LogConfig: Setting CVar [[r.MaterialQualityLevel:1 ; High quality]]
[2021.01.30-03.21.29:189][  0]LogConfig: Setting CVar [[r.SSS.Scale:1]]
[2021.01.30-03.21.29:189][  0]LogConfig: Setting CVar [[r.SSS.SampleSet:2]]
[2021.01.30-03.21.29:189][  0]LogConfig: Setting CVar [[r.SSS.Quality:1]]
[2021.01.30-03.21.29:189][  0]LogConfig: Setting CVar [[r.SSS.HalfRes:0]]
[2021.01.30-03.21.29:189][  0]LogConfig: Setting CVar [[r.SSGI.Quality:3]]
[2021.01.30-03.21.29:189][  0]LogConfig: Setting CVar [[r.EmitterSpawnRateScale:1.0]]
[2021.01.30-03.21.29:189][  0]LogConfig: Setting CVar [[r.ParticleLightQuality:2]]
[2021.01.30-03.21.29:189][  0]LogConfig: Setting CVar [[r.SkyAtmosphere.AerialPerspectiveLUT.FastApplyOnOpaque:1 ; Always have FastSkyLUT 1 in this case to avoid wrong sky]]
[2021.01.30-03.21.29:189][  0]LogConfig: Setting CVar [[r.SkyAtmosphere.AerialPerspectiveLUT.SampleCountPerSlice:1]]
[2021.01.30-03.21.29:189][  0]LogConfig: Setting CVar [[r.SkyAtmosphere.AerialPerspectiveLUT.DepthResolution:16.0]]
[2021.01.30-03.21.29:189][  0]LogConfig: Setting CVar [[r.SkyAtmosphere.FastSkyLUT:1]]
[2021.01.30-03.21.29:189][  0]LogConfig: Setting CVar [[r.SkyAtmosphere.FastSkyLUT.SampleCountMin:4.0]]
[2021.01.30-03.21.29:190][  0]LogConfig: Setting CVar [[r.SkyAtmosphere.FastSkyLUT.SampleCountMax:32.0]]
[2021.01.30-03.21.29:190][  0]LogConfig: Setting CVar [[r.SkyAtmosphere.SampleCountMin:4.0]]
[2021.01.30-03.21.29:190][  0]LogConfig: Setting CVar [[r.SkyAtmosphere.SampleCountMax:32.0]]
[2021.01.30-03.21.29:190][  0]LogConfig: Setting CVar [[r.SkyAtmosphere.TransmittanceLUT.UseSmallFormat:0]]
[2021.01.30-03.21.29:190][  0]LogConfig: Setting CVar [[r.SkyAtmosphere.TransmittanceLUT.SampleCount:10.0]]
[2021.01.30-03.21.29:190][  0]LogConfig: Setting CVar [[r.SkyAtmosphere.MultiScatteringLUT.SampleCount:15.0]]
[2021.01.30-03.21.29:190][  0]LogConfig: Applying CVar settings from Section [FoliageQuality@3] File [C:/Users/Emma/Documents/GitHub/CO2301-Assignment/CO2301Assignment/Saved/Config/Windows/Scalability.ini]
[2021.01.30-03.21.29:190][  0]LogConfig: Setting CVar [[foliage.DensityScale:1.0]]
[2021.01.30-03.21.29:190][  0]LogConfig: Setting CVar [[grass.DensityScale:1.0]]
[2021.01.30-03.21.29:190][  0]LogConfig: Applying CVar settings from Section [ShadingQuality@3] File [C:/Users/Emma/Documents/GitHub/CO2301-Assignment/CO2301Assignment/Saved/Config/Windows/Scalability.ini]
[2021.01.30-03.21.29:190][  0]LogConfig: Setting CVar [[r.HairStrands.SkyLighting.SampleCount:16]]
[2021.01.30-03.21.29:190][  0]LogConfig: Setting CVar [[r.HairStrands.SkyLighting.JitterIntegration:0]]
[2021.01.30-03.21.29:190][  0]LogConfig: Setting CVar [[r.HairStrands.SkyAO.SampleCount:16]]
[2021.01.30-03.21.29:190][  0]LogConfig: Setting CVar [[r.HairStrands.DeepShadow.SuperSampling:0]]
[2021.01.30-03.21.29:190][  0]LogConfig: Setting CVar [[r.HairStrands.VisibilityPPLL:0]]
[2021.01.30-03.21.29:190][  0]LogConfig: Setting CVar [[r.HairStrands.RasterizationScale:0.5]]
[2021.01.30-03.21.29:190][  0]LogConfig: Setting CVar [[r.HairStrands.VelocityRasterizationScale:1]]
[2021.01.30-03.21.29:190][  0]LogConfig: Applying CVar settings from Section [Startup] File [../../../Engine/Config/ConsoleVariables.ini]
[2021.01.30-03.21.29:190][  0]LogConfig: Setting CVar [[net.UseAdaptiveNetUpdateFrequency:0]]
[2021.01.30-03.21.29:190][  0]LogConfig: Setting CVar [[p.chaos.AllowCreatePhysxBodies:1]]
[2021.01.30-03.21.29:190][  0]LogConfig: Setting CVar [[fx.SkipVectorVMBackendOptimizations:1]]
[2021.01.30-03.21.29:191][  0]LogConfig: Applying CVar settings from Section [ConsoleVariables] File [C:/Users/Emma/Documents/GitHub/CO2301-Assignment/CO2301Assignment/Saved/Config/Windows/Engine.ini]
[2021.01.30-03.21.29:191][  0]LogInit: Computer: DESKTOP-SPF806M
[2021.01.30-03.21.29:191][  0]LogInit: User: Emma
[2021.01.30-03.21.29:191][  0]LogInit: CPU Page size=4096, Cores=8
[2021.01.30-03.21.29:191][  0]LogInit: High frequency timer resolution =10.000000 MHz
[2021.01.30-03.21.29:191][  0]LogMemory: Memory total: Physical=16.0GB (16GB approx)
[2021.01.30-03.21.29:191][  0]LogMemory: Platform Memory Stats for Windows
[2021.01.30-03.21.29:191][  0]LogMemory: Process Physical Memory: 117.00 MB used, 117.01 MB peak
[2021.01.30-03.21.29:191][  0]LogMemory: Process Virtual Memory: 106.23 MB used, 106.23 MB peak
[2021.01.30-03.21.29:191][  0]LogMemory: Physical Memory: 9606.73 MB used,  6726.37 MB free, 16333.09 MB total
[2021.01.30-03.21.29:191][  0]LogMemory: Virtual Memory: 5193.11 MB used,  134212536.00 MB free, 134217728.00 MB total
[2021.01.30-03.21.29:199][  0]LogWindows: WindowsPlatformFeatures enabled
[2021.01.30-03.21.29:327][  0]LogInit: Physics initialised using underlying interface: PhysX
[2021.01.30-03.21.29:329][  0]LogInit: Using OS detected language (en-GB).
[2021.01.30-03.21.29:329][  0]LogInit: Using OS detected locale (en-GB).
[2021.01.30-03.21.29:336][  0]LogTextLocalizationManager: No specific localization for 'en-GB' exists, so the 'en' localization will be used.
[2021.01.30-03.21.29:504][  0]LogInit: Setting process to per monitor DPI aware
[2021.01.30-03.21.29:545][  0]LogSlate: New Slate User Created.  User Index 0, Is Virtual User: 0
[2021.01.30-03.21.29:545][  0]LogSlate: Slate User Registered.  User Index 0, Is Virtual User: 0
[2021.01.30-03.21.29:731][  0]LogHMD: Failed to initialize OpenVR with code 110
[2021.01.30-03.21.29:731][  0]LogD3D11RHI: D3D11 min allowed feature level: 11_0
[2021.01.30-03.21.29:731][  0]LogD3D11RHI: D3D11 max allowed feature level: 11_0
[2021.01.30-03.21.29:731][  0]LogD3D11RHI: D3D11 adapters:
[2021.01.30-03.21.29:811][  0]LogD3D11RHI:    0. 'NVIDIA GeForce RTX 2070 SUPER' (Feature Level 11_0)
[2021.01.30-03.21.29:811][  0]LogD3D11RHI:       8011/0/8166 MB DedicatedVideo/DedicatedSystem/SharedSystem, Outputs:2, VendorId:0x10de
[2021.01.30-03.21.29:817][  0]LogD3D11RHI:    1. 'Microsoft Basic Render Driver' (Feature Level 11_0)
[2021.01.30-03.21.29:817][  0]LogD3D11RHI:       0/0/8166 MB DedicatedVideo/DedicatedSystem/SharedSystem, Outputs:0, VendorId:0x1414
[2021.01.30-03.21.29:817][  0]LogD3D11RHI: Chosen D3D11 Adapter: 0
[2021.01.30-03.21.29:823][  0]LogD3D11RHI: Creating new Direct3DDevice
[2021.01.30-03.21.29:823][  0]LogD3D11RHI:     GPU DeviceId: 0x1e84 (for the marketing name, search the web for "GPU Device Id")
[2021.01.30-03.21.29:823][  0]LogWindows: EnumDisplayDevices:
[2021.01.30-03.21.29:824][  0]LogWindows:    0. 'NVIDIA GeForce RTX 2070 SUPER' (P:1 D:1)
[2021.01.30-03.21.29:824][  0]LogWindows:    1. 'NVIDIA GeForce RTX 2070 SUPER' (P:0 D:1)
[2021.01.30-03.21.29:824][  0]LogWindows:    2. 'NVIDIA GeForce RTX 2070 SUPER' (P:0 D:0)
[2021.01.30-03.21.29:824][  0]LogWindows:    3. 'NVIDIA GeForce RTX 2070 SUPER' (P:0 D:0)
[2021.01.30-03.21.29:824][  0]LogWindows: DebugString: FoundDriverCount:4 
[2021.01.30-03.21.29:824][  0]LogD3D11RHI:     Adapter Name: NVIDIA GeForce RTX 2070 SUPER
[2021.01.30-03.21.29:824][  0]LogD3D11RHI:   Driver Version: 456.71 (internal:27.21.14.5671, unified:456.71)
[2021.01.30-03.21.29:824][  0]LogD3D11RHI:      Driver Date: 9-30-2020
[2021.01.30-03.21.29:825][  0]LogRHI: Texture pool is 5607 MB (70% of 8011 MB)
[2021.01.30-03.21.29:871][  0]LogD3D11RHI: RHI has support for 64 bit atomics
[2021.01.30-03.21.29:873][  0]LogD3D11RHI: [Aftermath] Enabled and primed
[2021.01.30-03.21.29:873][  0]LogD3D11RHI: Async texture creation enabled
[2021.01.30-03.21.29:873][  0]LogD3D11RHI: Array index from any shader is supported
[2021.01.30-03.21.29:874][  0]LogD3D11RHI: HDR output is supported on display 0 (NvId: 0x80061086).
[2021.01.30-03.21.29:893][  0]LogD3D11RHI: GPU Timing Frequency: 1000.000000 (Debug: 2 2)
[2021.01.30-03.21.30:098][  0]LogTargetPlatformManager: Display: Loaded TargetPlatform 'AllDesktop'
[2021.01.30-03.21.30:118][  0]LogTargetPlatformManager: Display: Loaded TargetPlatform 'Android'
[2021.01.30-03.21.30:118][  0]LogTargetPlatformManager: Display: Loaded TargetPlatform 'Android_ASTC'
[2021.01.30-03.21.30:119][  0]LogTargetPlatformManager: Display: Loaded TargetPlatform 'Android_DXT'
[2021.01.30-03.21.30:119][  0]LogTargetPlatformManager: Display: Loaded TargetPlatform 'Android_ETC2'
[2021.01.30-03.21.30:119][  0]LogTargetPlatformManager: Display: Loaded TargetPlatform 'AndroidClient'
[2021.01.30-03.21.30:119][  0]LogTargetPlatformManager: Display: Loaded TargetPlatform 'Android_ASTCClient'
[2021.01.30-03.21.30:119][  0]LogTargetPlatformManager: Display: Loaded TargetPlatform 'Android_DXTClient'
[2021.01.30-03.21.30:119][  0]LogTargetPlatformManager: Display: Loaded TargetPlatform 'Android_ETC2Client'
[2021.01.30-03.21.30:119][  0]LogTargetPlatformManager: Display: Loaded TargetPlatform 'Android_Multi'
[2021.01.30-03.21.30:119][  0]LogTargetPlatformManager: Display: Loaded TargetPlatform 'Android_MultiClient'
[2021.01.30-03.21.30:148][  0]LogTargetPlatformManager: Display: Loaded TargetPlatform 'IOSClient'
[2021.01.30-03.21.30:148][  0]LogTargetPlatformManager: Display: Loaded TargetPlatform 'IOS'
[2021.01.30-03.21.30:159][  0]LogTargetPlatformManager: Display: Loaded TargetPlatform 'Linux'
[2021.01.30-03.21.30:169][  0]LogTargetPlatformManager: Display: Loaded TargetPlatform 'LinuxNoEditor'
[2021.01.30-03.21.30:179][  0]LogTargetPlatformManager: Display: Loaded TargetPlatform 'LinuxClient'
[2021.01.30-03.21.30:189][  0]LogTargetPlatformManager: Display: Loaded TargetPlatform 'LinuxServer'
[2021.01.30-03.21.30:199][  0]LogTargetPlatformManager: Display: Loaded TargetPlatform 'LinuxAArch64NoEditor'
[2021.01.30-03.21.30:208][  0]LogTargetPlatformManager: Display: Loaded TargetPlatform 'LinuxAArch64Client'
[2021.01.30-03.21.30:218][  0]LogTargetPlatformManager: Display: Loaded TargetPlatform 'LinuxAArch64Server'
[2021.01.30-03.21.30:244][  0]LogTargetPlatformManager: Display: Loaded TargetPlatform 'Lumin'
[2021.01.30-03.21.30:244][  0]LogTargetPlatformManager: Display: Loaded TargetPlatform 'LuminClient'
[2021.01.30-03.21.30:260][  0]LogTargetPlatformManager: Display: Loaded TargetPlatform 'TVOSClient'
[2021.01.30-03.21.30:260][  0]LogTargetPlatformManager: Display: Loaded TargetPlatform 'TVOS'
[2021.01.30-03.21.30:270][  0]LogTargetPlatformManager: Display: Loaded TargetPlatform 'WindowsNoEditor'
[2021.01.30-03.21.30:280][  0]LogTargetPlatformManager: Display: Loaded TargetPlatform 'Windows'
[2021.01.30-03.21.30:290][  0]LogTargetPlatformManager: Display: Loaded TargetPlatform 'WindowsClient'
[2021.01.30-03.21.30:300][  0]LogTargetPlatformManager: Display: Loaded TargetPlatform 'WindowsServer'
[2021.01.30-03.21.30:300][  0]LogTargetPlatformManager: Display: Building Assets For Windows
[2021.01.30-03.21.30:314][  0]LogAudioDebug: Display: Lib vorbis DLL was dynamically loaded.
[2021.01.30-03.21.30:399][  0]LogShaderCompilers: Guid format shader working directory is -35 characters bigger than the processId version (../../../../../../Users/Emma/Documents/GitHub/CO2301-Assignment/CO2301Assignment/Intermediate/Shaders/WorkingDirectory/7828/).
[2021.01.30-03.21.30:400][  0]LogShaderCompilers: Cleaned the shader compiler working directory 'C:/Users/Emma/AppData/Local/Temp/UnrealShaderWorkingDir/6E7DF3C14926348BFC157DAEE5BD4317/'.
[2021.01.30-03.21.30:400][  0]LogXGEController: Cleaning working directory: C:/Users/Emma/AppData/Local/Temp/UnrealXGEWorkingDir/
[2021.01.30-03.21.30:401][  0]LogXGEController: Cannot use XGE Controller as Incredibuild is not installed on this machine.
[2021.01.30-03.21.30:401][  0]LogShaderCompilers: Cannot use XGE Shader Compiler as Incredibuild is not installed on this machine.
[2021.01.30-03.21.30:401][  0]LogShaderCompilers: Display: Using Local Shader Compiler.
[2021.01.30-03.21.31:138][  0]LogDerivedDataCache: Display: Max Cache Size: 512 MB
[2021.01.30-03.21.31:202][  0]LogDerivedDataCache: Loaded boot cache 0.06s 76MB C:/Users/Emma/AppData/Local/UnrealEngine/4.25/DerivedDataCache/Boot.ddc.
[2021.01.30-03.21.31:202][  0]LogDerivedDataCache: Display: Loaded Boot cache: C:/Users/Emma/AppData/Local/UnrealEngine/4.25/DerivedDataCache/Boot.ddc
[2021.01.30-03.21.31:202][  0]LogDerivedDataCache: FDerivedDataBackendGraph:  Pak pak cache file ../../../../../../Users/Emma/Documents/GitHub/CO2301-Assignment/CO2301Assignment/DerivedDataCache/DDC.ddp not found, will not use a pak cache.
[2021.01.30-03.21.31:203][  0]LogDerivedDataCache: Unable to find inner node Pak for hierarchical cache Hierarchy.
[2021.01.30-03.21.31:203][  0]LogDerivedDataCache: FDerivedDataBackendGraph:  CompressedPak pak cache file ../../../../../../Users/Emma/Documents/GitHub/CO2301-Assignment/CO2301Assignment/DerivedDataCache/Compressed.ddp not found, will not use a pak cache.
[2021.01.30-03.21.31:203][  0]LogDerivedDataCache: Unable to find inner node CompressedPak for hierarchical cache Hierarchy.
[2021.01.30-03.21.31:212][  0]LogDerivedDataCache: Display: Pak cache opened for reading ../../../Engine/DerivedDataCache/Compressed.ddp.
[2021.01.30-03.21.31:213][  0]LogDerivedDataCache: FDerivedDataBackendGraph:  EnterprisePak pak cache file ../../../Enterprise/DerivedDataCache/Compressed.ddp not found, will not use a pak cache.
[2021.01.30-03.21.31:213][  0]LogDerivedDataCache: Unable to find inner node EnterprisePak for hierarchical cache Hierarchy.
[2021.01.30-03.21.31:214][  0]LogDerivedDataCache: Using Local data cache path C:/Users/Emma/AppData/Local/UnrealEngine/Common/DerivedDataCache: Writable
[2021.01.30-03.21.31:214][  0]LogDerivedDataCache: Shared data cache path not found in *engine.ini, will not use an Shared cache.
[2021.01.30-03.21.31:215][  0]LogDerivedDataCache: Unable to find inner node Shared for hierarchical cache Hierarchy.
[2021.01.30-03.21.31:257][  0]LogSlate: Using FreeType 2.10.0
[2021.01.30-03.21.31:258][  0]LogSlate: SlateFontServices - WITH_FREETYPE: 1, WITH_HARFBUZZ: 1
[2021.01.30-03.21.31:282][  0]LogAssetRegistry: FAssetRegistry took 0.0034 seconds to start up
[2021.01.30-03.21.31:472][  0]LogInit: Selected Device Profile: [Windows]
[2021.01.30-03.21.31:576][  0]LogMeshReduction: Using QuadricMeshReduction for automatic static mesh reduction
[2021.01.30-03.21.31:576][  0]LogMeshReduction: Using SimplygonMeshReduction for automatic skeletal mesh reduction
[2021.01.30-03.21.31:576][  0]LogMeshReduction: Using ProxyLODMeshReduction for automatic mesh merging
[2021.01.30-03.21.31:576][  0]LogMeshReduction: No distributed automatic mesh merging module available
[2021.01.30-03.21.31:576][  0]LogMeshMerging: No distributed automatic mesh merging module available
[2021.01.30-03.21.31:591][  0]LogNetVersion: CO2301Assignment 1.0.0, NetCL: 13144385, EngineNetVer: 14, GameNetVer: 0 (Checksum: 736346464)
[2021.01.30-03.21.31:912][  0]LogAISub: UAISubsystem::UAISubsystem AISubsystem (000001CACE53B840), frame # 0
[2021.01.30-03.21.31:912][  0]LogAISub: UAISubsystem::UAISubsystem AIPerceptionSystem (000001CACE5351C0), frame # 0
[2021.01.30-03.21.31:914][  0]LogAISub: UAISubsystem::UAISubsystem EnvQueryManager (000001CACE589E00), frame # 0
[2021.01.30-03.21.31:952][  0]LogPackageLocalizationCache: Processed 19 localized package path(s) for 1 prioritized culture(s) in 0.033683 seconds
[2021.01.30-03.21.31:956][  0]LogUObjectArray: 15917 objects as part of root set at end of initial load.
[2021.01.30-03.21.31:956][  0]LogUObjectAllocator: 3965568 out of 0 bytes used by permanent object pool.
[2021.01.30-03.21.31:956][  0]LogUObjectArray: CloseDisregardForGC: 0/0 objects in disregard for GC pool
[2021.01.30-03.21.32:354][  0]LogTcpMessaging: Initializing TcpMessaging bridge
[2021.01.30-03.21.32:360][  0]LogUdpMessaging: Initializing bridge on interface 0.0.0.0:0 to multicast group 230.0.0.1:6666.
[2021.01.30-03.21.32:510][  0]SourceControl: Source control is disabled
[2021.01.30-03.21.32:511][  0]SourceControl: Source control is disabled
[2021.01.30-03.21.32:515][  0]SourceControl: Source control is disabled
[2021.01.30-03.21.32:519][  0]SourceControl: Source control is disabled
[2021.01.30-03.21.32:528][  0]SourceControl: Source control is disabled
[2021.01.30-03.21.32:824][  0]LogAndroidPermission: UAndroidPermissionCallbackProxy::GetInstance
[2021.01.30-03.21.32:850][  0]LogAudioCaptureCore: Display: No Audio Capture implementations found. Audio input will be silent.
[2021.01.30-03.21.32:850][  0]LogAudioCaptureCore: Display: No Audio Capture implementations found. Audio input will be silent.
[2021.01.30-03.21.32:902][  0]LogOcInput: OculusInput pre-init called
[2021.01.30-03.21.32:914][  0]LogWindows: Failed to load 'OVRPlugin.dll' (GetLastError=126)
[2021.01.30-03.21.32:914][  0]LogWindows: File 'OVRPlugin.dll' does not exist
[2021.01.30-03.21.32:980][  0]LogEngine: Initializing Engine...
[2021.01.30-03.21.32:981][  0]LogHMD: Failed to initialize OpenVR with code 110
[2021.01.30-03.21.32:981][  0]LogMagicLeap: Warning: VR disabled because ZI is not enabled.  To enable, in the editor, Edit -> Project Settings -> Plugins -> Magic Leap Plugin -> Enable Zero Iteration
[2021.01.30-03.21.32:982][  0]LogStats: UGameplayTagsManager::InitializeManager -  0.000 s
[2021.01.30-03.21.33:066][  0]LogInit: Initializing FReadOnlyCVARCache
[2021.01.30-03.21.33:074][  0]LogAIModule: Creating AISystem for world Untitled
[2021.01.30-03.21.33:075][  0]LogAISub: UAISubsystem::UAISubsystem EnvQueryManager (000001CAD5942200), frame # 0
[2021.01.30-03.21.33:075][  0]LogAISub: UAISubsystem::UAISubsystem AIPerceptionSystem (000001CAD596DE40), frame # 0
[2021.01.30-03.21.33:086][  0]LogAudioMixer: Display: Audio Mixer Platform Settings:
[2021.01.30-03.21.33:086][  0]LogAudioMixer: Display: 	Sample Rate:						  48000
[2021.01.30-03.21.33:086][  0]LogAudioMixer: Display: 	Callback Buffer Frame Size Requested: 1024
[2021.01.30-03.21.33:086][  0]LogAudioMixer: Display: 	Callback Buffer Frame Size To Use:	  1024
[2021.01.30-03.21.33:086][  0]LogAudioMixer: Display: 	Number of buffers to queue:			  2
[2021.01.30-03.21.33:087][  0]LogAudioMixer: Display: 	Max Channels (voices):				  32
[2021.01.30-03.21.33:087][  0]LogAudioMixer: Display: 	Number of Async Source Workers:		  0
[2021.01.30-03.21.33:087][  0]LogAudio: Display: AudioDevice MaxSources: 32
[2021.01.30-03.21.33:087][  0]LogAudio: Display: Using built-in audio occlusion.
[2021.01.30-03.21.33:087][  0]LogAudioMixer: Display: Initializing audio mixer.
[2021.01.30-03.21.33:100][  0]LogAudioMixer: Display: 0: FrontLeft
[2021.01.30-03.21.33:100][  0]LogAudioMixer: Display: 1: FrontRight
[2021.01.30-03.21.33:158][  0]LogAudioMixer: Display: Using Audio Device Speakers (Scarlett Solo USB)
[2021.01.30-03.21.33:160][  0]LogAudioMixer: Display: Initializing Sound Submixes...
[2021.01.30-03.21.33:162][  0]LogAudioMixer: Display: Creating Master Submix 'MasterSubmixDefault'
[2021.01.30-03.21.33:162][  0]LogAudioMixer: Display: Creating Master Submix 'MasterReverbSubmixDefault'
[2021.01.30-03.21.33:163][  0]LogAudioMixer: Display: Creating Master Submix 'MasterEQSubmixDefault'
[2021.01.30-03.21.33:164][  0]LogInit: FAudioDevice initialized.
[2021.01.30-03.21.33:164][  0]LogNetVersion: Set ProjectVersion to 1.0.0.0. Version Checksum will be recalculated on next use.
[2021.01.30-03.21.33:202][  0]LogDerivedDataCache: Saved boot cache 0.04s 76MB C:/Users/Emma/AppData/Local/UnrealEngine/4.25/DerivedDataCache/Boot.ddc.
[2021.01.30-03.21.33:206][  0]LogInit: Texture streaming: Enabled
[2021.01.30-03.21.33:225][  0]LogEngineSessionManager: EngineSessionManager initialized
[2021.01.30-03.21.33:225][  0]LogEngineSessionManager: EngineSessionManager sent abnormal shutdown report. Type=Debugger, SessionId={AE9321AD-4F5B-8839-1CF1-55BD9D89C742}
[2021.01.30-03.21.33:226][  0]LogEditorSessionSummary: Verbose: Initializing EditorSessionSummaryWriter for editor session tracking
[2021.01.30-03.21.33:227][  0]LogEditorSessionSummary: EditorSessionSummaryWriter initialized
[2021.01.30-03.21.33:286][  0]LogInit: Transaction tracking system initialized
[2021.01.30-03.21.33:315][  0]BlueprintLog: New page: Editor Load
[2021.01.30-03.21.33:403][  0]LocalizationService: Localization service is disabled
[2021.01.30-03.21.33:555][  0]LogCook: Display: Max memory allowance for cook 16384mb min free memory 0mb
[2021.01.30-03.21.33:555][  0]LogCook: Display: Mobile HDR setting 1
[2021.01.30-03.21.33:705][  0]LogFileCache: Scanning file cache for directory 'C:/Users/Emma/Documents/GitHub/CO2301-Assignment/CO2301Assignment/Content/' took 0.01s
[2021.01.30-03.21.33:841][  0]SourceControl: Source control is disabled
[2021.01.30-03.21.33:841][  0]LogUnrealEdMisc: Loading editor; pre map load, took 6.058
[2021.01.30-03.21.33:841][  0]Cmd: MAP LOAD FILE="../../../../../../Users/Emma/Documents/GitHub/CO2301-Assignment/CO2301Assignment/Content/Level.umap" TEMPLATE=0 SHOWPROGRESS=1 FEATURELEVEL=3
[2021.01.30-03.21.33:842][  0]LightingResults: New page: Lighting Build
[2021.01.30-03.21.33:843][  0]LogWorld: UWorld::CleanupWorld for Untitled, bSessionEnded=true, bCleanupResources=true
[2021.01.30-03.21.33:843][  0]LogSlate: InvalidateAllWidgets triggered.  All widgets were invalidated
[2021.01.30-03.21.33:843][  0]MapCheck: New page: Map Check
[2021.01.30-03.21.33:843][  0]LightingResults: New page: Lighting Build
[2021.01.30-03.21.33:873][  0]LogAISub: UAISubsystem::~UAISubsystem EnvQueryManager (000001CAD5942200), frame # 0
[2021.01.30-03.21.33:873][  0]LogAISub: UAISubsystem::~UAISubsystem AIPerceptionSystem (000001CAD596DE40), frame # 0
[2021.01.30-03.21.33:874][  0]LogUObjectHash: Compacting FUObjectHashTables data took   0.61ms
[2021.01.30-03.21.34:208][  0]LogAIModule: Creating AISystem for world Level
[2021.01.30-03.21.34:208][  0]LogAISub: UAISubsystem::UAISubsystem EnvQueryManager (000001CAC505A000), frame # 0
[2021.01.30-03.21.34:208][  0]LogAISub: UAISubsystem::UAISubsystem AIPerceptionSystem (000001CAC0085BC0), frame # 0
[2021.01.30-03.21.34:218][  0]LogEditorServer: Finished looking for orphan Actors (0.000 secs)
[2021.01.30-03.21.34:237][  0]LogUObjectHash: Compacting FUObjectHashTables data took   0.77ms
[2021.01.30-03.21.34:237][  0]Cmd: MAP CHECKDEP NOCLEARLOG
[2021.01.30-03.21.34:238][  0]MapCheck: Map check complete: 0 Error(s), 0 Warning(s), took 0.147ms to complete.
[2021.01.30-03.21.34:238][  0]LogFileHelpers: Loading map 'Level' took 0.396
[2021.01.30-03.21.34:240][  0]LogUnrealEdMisc: Total Editor Startup Time, took 6.456
[2021.01.30-03.21.34:337][  0]LogSlate: Updating window title bar state: overlay mode, drag disabled, window buttons hidden, title bar hidden
[2021.01.30-03.21.34:342][  0]LogSlate: Updating window title bar state: overlay mode, drag disabled, window buttons hidden, title bar hidden
[2021.01.30-03.21.34:347][  0]LogSlate: Updating window title bar state: overlay mode, drag disabled, window buttons hidden, title bar hidden
[2021.01.30-03.21.34:352][  0]LogSlate: Updating window title bar state: overlay mode, drag disabled, window buttons hidden, title bar hidden
[2021.01.30-03.21.34:359][  0]LogCollectionManager: Loaded 0 collections in 0.001478 seconds
[2021.01.30-03.21.34:375][  0]LogFileCache: Scanning file cache for directory 'C:/Users/Emma/Documents/GitHub/CO2301-Assignment/CO2301Assignment/Saved/Collections/' took 0.00s
[2021.01.30-03.21.34:375][  0]LogFileCache: Scanning file cache for directory 'C:/Users/Emma/Documents/GitHub/CO2301-Assignment/CO2301Assignment/Content/Developers/Emma/Collections/' took 0.00s
[2021.01.30-03.21.34:375][  0]LogFileCache: Scanning file cache for directory 'C:/Users/Emma/Documents/GitHub/CO2301-Assignment/CO2301Assignment/Content/Collections/' took 0.00s
[2021.01.30-03.21.34:375][  0]LogContentBrowser: Native class hierarchy populated in 0.0082 seconds. Added 3447 classes and 828 folders.
[2021.01.30-03.21.34:378][  0]LogContentBrowser: Native class hierarchy updated for 'WidgetCarousel' in 0.0003 seconds. Added 0 classes and 0 folders.
[2021.01.30-03.21.34:461][  0]LogContentBrowser: Native class hierarchy updated for 'AddContentDialog' in 0.0003 seconds. Added 0 classes and 0 folders.
[2021.01.30-03.21.34:464][  0]LogContentBrowser: Native class hierarchy updated for 'SceneOutliner' in 0.0002 seconds. Added 2 classes and 0 folders.
[2021.01.30-03.21.34:557][  0]LogSlate: Took 0.000532 seconds to synchronously load lazily loaded font '../../../Engine/Content/Slate/Fonts/Roboto-Regular.ttf' (155K)
[2021.01.30-03.21.34:558][  0]LogSlate: Took 0.000444 seconds to synchronously load lazily loaded font '../../../Engine/Content/Slate/Fonts/Roboto-Bold.ttf' (160K)
[2021.01.30-03.21.34:562][  0]LogSlate: Took 0.000418 seconds to synchronously load lazily loaded font '../../../Engine/Content/Editor/Slate/Fonts/FontAwesome.ttf' (139K)
[2021.01.30-03.21.34:625][  0]LogRenderer: Reallocating scene render targets to support 1616x808 Format 10 NumSamples 1 (Frame:1).
[2021.01.30-03.21.34:709][  0]LogContentBrowser: Native class hierarchy updated for 'HierarchicalLODOutliner' in 0.0003 seconds. Added 0 classes and 0 folders.
[2021.01.30-03.21.34:709][  0]LogLoad: (Engine Initialization) Total time: 6.93 seconds
[2021.01.30-03.21.34:709][  0]LogLoad: (Engine Initialization) Total Blueprint compile time: 0.00 seconds
[2021.01.30-03.21.34:759][  0]LogAssetRegistry: Asset discovery search completed in 3.4789 seconds
[2021.01.30-03.21.34:762][  0]LogCollectionManager: Fixed up redirectors for 0 collections in 0.000002 seconds (updated 0 objects)
[2021.01.30-03.21.34:763][  0]LogContentStreaming: Texture pool size now 1000 MB
[2021.01.30-03.21.34:821][  2]LogScript: Warning: Accessed None trying to read property CallFunc_TryGetPawnOwner_ReturnValue
	ABP_MovementAnimations_C /Engine/Transient.World_3:PersistentLevel.SkeletalMeshActor_0.SkeletalMeshComponent0.ABP_MovementAnimations_C_0
	Function /Game/ABP_MovementAnimations.ABP_MovementAnimations_C:ExecuteUbergraph_ABP_MovementAnimations:00D3
[2021.01.30-03.21.34:821][  2]LogScript: Warning: Accessed None trying to read property CallFunc_TryGetPawnOwner_ReturnValue
	ABP_MovementAnimations_C /Engine/Transient.World_3:PersistentLevel.SkeletalMeshActor_0.SkeletalMeshComponent0.ABP_MovementAnimations_C_0
	Function /Game/ABP_MovementAnimations.ABP_MovementAnimations_C:ExecuteUbergraph_ABP_MovementAnimations:0163
[2021.01.30-03.21.34:821][  2]LogScript: Warning: Accessed None trying to read property CallFunc_TryGetPawnOwner_ReturnValue
	ABP_MovementAnimations_C /Engine/Transient.World_3:PersistentLevel.SkeletalMeshActor_0.SkeletalMeshComponent0.ABP_MovementAnimations_C_0
	Function /Game/ABP_MovementAnimations.ABP_MovementAnimations_C:ExecuteUbergraph_ABP_MovementAnimations:0195
[2021.01.30-03.21.37:937][370]LogTemp: Repeating last play command: Selected Viewport
[2021.01.30-03.21.37:953][370]LogPlayLevel: PlayLevel: No blueprints needed recompiling
[2021.01.30-03.21.37:954][370]PIE: New page: PIE session: Level (30 Jan 2021, 03:21:37)
[2021.01.30-03.21.37:955][370]LogOnline: OSS: Creating online subsystem instance for: NULL
[2021.01.30-03.21.37:957][370]LogOnline: OSS: TryLoadSubsystemAndSetDefault: Loaded subsystem for module [NULL]
[2021.01.30-03.21.37:957][370]LogPlayLevel: Creating play world package: /Game/UEDPIE_0_Level
[2021.01.30-03.21.37:987][370]LogPlayLevel: PIE: StaticDuplicateObject took: (0.030079s)
[2021.01.30-03.21.37:988][370]LogAIModule: Creating AISystem for world Level
[2021.01.30-03.21.37:988][370]LogAISub: UAISubsystem::UAISubsystem EnvQueryManager (000001CB17C3D000), frame # 370
[2021.01.30-03.21.37:988][370]LogAISub: UAISubsystem::UAISubsystem AIPerceptionSystem (000001CB17C2BD80), frame # 370
[2021.01.30-03.21.37:988][370]LogPlayLevel: PIE: World Init took: (0.001375s)
[2021.01.30-03.21.37:988][370]LogPlayLevel: PIE: Created PIE world by copying editor world from /Game/Level.Level to /Game/UEDPIE_0_Level.Level (0.031740s)
[2021.01.30-03.21.37:999][370]LogUObjectHash: Compacting FUObjectHashTables data took   0.57ms
[2021.01.30-03.21.38:001][370]LogAudioMixer: Display: Audio Mixer Platform Settings:
[2021.01.30-03.21.38:001][370]LogAudioMixer: Display: 	Sample Rate:						  48000
[2021.01.30-03.21.38:001][370]LogAudioMixer: Display: 	Callback Buffer Frame Size Requested: 1024
[2021.01.30-03.21.38:001][370]LogAudioMixer: Display: 	Callback Buffer Frame Size To Use:	  1024
[2021.01.30-03.21.38:001][370]LogAudioMixer: Display: 	Number of buffers to queue:			  2
[2021.01.30-03.21.38:001][370]LogAudioMixer: Display: 	Max Channels (voices):				  32
[2021.01.30-03.21.38:001][370]LogAudioMixer: Display: 	Number of Async Source Workers:		  0
[2021.01.30-03.21.38:001][370]LogAudio: Display: AudioDevice MaxSources: 32
[2021.01.30-03.21.38:002][370]LogAudio: Display: Using built-in audio occlusion.
[2021.01.30-03.21.38:002][370]LogAudioMixer: Display: Initializing audio mixer.
[2021.01.30-03.21.38:004][370]LogAudioMixer: Display: 0: FrontLeft
[2021.01.30-03.21.38:004][370]LogAudioMixer: Display: 1: FrontRight
[2021.01.30-03.21.38:024][370]LogAudioMixer: Display: Using Audio Device Speakers (Scarlett Solo USB)
[2021.01.30-03.21.38:024][370]LogAudioMixer: Display: Initializing Sound Submixes...
[2021.01.30-03.21.38:024][370]LogAudioMixer: Display: Creating Master Submix 'MasterSubmixDefault'
[2021.01.30-03.21.38:024][370]LogAudioMixer: Display: Creating Master Submix 'MasterReverbSubmixDefault'
[2021.01.30-03.21.38:025][370]LogAudioMixer: Display: Creating Master Submix 'MasterEQSubmixDefault'
[2021.01.30-03.21.38:035][370]LogInit: FAudioDevice initialized.
[2021.01.30-03.21.38:047][370]LogLoad: Game class is 'BP_CO2301AssignmentGameModeBase_C'
[2021.01.30-03.21.38:053][370]LogWorld: Bringing World /Game/UEDPIE_0_Level.Level up for play (max tick rate 0) at 2021.01.30-03.21.38
[2021.01.30-03.21.38:054][370]LogWorld: Bringing up level for play took: 0.005421
[2021.01.30-03.21.38:055][370]LogOnline: OSS: Creating online subsystem instance for: :Context_8
[2021.01.30-03.21.38:059][370]LogContentBrowser: Native class hierarchy updated for 'MovieSceneCapture' in 0.0003 seconds. Added 20 classes and 0 folders.
[2021.01.30-03.21.38:061][370]PIE: Server logged in
[2021.01.30-03.21.38:062][370]PIE: Play in editor total start time 0.108 seconds.
[2021.01.30-03.21.38:676][441]LogTemp: Warning: Shoot
[2021.01.30-03.21.44:137][ 96]LogSlate: Took 0.000149 seconds to synchronously load lazily loaded font '../../../Engine/Content/Slate/Fonts/DroidSansMono.ttf' (77K)
[2021.01.30-03.21.44:799][171]LogTemp: Warning: Shoot
[2021.01.30-03.21.45:382][241]LogTemp: Warning: Shoot
[2021.01.30-03.21.45:382][241]LogTemp: Warning: Health left 90.000000
[2021.01.30-03.21.45:490][254]LogTemp: Warning: Shoot
[2021.01.30-03.21.45:490][254]LogTemp: Warning: Health left 80.000000
[2021.01.30-03.21.45:598][267]LogTemp: Warning: Shoot
[2021.01.30-03.21.45:598][267]LogTemp: Warning: Health left 70.000000
[2021.01.30-03.21.45:706][280]LogTemp: Warning: Shoot
[2021.01.30-03.21.45:707][280]LogTemp: Warning: Health left 60.000000
[2021.01.30-03.21.45:815][293]LogTemp: Warning: Shoot
[2021.01.30-03.21.45:815][293]LogTemp: Warning: Health left 50.000000
[2021.01.30-03.21.45:815][293]LogTemp: Warning: Shoot
[2021.01.30-03.21.45:924][306]LogTemp: Warning: Shoot
[2021.01.30-03.21.45:924][306]LogTemp: Warning: Health left 40.000000
[2021.01.30-03.21.45:924][306]LogTemp: Warning: Shoot
[2021.01.30-03.21.46:032][319]LogTemp: Warning: Shoot
[2021.01.30-03.21.46:032][319]LogTemp: Warning: Health left 30.000000
[2021.01.30-03.21.46:032][319]LogTemp: Warning: Shoot
[2021.01.30-03.21.46:140][332]LogTemp: Warning: Shoot
[2021.01.30-03.21.46:140][332]LogTemp: Warning: Shoot
[2021.01.30-03.21.46:248][345]LogTemp: Warning: Shoot
[2021.01.30-03.21.46:248][345]LogTemp: Warning: Shoot
[2021.01.30-03.21.46:356][358]LogTemp: Warning: Shoot
[2021.01.30-03.21.46:356][358]LogTemp: Warning: Shoot
[2021.01.30-03.21.46:465][371]LogTemp: Warning: Shoot
[2021.01.30-03.21.46:466][371]LogTemp: Warning: Health left 20.000000
[2021.01.30-03.21.46:466][371]LogTemp: Warning: Shoot
[2021.01.30-03.21.46:573][384]LogTemp: Warning: Shoot
[2021.01.30-03.21.46:573][384]LogTemp: Warning: Health left 10.000000
[2021.01.30-03.21.46:573][384]LogTemp: Warning: Shoot
[2021.01.30-03.21.46:681][397]LogTemp: Warning: Shoot
[2021.01.30-03.21.46:682][397]LogTemp: Warning: Health left 0.000000
[2021.01.30-03.21.46:682][397]LogTemp: Warning: Shoot
[2021.01.30-03.21.46:790][410]LogTemp: Warning: Shoot
[2021.01.30-03.21.46:790][410]LogTemp: Warning: Shoot
[2021.01.30-03.21.46:899][423]LogTemp: Warning: Shoot
[2021.01.30-03.21.46:899][423]LogTemp: Warning: Shoot
[2021.01.30-03.21.47:007][436]LogTemp: Warning: Shoot
[2021.01.30-03.21.47:007][436]LogTemp: Warning: Shoot
[2021.01.30-03.21.47:115][449]LogTemp: Warning: Shoot
[2021.01.30-03.21.47:115][449]LogTemp: Warning: Shoot
[2021.01.30-03.21.47:224][462]LogTemp: Warning: Shoot
[2021.01.30-03.21.47:331][475]LogTemp: Warning: Shoot
[2021.01.30-03.21.47:440][488]LogTemp: Warning: Shoot
[2021.01.30-03.21.47:549][501]LogTemp: Warning: Shoot
[2021.01.30-03.21.47:657][514]LogTemp: Warning: Shoot
[2021.01.30-03.21.47:765][527]LogTemp: Warning: Shoot
[2021.01.30-03.21.47:873][540]LogTemp: Warning: Shoot
[2021.01.30-03.21.47:982][553]LogTemp: Warning: Shoot
[2021.01.30-03.21.48:089][566]LogTemp: Warning: Shoot
[2021.01.30-03.21.48:198][579]LogTemp: Warning: Shoot
[2021.01.30-03.21.48:307][592]LogTemp: Warning: Shoot
[2021.01.30-03.21.48:415][605]LogTemp: Warning: Shoot
[2021.01.30-03.21.48:523][618]LogTemp: Warning: Shoot
[2021.01.30-03.21.48:631][631]LogTemp: Warning: Shoot
[2021.01.30-03.21.48:740][644]LogTemp: Warning: Shoot
[2021.01.30-03.21.48:848][657]LogTemp: Warning: Shoot
[2021.01.30-03.21.48:957][670]LogTemp: Warning: Shoot
[2021.01.30-03.21.49:065][683]LogTemp: Warning: Shoot
[2021.01.30-03.21.49:173][696]LogTemp: Warning: Shoot
[2021.01.30-03.21.49:281][709]LogTemp: Warning: Shoot
[2021.01.30-03.21.49:389][722]LogTemp: Warning: Shoot
[2021.01.30-03.21.49:498][735]LogTemp: Warning: Shoot
[2021.01.30-03.21.49:606][748]LogTemp: Warning: Shoot
[2021.01.30-03.21.49:714][761]LogTemp: Warning: Shoot
[2021.01.30-03.21.49:823][774]LogTemp: Warning: Shoot
[2021.01.30-03.21.49:931][787]LogTemp: Warning: Shoot
[2021.01.30-03.21.50:040][800]LogTemp: Warning: Shoot
[2021.01.30-03.21.50:149][813]LogTemp: Warning: Shoot
[2021.01.30-03.21.50:256][826]LogTemp: Warning: Shoot
[2021.01.30-03.21.50:364][839]LogTemp: Warning: Shoot
[2021.01.30-03.21.50:473][852]LogTemp: Warning: Shoot
[2021.01.30-03.21.50:581][865]LogTemp: Warning: Shoot
[2021.01.30-03.21.50:690][878]LogTemp: Warning: Shoot
[2021.01.30-03.21.50:798][891]LogTemp: Warning: Shoot
[2021.01.30-03.21.50:906][904]LogTemp: Warning: Shoot
[2021.01.30-03.21.51:015][917]LogTemp: Warning: Shoot
[2021.01.30-03.21.51:123][930]LogTemp: Warning: Shoot
[2021.01.30-03.21.51:231][943]LogTemp: Warning: Shoot
[2021.01.30-03.21.51:340][956]LogTemp: Warning: Shoot
[2021.01.30-03.21.51:449][969]LogTemp: Warning: Shoot
[2021.01.30-03.21.51:557][982]LogTemp: Warning: Shoot
[2021.01.30-03.21.51:665][995]LogTemp: Warning: Shoot
[2021.01.30-03.21.51:773][  8]LogTemp: Warning: Shoot
[2021.01.30-03.21.51:881][ 21]LogTemp: Warning: Shoot
[2021.01.30-03.21.51:990][ 34]LogTemp: Warning: Shoot
[2021.01.30-03.21.52:099][ 47]LogTemp: Warning: Shoot
[2021.01.30-03.21.52:207][ 60]LogTemp: Warning: Shoot
[2021.01.30-03.21.52:315][ 73]LogTemp: Warning: Shoot
[2021.01.30-03.21.52:423][ 86]LogTemp: Warning: Shoot
[2021.01.30-03.21.52:531][ 99]LogTemp: Warning: Shoot
[2021.01.30-03.21.52:639][112]LogTemp: Warning: Shoot
[2021.01.30-03.21.52:749][125]LogTemp: Warning: Shoot
[2021.01.30-03.21.52:857][138]LogTemp: Warning: Shoot
[2021.01.30-03.21.52:965][151]LogTemp: Warning: Shoot
[2021.01.30-03.21.53:073][164]LogTemp: Warning: Shoot
[2021.01.30-03.21.53:148][173]LogTemp: Warning: Shoot
[2021.01.30-03.21.53:148][173]LogTemp: Warning: Health left 90.000000
[2021.01.30-03.21.53:181][177]LogTemp: Warning: Shoot
[2021.01.30-03.21.53:256][186]LogTemp: Warning: Shoot
[2021.01.30-03.21.53:256][186]LogTemp: Warning: Health left 80.000000
[2021.01.30-03.21.53:290][190]LogTemp: Warning: Shoot
[2021.01.30-03.21.53:365][199]LogTemp: Warning: Shoot
[2021.01.30-03.21.53:365][199]LogTemp: Warning: Health left 70.000000
[2021.01.30-03.21.53:398][203]LogTemp: Warning: Shoot
[2021.01.30-03.21.53:473][212]LogTemp: Warning: Shoot
[2021.01.30-03.21.53:473][212]LogTemp: Warning: Health left 60.000000
[2021.01.30-03.21.53:506][216]LogTemp: Warning: Shoot
[2021.01.30-03.21.53:582][225]LogTemp: Warning: Shoot
[2021.01.30-03.21.53:582][225]LogTemp: Warning: Health left 50.000000
[2021.01.30-03.21.53:615][229]LogTemp: Warning: Shoot
[2021.01.30-03.21.53:690][238]LogTemp: Warning: Shoot
[2021.01.30-03.21.53:690][238]LogTemp: Warning: Health left 40.000000
[2021.01.30-03.21.53:724][242]LogTemp: Warning: Shoot
[2021.01.30-03.21.53:798][251]LogTemp: Warning: Shoot
[2021.01.30-03.21.53:798][251]LogTemp: Warning: Health left 30.000000
[2021.01.30-03.21.53:831][255]LogTemp: Warning: Shoot
[2021.01.30-03.21.53:907][264]LogTemp: Warning: Shoot
[2021.01.30-03.21.53:907][264]LogTemp: Warning: Health left 20.000000
[2021.01.30-03.21.53:940][268]LogTemp: Warning: Shoot
[2021.01.30-03.21.54:015][277]LogTemp: Warning: Shoot
[2021.01.30-03.21.54:015][277]LogTemp: Warning: Health left 10.000000
[2021.01.30-03.21.54:048][281]LogTemp: Warning: Shoot
[2021.01.30-03.21.54:123][290]LogTemp: Warning: Shoot
[2021.01.30-03.21.54:124][290]LogTemp: Warning: Health left 0.000000
[2021.01.30-03.21.54:156][294]LogTemp: Warning: Shoot
[2021.01.30-03.21.54:231][303]LogTemp: Warning: Shoot
[2021.01.30-03.21.54:265][307]LogTemp: Warning: Shoot
[2021.01.30-03.21.54:340][316]LogTemp: Warning: Shoot
[2021.01.30-03.21.54:340][316]LogTemp: Warning: Health left 0.000000
[2021.01.30-03.21.54:374][320]LogTemp: Warning: Shoot
[2021.01.30-03.21.54:449][329]LogTemp: Warning: Shoot
[2021.01.30-03.21.54:481][333]LogTemp: Warning: Shoot
[2021.01.30-03.21.54:556][342]LogTemp: Warning: Shoot
[2021.01.30-03.21.54:590][346]LogTemp: Warning: Shoot
[2021.01.30-03.21.54:664][355]LogTemp: Warning: Shoot
[2021.01.30-03.21.54:698][359]LogTemp: Warning: Shoot
[2021.01.30-03.21.54:774][368]LogTemp: Warning: Shoot
[2021.01.30-03.21.54:807][372]LogTemp: Warning: Shoot
[2021.01.30-03.21.54:882][381]LogTemp: Warning: Shoot
[2021.01.30-03.21.54:915][385]LogTemp: Warning: Shoot
[2021.01.30-03.21.54:990][394]LogTemp: Warning: Shoot
[2021.01.30-03.21.55:023][398]LogTemp: Warning: Shoot
[2021.01.30-03.21.55:098][407]LogTemp: Warning: Shoot
[2021.01.30-03.21.55:132][411]LogTemp: Warning: Shoot
[2021.01.30-03.21.55:207][420]LogTemp: Warning: Shoot
[2021.01.30-03.21.55:240][424]LogTemp: Warning: Shoot
[2021.01.30-03.21.55:315][433]LogTemp: Warning: Shoot
[2021.01.30-03.21.55:349][437]LogTemp: Warning: Shoot
[2021.01.30-03.21.55:424][446]LogTemp: Warning: Shoot
[2021.01.30-03.21.55:457][450]LogTemp: Warning: Shoot
[2021.01.30-03.21.55:532][459]LogTemp: Warning: Shoot
[2021.01.30-03.21.55:564][463]LogTemp: Warning: Shoot
[2021.01.30-03.21.55:639][472]LogTemp: Warning: Shoot
[2021.01.30-03.21.55:674][476]LogTemp: Warning: Shoot
[2021.01.30-03.21.55:749][485]LogTemp: Warning: Shoot
[2021.01.30-03.21.55:782][489]LogTemp: Warning: Shoot
[2021.01.30-03.21.55:857][498]LogTemp: Warning: Shoot
[2021.01.30-03.21.55:890][502]LogTemp: Warning: Shoot
[2021.01.30-03.21.55:965][511]LogTemp: Warning: Shoot
[2021.01.30-03.21.55:998][515]LogTemp: Warning: Shoot
[2021.01.30-03.21.56:074][524]LogTemp: Warning: Shoot
[2021.01.30-03.21.56:107][528]LogTemp: Warning: Shoot
[2021.01.30-03.21.56:182][537]LogTemp: Warning: Shoot
[2021.01.30-03.21.56:215][541]LogTemp: Warning: Shoot
[2021.01.30-03.21.56:290][550]LogTemp: Warning: Shoot
[2021.01.30-03.21.56:323][554]LogTemp: Warning: Shoot
[2021.01.30-03.21.56:398][563]LogTemp: Warning: Shoot
[2021.01.30-03.21.56:432][567]LogTemp: Warning: Shoot
[2021.01.30-03.21.56:507][576]LogTemp: Warning: Shoot
[2021.01.30-03.21.56:540][580]LogTemp: Warning: Shoot
[2021.01.30-03.21.56:615][589]LogTemp: Warning: Shoot
[2021.01.30-03.21.56:648][593]LogTemp: Warning: Shoot
[2021.01.30-03.21.56:665][595]LogTemp: Warning: Shoot
[2021.01.30-03.21.56:723][602]LogTemp: Warning: Shoot
[2021.01.30-03.21.56:756][606]LogTemp: Warning: Shoot
[2021.01.30-03.21.56:773][608]LogTemp: Warning: Shoot
[2021.01.30-03.21.56:832][615]LogTemp: Warning: Shoot
[2021.01.30-03.21.56:865][619]LogTemp: Warning: Shoot
[2021.01.30-03.21.56:882][621]LogTemp: Warning: Shoot
[2021.01.30-03.21.56:940][628]LogTemp: Warning: Shoot
[2021.01.30-03.21.56:973][632]LogTemp: Warning: Shoot
[2021.01.30-03.21.56:990][634]LogTemp: Warning: Shoot
[2021.01.30-03.21.57:048][641]LogTemp: Warning: Shoot
[2021.01.30-03.21.57:082][645]LogTemp: Warning: Shoot
[2021.01.30-03.21.57:098][647]LogTemp: Warning: Shoot
[2021.01.30-03.21.57:157][654]LogTemp: Warning: Shoot
[2021.01.30-03.21.57:190][658]LogTemp: Warning: Shoot
[2021.01.30-03.21.57:207][660]LogTemp: Warning: Shoot
[2021.01.30-03.21.57:265][667]LogTemp: Warning: Shoot
[2021.01.30-03.21.57:299][671]LogTemp: Warning: Shoot
[2021.01.30-03.21.57:315][673]LogTemp: Warning: Shoot
[2021.01.30-03.21.57:374][680]LogTemp: Warning: Shoot
[2021.01.30-03.21.57:407][684]LogTemp: Warning: Shoot
[2021.01.30-03.21.57:424][686]LogTemp: Warning: Shoot
[2021.01.30-03.21.57:482][693]LogTemp: Warning: Shoot
[2021.01.30-03.21.57:515][697]LogTemp: Warning: Shoot
[2021.01.30-03.21.57:532][699]LogTemp: Warning: Shoot
[2021.01.30-03.21.57:590][706]LogTemp: Warning: Shoot
[2021.01.30-03.21.57:624][710]LogTemp: Warning: Shoot
[2021.01.30-03.21.57:723][722]LogTemp: Warning: Shoot
[2021.01.30-03.21.57:781][729]LogTemp: Warning: Shoot
[2021.01.30-03.21.57:815][733]LogTemp: Warning: Shoot
[2021.01.30-03.21.57:832][735]LogTemp: Warning: Shoot
[2021.01.30-03.21.57:890][742]LogTemp: Warning: Shoot
[2021.01.30-03.21.57:923][746]LogTemp: Warning: Shoot
[2021.01.30-03.21.57:940][748]LogTemp: Warning: Shoot
[2021.01.30-03.21.57:998][755]LogTemp: Warning: Shoot
[2021.01.30-03.21.58:031][759]LogTemp: Warning: Shoot
[2021.01.30-03.21.58:048][761]LogTemp: Warning: Shoot
[2021.01.30-03.21.58:106][768]LogTemp: Warning: Shoot
[2021.01.30-03.21.58:140][772]LogTemp: Warning: Shoot
[2021.01.30-03.21.58:157][774]LogTemp: Warning: Shoot
[2021.01.30-03.21.58:215][781]LogTemp: Warning: Shoot
[2021.01.30-03.21.58:248][785]LogTemp: Warning: Shoot
[2021.01.30-03.21.58:264][787]LogTemp: Warning: Shoot
[2021.01.30-03.21.58:367][794]LogTemp: Warning: Shoot
[2021.01.30-03.21.58:375][795]LogTemp: Warning: Shoot
[2021.01.30-03.21.58:376][795]LogTemp: Warning: Shoot
[2021.01.30-03.21.58:475][807]LogTemp: Warning: Shoot
[2021.01.30-03.21.58:483][808]LogTemp: Warning: Shoot
[2021.01.30-03.21.58:483][808]LogTemp: Warning: Shoot
[2021.01.30-03.21.58:583][820]LogTemp: Warning: Shoot
[2021.01.30-03.21.58:591][821]LogTemp: Warning: Shoot
[2021.01.30-03.21.58:591][821]LogTemp: Warning: Shoot
[2021.01.30-03.21.58:692][833]LogTemp: Warning: Shoot
[2021.01.30-03.21.58:700][834]LogTemp: Warning: Shoot
[2021.01.30-03.21.58:700][834]LogTemp: Warning: Shoot
[2021.01.30-03.21.58:806][845]LogTemp: Warning: Shoot
[2021.01.30-03.21.58:813][846]LogTemp: Warning: Shoot
[2021.01.30-03.21.58:814][846]LogTemp: Warning: Shoot
[2021.01.30-03.21.58:914][858]LogTemp: Warning: Shoot
[2021.01.30-03.21.58:923][859]LogTemp: Warning: Shoot
[2021.01.30-03.21.58:923][859]LogTemp: Warning: Shoot
[2021.01.30-03.21.59:023][871]LogTemp: Warning: Shoot
[2021.01.30-03.21.59:031][872]LogTemp: Warning: Shoot
[2021.01.30-03.21.59:031][872]LogTemp: Warning: Shoot
[2021.01.30-03.21.59:130][884]LogTemp: Warning: Shoot
[2021.01.30-03.21.59:139][885]LogTemp: Warning: Shoot
[2021.01.30-03.21.59:139][885]LogTemp: Warning: Shoot
[2021.01.30-03.21.59:239][897]LogTemp: Warning: Shoot
[2021.01.30-03.21.59:248][898]LogTemp: Warning: Shoot
[2021.01.30-03.21.59:248][898]LogTemp: Warning: Shoot
[2021.01.30-03.21.59:348][910]LogTemp: Warning: Shoot
[2021.01.30-03.21.59:356][911]LogTemp: Warning: Shoot
[2021.01.30-03.21.59:356][911]LogTemp: Warning: Shoot
[2021.01.30-03.21.59:456][923]LogTemp: Warning: Shoot
[2021.01.30-03.21.59:464][924]LogTemp: Warning: Shoot
[2021.01.30-03.21.59:465][924]LogTemp: Warning: Shoot
[2021.01.30-03.21.59:564][936]LogTemp: Warning: Shoot
[2021.01.30-03.21.59:573][937]LogTemp: Warning: Shoot
[2021.01.30-03.21.59:573][937]LogTemp: Warning: Shoot
[2021.01.30-03.21.59:673][949]LogTemp: Warning: Shoot
[2021.01.30-03.21.59:681][950]LogTemp: Warning: Shoot
[2021.01.30-03.21.59:681][950]LogTemp: Warning: Shoot
[2021.01.30-03.21.59:781][962]LogTemp: Warning: Shoot
[2021.01.30-03.21.59:789][963]LogTemp: Warning: Shoot
[2021.01.30-03.21.59:789][963]LogTemp: Warning: Shoot
[2021.01.30-03.21.59:889][975]LogTemp: Warning: Shoot
[2021.01.30-03.21.59:898][976]LogTemp: Warning: Shoot
[2021.01.30-03.21.59:898][976]LogTemp: Warning: Shoot
[2021.01.30-03.21.59:998][988]LogTemp: Warning: Shoot
[2021.01.30-03.22.00:006][989]LogTemp: Warning: Shoot
[2021.01.30-03.22.00:006][989]LogTemp: Warning: Shoot
[2021.01.30-03.22.00:106][  1]LogTemp: Warning: Shoot
[2021.01.30-03.22.00:114][  2]LogTemp: Warning: Shoot
[2021.01.30-03.22.00:115][  2]LogTemp: Warning: Shoot
[2021.01.30-03.22.00:214][ 14]LogTemp: Warning: Shoot
[2021.01.30-03.22.00:222][ 15]LogTemp: Warning: Shoot
[2021.01.30-03.22.00:222][ 15]LogTemp: Warning: Shoot
[2021.01.30-03.22.00:325][ 22]LogTemp: Warning: Shoot
[2021.01.30-03.22.00:333][ 23]LogTemp: Warning: Shoot
[2021.01.30-03.22.00:334][ 23]LogTemp: Warning: Shoot
[2021.01.30-03.22.00:434][ 35]LogTemp: Warning: Shoot
[2021.01.30-03.22.00:442][ 36]LogTemp: Warning: Shoot
[2021.01.30-03.22.00:442][ 36]LogTemp: Warning: Shoot
[2021.01.30-03.22.00:548][ 47]LogTemp: Warning: Shoot
[2021.01.30-03.22.00:557][ 48]LogTemp: Warning: Shoot
[2021.01.30-03.22.00:557][ 48]LogTemp: Warning: Shoot
[2021.01.30-03.22.00:657][ 60]LogTemp: Warning: Shoot
[2021.01.30-03.22.00:665][ 61]LogTemp: Warning: Shoot
[2021.01.30-03.22.00:666][ 61]LogTemp: Warning: Shoot
[2021.01.30-03.22.00:765][ 73]LogTemp: Warning: Shoot
[2021.01.30-03.22.00:774][ 74]LogTemp: Warning: Shoot
[2021.01.30-03.22.00:774][ 74]LogTemp: Warning: Shoot
[2021.01.30-03.22.00:874][ 86]LogTemp: Warning: Shoot
[2021.01.30-03.22.00:882][ 87]LogTemp: Warning: Shoot
[2021.01.30-03.22.00:882][ 87]LogTemp: Warning: Shoot
[2021.01.30-03.22.00:982][ 99]LogTemp: Warning: Shoot
[2021.01.30-03.22.00:990][100]LogTemp: Warning: Shoot
[2021.01.30-03.22.00:990][100]LogTemp: Warning: Shoot
[2021.01.30-03.22.01:090][112]LogTemp: Warning: Shoot
[2021.01.30-03.22.01:099][113]LogTemp: Warning: Shoot
[2021.01.30-03.22.01:099][113]LogTemp: Warning: Shoot
[2021.01.30-03.22.01:199][125]LogTemp: Warning: Shoot
[2021.01.30-03.22.01:207][126]LogTemp: Warning: Shoot
[2021.01.30-03.22.01:207][126]LogTemp: Warning: Shoot
[2021.01.30-03.22.01:307][138]LogTemp: Warning: Shoot
[2021.01.30-03.22.01:315][139]LogTemp: Warning: Shoot
[2021.01.30-03.22.01:315][139]LogTemp: Warning: Shoot
[2021.01.30-03.22.01:415][151]LogTemp: Warning: Shoot
[2021.01.30-03.22.01:424][152]LogTemp: Warning: Shoot
[2021.01.30-03.22.01:424][152]LogTemp: Warning: Shoot
[2021.01.30-03.22.01:524][164]LogTemp: Warning: Shoot
[2021.01.30-03.22.01:532][165]LogTemp: Warning: Shoot
[2021.01.30-03.22.01:532][165]LogTemp: Warning: Shoot
[2021.01.30-03.22.01:632][177]LogTemp: Warning: Shoot
[2021.01.30-03.22.01:640][178]LogTemp: Warning: Shoot
[2021.01.30-03.22.01:640][178]LogTemp: Warning: Shoot
[2021.01.30-03.22.01:740][190]LogTemp: Warning: Shoot
[2021.01.30-03.22.01:749][191]LogTemp: Warning: Shoot
[2021.01.30-03.22.01:749][191]LogTemp: Warning: Shoot
[2021.01.30-03.22.01:849][203]LogTemp: Warning: Shoot
[2021.01.30-03.22.01:857][204]LogTemp: Warning: Shoot
[2021.01.30-03.22.01:857][204]LogTemp: Warning: Shoot
[2021.01.30-03.22.01:957][216]LogTemp: Warning: Shoot
[2021.01.30-03.22.01:965][217]LogTemp: Warning: Shoot
[2021.01.30-03.22.01:965][217]LogTemp: Warning: Shoot
[2021.01.30-03.22.02:065][229]LogTemp: Warning: Shoot
[2021.01.30-03.22.02:073][230]LogTemp: Warning: Shoot
[2021.01.30-03.22.02:074][230]LogTemp: Warning: Shoot
[2021.01.30-03.22.02:174][242]LogTemp: Warning: Shoot
[2021.01.30-03.22.02:182][243]LogTemp: Warning: Shoot
[2021.01.30-03.22.02:182][243]LogTemp: Warning: Shoot
[2021.01.30-03.22.02:282][255]LogTemp: Warning: Shoot
[2021.01.30-03.22.02:290][256]LogTemp: Warning: Shoot
[2021.01.30-03.22.02:290][256]LogTemp: Warning: Shoot
[2021.01.30-03.22.02:391][268]LogTemp: Warning: Shoot
[2021.01.30-03.22.02:399][269]LogTemp: Warning: Shoot
[2021.01.30-03.22.02:399][269]LogTemp: Warning: Shoot
[2021.01.30-03.22.02:498][281]LogTemp: Warning: Shoot
[2021.01.30-03.22.02:506][282]LogTemp: Warning: Shoot
[2021.01.30-03.22.02:506][282]LogTemp: Warning: Shoot
[2021.01.30-03.22.02:609][289]LogTemp: Warning: Shoot
[2021.01.30-03.22.02:617][290]LogTemp: Warning: Shoot
[2021.01.30-03.22.02:617][290]LogTemp: Warning: Shoot
[2021.01.30-03.22.02:717][302]LogTemp: Warning: Shoot
[2021.01.30-03.22.02:725][303]LogTemp: Warning: Shoot
[2021.01.30-03.22.02:725][303]LogTemp: Warning: Shoot
[2021.01.30-03.22.02:825][315]LogTemp: Warning: Shoot
[2021.01.30-03.22.02:834][316]LogTemp: Warning: Shoot
[2021.01.30-03.22.02:834][316]LogTemp: Warning: Shoot
[2021.01.30-03.22.02:934][328]LogTemp: Warning: Shoot
[2021.01.30-03.22.02:942][329]LogTemp: Warning: Shoot
[2021.01.30-03.22.02:942][329]LogTemp: Warning: Shoot
[2021.01.30-03.22.03:042][341]LogTemp: Warning: Shoot
[2021.01.30-03.22.03:050][342]LogTemp: Warning: Shoot
[2021.01.30-03.22.03:050][342]LogTemp: Warning: Shoot
[2021.01.30-03.22.03:150][354]LogTemp: Warning: Shoot
[2021.01.30-03.22.03:158][355]LogTemp: Warning: Shoot
[2021.01.30-03.22.03:158][355]LogTemp: Warning: Shoot
[2021.01.30-03.22.03:258][367]LogTemp: Warning: Shoot
[2021.01.30-03.22.03:267][368]LogTemp: Warning: Shoot
[2021.01.30-03.22.03:267][368]LogTemp: Warning: Shoot
[2021.01.30-03.22.03:367][380]LogTemp: Warning: Shoot
[2021.01.30-03.22.03:375][381]LogTemp: Warning: Shoot
[2021.01.30-03.22.03:375][381]LogTemp: Warning: Shoot
[2021.01.30-03.22.03:474][393]LogTemp: Warning: Shoot
[2021.01.30-03.22.03:483][394]LogTemp: Warning: Shoot
[2021.01.30-03.22.03:483][394]LogTemp: Warning: Shoot
[2021.01.30-03.22.03:583][406]LogTemp: Warning: Shoot
[2021.01.30-03.22.03:591][407]LogTemp: Warning: Shoot
[2021.01.30-03.22.03:592][407]LogTemp: Warning: Shoot
[2021.01.30-03.22.03:692][419]LogTemp: Warning: Shoot
[2021.01.30-03.22.03:700][420]LogTemp: Warning: Shoot
[2021.01.30-03.22.03:700][420]LogTemp: Warning: Shoot
[2021.01.30-03.22.03:800][432]LogTemp: Warning: Shoot
[2021.01.30-03.22.03:808][433]LogTemp: Warning: Shoot
[2021.01.30-03.22.03:808][433]LogTemp: Warning: Shoot
[2021.01.30-03.22.03:909][445]LogTemp: Warning: Shoot
[2021.01.30-03.22.03:917][446]LogTemp: Warning: Shoot
[2021.01.30-03.22.03:917][446]LogTemp: Warning: Shoot
[2021.01.30-03.22.04:017][458]LogTemp: Warning: Shoot
[2021.01.30-03.22.04:025][459]LogTemp: Warning: Shoot
[2021.01.30-03.22.04:025][459]LogTemp: Warning: Shoot
[2021.01.30-03.22.04:125][471]LogTemp: Warning: Shoot
[2021.01.30-03.22.04:133][472]LogTemp: Warning: Shoot
[2021.01.30-03.22.04:133][472]LogTemp: Warning: Shoot
[2021.01.30-03.22.04:234][484]LogTemp: Warning: Shoot
[2021.01.30-03.22.04:242][485]LogTemp: Warning: Shoot
[2021.01.30-03.22.04:242][485]LogTemp: Warning: Shoot
[2021.01.30-03.22.04:342][497]LogTemp: Warning: Shoot
[2021.01.30-03.22.04:350][498]LogTemp: Warning: Shoot
[2021.01.30-03.22.04:350][498]LogTemp: Warning: Shoot
[2021.01.30-03.22.04:450][510]LogTemp: Warning: Shoot
[2021.01.30-03.22.04:459][511]LogTemp: Warning: Shoot
[2021.01.30-03.22.04:459][511]LogTemp: Warning: Shoot
[2021.01.30-03.22.04:558][523]LogTemp: Warning: Shoot
[2021.01.30-03.22.04:567][524]LogTemp: Warning: Shoot
[2021.01.30-03.22.04:567][524]LogTemp: Warning: Shoot
[2021.01.30-03.22.04:667][536]LogTemp: Warning: Shoot
[2021.01.30-03.22.04:675][537]LogTemp: Warning: Shoot
[2021.01.30-03.22.04:675][537]LogTemp: Warning: Shoot
[2021.01.30-03.22.04:775][549]LogTemp: Warning: Shoot
[2021.01.30-03.22.04:783][550]LogTemp: Warning: Shoot
[2021.01.30-03.22.04:783][550]LogTemp: Warning: Shoot
[2021.01.30-03.22.04:884][562]LogTemp: Warning: Shoot
[2021.01.30-03.22.04:892][563]LogTemp: Warning: Shoot
[2021.01.30-03.22.04:892][563]LogTemp: Warning: Shoot
[2021.01.30-03.22.04:992][575]LogTemp: Warning: Shoot
[2021.01.30-03.22.05:000][576]LogTemp: Warning: Shoot
[2021.01.30-03.22.05:000][576]LogTemp: Warning: Shoot
[2021.01.30-03.22.05:100][588]LogTemp: Warning: Shoot
[2021.01.30-03.22.05:108][589]LogTemp: Warning: Shoot
[2021.01.30-03.22.05:109][589]LogTemp: Warning: Shoot
[2021.01.30-03.22.05:208][601]LogTemp: Warning: Shoot
[2021.01.30-03.22.05:217][602]LogTemp: Warning: Shoot
[2021.01.30-03.22.05:217][602]LogTemp: Warning: Shoot
[2021.01.30-03.22.05:317][614]LogTemp: Warning: Shoot
[2021.01.30-03.22.05:325][615]LogTemp: Warning: Shoot
[2021.01.30-03.22.05:325][615]LogTemp: Warning: Shoot
[2021.01.30-03.22.05:425][627]LogTemp: Warning: Shoot
[2021.01.30-03.22.05:433][628]LogTemp: Warning: Shoot
[2021.01.30-03.22.05:433][628]LogTemp: Warning: Shoot
[2021.01.30-03.22.05:533][640]LogTemp: Warning: Shoot
[2021.01.30-03.22.05:541][641]LogTemp: Warning: Shoot
[2021.01.30-03.22.05:541][641]LogTemp: Warning: Shoot
[2021.01.30-03.22.05:641][653]LogTemp: Warning: Shoot
[2021.01.30-03.22.05:650][654]LogTemp: Warning: Shoot
[2021.01.30-03.22.05:650][654]LogTemp: Warning: Shoot
[2021.01.30-03.22.05:750][666]LogTemp: Warning: Shoot
[2021.01.30-03.22.05:758][667]LogTemp: Warning: Shoot
[2021.01.30-03.22.05:758][667]LogTemp: Warning: Shoot
[2021.01.30-03.22.05:858][679]LogTemp: Warning: Shoot
[2021.01.30-03.22.05:867][680]LogTemp: Warning: Shoot
[2021.01.30-03.22.05:867][680]LogTemp: Warning: Shoot
[2021.01.30-03.22.05:967][692]LogTemp: Warning: Shoot
[2021.01.30-03.22.05:975][693]LogTemp: Warning: Shoot
[2021.01.30-03.22.05:975][693]LogTemp: Warning: Shoot
[2021.01.30-03.22.06:075][705]LogTemp: Warning: Shoot
[2021.01.30-03.22.06:083][706]LogTemp: Warning: Shoot
[2021.01.30-03.22.06:083][706]LogTemp: Warning: Shoot
[2021.01.30-03.22.06:183][718]LogTemp: Warning: Shoot
[2021.01.30-03.22.06:191][719]LogTemp: Warning: Shoot
[2021.01.30-03.22.06:191][719]LogTemp: Warning: Shoot
[2021.01.30-03.22.06:291][731]LogTemp: Warning: Shoot
[2021.01.30-03.22.06:300][732]LogTemp: Warning: Shoot
[2021.01.30-03.22.06:300][732]LogTemp: Warning: Shoot
[2021.01.30-03.22.06:400][744]LogTemp: Warning: Shoot
[2021.01.30-03.22.06:408][745]LogTemp: Warning: Shoot
[2021.01.30-03.22.06:408][745]LogTemp: Warning: Shoot
[2021.01.30-03.22.06:508][757]LogTemp: Warning: Shoot
[2021.01.30-03.22.06:516][758]LogTemp: Warning: Shoot
[2021.01.30-03.22.06:516][758]LogTemp: Warning: Shoot
[2021.01.30-03.22.06:713][779]LogSlate: Updating window title bar state: overlay mode, drag disabled, window buttons hidden, title bar hidden
[2021.01.30-03.22.06:713][779]LogWorld: BeginTearingDown for /Game/UEDPIE_0_Level
[2021.01.30-03.22.06:713][779]LogWorld: UWorld::CleanupWorld for Level, bSessionEnded=true, bCleanupResources=true
[2021.01.30-03.22.06:714][779]LogSlate: InvalidateAllWidgets triggered.  All widgets were invalidated
[2021.01.30-03.22.06:724][779]LogPlayLevel: Display: Shutting down PIE online subsystems
[2021.01.30-03.22.06:725][779]LogSlate: InvalidateAllWidgets triggered.  All widgets were invalidated
[2021.01.30-03.22.06:754][779]LogSlate: Updating window title bar state: overlay mode, drag disabled, window buttons hidden, title bar hidden
[2021.01.30-03.22.06:756][779]LogAISub: UAISubsystem::~UAISubsystem EnvQueryManager (000001CB17C3D000), frame # 3779
[2021.01.30-03.22.06:756][779]LogAISub: UAISubsystem::~UAISubsystem AIPerceptionSystem (000001CB17C2BD80), frame # 3779
[2021.01.30-03.22.06:757][779]LogUObjectHash: Compacting FUObjectHashTables data took   0.76ms
[2021.01.30-03.22.06:800][782]LogPlayLevel: Display: Destroying online subsystem :Context_8
